[2024-12-21T06:26:25.463+0000] {processor.py:186} INFO - Started process (PID=112) to work on /home/airflow/.local/lib/python3.12/site-packages/airflow/example_dags/example_python_decorator.py
[2024-12-21T06:26:25.464+0000] {processor.py:914} INFO - Processing file /home/airflow/.local/lib/python3.12/site-packages/airflow/example_dags/example_python_decorator.py for tasks to queue
[2024-12-21T06:26:25.467+0000] {logging_mixin.py:190} INFO - [2024-12-21T06:26:25.466+0000] {dagbag.py:588} INFO - Filling up the DagBag from /home/airflow/.local/lib/python3.12/site-packages/airflow/example_dags/example_python_decorator.py
[2024-12-21T06:26:25.486+0000] {processor.py:925} INFO - DAG(s) 'example_python_decorator' retrieved from /home/airflow/.local/lib/python3.12/site-packages/airflow/example_dags/example_python_decorator.py
[2024-12-21T06:26:25.647+0000] {logging_mixin.py:190} INFO - [2024-12-21T06:26:25.646+0000] {override.py:1911} INFO - Created Permission View: can read on DAG:example_python_decorator
[2024-12-21T06:26:25.661+0000] {logging_mixin.py:190} INFO - [2024-12-21T06:26:25.661+0000] {override.py:1911} INFO - Created Permission View: can delete on DAG:example_python_decorator
[2024-12-21T06:26:25.671+0000] {logging_mixin.py:190} INFO - [2024-12-21T06:26:25.670+0000] {override.py:1911} INFO - Created Permission View: can edit on DAG:example_python_decorator
[2024-12-21T06:26:25.679+0000] {logging_mixin.py:190} INFO - [2024-12-21T06:26:25.679+0000] {override.py:1911} INFO - Created Permission View: menu access on DAG Run:example_python_decorator
[2024-12-21T06:26:25.686+0000] {logging_mixin.py:190} INFO - [2024-12-21T06:26:25.686+0000] {override.py:1911} INFO - Created Permission View: can read on DAG Run:example_python_decorator
[2024-12-21T06:26:25.693+0000] {logging_mixin.py:190} INFO - [2024-12-21T06:26:25.693+0000] {override.py:1911} INFO - Created Permission View: can create on DAG Run:example_python_decorator
[2024-12-21T06:26:25.700+0000] {logging_mixin.py:190} INFO - [2024-12-21T06:26:25.700+0000] {override.py:1911} INFO - Created Permission View: can delete on DAG Run:example_python_decorator
[2024-12-21T06:26:25.700+0000] {logging_mixin.py:190} INFO - [2024-12-21T06:26:25.700+0000] {dag.py:3239} INFO - Sync 1 DAGs
[2024-12-21T06:26:25.718+0000] {logging_mixin.py:190} INFO - [2024-12-21T06:26:25.718+0000] {dag.py:3262} INFO - Creating ORM DAG for example_python_decorator
[2024-12-21T06:26:25.719+0000] {logging_mixin.py:190} INFO - [2024-12-21T06:26:25.719+0000] {dag.py:4180} INFO - Setting next_dagrun for example_python_decorator to None, run_after=None
[2024-12-21T06:26:25.737+0000] {processor.py:208} INFO - Processing /home/airflow/.local/lib/python3.12/site-packages/airflow/example_dags/example_python_decorator.py took 0.282 seconds
[2024-12-21T06:26:56.164+0000] {processor.py:186} INFO - Started process (PID=174) to work on /home/airflow/.local/lib/python3.12/site-packages/airflow/example_dags/example_python_decorator.py
[2024-12-21T06:26:56.164+0000] {processor.py:914} INFO - Processing file /home/airflow/.local/lib/python3.12/site-packages/airflow/example_dags/example_python_decorator.py for tasks to queue
[2024-12-21T06:26:56.166+0000] {logging_mixin.py:190} INFO - [2024-12-21T06:26:56.166+0000] {dagbag.py:588} INFO - Filling up the DagBag from /home/airflow/.local/lib/python3.12/site-packages/airflow/example_dags/example_python_decorator.py
[2024-12-21T06:26:56.189+0000] {processor.py:925} INFO - DAG(s) 'example_python_decorator' retrieved from /home/airflow/.local/lib/python3.12/site-packages/airflow/example_dags/example_python_decorator.py
[2024-12-21T06:26:56.215+0000] {logging_mixin.py:190} INFO - [2024-12-21T06:26:56.215+0000] {dag.py:3239} INFO - Sync 1 DAGs
[2024-12-21T06:26:56.233+0000] {logging_mixin.py:190} INFO - [2024-12-21T06:26:56.233+0000] {dag.py:4180} INFO - Setting next_dagrun for example_python_decorator to None, run_after=None
[2024-12-21T06:26:56.263+0000] {processor.py:208} INFO - Processing /home/airflow/.local/lib/python3.12/site-packages/airflow/example_dags/example_python_decorator.py took 0.107 seconds
[2024-12-21T06:27:26.347+0000] {processor.py:186} INFO - Started process (PID=237) to work on /home/airflow/.local/lib/python3.12/site-packages/airflow/example_dags/example_python_decorator.py
[2024-12-21T06:27:26.347+0000] {processor.py:914} INFO - Processing file /home/airflow/.local/lib/python3.12/site-packages/airflow/example_dags/example_python_decorator.py for tasks to queue
[2024-12-21T06:27:26.350+0000] {logging_mixin.py:190} INFO - [2024-12-21T06:27:26.349+0000] {dagbag.py:588} INFO - Filling up the DagBag from /home/airflow/.local/lib/python3.12/site-packages/airflow/example_dags/example_python_decorator.py
[2024-12-21T06:27:26.366+0000] {processor.py:925} INFO - DAG(s) 'example_python_decorator' retrieved from /home/airflow/.local/lib/python3.12/site-packages/airflow/example_dags/example_python_decorator.py
[2024-12-21T06:27:26.387+0000] {logging_mixin.py:190} INFO - [2024-12-21T06:27:26.386+0000] {dag.py:3239} INFO - Sync 1 DAGs
[2024-12-21T06:27:26.400+0000] {logging_mixin.py:190} INFO - [2024-12-21T06:27:26.400+0000] {dag.py:4180} INFO - Setting next_dagrun for example_python_decorator to None, run_after=None
[2024-12-21T06:27:26.415+0000] {processor.py:208} INFO - Processing /home/airflow/.local/lib/python3.12/site-packages/airflow/example_dags/example_python_decorator.py took 0.076 seconds
[2024-12-21T06:27:57.280+0000] {processor.py:186} INFO - Started process (PID=300) to work on /home/airflow/.local/lib/python3.12/site-packages/airflow/example_dags/example_python_decorator.py
[2024-12-21T06:27:57.281+0000] {processor.py:914} INFO - Processing file /home/airflow/.local/lib/python3.12/site-packages/airflow/example_dags/example_python_decorator.py for tasks to queue
[2024-12-21T06:27:57.283+0000] {logging_mixin.py:190} INFO - [2024-12-21T06:27:57.282+0000] {dagbag.py:588} INFO - Filling up the DagBag from /home/airflow/.local/lib/python3.12/site-packages/airflow/example_dags/example_python_decorator.py
[2024-12-21T06:27:57.295+0000] {processor.py:925} INFO - DAG(s) 'example_python_decorator' retrieved from /home/airflow/.local/lib/python3.12/site-packages/airflow/example_dags/example_python_decorator.py
[2024-12-21T06:27:57.314+0000] {logging_mixin.py:190} INFO - [2024-12-21T06:27:57.314+0000] {dag.py:3239} INFO - Sync 1 DAGs
[2024-12-21T06:27:57.328+0000] {logging_mixin.py:190} INFO - [2024-12-21T06:27:57.327+0000] {dag.py:4180} INFO - Setting next_dagrun for example_python_decorator to None, run_after=None
[2024-12-21T06:27:57.343+0000] {processor.py:208} INFO - Processing /home/airflow/.local/lib/python3.12/site-packages/airflow/example_dags/example_python_decorator.py took 0.068 seconds
[2024-12-21T06:28:27.937+0000] {processor.py:186} INFO - Started process (PID=363) to work on /home/airflow/.local/lib/python3.12/site-packages/airflow/example_dags/example_python_decorator.py
[2024-12-21T06:28:27.938+0000] {processor.py:914} INFO - Processing file /home/airflow/.local/lib/python3.12/site-packages/airflow/example_dags/example_python_decorator.py for tasks to queue
[2024-12-21T06:28:27.940+0000] {logging_mixin.py:190} INFO - [2024-12-21T06:28:27.939+0000] {dagbag.py:588} INFO - Filling up the DagBag from /home/airflow/.local/lib/python3.12/site-packages/airflow/example_dags/example_python_decorator.py
[2024-12-21T06:28:27.951+0000] {processor.py:925} INFO - DAG(s) 'example_python_decorator' retrieved from /home/airflow/.local/lib/python3.12/site-packages/airflow/example_dags/example_python_decorator.py
[2024-12-21T06:28:27.968+0000] {logging_mixin.py:190} INFO - [2024-12-21T06:28:27.967+0000] {dag.py:3239} INFO - Sync 1 DAGs
[2024-12-21T06:28:27.979+0000] {logging_mixin.py:190} INFO - [2024-12-21T06:28:27.978+0000] {dag.py:4180} INFO - Setting next_dagrun for example_python_decorator to None, run_after=None
[2024-12-21T06:28:27.992+0000] {processor.py:208} INFO - Processing /home/airflow/.local/lib/python3.12/site-packages/airflow/example_dags/example_python_decorator.py took 0.059 seconds
[2024-12-21T06:28:58.930+0000] {processor.py:186} INFO - Started process (PID=426) to work on /home/airflow/.local/lib/python3.12/site-packages/airflow/example_dags/example_python_decorator.py
[2024-12-21T06:28:58.930+0000] {processor.py:914} INFO - Processing file /home/airflow/.local/lib/python3.12/site-packages/airflow/example_dags/example_python_decorator.py for tasks to queue
[2024-12-21T06:28:58.932+0000] {logging_mixin.py:190} INFO - [2024-12-21T06:28:58.932+0000] {dagbag.py:588} INFO - Filling up the DagBag from /home/airflow/.local/lib/python3.12/site-packages/airflow/example_dags/example_python_decorator.py
[2024-12-21T06:28:58.946+0000] {processor.py:925} INFO - DAG(s) 'example_python_decorator' retrieved from /home/airflow/.local/lib/python3.12/site-packages/airflow/example_dags/example_python_decorator.py
[2024-12-21T06:28:58.968+0000] {logging_mixin.py:190} INFO - [2024-12-21T06:28:58.968+0000] {dag.py:3239} INFO - Sync 1 DAGs
[2024-12-21T06:28:58.983+0000] {logging_mixin.py:190} INFO - [2024-12-21T06:28:58.982+0000] {dag.py:4180} INFO - Setting next_dagrun for example_python_decorator to None, run_after=None
[2024-12-21T06:28:58.999+0000] {processor.py:208} INFO - Processing /home/airflow/.local/lib/python3.12/site-packages/airflow/example_dags/example_python_decorator.py took 0.075 seconds
[2024-12-21T06:29:30.337+0000] {processor.py:186} INFO - Started process (PID=489) to work on /home/airflow/.local/lib/python3.12/site-packages/airflow/example_dags/example_python_decorator.py
[2024-12-21T06:29:30.337+0000] {processor.py:914} INFO - Processing file /home/airflow/.local/lib/python3.12/site-packages/airflow/example_dags/example_python_decorator.py for tasks to queue
[2024-12-21T06:29:30.339+0000] {logging_mixin.py:190} INFO - [2024-12-21T06:29:30.339+0000] {dagbag.py:588} INFO - Filling up the DagBag from /home/airflow/.local/lib/python3.12/site-packages/airflow/example_dags/example_python_decorator.py
[2024-12-21T06:29:30.352+0000] {processor.py:925} INFO - DAG(s) 'example_python_decorator' retrieved from /home/airflow/.local/lib/python3.12/site-packages/airflow/example_dags/example_python_decorator.py
[2024-12-21T06:29:30.375+0000] {logging_mixin.py:190} INFO - [2024-12-21T06:29:30.374+0000] {dag.py:3239} INFO - Sync 1 DAGs
[2024-12-21T06:29:30.390+0000] {logging_mixin.py:190} INFO - [2024-12-21T06:29:30.390+0000] {dag.py:4180} INFO - Setting next_dagrun for example_python_decorator to None, run_after=None
[2024-12-21T06:29:30.407+0000] {processor.py:208} INFO - Processing /home/airflow/.local/lib/python3.12/site-packages/airflow/example_dags/example_python_decorator.py took 0.075 seconds
[2024-12-21T06:30:01.020+0000] {processor.py:186} INFO - Started process (PID=552) to work on /home/airflow/.local/lib/python3.12/site-packages/airflow/example_dags/example_python_decorator.py
[2024-12-21T06:30:01.021+0000] {processor.py:914} INFO - Processing file /home/airflow/.local/lib/python3.12/site-packages/airflow/example_dags/example_python_decorator.py for tasks to queue
[2024-12-21T06:30:01.024+0000] {logging_mixin.py:190} INFO - [2024-12-21T06:30:01.023+0000] {dagbag.py:588} INFO - Filling up the DagBag from /home/airflow/.local/lib/python3.12/site-packages/airflow/example_dags/example_python_decorator.py
[2024-12-21T06:30:01.040+0000] {processor.py:925} INFO - DAG(s) 'example_python_decorator' retrieved from /home/airflow/.local/lib/python3.12/site-packages/airflow/example_dags/example_python_decorator.py
[2024-12-21T06:30:01.065+0000] {logging_mixin.py:190} INFO - [2024-12-21T06:30:01.065+0000] {dag.py:3239} INFO - Sync 1 DAGs
[2024-12-21T06:30:01.082+0000] {logging_mixin.py:190} INFO - [2024-12-21T06:30:01.082+0000] {dag.py:4180} INFO - Setting next_dagrun for example_python_decorator to None, run_after=None
[2024-12-21T06:30:01.115+0000] {processor.py:208} INFO - Processing /home/airflow/.local/lib/python3.12/site-packages/airflow/example_dags/example_python_decorator.py took 0.100 seconds
[2024-12-21T06:30:32.368+0000] {processor.py:186} INFO - Started process (PID=614) to work on /home/airflow/.local/lib/python3.12/site-packages/airflow/example_dags/example_python_decorator.py
[2024-12-21T06:30:32.369+0000] {processor.py:914} INFO - Processing file /home/airflow/.local/lib/python3.12/site-packages/airflow/example_dags/example_python_decorator.py for tasks to queue
[2024-12-21T06:30:32.370+0000] {logging_mixin.py:190} INFO - [2024-12-21T06:30:32.370+0000] {dagbag.py:588} INFO - Filling up the DagBag from /home/airflow/.local/lib/python3.12/site-packages/airflow/example_dags/example_python_decorator.py
[2024-12-21T06:30:32.382+0000] {processor.py:925} INFO - DAG(s) 'example_python_decorator' retrieved from /home/airflow/.local/lib/python3.12/site-packages/airflow/example_dags/example_python_decorator.py
[2024-12-21T06:30:32.403+0000] {logging_mixin.py:190} INFO - [2024-12-21T06:30:32.403+0000] {dag.py:3239} INFO - Sync 1 DAGs
[2024-12-21T06:30:32.416+0000] {logging_mixin.py:190} INFO - [2024-12-21T06:30:32.415+0000] {dag.py:4180} INFO - Setting next_dagrun for example_python_decorator to None, run_after=None
[2024-12-21T06:30:32.431+0000] {processor.py:208} INFO - Processing /home/airflow/.local/lib/python3.12/site-packages/airflow/example_dags/example_python_decorator.py took 0.068 seconds
[2024-12-21T06:31:05.162+0000] {processor.py:186} INFO - Started process (PID=678) to work on /home/airflow/.local/lib/python3.12/site-packages/airflow/example_dags/example_python_decorator.py
[2024-12-21T06:31:05.163+0000] {processor.py:914} INFO - Processing file /home/airflow/.local/lib/python3.12/site-packages/airflow/example_dags/example_python_decorator.py for tasks to queue
[2024-12-21T06:31:05.166+0000] {logging_mixin.py:190} INFO - [2024-12-21T06:31:05.166+0000] {dagbag.py:588} INFO - Filling up the DagBag from /home/airflow/.local/lib/python3.12/site-packages/airflow/example_dags/example_python_decorator.py
[2024-12-21T06:31:05.187+0000] {processor.py:925} INFO - DAG(s) 'example_python_decorator' retrieved from /home/airflow/.local/lib/python3.12/site-packages/airflow/example_dags/example_python_decorator.py
[2024-12-21T06:31:05.213+0000] {logging_mixin.py:190} INFO - [2024-12-21T06:31:05.213+0000] {dag.py:3239} INFO - Sync 1 DAGs
[2024-12-21T06:31:05.230+0000] {logging_mixin.py:190} INFO - [2024-12-21T06:31:05.229+0000] {dag.py:4180} INFO - Setting next_dagrun for example_python_decorator to None, run_after=None
[2024-12-21T06:31:05.248+0000] {processor.py:208} INFO - Processing /home/airflow/.local/lib/python3.12/site-packages/airflow/example_dags/example_python_decorator.py took 0.094 seconds
[2024-12-21T06:31:36.499+0000] {processor.py:186} INFO - Started process (PID=741) to work on /home/airflow/.local/lib/python3.12/site-packages/airflow/example_dags/example_python_decorator.py
[2024-12-21T06:31:36.499+0000] {processor.py:914} INFO - Processing file /home/airflow/.local/lib/python3.12/site-packages/airflow/example_dags/example_python_decorator.py for tasks to queue
[2024-12-21T06:31:36.501+0000] {logging_mixin.py:190} INFO - [2024-12-21T06:31:36.501+0000] {dagbag.py:588} INFO - Filling up the DagBag from /home/airflow/.local/lib/python3.12/site-packages/airflow/example_dags/example_python_decorator.py
[2024-12-21T06:31:36.516+0000] {processor.py:925} INFO - DAG(s) 'example_python_decorator' retrieved from /home/airflow/.local/lib/python3.12/site-packages/airflow/example_dags/example_python_decorator.py
[2024-12-21T06:31:36.538+0000] {logging_mixin.py:190} INFO - [2024-12-21T06:31:36.538+0000] {dag.py:3239} INFO - Sync 1 DAGs
[2024-12-21T06:31:36.552+0000] {logging_mixin.py:190} INFO - [2024-12-21T06:31:36.552+0000] {dag.py:4180} INFO - Setting next_dagrun for example_python_decorator to None, run_after=None
[2024-12-21T06:31:36.571+0000] {processor.py:208} INFO - Processing /home/airflow/.local/lib/python3.12/site-packages/airflow/example_dags/example_python_decorator.py took 0.077 seconds
[2024-12-21T06:32:07.279+0000] {processor.py:186} INFO - Started process (PID=804) to work on /home/airflow/.local/lib/python3.12/site-packages/airflow/example_dags/example_python_decorator.py
[2024-12-21T06:32:07.280+0000] {processor.py:914} INFO - Processing file /home/airflow/.local/lib/python3.12/site-packages/airflow/example_dags/example_python_decorator.py for tasks to queue
[2024-12-21T06:32:07.282+0000] {logging_mixin.py:190} INFO - [2024-12-21T06:32:07.282+0000] {dagbag.py:588} INFO - Filling up the DagBag from /home/airflow/.local/lib/python3.12/site-packages/airflow/example_dags/example_python_decorator.py
[2024-12-21T06:32:07.298+0000] {processor.py:925} INFO - DAG(s) 'example_python_decorator' retrieved from /home/airflow/.local/lib/python3.12/site-packages/airflow/example_dags/example_python_decorator.py
[2024-12-21T06:32:07.318+0000] {logging_mixin.py:190} INFO - [2024-12-21T06:32:07.318+0000] {dag.py:3239} INFO - Sync 1 DAGs
[2024-12-21T06:32:07.332+0000] {logging_mixin.py:190} INFO - [2024-12-21T06:32:07.331+0000] {dag.py:4180} INFO - Setting next_dagrun for example_python_decorator to None, run_after=None
[2024-12-21T06:32:07.347+0000] {processor.py:208} INFO - Processing /home/airflow/.local/lib/python3.12/site-packages/airflow/example_dags/example_python_decorator.py took 0.073 seconds
[2024-12-21T06:32:38.094+0000] {processor.py:186} INFO - Started process (PID=867) to work on /home/airflow/.local/lib/python3.12/site-packages/airflow/example_dags/example_python_decorator.py
[2024-12-21T06:32:38.094+0000] {processor.py:914} INFO - Processing file /home/airflow/.local/lib/python3.12/site-packages/airflow/example_dags/example_python_decorator.py for tasks to queue
[2024-12-21T06:32:38.096+0000] {logging_mixin.py:190} INFO - [2024-12-21T06:32:38.096+0000] {dagbag.py:588} INFO - Filling up the DagBag from /home/airflow/.local/lib/python3.12/site-packages/airflow/example_dags/example_python_decorator.py
[2024-12-21T06:32:38.108+0000] {processor.py:925} INFO - DAG(s) 'example_python_decorator' retrieved from /home/airflow/.local/lib/python3.12/site-packages/airflow/example_dags/example_python_decorator.py
[2024-12-21T06:32:38.126+0000] {logging_mixin.py:190} INFO - [2024-12-21T06:32:38.126+0000] {dag.py:3239} INFO - Sync 1 DAGs
[2024-12-21T06:32:38.138+0000] {logging_mixin.py:190} INFO - [2024-12-21T06:32:38.138+0000] {dag.py:4180} INFO - Setting next_dagrun for example_python_decorator to None, run_after=None
[2024-12-21T06:32:38.153+0000] {processor.py:208} INFO - Processing /home/airflow/.local/lib/python3.12/site-packages/airflow/example_dags/example_python_decorator.py took 0.064 seconds
[2024-12-21T06:33:09.464+0000] {processor.py:186} INFO - Started process (PID=929) to work on /home/airflow/.local/lib/python3.12/site-packages/airflow/example_dags/example_python_decorator.py
[2024-12-21T06:33:09.465+0000] {processor.py:914} INFO - Processing file /home/airflow/.local/lib/python3.12/site-packages/airflow/example_dags/example_python_decorator.py for tasks to queue
[2024-12-21T06:33:09.467+0000] {logging_mixin.py:190} INFO - [2024-12-21T06:33:09.466+0000] {dagbag.py:588} INFO - Filling up the DagBag from /home/airflow/.local/lib/python3.12/site-packages/airflow/example_dags/example_python_decorator.py
[2024-12-21T06:33:09.479+0000] {processor.py:925} INFO - DAG(s) 'example_python_decorator' retrieved from /home/airflow/.local/lib/python3.12/site-packages/airflow/example_dags/example_python_decorator.py
[2024-12-21T06:33:09.498+0000] {logging_mixin.py:190} INFO - [2024-12-21T06:33:09.498+0000] {dag.py:3239} INFO - Sync 1 DAGs
[2024-12-21T06:33:09.510+0000] {logging_mixin.py:190} INFO - [2024-12-21T06:33:09.510+0000] {dag.py:4180} INFO - Setting next_dagrun for example_python_decorator to None, run_after=None
[2024-12-21T06:33:09.525+0000] {processor.py:208} INFO - Processing /home/airflow/.local/lib/python3.12/site-packages/airflow/example_dags/example_python_decorator.py took 0.065 seconds
[2024-12-21T06:33:40.784+0000] {processor.py:186} INFO - Started process (PID=993) to work on /home/airflow/.local/lib/python3.12/site-packages/airflow/example_dags/example_python_decorator.py
[2024-12-21T06:33:40.786+0000] {processor.py:914} INFO - Processing file /home/airflow/.local/lib/python3.12/site-packages/airflow/example_dags/example_python_decorator.py for tasks to queue
[2024-12-21T06:33:40.789+0000] {logging_mixin.py:190} INFO - [2024-12-21T06:33:40.789+0000] {dagbag.py:588} INFO - Filling up the DagBag from /home/airflow/.local/lib/python3.12/site-packages/airflow/example_dags/example_python_decorator.py
[2024-12-21T06:33:40.816+0000] {processor.py:925} INFO - DAG(s) 'example_python_decorator' retrieved from /home/airflow/.local/lib/python3.12/site-packages/airflow/example_dags/example_python_decorator.py
[2024-12-21T06:33:40.842+0000] {logging_mixin.py:190} INFO - [2024-12-21T06:33:40.841+0000] {dag.py:3239} INFO - Sync 1 DAGs
[2024-12-21T06:33:40.858+0000] {logging_mixin.py:190} INFO - [2024-12-21T06:33:40.857+0000] {dag.py:4180} INFO - Setting next_dagrun for example_python_decorator to None, run_after=None
[2024-12-21T06:33:40.875+0000] {processor.py:208} INFO - Processing /home/airflow/.local/lib/python3.12/site-packages/airflow/example_dags/example_python_decorator.py took 0.102 seconds
[2024-12-21T06:34:51.841+0000] {processor.py:186} INFO - Started process (PID=102) to work on /home/airflow/.local/lib/python3.12/site-packages/airflow/example_dags/example_python_decorator.py
[2024-12-21T06:34:51.843+0000] {processor.py:914} INFO - Processing file /home/airflow/.local/lib/python3.12/site-packages/airflow/example_dags/example_python_decorator.py for tasks to queue
[2024-12-21T06:34:51.845+0000] {logging_mixin.py:190} INFO - [2024-12-21T06:34:51.845+0000] {dagbag.py:588} INFO - Filling up the DagBag from /home/airflow/.local/lib/python3.12/site-packages/airflow/example_dags/example_python_decorator.py
[2024-12-21T06:34:51.861+0000] {processor.py:925} INFO - DAG(s) 'example_python_decorator' retrieved from /home/airflow/.local/lib/python3.12/site-packages/airflow/example_dags/example_python_decorator.py
[2024-12-21T06:34:51.984+0000] {logging_mixin.py:190} INFO - [2024-12-21T06:34:51.984+0000] {dag.py:3239} INFO - Sync 1 DAGs
[2024-12-21T06:34:52.000+0000] {logging_mixin.py:190} INFO - [2024-12-21T06:34:51.999+0000] {dag.py:4180} INFO - Setting next_dagrun for example_python_decorator to None, run_after=None
[2024-12-21T06:34:52.027+0000] {processor.py:208} INFO - Processing /home/airflow/.local/lib/python3.12/site-packages/airflow/example_dags/example_python_decorator.py took 0.192 seconds
[2024-12-21T06:35:23.145+0000] {processor.py:186} INFO - Started process (PID=166) to work on /home/airflow/.local/lib/python3.12/site-packages/airflow/example_dags/example_python_decorator.py
[2024-12-21T06:35:23.146+0000] {processor.py:914} INFO - Processing file /home/airflow/.local/lib/python3.12/site-packages/airflow/example_dags/example_python_decorator.py for tasks to queue
[2024-12-21T06:35:23.148+0000] {logging_mixin.py:190} INFO - [2024-12-21T06:35:23.148+0000] {dagbag.py:588} INFO - Filling up the DagBag from /home/airflow/.local/lib/python3.12/site-packages/airflow/example_dags/example_python_decorator.py
[2024-12-21T06:35:23.163+0000] {processor.py:925} INFO - DAG(s) 'example_python_decorator' retrieved from /home/airflow/.local/lib/python3.12/site-packages/airflow/example_dags/example_python_decorator.py
[2024-12-21T06:35:23.184+0000] {logging_mixin.py:190} INFO - [2024-12-21T06:35:23.184+0000] {dag.py:3239} INFO - Sync 1 DAGs
[2024-12-21T06:35:23.198+0000] {logging_mixin.py:190} INFO - [2024-12-21T06:35:23.198+0000] {dag.py:4180} INFO - Setting next_dagrun for example_python_decorator to None, run_after=None
[2024-12-21T06:35:23.214+0000] {processor.py:208} INFO - Processing /home/airflow/.local/lib/python3.12/site-packages/airflow/example_dags/example_python_decorator.py took 0.076 seconds
[2024-12-21T06:35:53.552+0000] {processor.py:186} INFO - Started process (PID=231) to work on /home/airflow/.local/lib/python3.12/site-packages/airflow/example_dags/example_python_decorator.py
[2024-12-21T06:35:53.553+0000] {processor.py:914} INFO - Processing file /home/airflow/.local/lib/python3.12/site-packages/airflow/example_dags/example_python_decorator.py for tasks to queue
[2024-12-21T06:35:53.556+0000] {logging_mixin.py:190} INFO - [2024-12-21T06:35:53.556+0000] {dagbag.py:588} INFO - Filling up the DagBag from /home/airflow/.local/lib/python3.12/site-packages/airflow/example_dags/example_python_decorator.py
[2024-12-21T06:35:53.583+0000] {processor.py:925} INFO - DAG(s) 'example_python_decorator' retrieved from /home/airflow/.local/lib/python3.12/site-packages/airflow/example_dags/example_python_decorator.py
[2024-12-21T06:35:53.612+0000] {logging_mixin.py:190} INFO - [2024-12-21T06:35:53.612+0000] {dag.py:3239} INFO - Sync 1 DAGs
[2024-12-21T06:35:53.632+0000] {logging_mixin.py:190} INFO - [2024-12-21T06:35:53.632+0000] {dag.py:4180} INFO - Setting next_dagrun for example_python_decorator to None, run_after=None
[2024-12-21T06:35:53.662+0000] {processor.py:208} INFO - Processing /home/airflow/.local/lib/python3.12/site-packages/airflow/example_dags/example_python_decorator.py took 0.120 seconds
[2024-12-21T06:36:24.217+0000] {processor.py:186} INFO - Started process (PID=299) to work on /home/airflow/.local/lib/python3.12/site-packages/airflow/example_dags/example_python_decorator.py
[2024-12-21T06:36:24.218+0000] {processor.py:914} INFO - Processing file /home/airflow/.local/lib/python3.12/site-packages/airflow/example_dags/example_python_decorator.py for tasks to queue
[2024-12-21T06:36:24.220+0000] {logging_mixin.py:190} INFO - [2024-12-21T06:36:24.219+0000] {dagbag.py:588} INFO - Filling up the DagBag from /home/airflow/.local/lib/python3.12/site-packages/airflow/example_dags/example_python_decorator.py
[2024-12-21T06:36:24.237+0000] {processor.py:925} INFO - DAG(s) 'example_python_decorator' retrieved from /home/airflow/.local/lib/python3.12/site-packages/airflow/example_dags/example_python_decorator.py
[2024-12-21T06:36:24.274+0000] {logging_mixin.py:190} INFO - [2024-12-21T06:36:24.273+0000] {dag.py:3239} INFO - Sync 1 DAGs
[2024-12-21T06:36:24.291+0000] {logging_mixin.py:190} INFO - [2024-12-21T06:36:24.291+0000] {dag.py:4180} INFO - Setting next_dagrun for example_python_decorator to None, run_after=None
[2024-12-21T06:36:24.316+0000] {processor.py:208} INFO - Processing /home/airflow/.local/lib/python3.12/site-packages/airflow/example_dags/example_python_decorator.py took 0.107 seconds
[2024-12-21T06:36:55.701+0000] {processor.py:186} INFO - Started process (PID=364) to work on /home/airflow/.local/lib/python3.12/site-packages/airflow/example_dags/example_python_decorator.py
[2024-12-21T06:36:55.702+0000] {processor.py:914} INFO - Processing file /home/airflow/.local/lib/python3.12/site-packages/airflow/example_dags/example_python_decorator.py for tasks to queue
[2024-12-21T06:36:55.704+0000] {logging_mixin.py:190} INFO - [2024-12-21T06:36:55.704+0000] {dagbag.py:588} INFO - Filling up the DagBag from /home/airflow/.local/lib/python3.12/site-packages/airflow/example_dags/example_python_decorator.py
[2024-12-21T06:36:55.723+0000] {processor.py:925} INFO - DAG(s) 'example_python_decorator' retrieved from /home/airflow/.local/lib/python3.12/site-packages/airflow/example_dags/example_python_decorator.py
[2024-12-21T06:36:55.750+0000] {logging_mixin.py:190} INFO - [2024-12-21T06:36:55.750+0000] {dag.py:3239} INFO - Sync 1 DAGs
[2024-12-21T06:36:55.774+0000] {logging_mixin.py:190} INFO - [2024-12-21T06:36:55.773+0000] {dag.py:4180} INFO - Setting next_dagrun for example_python_decorator to None, run_after=None
[2024-12-21T06:36:55.798+0000] {processor.py:208} INFO - Processing /home/airflow/.local/lib/python3.12/site-packages/airflow/example_dags/example_python_decorator.py took 0.105 seconds
[2024-12-21T06:37:26.581+0000] {processor.py:186} INFO - Started process (PID=429) to work on /home/airflow/.local/lib/python3.12/site-packages/airflow/example_dags/example_python_decorator.py
[2024-12-21T06:37:26.582+0000] {processor.py:914} INFO - Processing file /home/airflow/.local/lib/python3.12/site-packages/airflow/example_dags/example_python_decorator.py for tasks to queue
[2024-12-21T06:37:26.583+0000] {logging_mixin.py:190} INFO - [2024-12-21T06:37:26.583+0000] {dagbag.py:588} INFO - Filling up the DagBag from /home/airflow/.local/lib/python3.12/site-packages/airflow/example_dags/example_python_decorator.py
[2024-12-21T06:37:26.597+0000] {processor.py:925} INFO - DAG(s) 'example_python_decorator' retrieved from /home/airflow/.local/lib/python3.12/site-packages/airflow/example_dags/example_python_decorator.py
[2024-12-21T06:37:26.618+0000] {logging_mixin.py:190} INFO - [2024-12-21T06:37:26.618+0000] {dag.py:3239} INFO - Sync 1 DAGs
[2024-12-21T06:37:26.630+0000] {logging_mixin.py:190} INFO - [2024-12-21T06:37:26.630+0000] {dag.py:4180} INFO - Setting next_dagrun for example_python_decorator to None, run_after=None
[2024-12-21T06:37:26.645+0000] {processor.py:208} INFO - Processing /home/airflow/.local/lib/python3.12/site-packages/airflow/example_dags/example_python_decorator.py took 0.069 seconds
[2024-12-21T06:37:57.924+0000] {processor.py:186} INFO - Started process (PID=494) to work on /home/airflow/.local/lib/python3.12/site-packages/airflow/example_dags/example_python_decorator.py
[2024-12-21T06:37:57.925+0000] {processor.py:914} INFO - Processing file /home/airflow/.local/lib/python3.12/site-packages/airflow/example_dags/example_python_decorator.py for tasks to queue
[2024-12-21T06:37:57.927+0000] {logging_mixin.py:190} INFO - [2024-12-21T06:37:57.926+0000] {dagbag.py:588} INFO - Filling up the DagBag from /home/airflow/.local/lib/python3.12/site-packages/airflow/example_dags/example_python_decorator.py
[2024-12-21T06:37:57.941+0000] {processor.py:925} INFO - DAG(s) 'example_python_decorator' retrieved from /home/airflow/.local/lib/python3.12/site-packages/airflow/example_dags/example_python_decorator.py
[2024-12-21T06:37:57.961+0000] {logging_mixin.py:190} INFO - [2024-12-21T06:37:57.960+0000] {dag.py:3239} INFO - Sync 1 DAGs
[2024-12-21T06:37:57.973+0000] {logging_mixin.py:190} INFO - [2024-12-21T06:37:57.973+0000] {dag.py:4180} INFO - Setting next_dagrun for example_python_decorator to None, run_after=None
[2024-12-21T06:37:57.990+0000] {processor.py:208} INFO - Processing /home/airflow/.local/lib/python3.12/site-packages/airflow/example_dags/example_python_decorator.py took 0.071 seconds
[2024-12-21T06:38:28.706+0000] {processor.py:186} INFO - Started process (PID=559) to work on /home/airflow/.local/lib/python3.12/site-packages/airflow/example_dags/example_python_decorator.py
[2024-12-21T06:38:28.707+0000] {processor.py:914} INFO - Processing file /home/airflow/.local/lib/python3.12/site-packages/airflow/example_dags/example_python_decorator.py for tasks to queue
[2024-12-21T06:38:28.709+0000] {logging_mixin.py:190} INFO - [2024-12-21T06:38:28.708+0000] {dagbag.py:588} INFO - Filling up the DagBag from /home/airflow/.local/lib/python3.12/site-packages/airflow/example_dags/example_python_decorator.py
[2024-12-21T06:38:28.724+0000] {processor.py:925} INFO - DAG(s) 'example_python_decorator' retrieved from /home/airflow/.local/lib/python3.12/site-packages/airflow/example_dags/example_python_decorator.py
[2024-12-21T06:38:28.749+0000] {logging_mixin.py:190} INFO - [2024-12-21T06:38:28.749+0000] {dag.py:3239} INFO - Sync 1 DAGs
[2024-12-21T06:38:28.767+0000] {logging_mixin.py:190} INFO - [2024-12-21T06:38:28.767+0000] {dag.py:4180} INFO - Setting next_dagrun for example_python_decorator to None, run_after=None
[2024-12-21T06:38:28.790+0000] {processor.py:208} INFO - Processing /home/airflow/.local/lib/python3.12/site-packages/airflow/example_dags/example_python_decorator.py took 0.089 seconds
[2024-12-21T06:38:59.470+0000] {processor.py:186} INFO - Started process (PID=624) to work on /home/airflow/.local/lib/python3.12/site-packages/airflow/example_dags/example_python_decorator.py
[2024-12-21T06:38:59.471+0000] {processor.py:914} INFO - Processing file /home/airflow/.local/lib/python3.12/site-packages/airflow/example_dags/example_python_decorator.py for tasks to queue
[2024-12-21T06:38:59.473+0000] {logging_mixin.py:190} INFO - [2024-12-21T06:38:59.473+0000] {dagbag.py:588} INFO - Filling up the DagBag from /home/airflow/.local/lib/python3.12/site-packages/airflow/example_dags/example_python_decorator.py
[2024-12-21T06:38:59.486+0000] {processor.py:925} INFO - DAG(s) 'example_python_decorator' retrieved from /home/airflow/.local/lib/python3.12/site-packages/airflow/example_dags/example_python_decorator.py
[2024-12-21T06:38:59.505+0000] {logging_mixin.py:190} INFO - [2024-12-21T06:38:59.505+0000] {dag.py:3239} INFO - Sync 1 DAGs
[2024-12-21T06:38:59.518+0000] {logging_mixin.py:190} INFO - [2024-12-21T06:38:59.518+0000] {dag.py:4180} INFO - Setting next_dagrun for example_python_decorator to None, run_after=None
[2024-12-21T06:38:59.533+0000] {processor.py:208} INFO - Processing /home/airflow/.local/lib/python3.12/site-packages/airflow/example_dags/example_python_decorator.py took 0.067 seconds
[2024-12-21T06:39:30.287+0000] {processor.py:186} INFO - Started process (PID=689) to work on /home/airflow/.local/lib/python3.12/site-packages/airflow/example_dags/example_python_decorator.py
[2024-12-21T06:39:30.288+0000] {processor.py:914} INFO - Processing file /home/airflow/.local/lib/python3.12/site-packages/airflow/example_dags/example_python_decorator.py for tasks to queue
[2024-12-21T06:39:30.290+0000] {logging_mixin.py:190} INFO - [2024-12-21T06:39:30.290+0000] {dagbag.py:588} INFO - Filling up the DagBag from /home/airflow/.local/lib/python3.12/site-packages/airflow/example_dags/example_python_decorator.py
[2024-12-21T06:39:30.310+0000] {processor.py:925} INFO - DAG(s) 'example_python_decorator' retrieved from /home/airflow/.local/lib/python3.12/site-packages/airflow/example_dags/example_python_decorator.py
[2024-12-21T06:39:30.335+0000] {logging_mixin.py:190} INFO - [2024-12-21T06:39:30.335+0000] {dag.py:3239} INFO - Sync 1 DAGs
[2024-12-21T06:39:30.351+0000] {logging_mixin.py:190} INFO - [2024-12-21T06:39:30.351+0000] {dag.py:4180} INFO - Setting next_dagrun for example_python_decorator to None, run_after=None
[2024-12-21T06:39:30.368+0000] {processor.py:208} INFO - Processing /home/airflow/.local/lib/python3.12/site-packages/airflow/example_dags/example_python_decorator.py took 0.087 seconds
[2024-12-21T06:40:01.332+0000] {processor.py:186} INFO - Started process (PID=754) to work on /home/airflow/.local/lib/python3.12/site-packages/airflow/example_dags/example_python_decorator.py
[2024-12-21T06:40:01.333+0000] {processor.py:914} INFO - Processing file /home/airflow/.local/lib/python3.12/site-packages/airflow/example_dags/example_python_decorator.py for tasks to queue
[2024-12-21T06:40:01.336+0000] {logging_mixin.py:190} INFO - [2024-12-21T06:40:01.335+0000] {dagbag.py:588} INFO - Filling up the DagBag from /home/airflow/.local/lib/python3.12/site-packages/airflow/example_dags/example_python_decorator.py
[2024-12-21T06:40:01.353+0000] {processor.py:925} INFO - DAG(s) 'example_python_decorator' retrieved from /home/airflow/.local/lib/python3.12/site-packages/airflow/example_dags/example_python_decorator.py
[2024-12-21T06:40:01.377+0000] {logging_mixin.py:190} INFO - [2024-12-21T06:40:01.377+0000] {dag.py:3239} INFO - Sync 1 DAGs
[2024-12-21T06:40:01.404+0000] {logging_mixin.py:190} INFO - [2024-12-21T06:40:01.403+0000] {dag.py:4180} INFO - Setting next_dagrun for example_python_decorator to None, run_after=None
[2024-12-21T06:40:01.426+0000] {processor.py:208} INFO - Processing /home/airflow/.local/lib/python3.12/site-packages/airflow/example_dags/example_python_decorator.py took 0.102 seconds
[2024-12-21T06:40:32.251+0000] {processor.py:186} INFO - Started process (PID=819) to work on /home/airflow/.local/lib/python3.12/site-packages/airflow/example_dags/example_python_decorator.py
[2024-12-21T06:40:32.251+0000] {processor.py:914} INFO - Processing file /home/airflow/.local/lib/python3.12/site-packages/airflow/example_dags/example_python_decorator.py for tasks to queue
[2024-12-21T06:40:32.253+0000] {logging_mixin.py:190} INFO - [2024-12-21T06:40:32.253+0000] {dagbag.py:588} INFO - Filling up the DagBag from /home/airflow/.local/lib/python3.12/site-packages/airflow/example_dags/example_python_decorator.py
[2024-12-21T06:40:32.266+0000] {processor.py:925} INFO - DAG(s) 'example_python_decorator' retrieved from /home/airflow/.local/lib/python3.12/site-packages/airflow/example_dags/example_python_decorator.py
[2024-12-21T06:40:32.287+0000] {logging_mixin.py:190} INFO - [2024-12-21T06:40:32.286+0000] {dag.py:3239} INFO - Sync 1 DAGs
[2024-12-21T06:40:32.299+0000] {logging_mixin.py:190} INFO - [2024-12-21T06:40:32.299+0000] {dag.py:4180} INFO - Setting next_dagrun for example_python_decorator to None, run_after=None
[2024-12-21T06:40:32.314+0000] {processor.py:208} INFO - Processing /home/airflow/.local/lib/python3.12/site-packages/airflow/example_dags/example_python_decorator.py took 0.068 seconds
[2024-12-21T06:41:03.247+0000] {processor.py:186} INFO - Started process (PID=884) to work on /home/airflow/.local/lib/python3.12/site-packages/airflow/example_dags/example_python_decorator.py
[2024-12-21T06:41:03.248+0000] {processor.py:914} INFO - Processing file /home/airflow/.local/lib/python3.12/site-packages/airflow/example_dags/example_python_decorator.py for tasks to queue
[2024-12-21T06:41:03.250+0000] {logging_mixin.py:190} INFO - [2024-12-21T06:41:03.250+0000] {dagbag.py:588} INFO - Filling up the DagBag from /home/airflow/.local/lib/python3.12/site-packages/airflow/example_dags/example_python_decorator.py
[2024-12-21T06:41:03.263+0000] {processor.py:925} INFO - DAG(s) 'example_python_decorator' retrieved from /home/airflow/.local/lib/python3.12/site-packages/airflow/example_dags/example_python_decorator.py
[2024-12-21T06:41:03.282+0000] {logging_mixin.py:190} INFO - [2024-12-21T06:41:03.281+0000] {dag.py:3239} INFO - Sync 1 DAGs
[2024-12-21T06:41:03.295+0000] {logging_mixin.py:190} INFO - [2024-12-21T06:41:03.295+0000] {dag.py:4180} INFO - Setting next_dagrun for example_python_decorator to None, run_after=None
[2024-12-21T06:41:03.310+0000] {processor.py:208} INFO - Processing /home/airflow/.local/lib/python3.12/site-packages/airflow/example_dags/example_python_decorator.py took 0.067 seconds
[2024-12-21T06:41:33.733+0000] {processor.py:186} INFO - Started process (PID=949) to work on /home/airflow/.local/lib/python3.12/site-packages/airflow/example_dags/example_python_decorator.py
[2024-12-21T06:41:33.733+0000] {processor.py:914} INFO - Processing file /home/airflow/.local/lib/python3.12/site-packages/airflow/example_dags/example_python_decorator.py for tasks to queue
[2024-12-21T06:41:33.735+0000] {logging_mixin.py:190} INFO - [2024-12-21T06:41:33.735+0000] {dagbag.py:588} INFO - Filling up the DagBag from /home/airflow/.local/lib/python3.12/site-packages/airflow/example_dags/example_python_decorator.py
[2024-12-21T06:41:33.748+0000] {processor.py:925} INFO - DAG(s) 'example_python_decorator' retrieved from /home/airflow/.local/lib/python3.12/site-packages/airflow/example_dags/example_python_decorator.py
[2024-12-21T06:41:33.767+0000] {logging_mixin.py:190} INFO - [2024-12-21T06:41:33.767+0000] {dag.py:3239} INFO - Sync 1 DAGs
[2024-12-21T06:41:33.780+0000] {logging_mixin.py:190} INFO - [2024-12-21T06:41:33.780+0000] {dag.py:4180} INFO - Setting next_dagrun for example_python_decorator to None, run_after=None
[2024-12-21T06:41:33.798+0000] {processor.py:208} INFO - Processing /home/airflow/.local/lib/python3.12/site-packages/airflow/example_dags/example_python_decorator.py took 0.070 seconds
[2024-12-21T06:42:04.898+0000] {processor.py:186} INFO - Started process (PID=1014) to work on /home/airflow/.local/lib/python3.12/site-packages/airflow/example_dags/example_python_decorator.py
[2024-12-21T06:42:04.898+0000] {processor.py:914} INFO - Processing file /home/airflow/.local/lib/python3.12/site-packages/airflow/example_dags/example_python_decorator.py for tasks to queue
[2024-12-21T06:42:04.900+0000] {logging_mixin.py:190} INFO - [2024-12-21T06:42:04.900+0000] {dagbag.py:588} INFO - Filling up the DagBag from /home/airflow/.local/lib/python3.12/site-packages/airflow/example_dags/example_python_decorator.py
[2024-12-21T06:42:04.913+0000] {processor.py:925} INFO - DAG(s) 'example_python_decorator' retrieved from /home/airflow/.local/lib/python3.12/site-packages/airflow/example_dags/example_python_decorator.py
[2024-12-21T06:42:04.932+0000] {logging_mixin.py:190} INFO - [2024-12-21T06:42:04.932+0000] {dag.py:3239} INFO - Sync 1 DAGs
[2024-12-21T06:42:04.943+0000] {logging_mixin.py:190} INFO - [2024-12-21T06:42:04.943+0000] {dag.py:4180} INFO - Setting next_dagrun for example_python_decorator to None, run_after=None
[2024-12-21T06:42:04.960+0000] {processor.py:208} INFO - Processing /home/airflow/.local/lib/python3.12/site-packages/airflow/example_dags/example_python_decorator.py took 0.067 seconds
[2024-12-21T06:42:36.603+0000] {processor.py:186} INFO - Started process (PID=1079) to work on /home/airflow/.local/lib/python3.12/site-packages/airflow/example_dags/example_python_decorator.py
[2024-12-21T06:42:36.604+0000] {processor.py:914} INFO - Processing file /home/airflow/.local/lib/python3.12/site-packages/airflow/example_dags/example_python_decorator.py for tasks to queue
[2024-12-21T06:42:36.606+0000] {logging_mixin.py:190} INFO - [2024-12-21T06:42:36.605+0000] {dagbag.py:588} INFO - Filling up the DagBag from /home/airflow/.local/lib/python3.12/site-packages/airflow/example_dags/example_python_decorator.py
[2024-12-21T06:42:36.622+0000] {processor.py:925} INFO - DAG(s) 'example_python_decorator' retrieved from /home/airflow/.local/lib/python3.12/site-packages/airflow/example_dags/example_python_decorator.py
[2024-12-21T06:42:36.643+0000] {logging_mixin.py:190} INFO - [2024-12-21T06:42:36.643+0000] {dag.py:3239} INFO - Sync 1 DAGs
[2024-12-21T06:42:36.658+0000] {logging_mixin.py:190} INFO - [2024-12-21T06:42:36.657+0000] {dag.py:4180} INFO - Setting next_dagrun for example_python_decorator to None, run_after=None
[2024-12-21T06:42:36.675+0000] {processor.py:208} INFO - Processing /home/airflow/.local/lib/python3.12/site-packages/airflow/example_dags/example_python_decorator.py took 0.078 seconds
[2024-12-21T06:43:08.098+0000] {processor.py:186} INFO - Started process (PID=1145) to work on /home/airflow/.local/lib/python3.12/site-packages/airflow/example_dags/example_python_decorator.py
[2024-12-21T06:43:08.099+0000] {processor.py:914} INFO - Processing file /home/airflow/.local/lib/python3.12/site-packages/airflow/example_dags/example_python_decorator.py for tasks to queue
[2024-12-21T06:43:08.101+0000] {logging_mixin.py:190} INFO - [2024-12-21T06:43:08.101+0000] {dagbag.py:588} INFO - Filling up the DagBag from /home/airflow/.local/lib/python3.12/site-packages/airflow/example_dags/example_python_decorator.py
[2024-12-21T06:43:08.117+0000] {processor.py:925} INFO - DAG(s) 'example_python_decorator' retrieved from /home/airflow/.local/lib/python3.12/site-packages/airflow/example_dags/example_python_decorator.py
[2024-12-21T06:43:08.141+0000] {logging_mixin.py:190} INFO - [2024-12-21T06:43:08.140+0000] {dag.py:3239} INFO - Sync 1 DAGs
[2024-12-21T06:43:08.157+0000] {logging_mixin.py:190} INFO - [2024-12-21T06:43:08.157+0000] {dag.py:4180} INFO - Setting next_dagrun for example_python_decorator to None, run_after=None
[2024-12-21T06:43:08.177+0000] {processor.py:208} INFO - Processing /home/airflow/.local/lib/python3.12/site-packages/airflow/example_dags/example_python_decorator.py took 0.085 seconds
[2024-12-21T06:43:38.401+0000] {processor.py:186} INFO - Started process (PID=1210) to work on /home/airflow/.local/lib/python3.12/site-packages/airflow/example_dags/example_python_decorator.py
[2024-12-21T06:43:38.402+0000] {processor.py:914} INFO - Processing file /home/airflow/.local/lib/python3.12/site-packages/airflow/example_dags/example_python_decorator.py for tasks to queue
[2024-12-21T06:43:38.404+0000] {logging_mixin.py:190} INFO - [2024-12-21T06:43:38.404+0000] {dagbag.py:588} INFO - Filling up the DagBag from /home/airflow/.local/lib/python3.12/site-packages/airflow/example_dags/example_python_decorator.py
[2024-12-21T06:43:38.418+0000] {processor.py:925} INFO - DAG(s) 'example_python_decorator' retrieved from /home/airflow/.local/lib/python3.12/site-packages/airflow/example_dags/example_python_decorator.py
[2024-12-21T06:43:38.438+0000] {logging_mixin.py:190} INFO - [2024-12-21T06:43:38.437+0000] {dag.py:3239} INFO - Sync 1 DAGs
[2024-12-21T06:43:38.454+0000] {logging_mixin.py:190} INFO - [2024-12-21T06:43:38.454+0000] {dag.py:4180} INFO - Setting next_dagrun for example_python_decorator to None, run_after=None
[2024-12-21T06:43:38.471+0000] {processor.py:208} INFO - Processing /home/airflow/.local/lib/python3.12/site-packages/airflow/example_dags/example_python_decorator.py took 0.075 seconds
[2024-12-21T06:44:09.099+0000] {processor.py:186} INFO - Started process (PID=1275) to work on /home/airflow/.local/lib/python3.12/site-packages/airflow/example_dags/example_python_decorator.py
[2024-12-21T06:44:09.099+0000] {processor.py:914} INFO - Processing file /home/airflow/.local/lib/python3.12/site-packages/airflow/example_dags/example_python_decorator.py for tasks to queue
[2024-12-21T06:44:09.101+0000] {logging_mixin.py:190} INFO - [2024-12-21T06:44:09.101+0000] {dagbag.py:588} INFO - Filling up the DagBag from /home/airflow/.local/lib/python3.12/site-packages/airflow/example_dags/example_python_decorator.py
[2024-12-21T06:44:09.115+0000] {processor.py:925} INFO - DAG(s) 'example_python_decorator' retrieved from /home/airflow/.local/lib/python3.12/site-packages/airflow/example_dags/example_python_decorator.py
[2024-12-21T06:44:09.134+0000] {logging_mixin.py:190} INFO - [2024-12-21T06:44:09.134+0000] {dag.py:3239} INFO - Sync 1 DAGs
[2024-12-21T06:44:09.148+0000] {logging_mixin.py:190} INFO - [2024-12-21T06:44:09.148+0000] {dag.py:4180} INFO - Setting next_dagrun for example_python_decorator to None, run_after=None
[2024-12-21T06:44:09.165+0000] {processor.py:208} INFO - Processing /home/airflow/.local/lib/python3.12/site-packages/airflow/example_dags/example_python_decorator.py took 0.071 seconds
[2024-12-21T06:45:46.647+0000] {processor.py:186} INFO - Started process (PID=114) to work on /home/airflow/.local/lib/python3.12/site-packages/airflow/example_dags/example_python_decorator.py
[2024-12-21T06:45:46.648+0000] {processor.py:914} INFO - Processing file /home/airflow/.local/lib/python3.12/site-packages/airflow/example_dags/example_python_decorator.py for tasks to queue
[2024-12-21T06:45:46.651+0000] {logging_mixin.py:190} INFO - [2024-12-21T06:45:46.651+0000] {dagbag.py:588} INFO - Filling up the DagBag from /home/airflow/.local/lib/python3.12/site-packages/airflow/example_dags/example_python_decorator.py
[2024-12-21T06:45:46.671+0000] {processor.py:925} INFO - DAG(s) 'example_python_decorator' retrieved from /home/airflow/.local/lib/python3.12/site-packages/airflow/example_dags/example_python_decorator.py
[2024-12-21T06:45:46.812+0000] {logging_mixin.py:190} INFO - [2024-12-21T06:45:46.812+0000] {dag.py:3239} INFO - Sync 1 DAGs
[2024-12-21T06:45:46.826+0000] {logging_mixin.py:190} INFO - [2024-12-21T06:45:46.825+0000] {dag.py:4180} INFO - Setting next_dagrun for example_python_decorator to None, run_after=None
[2024-12-21T06:45:46.855+0000] {processor.py:208} INFO - Processing /home/airflow/.local/lib/python3.12/site-packages/airflow/example_dags/example_python_decorator.py took 0.214 seconds
[2024-12-21T06:46:16.947+0000] {processor.py:186} INFO - Started process (PID=178) to work on /home/airflow/.local/lib/python3.12/site-packages/airflow/example_dags/example_python_decorator.py
[2024-12-21T06:46:16.948+0000] {processor.py:914} INFO - Processing file /home/airflow/.local/lib/python3.12/site-packages/airflow/example_dags/example_python_decorator.py for tasks to queue
[2024-12-21T06:46:16.951+0000] {logging_mixin.py:190} INFO - [2024-12-21T06:46:16.951+0000] {dagbag.py:588} INFO - Filling up the DagBag from /home/airflow/.local/lib/python3.12/site-packages/airflow/example_dags/example_python_decorator.py
[2024-12-21T06:46:16.972+0000] {processor.py:925} INFO - DAG(s) 'example_python_decorator' retrieved from /home/airflow/.local/lib/python3.12/site-packages/airflow/example_dags/example_python_decorator.py
[2024-12-21T06:46:16.998+0000] {logging_mixin.py:190} INFO - [2024-12-21T06:46:16.997+0000] {dag.py:3239} INFO - Sync 1 DAGs
[2024-12-21T06:46:17.016+0000] {logging_mixin.py:190} INFO - [2024-12-21T06:46:17.016+0000] {dag.py:4180} INFO - Setting next_dagrun for example_python_decorator to None, run_after=None
[2024-12-21T06:46:17.042+0000] {processor.py:208} INFO - Processing /home/airflow/.local/lib/python3.12/site-packages/airflow/example_dags/example_python_decorator.py took 0.103 seconds
[2024-12-21T06:46:47.580+0000] {processor.py:186} INFO - Started process (PID=243) to work on /home/airflow/.local/lib/python3.12/site-packages/airflow/example_dags/example_python_decorator.py
[2024-12-21T06:46:47.581+0000] {processor.py:914} INFO - Processing file /home/airflow/.local/lib/python3.12/site-packages/airflow/example_dags/example_python_decorator.py for tasks to queue
[2024-12-21T06:46:47.583+0000] {logging_mixin.py:190} INFO - [2024-12-21T06:46:47.582+0000] {dagbag.py:588} INFO - Filling up the DagBag from /home/airflow/.local/lib/python3.12/site-packages/airflow/example_dags/example_python_decorator.py
[2024-12-21T06:46:47.598+0000] {processor.py:925} INFO - DAG(s) 'example_python_decorator' retrieved from /home/airflow/.local/lib/python3.12/site-packages/airflow/example_dags/example_python_decorator.py
[2024-12-21T06:46:47.620+0000] {logging_mixin.py:190} INFO - [2024-12-21T06:46:47.620+0000] {dag.py:3239} INFO - Sync 1 DAGs
[2024-12-21T06:46:47.635+0000] {logging_mixin.py:190} INFO - [2024-12-21T06:46:47.635+0000] {dag.py:4180} INFO - Setting next_dagrun for example_python_decorator to None, run_after=None
[2024-12-21T06:46:47.660+0000] {processor.py:208} INFO - Processing /home/airflow/.local/lib/python3.12/site-packages/airflow/example_dags/example_python_decorator.py took 0.086 seconds
[2024-12-21T06:47:18.573+0000] {processor.py:186} INFO - Started process (PID=308) to work on /home/airflow/.local/lib/python3.12/site-packages/airflow/example_dags/example_python_decorator.py
[2024-12-21T06:47:18.574+0000] {processor.py:914} INFO - Processing file /home/airflow/.local/lib/python3.12/site-packages/airflow/example_dags/example_python_decorator.py for tasks to queue
[2024-12-21T06:47:18.576+0000] {logging_mixin.py:190} INFO - [2024-12-21T06:47:18.575+0000] {dagbag.py:588} INFO - Filling up the DagBag from /home/airflow/.local/lib/python3.12/site-packages/airflow/example_dags/example_python_decorator.py
[2024-12-21T06:47:18.589+0000] {processor.py:925} INFO - DAG(s) 'example_python_decorator' retrieved from /home/airflow/.local/lib/python3.12/site-packages/airflow/example_dags/example_python_decorator.py
[2024-12-21T06:47:18.609+0000] {logging_mixin.py:190} INFO - [2024-12-21T06:47:18.609+0000] {dag.py:3239} INFO - Sync 1 DAGs
[2024-12-21T06:47:18.623+0000] {logging_mixin.py:190} INFO - [2024-12-21T06:47:18.622+0000] {dag.py:4180} INFO - Setting next_dagrun for example_python_decorator to None, run_after=None
[2024-12-21T06:47:18.639+0000] {processor.py:208} INFO - Processing /home/airflow/.local/lib/python3.12/site-packages/airflow/example_dags/example_python_decorator.py took 0.071 seconds
[2024-12-21T06:47:49.365+0000] {processor.py:186} INFO - Started process (PID=373) to work on /home/airflow/.local/lib/python3.12/site-packages/airflow/example_dags/example_python_decorator.py
[2024-12-21T06:47:49.366+0000] {processor.py:914} INFO - Processing file /home/airflow/.local/lib/python3.12/site-packages/airflow/example_dags/example_python_decorator.py for tasks to queue
[2024-12-21T06:47:49.368+0000] {logging_mixin.py:190} INFO - [2024-12-21T06:47:49.367+0000] {dagbag.py:588} INFO - Filling up the DagBag from /home/airflow/.local/lib/python3.12/site-packages/airflow/example_dags/example_python_decorator.py
[2024-12-21T06:47:49.382+0000] {processor.py:925} INFO - DAG(s) 'example_python_decorator' retrieved from /home/airflow/.local/lib/python3.12/site-packages/airflow/example_dags/example_python_decorator.py
[2024-12-21T06:47:49.404+0000] {logging_mixin.py:190} INFO - [2024-12-21T06:47:49.404+0000] {dag.py:3239} INFO - Sync 1 DAGs
[2024-12-21T06:47:49.420+0000] {logging_mixin.py:190} INFO - [2024-12-21T06:47:49.420+0000] {dag.py:4180} INFO - Setting next_dagrun for example_python_decorator to None, run_after=None
[2024-12-21T06:47:49.445+0000] {processor.py:208} INFO - Processing /home/airflow/.local/lib/python3.12/site-packages/airflow/example_dags/example_python_decorator.py took 0.087 seconds
[2024-12-21T06:48:19.939+0000] {processor.py:186} INFO - Started process (PID=437) to work on /home/airflow/.local/lib/python3.12/site-packages/airflow/example_dags/example_python_decorator.py
[2024-12-21T06:48:19.940+0000] {processor.py:914} INFO - Processing file /home/airflow/.local/lib/python3.12/site-packages/airflow/example_dags/example_python_decorator.py for tasks to queue
[2024-12-21T06:48:19.941+0000] {logging_mixin.py:190} INFO - [2024-12-21T06:48:19.941+0000] {dagbag.py:588} INFO - Filling up the DagBag from /home/airflow/.local/lib/python3.12/site-packages/airflow/example_dags/example_python_decorator.py
[2024-12-21T06:48:19.955+0000] {processor.py:925} INFO - DAG(s) 'example_python_decorator' retrieved from /home/airflow/.local/lib/python3.12/site-packages/airflow/example_dags/example_python_decorator.py
[2024-12-21T06:48:19.975+0000] {logging_mixin.py:190} INFO - [2024-12-21T06:48:19.975+0000] {dag.py:3239} INFO - Sync 1 DAGs
[2024-12-21T06:48:19.989+0000] {logging_mixin.py:190} INFO - [2024-12-21T06:48:19.988+0000] {dag.py:4180} INFO - Setting next_dagrun for example_python_decorator to None, run_after=None
[2024-12-21T06:48:20.004+0000] {processor.py:208} INFO - Processing /home/airflow/.local/lib/python3.12/site-packages/airflow/example_dags/example_python_decorator.py took 0.071 seconds
[2024-12-21T06:48:50.974+0000] {processor.py:186} INFO - Started process (PID=502) to work on /home/airflow/.local/lib/python3.12/site-packages/airflow/example_dags/example_python_decorator.py
[2024-12-21T06:48:50.975+0000] {processor.py:914} INFO - Processing file /home/airflow/.local/lib/python3.12/site-packages/airflow/example_dags/example_python_decorator.py for tasks to queue
[2024-12-21T06:48:50.977+0000] {logging_mixin.py:190} INFO - [2024-12-21T06:48:50.977+0000] {dagbag.py:588} INFO - Filling up the DagBag from /home/airflow/.local/lib/python3.12/site-packages/airflow/example_dags/example_python_decorator.py
[2024-12-21T06:48:50.993+0000] {processor.py:925} INFO - DAG(s) 'example_python_decorator' retrieved from /home/airflow/.local/lib/python3.12/site-packages/airflow/example_dags/example_python_decorator.py
[2024-12-21T06:48:51.016+0000] {logging_mixin.py:190} INFO - [2024-12-21T06:48:51.016+0000] {dag.py:3239} INFO - Sync 1 DAGs
[2024-12-21T06:48:51.031+0000] {logging_mixin.py:190} INFO - [2024-12-21T06:48:51.031+0000] {dag.py:4180} INFO - Setting next_dagrun for example_python_decorator to None, run_after=None
[2024-12-21T06:48:51.060+0000] {processor.py:208} INFO - Processing /home/airflow/.local/lib/python3.12/site-packages/airflow/example_dags/example_python_decorator.py took 0.092 seconds
[2024-12-21T06:49:22.082+0000] {processor.py:186} INFO - Started process (PID=566) to work on /home/airflow/.local/lib/python3.12/site-packages/airflow/example_dags/example_python_decorator.py
[2024-12-21T06:49:22.083+0000] {processor.py:914} INFO - Processing file /home/airflow/.local/lib/python3.12/site-packages/airflow/example_dags/example_python_decorator.py for tasks to queue
[2024-12-21T06:49:22.085+0000] {logging_mixin.py:190} INFO - [2024-12-21T06:49:22.085+0000] {dagbag.py:588} INFO - Filling up the DagBag from /home/airflow/.local/lib/python3.12/site-packages/airflow/example_dags/example_python_decorator.py
[2024-12-21T06:49:22.100+0000] {processor.py:925} INFO - DAG(s) 'example_python_decorator' retrieved from /home/airflow/.local/lib/python3.12/site-packages/airflow/example_dags/example_python_decorator.py
[2024-12-21T06:49:22.122+0000] {logging_mixin.py:190} INFO - [2024-12-21T06:49:22.122+0000] {dag.py:3239} INFO - Sync 1 DAGs
[2024-12-21T06:49:22.137+0000] {logging_mixin.py:190} INFO - [2024-12-21T06:49:22.137+0000] {dag.py:4180} INFO - Setting next_dagrun for example_python_decorator to None, run_after=None
[2024-12-21T06:49:22.154+0000] {processor.py:208} INFO - Processing /home/airflow/.local/lib/python3.12/site-packages/airflow/example_dags/example_python_decorator.py took 0.078 seconds
[2024-12-21T06:49:52.844+0000] {processor.py:186} INFO - Started process (PID=631) to work on /home/airflow/.local/lib/python3.12/site-packages/airflow/example_dags/example_python_decorator.py
[2024-12-21T06:49:52.844+0000] {processor.py:914} INFO - Processing file /home/airflow/.local/lib/python3.12/site-packages/airflow/example_dags/example_python_decorator.py for tasks to queue
[2024-12-21T06:49:52.846+0000] {logging_mixin.py:190} INFO - [2024-12-21T06:49:52.846+0000] {dagbag.py:588} INFO - Filling up the DagBag from /home/airflow/.local/lib/python3.12/site-packages/airflow/example_dags/example_python_decorator.py
[2024-12-21T06:49:52.861+0000] {processor.py:925} INFO - DAG(s) 'example_python_decorator' retrieved from /home/airflow/.local/lib/python3.12/site-packages/airflow/example_dags/example_python_decorator.py
[2024-12-21T06:49:52.882+0000] {logging_mixin.py:190} INFO - [2024-12-21T06:49:52.882+0000] {dag.py:3239} INFO - Sync 1 DAGs
[2024-12-21T06:49:52.896+0000] {logging_mixin.py:190} INFO - [2024-12-21T06:49:52.896+0000] {dag.py:4180} INFO - Setting next_dagrun for example_python_decorator to None, run_after=None
[2024-12-21T06:49:52.913+0000] {processor.py:208} INFO - Processing /home/airflow/.local/lib/python3.12/site-packages/airflow/example_dags/example_python_decorator.py took 0.074 seconds
[2024-12-21T06:50:23.696+0000] {processor.py:186} INFO - Started process (PID=696) to work on /home/airflow/.local/lib/python3.12/site-packages/airflow/example_dags/example_python_decorator.py
[2024-12-21T06:50:23.697+0000] {processor.py:914} INFO - Processing file /home/airflow/.local/lib/python3.12/site-packages/airflow/example_dags/example_python_decorator.py for tasks to queue
[2024-12-21T06:50:23.699+0000] {logging_mixin.py:190} INFO - [2024-12-21T06:50:23.698+0000] {dagbag.py:588} INFO - Filling up the DagBag from /home/airflow/.local/lib/python3.12/site-packages/airflow/example_dags/example_python_decorator.py
[2024-12-21T06:50:23.712+0000] {processor.py:925} INFO - DAG(s) 'example_python_decorator' retrieved from /home/airflow/.local/lib/python3.12/site-packages/airflow/example_dags/example_python_decorator.py
[2024-12-21T06:50:23.730+0000] {logging_mixin.py:190} INFO - [2024-12-21T06:50:23.730+0000] {dag.py:3239} INFO - Sync 1 DAGs
[2024-12-21T06:50:23.744+0000] {logging_mixin.py:190} INFO - [2024-12-21T06:50:23.744+0000] {dag.py:4180} INFO - Setting next_dagrun for example_python_decorator to None, run_after=None
[2024-12-21T06:50:23.759+0000] {processor.py:208} INFO - Processing /home/airflow/.local/lib/python3.12/site-packages/airflow/example_dags/example_python_decorator.py took 0.068 seconds
[2024-12-21T06:50:55.087+0000] {processor.py:186} INFO - Started process (PID=761) to work on /home/airflow/.local/lib/python3.12/site-packages/airflow/example_dags/example_python_decorator.py
[2024-12-21T06:50:55.088+0000] {processor.py:914} INFO - Processing file /home/airflow/.local/lib/python3.12/site-packages/airflow/example_dags/example_python_decorator.py for tasks to queue
[2024-12-21T06:50:55.090+0000] {logging_mixin.py:190} INFO - [2024-12-21T06:50:55.089+0000] {dagbag.py:588} INFO - Filling up the DagBag from /home/airflow/.local/lib/python3.12/site-packages/airflow/example_dags/example_python_decorator.py
[2024-12-21T06:50:55.103+0000] {processor.py:925} INFO - DAG(s) 'example_python_decorator' retrieved from /home/airflow/.local/lib/python3.12/site-packages/airflow/example_dags/example_python_decorator.py
[2024-12-21T06:50:55.123+0000] {logging_mixin.py:190} INFO - [2024-12-21T06:50:55.122+0000] {dag.py:3239} INFO - Sync 1 DAGs
[2024-12-21T06:50:55.136+0000] {logging_mixin.py:190} INFO - [2024-12-21T06:50:55.136+0000] {dag.py:4180} INFO - Setting next_dagrun for example_python_decorator to None, run_after=None
[2024-12-21T06:50:55.152+0000] {processor.py:208} INFO - Processing /home/airflow/.local/lib/python3.12/site-packages/airflow/example_dags/example_python_decorator.py took 0.070 seconds
[2024-12-21T06:51:26.097+0000] {processor.py:186} INFO - Started process (PID=826) to work on /home/airflow/.local/lib/python3.12/site-packages/airflow/example_dags/example_python_decorator.py
[2024-12-21T06:51:26.098+0000] {processor.py:914} INFO - Processing file /home/airflow/.local/lib/python3.12/site-packages/airflow/example_dags/example_python_decorator.py for tasks to queue
[2024-12-21T06:51:26.100+0000] {logging_mixin.py:190} INFO - [2024-12-21T06:51:26.099+0000] {dagbag.py:588} INFO - Filling up the DagBag from /home/airflow/.local/lib/python3.12/site-packages/airflow/example_dags/example_python_decorator.py
[2024-12-21T06:51:26.114+0000] {processor.py:925} INFO - DAG(s) 'example_python_decorator' retrieved from /home/airflow/.local/lib/python3.12/site-packages/airflow/example_dags/example_python_decorator.py
[2024-12-21T06:51:26.134+0000] {logging_mixin.py:190} INFO - [2024-12-21T06:51:26.134+0000] {dag.py:3239} INFO - Sync 1 DAGs
[2024-12-21T06:51:26.147+0000] {logging_mixin.py:190} INFO - [2024-12-21T06:51:26.147+0000] {dag.py:4180} INFO - Setting next_dagrun for example_python_decorator to None, run_after=None
[2024-12-21T06:51:26.163+0000] {processor.py:208} INFO - Processing /home/airflow/.local/lib/python3.12/site-packages/airflow/example_dags/example_python_decorator.py took 0.072 seconds
[2024-12-21T06:51:56.770+0000] {processor.py:186} INFO - Started process (PID=891) to work on /home/airflow/.local/lib/python3.12/site-packages/airflow/example_dags/example_python_decorator.py
[2024-12-21T06:51:56.771+0000] {processor.py:914} INFO - Processing file /home/airflow/.local/lib/python3.12/site-packages/airflow/example_dags/example_python_decorator.py for tasks to queue
[2024-12-21T06:51:56.773+0000] {logging_mixin.py:190} INFO - [2024-12-21T06:51:56.772+0000] {dagbag.py:588} INFO - Filling up the DagBag from /home/airflow/.local/lib/python3.12/site-packages/airflow/example_dags/example_python_decorator.py
[2024-12-21T06:51:56.786+0000] {processor.py:925} INFO - DAG(s) 'example_python_decorator' retrieved from /home/airflow/.local/lib/python3.12/site-packages/airflow/example_dags/example_python_decorator.py
[2024-12-21T06:51:56.807+0000] {logging_mixin.py:190} INFO - [2024-12-21T06:51:56.806+0000] {dag.py:3239} INFO - Sync 1 DAGs
[2024-12-21T06:51:56.820+0000] {logging_mixin.py:190} INFO - [2024-12-21T06:51:56.819+0000] {dag.py:4180} INFO - Setting next_dagrun for example_python_decorator to None, run_after=None
[2024-12-21T06:51:56.834+0000] {processor.py:208} INFO - Processing /home/airflow/.local/lib/python3.12/site-packages/airflow/example_dags/example_python_decorator.py took 0.070 seconds
[2024-12-21T06:52:28.153+0000] {processor.py:186} INFO - Started process (PID=956) to work on /home/airflow/.local/lib/python3.12/site-packages/airflow/example_dags/example_python_decorator.py
[2024-12-21T06:52:28.154+0000] {processor.py:914} INFO - Processing file /home/airflow/.local/lib/python3.12/site-packages/airflow/example_dags/example_python_decorator.py for tasks to queue
[2024-12-21T06:52:28.157+0000] {logging_mixin.py:190} INFO - [2024-12-21T06:52:28.157+0000] {dagbag.py:588} INFO - Filling up the DagBag from /home/airflow/.local/lib/python3.12/site-packages/airflow/example_dags/example_python_decorator.py
[2024-12-21T06:52:28.181+0000] {processor.py:925} INFO - DAG(s) 'example_python_decorator' retrieved from /home/airflow/.local/lib/python3.12/site-packages/airflow/example_dags/example_python_decorator.py
[2024-12-21T06:52:28.205+0000] {logging_mixin.py:190} INFO - [2024-12-21T06:52:28.205+0000] {dag.py:3239} INFO - Sync 1 DAGs
[2024-12-21T06:52:28.221+0000] {logging_mixin.py:190} INFO - [2024-12-21T06:52:28.221+0000] {dag.py:4180} INFO - Setting next_dagrun for example_python_decorator to None, run_after=None
[2024-12-21T06:52:28.239+0000] {processor.py:208} INFO - Processing /home/airflow/.local/lib/python3.12/site-packages/airflow/example_dags/example_python_decorator.py took 0.096 seconds
[2024-12-21T06:52:59.475+0000] {processor.py:186} INFO - Started process (PID=1021) to work on /home/airflow/.local/lib/python3.12/site-packages/airflow/example_dags/example_python_decorator.py
[2024-12-21T06:52:59.476+0000] {processor.py:914} INFO - Processing file /home/airflow/.local/lib/python3.12/site-packages/airflow/example_dags/example_python_decorator.py for tasks to queue
[2024-12-21T06:52:59.478+0000] {logging_mixin.py:190} INFO - [2024-12-21T06:52:59.477+0000] {dagbag.py:588} INFO - Filling up the DagBag from /home/airflow/.local/lib/python3.12/site-packages/airflow/example_dags/example_python_decorator.py
[2024-12-21T06:52:59.491+0000] {processor.py:925} INFO - DAG(s) 'example_python_decorator' retrieved from /home/airflow/.local/lib/python3.12/site-packages/airflow/example_dags/example_python_decorator.py
[2024-12-21T06:52:59.510+0000] {logging_mixin.py:190} INFO - [2024-12-21T06:52:59.510+0000] {dag.py:3239} INFO - Sync 1 DAGs
[2024-12-21T06:52:59.523+0000] {logging_mixin.py:190} INFO - [2024-12-21T06:52:59.523+0000] {dag.py:4180} INFO - Setting next_dagrun for example_python_decorator to None, run_after=None
[2024-12-21T06:52:59.537+0000] {processor.py:208} INFO - Processing /home/airflow/.local/lib/python3.12/site-packages/airflow/example_dags/example_python_decorator.py took 0.067 seconds
[2024-12-21T06:53:30.799+0000] {processor.py:186} INFO - Started process (PID=1086) to work on /home/airflow/.local/lib/python3.12/site-packages/airflow/example_dags/example_python_decorator.py
[2024-12-21T06:53:30.799+0000] {processor.py:914} INFO - Processing file /home/airflow/.local/lib/python3.12/site-packages/airflow/example_dags/example_python_decorator.py for tasks to queue
[2024-12-21T06:53:30.801+0000] {logging_mixin.py:190} INFO - [2024-12-21T06:53:30.801+0000] {dagbag.py:588} INFO - Filling up the DagBag from /home/airflow/.local/lib/python3.12/site-packages/airflow/example_dags/example_python_decorator.py
[2024-12-21T06:53:30.816+0000] {processor.py:925} INFO - DAG(s) 'example_python_decorator' retrieved from /home/airflow/.local/lib/python3.12/site-packages/airflow/example_dags/example_python_decorator.py
[2024-12-21T06:53:30.837+0000] {logging_mixin.py:190} INFO - [2024-12-21T06:53:30.837+0000] {dag.py:3239} INFO - Sync 1 DAGs
[2024-12-21T06:53:30.850+0000] {logging_mixin.py:190} INFO - [2024-12-21T06:53:30.850+0000] {dag.py:4180} INFO - Setting next_dagrun for example_python_decorator to None, run_after=None
[2024-12-21T06:53:30.866+0000] {processor.py:208} INFO - Processing /home/airflow/.local/lib/python3.12/site-packages/airflow/example_dags/example_python_decorator.py took 0.073 seconds
[2024-12-21T06:54:01.713+0000] {processor.py:186} INFO - Started process (PID=1151) to work on /home/airflow/.local/lib/python3.12/site-packages/airflow/example_dags/example_python_decorator.py
[2024-12-21T06:54:01.714+0000] {processor.py:914} INFO - Processing file /home/airflow/.local/lib/python3.12/site-packages/airflow/example_dags/example_python_decorator.py for tasks to queue
[2024-12-21T06:54:01.715+0000] {logging_mixin.py:190} INFO - [2024-12-21T06:54:01.715+0000] {dagbag.py:588} INFO - Filling up the DagBag from /home/airflow/.local/lib/python3.12/site-packages/airflow/example_dags/example_python_decorator.py
[2024-12-21T06:54:01.729+0000] {processor.py:925} INFO - DAG(s) 'example_python_decorator' retrieved from /home/airflow/.local/lib/python3.12/site-packages/airflow/example_dags/example_python_decorator.py
[2024-12-21T06:54:01.749+0000] {logging_mixin.py:190} INFO - [2024-12-21T06:54:01.748+0000] {dag.py:3239} INFO - Sync 1 DAGs
[2024-12-21T06:54:01.762+0000] {logging_mixin.py:190} INFO - [2024-12-21T06:54:01.762+0000] {dag.py:4180} INFO - Setting next_dagrun for example_python_decorator to None, run_after=None
[2024-12-21T06:54:01.780+0000] {processor.py:208} INFO - Processing /home/airflow/.local/lib/python3.12/site-packages/airflow/example_dags/example_python_decorator.py took 0.072 seconds
[2024-12-21T06:54:32.435+0000] {processor.py:186} INFO - Started process (PID=1216) to work on /home/airflow/.local/lib/python3.12/site-packages/airflow/example_dags/example_python_decorator.py
[2024-12-21T06:54:32.436+0000] {processor.py:914} INFO - Processing file /home/airflow/.local/lib/python3.12/site-packages/airflow/example_dags/example_python_decorator.py for tasks to queue
[2024-12-21T06:54:32.438+0000] {logging_mixin.py:190} INFO - [2024-12-21T06:54:32.437+0000] {dagbag.py:588} INFO - Filling up the DagBag from /home/airflow/.local/lib/python3.12/site-packages/airflow/example_dags/example_python_decorator.py
[2024-12-21T06:54:32.451+0000] {processor.py:925} INFO - DAG(s) 'example_python_decorator' retrieved from /home/airflow/.local/lib/python3.12/site-packages/airflow/example_dags/example_python_decorator.py
[2024-12-21T06:54:32.471+0000] {logging_mixin.py:190} INFO - [2024-12-21T06:54:32.471+0000] {dag.py:3239} INFO - Sync 1 DAGs
[2024-12-21T06:54:32.485+0000] {logging_mixin.py:190} INFO - [2024-12-21T06:54:32.485+0000] {dag.py:4180} INFO - Setting next_dagrun for example_python_decorator to None, run_after=None
[2024-12-21T06:54:32.501+0000] {processor.py:208} INFO - Processing /home/airflow/.local/lib/python3.12/site-packages/airflow/example_dags/example_python_decorator.py took 0.070 seconds
[2024-12-21T06:55:04.290+0000] {processor.py:186} INFO - Started process (PID=1281) to work on /home/airflow/.local/lib/python3.12/site-packages/airflow/example_dags/example_python_decorator.py
[2024-12-21T06:55:04.291+0000] {processor.py:914} INFO - Processing file /home/airflow/.local/lib/python3.12/site-packages/airflow/example_dags/example_python_decorator.py for tasks to queue
[2024-12-21T06:55:04.294+0000] {logging_mixin.py:190} INFO - [2024-12-21T06:55:04.293+0000] {dagbag.py:588} INFO - Filling up the DagBag from /home/airflow/.local/lib/python3.12/site-packages/airflow/example_dags/example_python_decorator.py
[2024-12-21T06:55:04.322+0000] {processor.py:925} INFO - DAG(s) 'example_python_decorator' retrieved from /home/airflow/.local/lib/python3.12/site-packages/airflow/example_dags/example_python_decorator.py
[2024-12-21T06:55:04.356+0000] {logging_mixin.py:190} INFO - [2024-12-21T06:55:04.356+0000] {dag.py:3239} INFO - Sync 1 DAGs
[2024-12-21T06:55:04.375+0000] {logging_mixin.py:190} INFO - [2024-12-21T06:55:04.375+0000] {dag.py:4180} INFO - Setting next_dagrun for example_python_decorator to None, run_after=None
[2024-12-21T06:55:04.399+0000] {processor.py:208} INFO - Processing /home/airflow/.local/lib/python3.12/site-packages/airflow/example_dags/example_python_decorator.py took 0.116 seconds
[2024-12-21T06:55:34.898+0000] {processor.py:186} INFO - Started process (PID=1346) to work on /home/airflow/.local/lib/python3.12/site-packages/airflow/example_dags/example_python_decorator.py
[2024-12-21T06:55:34.899+0000] {processor.py:914} INFO - Processing file /home/airflow/.local/lib/python3.12/site-packages/airflow/example_dags/example_python_decorator.py for tasks to queue
[2024-12-21T06:55:34.902+0000] {logging_mixin.py:190} INFO - [2024-12-21T06:55:34.902+0000] {dagbag.py:588} INFO - Filling up the DagBag from /home/airflow/.local/lib/python3.12/site-packages/airflow/example_dags/example_python_decorator.py
[2024-12-21T06:55:34.920+0000] {processor.py:925} INFO - DAG(s) 'example_python_decorator' retrieved from /home/airflow/.local/lib/python3.12/site-packages/airflow/example_dags/example_python_decorator.py
[2024-12-21T06:55:34.945+0000] {logging_mixin.py:190} INFO - [2024-12-21T06:55:34.945+0000] {dag.py:3239} INFO - Sync 1 DAGs
[2024-12-21T06:55:34.962+0000] {logging_mixin.py:190} INFO - [2024-12-21T06:55:34.962+0000] {dag.py:4180} INFO - Setting next_dagrun for example_python_decorator to None, run_after=None
[2024-12-21T06:55:34.986+0000] {processor.py:208} INFO - Processing /home/airflow/.local/lib/python3.12/site-packages/airflow/example_dags/example_python_decorator.py took 0.098 seconds
[2024-12-21T06:56:06.363+0000] {processor.py:186} INFO - Started process (PID=1412) to work on /home/airflow/.local/lib/python3.12/site-packages/airflow/example_dags/example_python_decorator.py
[2024-12-21T06:56:06.364+0000] {processor.py:914} INFO - Processing file /home/airflow/.local/lib/python3.12/site-packages/airflow/example_dags/example_python_decorator.py for tasks to queue
[2024-12-21T06:56:06.367+0000] {logging_mixin.py:190} INFO - [2024-12-21T06:56:06.366+0000] {dagbag.py:588} INFO - Filling up the DagBag from /home/airflow/.local/lib/python3.12/site-packages/airflow/example_dags/example_python_decorator.py
[2024-12-21T06:56:06.390+0000] {processor.py:925} INFO - DAG(s) 'example_python_decorator' retrieved from /home/airflow/.local/lib/python3.12/site-packages/airflow/example_dags/example_python_decorator.py
[2024-12-21T06:56:06.410+0000] {logging_mixin.py:190} INFO - [2024-12-21T06:56:06.409+0000] {dag.py:3239} INFO - Sync 1 DAGs
[2024-12-21T06:56:06.424+0000] {logging_mixin.py:190} INFO - [2024-12-21T06:56:06.424+0000] {dag.py:4180} INFO - Setting next_dagrun for example_python_decorator to None, run_after=None
[2024-12-21T06:56:06.441+0000] {processor.py:208} INFO - Processing /home/airflow/.local/lib/python3.12/site-packages/airflow/example_dags/example_python_decorator.py took 0.087 seconds
[2024-12-21T06:57:22.121+0000] {processor.py:186} INFO - Started process (PID=101) to work on /home/airflow/.local/lib/python3.12/site-packages/airflow/example_dags/example_python_decorator.py
[2024-12-21T06:57:22.122+0000] {processor.py:914} INFO - Processing file /home/airflow/.local/lib/python3.12/site-packages/airflow/example_dags/example_python_decorator.py for tasks to queue
[2024-12-21T06:57:22.123+0000] {logging_mixin.py:190} INFO - [2024-12-21T06:57:22.123+0000] {dagbag.py:588} INFO - Filling up the DagBag from /home/airflow/.local/lib/python3.12/site-packages/airflow/example_dags/example_python_decorator.py
[2024-12-21T06:57:22.136+0000] {processor.py:925} INFO - DAG(s) 'example_python_decorator' retrieved from /home/airflow/.local/lib/python3.12/site-packages/airflow/example_dags/example_python_decorator.py
[2024-12-21T06:57:22.259+0000] {logging_mixin.py:190} INFO - [2024-12-21T06:57:22.259+0000] {dag.py:3239} INFO - Sync 1 DAGs
[2024-12-21T06:57:22.273+0000] {logging_mixin.py:190} INFO - [2024-12-21T06:57:22.273+0000] {dag.py:4180} INFO - Setting next_dagrun for example_python_decorator to None, run_after=None
[2024-12-21T06:57:22.297+0000] {processor.py:208} INFO - Processing /home/airflow/.local/lib/python3.12/site-packages/airflow/example_dags/example_python_decorator.py took 0.181 seconds
[2024-12-21T06:57:52.408+0000] {processor.py:186} INFO - Started process (PID=165) to work on /home/airflow/.local/lib/python3.12/site-packages/airflow/example_dags/example_python_decorator.py
[2024-12-21T06:57:52.409+0000] {processor.py:914} INFO - Processing file /home/airflow/.local/lib/python3.12/site-packages/airflow/example_dags/example_python_decorator.py for tasks to queue
[2024-12-21T06:57:52.411+0000] {logging_mixin.py:190} INFO - [2024-12-21T06:57:52.411+0000] {dagbag.py:588} INFO - Filling up the DagBag from /home/airflow/.local/lib/python3.12/site-packages/airflow/example_dags/example_python_decorator.py
[2024-12-21T06:57:52.429+0000] {processor.py:925} INFO - DAG(s) 'example_python_decorator' retrieved from /home/airflow/.local/lib/python3.12/site-packages/airflow/example_dags/example_python_decorator.py
[2024-12-21T06:57:52.455+0000] {logging_mixin.py:190} INFO - [2024-12-21T06:57:52.455+0000] {dag.py:3239} INFO - Sync 1 DAGs
[2024-12-21T06:57:52.471+0000] {logging_mixin.py:190} INFO - [2024-12-21T06:57:52.471+0000] {dag.py:4180} INFO - Setting next_dagrun for example_python_decorator to None, run_after=None
[2024-12-21T06:57:52.490+0000] {processor.py:208} INFO - Processing /home/airflow/.local/lib/python3.12/site-packages/airflow/example_dags/example_python_decorator.py took 0.090 seconds
[2024-12-21T06:58:23.447+0000] {processor.py:186} INFO - Started process (PID=230) to work on /home/airflow/.local/lib/python3.12/site-packages/airflow/example_dags/example_python_decorator.py
[2024-12-21T06:58:23.448+0000] {processor.py:914} INFO - Processing file /home/airflow/.local/lib/python3.12/site-packages/airflow/example_dags/example_python_decorator.py for tasks to queue
[2024-12-21T06:58:23.450+0000] {logging_mixin.py:190} INFO - [2024-12-21T06:58:23.449+0000] {dagbag.py:588} INFO - Filling up the DagBag from /home/airflow/.local/lib/python3.12/site-packages/airflow/example_dags/example_python_decorator.py
[2024-12-21T06:58:23.464+0000] {processor.py:925} INFO - DAG(s) 'example_python_decorator' retrieved from /home/airflow/.local/lib/python3.12/site-packages/airflow/example_dags/example_python_decorator.py
[2024-12-21T06:58:23.486+0000] {logging_mixin.py:190} INFO - [2024-12-21T06:58:23.486+0000] {dag.py:3239} INFO - Sync 1 DAGs
[2024-12-21T06:58:23.501+0000] {logging_mixin.py:190} INFO - [2024-12-21T06:58:23.500+0000] {dag.py:4180} INFO - Setting next_dagrun for example_python_decorator to None, run_after=None
[2024-12-21T06:58:23.517+0000] {processor.py:208} INFO - Processing /home/airflow/.local/lib/python3.12/site-packages/airflow/example_dags/example_python_decorator.py took 0.075 seconds
[2024-12-21T06:58:54.398+0000] {processor.py:186} INFO - Started process (PID=296) to work on /home/airflow/.local/lib/python3.12/site-packages/airflow/example_dags/example_python_decorator.py
[2024-12-21T06:58:54.399+0000] {processor.py:914} INFO - Processing file /home/airflow/.local/lib/python3.12/site-packages/airflow/example_dags/example_python_decorator.py for tasks to queue
[2024-12-21T06:58:54.400+0000] {logging_mixin.py:190} INFO - [2024-12-21T06:58:54.400+0000] {dagbag.py:588} INFO - Filling up the DagBag from /home/airflow/.local/lib/python3.12/site-packages/airflow/example_dags/example_python_decorator.py
[2024-12-21T06:58:54.413+0000] {processor.py:925} INFO - DAG(s) 'example_python_decorator' retrieved from /home/airflow/.local/lib/python3.12/site-packages/airflow/example_dags/example_python_decorator.py
[2024-12-21T06:58:54.433+0000] {logging_mixin.py:190} INFO - [2024-12-21T06:58:54.433+0000] {dag.py:3239} INFO - Sync 1 DAGs
[2024-12-21T06:58:54.446+0000] {logging_mixin.py:190} INFO - [2024-12-21T06:58:54.446+0000] {dag.py:4180} INFO - Setting next_dagrun for example_python_decorator to None, run_after=None
[2024-12-21T06:58:54.462+0000] {processor.py:208} INFO - Processing /home/airflow/.local/lib/python3.12/site-packages/airflow/example_dags/example_python_decorator.py took 0.068 seconds
[2024-12-21T06:59:24.887+0000] {processor.py:186} INFO - Started process (PID=360) to work on /home/airflow/.local/lib/python3.12/site-packages/airflow/example_dags/example_python_decorator.py
[2024-12-21T06:59:24.888+0000] {processor.py:914} INFO - Processing file /home/airflow/.local/lib/python3.12/site-packages/airflow/example_dags/example_python_decorator.py for tasks to queue
[2024-12-21T06:59:24.890+0000] {logging_mixin.py:190} INFO - [2024-12-21T06:59:24.889+0000] {dagbag.py:588} INFO - Filling up the DagBag from /home/airflow/.local/lib/python3.12/site-packages/airflow/example_dags/example_python_decorator.py
[2024-12-21T06:59:24.904+0000] {processor.py:925} INFO - DAG(s) 'example_python_decorator' retrieved from /home/airflow/.local/lib/python3.12/site-packages/airflow/example_dags/example_python_decorator.py
[2024-12-21T06:59:24.925+0000] {logging_mixin.py:190} INFO - [2024-12-21T06:59:24.924+0000] {dag.py:3239} INFO - Sync 1 DAGs
[2024-12-21T06:59:24.938+0000] {logging_mixin.py:190} INFO - [2024-12-21T06:59:24.938+0000] {dag.py:4180} INFO - Setting next_dagrun for example_python_decorator to None, run_after=None
[2024-12-21T06:59:24.954+0000] {processor.py:208} INFO - Processing /home/airflow/.local/lib/python3.12/site-packages/airflow/example_dags/example_python_decorator.py took 0.073 seconds
