[2024-12-21T06:26:18.210+0000] {processor.py:186} INFO - Started process (PID=72) to work on /home/airflow/.local/lib/python3.12/site-packages/airflow/example_dags/example_latest_only_with_trigger.py
[2024-12-21T06:26:18.211+0000] {processor.py:914} INFO - Processing file /home/airflow/.local/lib/python3.12/site-packages/airflow/example_dags/example_latest_only_with_trigger.py for tasks to queue
[2024-12-21T06:26:18.213+0000] {logging_mixin.py:190} INFO - [2024-12-21T06:26:18.213+0000] {dagbag.py:588} INFO - Filling up the DagBag from /home/airflow/.local/lib/python3.12/site-packages/airflow/example_dags/example_latest_only_with_trigger.py
[2024-12-21T06:26:18.224+0000] {processor.py:925} INFO - DAG(s) 'latest_only_with_trigger' retrieved from /home/airflow/.local/lib/python3.12/site-packages/airflow/example_dags/example_latest_only_with_trigger.py
[2024-12-21T06:26:18.331+0000] {logging_mixin.py:190} INFO - [2024-12-21T06:26:18.331+0000] {override.py:1911} INFO - Created Permission View: can read on DAG:latest_only_with_trigger
[2024-12-21T06:26:18.339+0000] {logging_mixin.py:190} INFO - [2024-12-21T06:26:18.339+0000] {override.py:1911} INFO - Created Permission View: can delete on DAG:latest_only_with_trigger
[2024-12-21T06:26:18.345+0000] {logging_mixin.py:190} INFO - [2024-12-21T06:26:18.345+0000] {override.py:1911} INFO - Created Permission View: can edit on DAG:latest_only_with_trigger
[2024-12-21T06:26:18.351+0000] {logging_mixin.py:190} INFO - [2024-12-21T06:26:18.351+0000] {override.py:1911} INFO - Created Permission View: menu access on DAG Run:latest_only_with_trigger
[2024-12-21T06:26:18.357+0000] {logging_mixin.py:190} INFO - [2024-12-21T06:26:18.357+0000] {override.py:1911} INFO - Created Permission View: can read on DAG Run:latest_only_with_trigger
[2024-12-21T06:26:18.363+0000] {logging_mixin.py:190} INFO - [2024-12-21T06:26:18.363+0000] {override.py:1911} INFO - Created Permission View: can create on DAG Run:latest_only_with_trigger
[2024-12-21T06:26:18.368+0000] {logging_mixin.py:190} INFO - [2024-12-21T06:26:18.368+0000] {override.py:1911} INFO - Created Permission View: can delete on DAG Run:latest_only_with_trigger
[2024-12-21T06:26:18.369+0000] {logging_mixin.py:190} INFO - [2024-12-21T06:26:18.369+0000] {dag.py:3239} INFO - Sync 1 DAGs
[2024-12-21T06:26:18.381+0000] {logging_mixin.py:190} INFO - [2024-12-21T06:26:18.381+0000] {dag.py:3262} INFO - Creating ORM DAG for latest_only_with_trigger
[2024-12-21T06:26:18.389+0000] {logging_mixin.py:190} INFO - [2024-12-21T06:26:18.389+0000] {dag.py:4180} INFO - Setting next_dagrun for latest_only_with_trigger to 2024-12-21 00:00:00+00:00, run_after=2024-12-21 04:00:00+00:00
[2024-12-21T06:26:18.402+0000] {processor.py:208} INFO - Processing /home/airflow/.local/lib/python3.12/site-packages/airflow/example_dags/example_latest_only_with_trigger.py took 0.199 seconds
[2024-12-21T06:26:49.283+0000] {processor.py:186} INFO - Started process (PID=141) to work on /home/airflow/.local/lib/python3.12/site-packages/airflow/example_dags/example_latest_only_with_trigger.py
[2024-12-21T06:26:49.283+0000] {processor.py:914} INFO - Processing file /home/airflow/.local/lib/python3.12/site-packages/airflow/example_dags/example_latest_only_with_trigger.py for tasks to queue
[2024-12-21T06:26:49.285+0000] {logging_mixin.py:190} INFO - [2024-12-21T06:26:49.285+0000] {dagbag.py:588} INFO - Filling up the DagBag from /home/airflow/.local/lib/python3.12/site-packages/airflow/example_dags/example_latest_only_with_trigger.py
[2024-12-21T06:26:49.292+0000] {processor.py:925} INFO - DAG(s) 'latest_only_with_trigger' retrieved from /home/airflow/.local/lib/python3.12/site-packages/airflow/example_dags/example_latest_only_with_trigger.py
[2024-12-21T06:26:49.314+0000] {logging_mixin.py:190} INFO - [2024-12-21T06:26:49.314+0000] {dag.py:3239} INFO - Sync 1 DAGs
[2024-12-21T06:26:49.344+0000] {logging_mixin.py:190} INFO - [2024-12-21T06:26:49.344+0000] {dag.py:4180} INFO - Setting next_dagrun for latest_only_with_trigger to 2024-12-21 00:00:00+00:00, run_after=2024-12-21 04:00:00+00:00
[2024-12-21T06:26:49.366+0000] {processor.py:208} INFO - Processing /home/airflow/.local/lib/python3.12/site-packages/airflow/example_dags/example_latest_only_with_trigger.py took 0.089 seconds
[2024-12-21T06:27:19.996+0000] {processor.py:186} INFO - Started process (PID=204) to work on /home/airflow/.local/lib/python3.12/site-packages/airflow/example_dags/example_latest_only_with_trigger.py
[2024-12-21T06:27:19.997+0000] {processor.py:914} INFO - Processing file /home/airflow/.local/lib/python3.12/site-packages/airflow/example_dags/example_latest_only_with_trigger.py for tasks to queue
[2024-12-21T06:27:19.998+0000] {logging_mixin.py:190} INFO - [2024-12-21T06:27:19.998+0000] {dagbag.py:588} INFO - Filling up the DagBag from /home/airflow/.local/lib/python3.12/site-packages/airflow/example_dags/example_latest_only_with_trigger.py
[2024-12-21T06:27:20.005+0000] {processor.py:925} INFO - DAG(s) 'latest_only_with_trigger' retrieved from /home/airflow/.local/lib/python3.12/site-packages/airflow/example_dags/example_latest_only_with_trigger.py
[2024-12-21T06:27:20.024+0000] {logging_mixin.py:190} INFO - [2024-12-21T06:27:20.024+0000] {dag.py:3239} INFO - Sync 1 DAGs
[2024-12-21T06:27:20.046+0000] {logging_mixin.py:190} INFO - [2024-12-21T06:27:20.046+0000] {dag.py:4180} INFO - Setting next_dagrun for latest_only_with_trigger to 2024-12-21 00:00:00+00:00, run_after=2024-12-21 04:00:00+00:00
[2024-12-21T06:27:20.061+0000] {processor.py:208} INFO - Processing /home/airflow/.local/lib/python3.12/site-packages/airflow/example_dags/example_latest_only_with_trigger.py took 0.070 seconds
[2024-12-21T06:27:50.874+0000] {processor.py:186} INFO - Started process (PID=267) to work on /home/airflow/.local/lib/python3.12/site-packages/airflow/example_dags/example_latest_only_with_trigger.py
[2024-12-21T06:27:50.875+0000] {processor.py:914} INFO - Processing file /home/airflow/.local/lib/python3.12/site-packages/airflow/example_dags/example_latest_only_with_trigger.py for tasks to queue
[2024-12-21T06:27:50.877+0000] {logging_mixin.py:190} INFO - [2024-12-21T06:27:50.877+0000] {dagbag.py:588} INFO - Filling up the DagBag from /home/airflow/.local/lib/python3.12/site-packages/airflow/example_dags/example_latest_only_with_trigger.py
[2024-12-21T06:27:50.883+0000] {processor.py:925} INFO - DAG(s) 'latest_only_with_trigger' retrieved from /home/airflow/.local/lib/python3.12/site-packages/airflow/example_dags/example_latest_only_with_trigger.py
[2024-12-21T06:27:50.901+0000] {logging_mixin.py:190} INFO - [2024-12-21T06:27:50.901+0000] {dag.py:3239} INFO - Sync 1 DAGs
[2024-12-21T06:27:50.925+0000] {logging_mixin.py:190} INFO - [2024-12-21T06:27:50.924+0000] {dag.py:4180} INFO - Setting next_dagrun for latest_only_with_trigger to 2024-12-21 00:00:00+00:00, run_after=2024-12-21 04:00:00+00:00
[2024-12-21T06:27:50.942+0000] {processor.py:208} INFO - Processing /home/airflow/.local/lib/python3.12/site-packages/airflow/example_dags/example_latest_only_with_trigger.py took 0.072 seconds
[2024-12-21T06:28:21.781+0000] {processor.py:186} INFO - Started process (PID=330) to work on /home/airflow/.local/lib/python3.12/site-packages/airflow/example_dags/example_latest_only_with_trigger.py
[2024-12-21T06:28:21.782+0000] {processor.py:914} INFO - Processing file /home/airflow/.local/lib/python3.12/site-packages/airflow/example_dags/example_latest_only_with_trigger.py for tasks to queue
[2024-12-21T06:28:21.784+0000] {logging_mixin.py:190} INFO - [2024-12-21T06:28:21.784+0000] {dagbag.py:588} INFO - Filling up the DagBag from /home/airflow/.local/lib/python3.12/site-packages/airflow/example_dags/example_latest_only_with_trigger.py
[2024-12-21T06:28:21.791+0000] {processor.py:925} INFO - DAG(s) 'latest_only_with_trigger' retrieved from /home/airflow/.local/lib/python3.12/site-packages/airflow/example_dags/example_latest_only_with_trigger.py
[2024-12-21T06:28:21.809+0000] {logging_mixin.py:190} INFO - [2024-12-21T06:28:21.809+0000] {dag.py:3239} INFO - Sync 1 DAGs
[2024-12-21T06:28:21.832+0000] {logging_mixin.py:190} INFO - [2024-12-21T06:28:21.832+0000] {dag.py:4180} INFO - Setting next_dagrun for latest_only_with_trigger to 2024-12-21 00:00:00+00:00, run_after=2024-12-21 04:00:00+00:00
[2024-12-21T06:28:21.848+0000] {processor.py:208} INFO - Processing /home/airflow/.local/lib/python3.12/site-packages/airflow/example_dags/example_latest_only_with_trigger.py took 0.073 seconds
[2024-12-21T06:28:52.160+0000] {processor.py:186} INFO - Started process (PID=393) to work on /home/airflow/.local/lib/python3.12/site-packages/airflow/example_dags/example_latest_only_with_trigger.py
[2024-12-21T06:28:52.161+0000] {processor.py:914} INFO - Processing file /home/airflow/.local/lib/python3.12/site-packages/airflow/example_dags/example_latest_only_with_trigger.py for tasks to queue
[2024-12-21T06:28:52.163+0000] {logging_mixin.py:190} INFO - [2024-12-21T06:28:52.162+0000] {dagbag.py:588} INFO - Filling up the DagBag from /home/airflow/.local/lib/python3.12/site-packages/airflow/example_dags/example_latest_only_with_trigger.py
[2024-12-21T06:28:52.169+0000] {processor.py:925} INFO - DAG(s) 'latest_only_with_trigger' retrieved from /home/airflow/.local/lib/python3.12/site-packages/airflow/example_dags/example_latest_only_with_trigger.py
[2024-12-21T06:28:52.185+0000] {logging_mixin.py:190} INFO - [2024-12-21T06:28:52.184+0000] {dag.py:3239} INFO - Sync 1 DAGs
[2024-12-21T06:28:52.202+0000] {logging_mixin.py:190} INFO - [2024-12-21T06:28:52.202+0000] {dag.py:4180} INFO - Setting next_dagrun for latest_only_with_trigger to 2024-12-21 00:00:00+00:00, run_after=2024-12-21 04:00:00+00:00
[2024-12-21T06:28:52.216+0000] {processor.py:208} INFO - Processing /home/airflow/.local/lib/python3.12/site-packages/airflow/example_dags/example_latest_only_with_trigger.py took 0.060 seconds
[2024-12-21T06:29:22.759+0000] {processor.py:186} INFO - Started process (PID=456) to work on /home/airflow/.local/lib/python3.12/site-packages/airflow/example_dags/example_latest_only_with_trigger.py
[2024-12-21T06:29:22.760+0000] {processor.py:914} INFO - Processing file /home/airflow/.local/lib/python3.12/site-packages/airflow/example_dags/example_latest_only_with_trigger.py for tasks to queue
[2024-12-21T06:29:22.762+0000] {logging_mixin.py:190} INFO - [2024-12-21T06:29:22.762+0000] {dagbag.py:588} INFO - Filling up the DagBag from /home/airflow/.local/lib/python3.12/site-packages/airflow/example_dags/example_latest_only_with_trigger.py
[2024-12-21T06:29:22.769+0000] {processor.py:925} INFO - DAG(s) 'latest_only_with_trigger' retrieved from /home/airflow/.local/lib/python3.12/site-packages/airflow/example_dags/example_latest_only_with_trigger.py
[2024-12-21T06:29:22.785+0000] {logging_mixin.py:190} INFO - [2024-12-21T06:29:22.785+0000] {dag.py:3239} INFO - Sync 1 DAGs
[2024-12-21T06:29:22.802+0000] {logging_mixin.py:190} INFO - [2024-12-21T06:29:22.802+0000] {dag.py:4180} INFO - Setting next_dagrun for latest_only_with_trigger to 2024-12-21 00:00:00+00:00, run_after=2024-12-21 04:00:00+00:00
[2024-12-21T06:29:22.815+0000] {processor.py:208} INFO - Processing /home/airflow/.local/lib/python3.12/site-packages/airflow/example_dags/example_latest_only_with_trigger.py took 0.061 seconds
[2024-12-21T06:29:53.306+0000] {processor.py:186} INFO - Started process (PID=519) to work on /home/airflow/.local/lib/python3.12/site-packages/airflow/example_dags/example_latest_only_with_trigger.py
[2024-12-21T06:29:53.307+0000] {processor.py:914} INFO - Processing file /home/airflow/.local/lib/python3.12/site-packages/airflow/example_dags/example_latest_only_with_trigger.py for tasks to queue
[2024-12-21T06:29:53.309+0000] {logging_mixin.py:190} INFO - [2024-12-21T06:29:53.308+0000] {dagbag.py:588} INFO - Filling up the DagBag from /home/airflow/.local/lib/python3.12/site-packages/airflow/example_dags/example_latest_only_with_trigger.py
[2024-12-21T06:29:53.314+0000] {processor.py:925} INFO - DAG(s) 'latest_only_with_trigger' retrieved from /home/airflow/.local/lib/python3.12/site-packages/airflow/example_dags/example_latest_only_with_trigger.py
[2024-12-21T06:29:53.330+0000] {logging_mixin.py:190} INFO - [2024-12-21T06:29:53.330+0000] {dag.py:3239} INFO - Sync 1 DAGs
[2024-12-21T06:29:53.351+0000] {logging_mixin.py:190} INFO - [2024-12-21T06:29:53.351+0000] {dag.py:4180} INFO - Setting next_dagrun for latest_only_with_trigger to 2024-12-21 00:00:00+00:00, run_after=2024-12-21 04:00:00+00:00
[2024-12-21T06:29:53.364+0000] {processor.py:208} INFO - Processing /home/airflow/.local/lib/python3.12/site-packages/airflow/example_dags/example_latest_only_with_trigger.py took 0.063 seconds
[2024-12-21T06:30:23.512+0000] {processor.py:186} INFO - Started process (PID=582) to work on /home/airflow/.local/lib/python3.12/site-packages/airflow/example_dags/example_latest_only_with_trigger.py
[2024-12-21T06:30:23.513+0000] {processor.py:914} INFO - Processing file /home/airflow/.local/lib/python3.12/site-packages/airflow/example_dags/example_latest_only_with_trigger.py for tasks to queue
[2024-12-21T06:30:23.515+0000] {logging_mixin.py:190} INFO - [2024-12-21T06:30:23.515+0000] {dagbag.py:588} INFO - Filling up the DagBag from /home/airflow/.local/lib/python3.12/site-packages/airflow/example_dags/example_latest_only_with_trigger.py
[2024-12-21T06:30:23.526+0000] {processor.py:925} INFO - DAG(s) 'latest_only_with_trigger' retrieved from /home/airflow/.local/lib/python3.12/site-packages/airflow/example_dags/example_latest_only_with_trigger.py
[2024-12-21T06:30:23.559+0000] {logging_mixin.py:190} INFO - [2024-12-21T06:30:23.559+0000] {dag.py:3239} INFO - Sync 1 DAGs
[2024-12-21T06:30:23.603+0000] {logging_mixin.py:190} INFO - [2024-12-21T06:30:23.602+0000] {dag.py:4180} INFO - Setting next_dagrun for latest_only_with_trigger to 2024-12-21 00:00:00+00:00, run_after=2024-12-21 04:00:00+00:00
[2024-12-21T06:30:23.641+0000] {processor.py:208} INFO - Processing /home/airflow/.local/lib/python3.12/site-packages/airflow/example_dags/example_latest_only_with_trigger.py took 0.135 seconds
[2024-12-21T06:30:53.903+0000] {processor.py:186} INFO - Started process (PID=645) to work on /home/airflow/.local/lib/python3.12/site-packages/airflow/example_dags/example_latest_only_with_trigger.py
[2024-12-21T06:30:53.904+0000] {processor.py:914} INFO - Processing file /home/airflow/.local/lib/python3.12/site-packages/airflow/example_dags/example_latest_only_with_trigger.py for tasks to queue
[2024-12-21T06:30:53.906+0000] {logging_mixin.py:190} INFO - [2024-12-21T06:30:53.905+0000] {dagbag.py:588} INFO - Filling up the DagBag from /home/airflow/.local/lib/python3.12/site-packages/airflow/example_dags/example_latest_only_with_trigger.py
[2024-12-21T06:30:53.912+0000] {processor.py:925} INFO - DAG(s) 'latest_only_with_trigger' retrieved from /home/airflow/.local/lib/python3.12/site-packages/airflow/example_dags/example_latest_only_with_trigger.py
[2024-12-21T06:30:53.930+0000] {logging_mixin.py:190} INFO - [2024-12-21T06:30:53.930+0000] {dag.py:3239} INFO - Sync 1 DAGs
[2024-12-21T06:30:53.950+0000] {logging_mixin.py:190} INFO - [2024-12-21T06:30:53.950+0000] {dag.py:4180} INFO - Setting next_dagrun for latest_only_with_trigger to 2024-12-21 00:00:00+00:00, run_after=2024-12-21 04:00:00+00:00
[2024-12-21T06:30:53.965+0000] {processor.py:208} INFO - Processing /home/airflow/.local/lib/python3.12/site-packages/airflow/example_dags/example_latest_only_with_trigger.py took 0.067 seconds
[2024-12-21T06:31:24.069+0000] {processor.py:186} INFO - Started process (PID=708) to work on /home/airflow/.local/lib/python3.12/site-packages/airflow/example_dags/example_latest_only_with_trigger.py
[2024-12-21T06:31:24.069+0000] {processor.py:914} INFO - Processing file /home/airflow/.local/lib/python3.12/site-packages/airflow/example_dags/example_latest_only_with_trigger.py for tasks to queue
[2024-12-21T06:31:24.071+0000] {logging_mixin.py:190} INFO - [2024-12-21T06:31:24.071+0000] {dagbag.py:588} INFO - Filling up the DagBag from /home/airflow/.local/lib/python3.12/site-packages/airflow/example_dags/example_latest_only_with_trigger.py
[2024-12-21T06:31:24.077+0000] {processor.py:925} INFO - DAG(s) 'latest_only_with_trigger' retrieved from /home/airflow/.local/lib/python3.12/site-packages/airflow/example_dags/example_latest_only_with_trigger.py
[2024-12-21T06:31:24.094+0000] {logging_mixin.py:190} INFO - [2024-12-21T06:31:24.094+0000] {dag.py:3239} INFO - Sync 1 DAGs
[2024-12-21T06:31:24.114+0000] {logging_mixin.py:190} INFO - [2024-12-21T06:31:24.113+0000] {dag.py:4180} INFO - Setting next_dagrun for latest_only_with_trigger to 2024-12-21 00:00:00+00:00, run_after=2024-12-21 04:00:00+00:00
[2024-12-21T06:31:24.128+0000] {processor.py:208} INFO - Processing /home/airflow/.local/lib/python3.12/site-packages/airflow/example_dags/example_latest_only_with_trigger.py took 0.064 seconds
[2024-12-21T06:31:54.360+0000] {processor.py:186} INFO - Started process (PID=771) to work on /home/airflow/.local/lib/python3.12/site-packages/airflow/example_dags/example_latest_only_with_trigger.py
[2024-12-21T06:31:54.360+0000] {processor.py:914} INFO - Processing file /home/airflow/.local/lib/python3.12/site-packages/airflow/example_dags/example_latest_only_with_trigger.py for tasks to queue
[2024-12-21T06:31:54.362+0000] {logging_mixin.py:190} INFO - [2024-12-21T06:31:54.362+0000] {dagbag.py:588} INFO - Filling up the DagBag from /home/airflow/.local/lib/python3.12/site-packages/airflow/example_dags/example_latest_only_with_trigger.py
[2024-12-21T06:31:54.368+0000] {processor.py:925} INFO - DAG(s) 'latest_only_with_trigger' retrieved from /home/airflow/.local/lib/python3.12/site-packages/airflow/example_dags/example_latest_only_with_trigger.py
[2024-12-21T06:31:54.383+0000] {logging_mixin.py:190} INFO - [2024-12-21T06:31:54.383+0000] {dag.py:3239} INFO - Sync 1 DAGs
[2024-12-21T06:31:54.403+0000] {logging_mixin.py:190} INFO - [2024-12-21T06:31:54.403+0000] {dag.py:4180} INFO - Setting next_dagrun for latest_only_with_trigger to 2024-12-21 00:00:00+00:00, run_after=2024-12-21 04:00:00+00:00
[2024-12-21T06:31:54.418+0000] {processor.py:208} INFO - Processing /home/airflow/.local/lib/python3.12/site-packages/airflow/example_dags/example_latest_only_with_trigger.py took 0.063 seconds
[2024-12-21T06:32:25.157+0000] {processor.py:186} INFO - Started process (PID=834) to work on /home/airflow/.local/lib/python3.12/site-packages/airflow/example_dags/example_latest_only_with_trigger.py
[2024-12-21T06:32:25.158+0000] {processor.py:914} INFO - Processing file /home/airflow/.local/lib/python3.12/site-packages/airflow/example_dags/example_latest_only_with_trigger.py for tasks to queue
[2024-12-21T06:32:25.160+0000] {logging_mixin.py:190} INFO - [2024-12-21T06:32:25.159+0000] {dagbag.py:588} INFO - Filling up the DagBag from /home/airflow/.local/lib/python3.12/site-packages/airflow/example_dags/example_latest_only_with_trigger.py
[2024-12-21T06:32:25.166+0000] {processor.py:925} INFO - DAG(s) 'latest_only_with_trigger' retrieved from /home/airflow/.local/lib/python3.12/site-packages/airflow/example_dags/example_latest_only_with_trigger.py
[2024-12-21T06:32:25.183+0000] {logging_mixin.py:190} INFO - [2024-12-21T06:32:25.183+0000] {dag.py:3239} INFO - Sync 1 DAGs
[2024-12-21T06:32:25.204+0000] {logging_mixin.py:190} INFO - [2024-12-21T06:32:25.203+0000] {dag.py:4180} INFO - Setting next_dagrun for latest_only_with_trigger to 2024-12-21 00:00:00+00:00, run_after=2024-12-21 04:00:00+00:00
[2024-12-21T06:32:25.222+0000] {processor.py:208} INFO - Processing /home/airflow/.local/lib/python3.12/site-packages/airflow/example_dags/example_latest_only_with_trigger.py took 0.070 seconds
[2024-12-21T06:32:55.661+0000] {processor.py:186} INFO - Started process (PID=897) to work on /home/airflow/.local/lib/python3.12/site-packages/airflow/example_dags/example_latest_only_with_trigger.py
[2024-12-21T06:32:55.662+0000] {processor.py:914} INFO - Processing file /home/airflow/.local/lib/python3.12/site-packages/airflow/example_dags/example_latest_only_with_trigger.py for tasks to queue
[2024-12-21T06:32:55.664+0000] {logging_mixin.py:190} INFO - [2024-12-21T06:32:55.663+0000] {dagbag.py:588} INFO - Filling up the DagBag from /home/airflow/.local/lib/python3.12/site-packages/airflow/example_dags/example_latest_only_with_trigger.py
[2024-12-21T06:32:55.670+0000] {processor.py:925} INFO - DAG(s) 'latest_only_with_trigger' retrieved from /home/airflow/.local/lib/python3.12/site-packages/airflow/example_dags/example_latest_only_with_trigger.py
[2024-12-21T06:32:55.689+0000] {logging_mixin.py:190} INFO - [2024-12-21T06:32:55.689+0000] {dag.py:3239} INFO - Sync 1 DAGs
[2024-12-21T06:32:55.712+0000] {logging_mixin.py:190} INFO - [2024-12-21T06:32:55.712+0000] {dag.py:4180} INFO - Setting next_dagrun for latest_only_with_trigger to 2024-12-21 00:00:00+00:00, run_after=2024-12-21 04:00:00+00:00
[2024-12-21T06:32:55.728+0000] {processor.py:208} INFO - Processing /home/airflow/.local/lib/python3.12/site-packages/airflow/example_dags/example_latest_only_with_trigger.py took 0.073 seconds
[2024-12-21T06:33:26.195+0000] {processor.py:186} INFO - Started process (PID=960) to work on /home/airflow/.local/lib/python3.12/site-packages/airflow/example_dags/example_latest_only_with_trigger.py
[2024-12-21T06:33:26.196+0000] {processor.py:914} INFO - Processing file /home/airflow/.local/lib/python3.12/site-packages/airflow/example_dags/example_latest_only_with_trigger.py for tasks to queue
[2024-12-21T06:33:26.198+0000] {logging_mixin.py:190} INFO - [2024-12-21T06:33:26.197+0000] {dagbag.py:588} INFO - Filling up the DagBag from /home/airflow/.local/lib/python3.12/site-packages/airflow/example_dags/example_latest_only_with_trigger.py
[2024-12-21T06:33:26.204+0000] {processor.py:925} INFO - DAG(s) 'latest_only_with_trigger' retrieved from /home/airflow/.local/lib/python3.12/site-packages/airflow/example_dags/example_latest_only_with_trigger.py
[2024-12-21T06:33:26.223+0000] {logging_mixin.py:190} INFO - [2024-12-21T06:33:26.223+0000] {dag.py:3239} INFO - Sync 1 DAGs
[2024-12-21T06:33:26.245+0000] {logging_mixin.py:190} INFO - [2024-12-21T06:33:26.245+0000] {dag.py:4180} INFO - Setting next_dagrun for latest_only_with_trigger to 2024-12-21 00:00:00+00:00, run_after=2024-12-21 04:00:00+00:00
[2024-12-21T06:33:26.261+0000] {processor.py:208} INFO - Processing /home/airflow/.local/lib/python3.12/site-packages/airflow/example_dags/example_latest_only_with_trigger.py took 0.072 seconds
[2024-12-21T06:33:56.974+0000] {processor.py:186} INFO - Started process (PID=1023) to work on /home/airflow/.local/lib/python3.12/site-packages/airflow/example_dags/example_latest_only_with_trigger.py
[2024-12-21T06:33:56.975+0000] {processor.py:914} INFO - Processing file /home/airflow/.local/lib/python3.12/site-packages/airflow/example_dags/example_latest_only_with_trigger.py for tasks to queue
[2024-12-21T06:33:56.976+0000] {logging_mixin.py:190} INFO - [2024-12-21T06:33:56.976+0000] {dagbag.py:588} INFO - Filling up the DagBag from /home/airflow/.local/lib/python3.12/site-packages/airflow/example_dags/example_latest_only_with_trigger.py
[2024-12-21T06:33:56.982+0000] {processor.py:925} INFO - DAG(s) 'latest_only_with_trigger' retrieved from /home/airflow/.local/lib/python3.12/site-packages/airflow/example_dags/example_latest_only_with_trigger.py
[2024-12-21T06:33:56.999+0000] {logging_mixin.py:190} INFO - [2024-12-21T06:33:56.999+0000] {dag.py:3239} INFO - Sync 1 DAGs
[2024-12-21T06:33:57.020+0000] {logging_mixin.py:190} INFO - [2024-12-21T06:33:57.020+0000] {dag.py:4180} INFO - Setting next_dagrun for latest_only_with_trigger to 2024-12-21 00:00:00+00:00, run_after=2024-12-21 04:00:00+00:00
[2024-12-21T06:33:57.036+0000] {processor.py:208} INFO - Processing /home/airflow/.local/lib/python3.12/site-packages/airflow/example_dags/example_latest_only_with_trigger.py took 0.067 seconds
[2024-12-21T06:34:47.186+0000] {processor.py:186} INFO - Started process (PID=61) to work on /home/airflow/.local/lib/python3.12/site-packages/airflow/example_dags/example_latest_only_with_trigger.py
[2024-12-21T06:34:47.188+0000] {processor.py:914} INFO - Processing file /home/airflow/.local/lib/python3.12/site-packages/airflow/example_dags/example_latest_only_with_trigger.py for tasks to queue
[2024-12-21T06:34:47.190+0000] {logging_mixin.py:190} INFO - [2024-12-21T06:34:47.190+0000] {dagbag.py:588} INFO - Filling up the DagBag from /home/airflow/.local/lib/python3.12/site-packages/airflow/example_dags/example_latest_only_with_trigger.py
[2024-12-21T06:34:47.202+0000] {processor.py:925} INFO - DAG(s) 'latest_only_with_trigger' retrieved from /home/airflow/.local/lib/python3.12/site-packages/airflow/example_dags/example_latest_only_with_trigger.py
[2024-12-21T06:34:47.234+0000] {logging_mixin.py:190} INFO - [2024-12-21T06:34:47.233+0000] {dag.py:3239} INFO - Sync 1 DAGs
[2024-12-21T06:34:47.271+0000] {logging_mixin.py:190} INFO - [2024-12-21T06:34:47.271+0000] {dag.py:4180} INFO - Setting next_dagrun for latest_only_with_trigger to 2024-12-21 00:00:00+00:00, run_after=2024-12-21 04:00:00+00:00
[2024-12-21T06:34:47.299+0000] {processor.py:208} INFO - Processing /home/airflow/.local/lib/python3.12/site-packages/airflow/example_dags/example_latest_only_with_trigger.py took 0.119 seconds
