[2024-12-21T06:26:27.000+0000] {processor.py:186} INFO - Started process (PID=121) to work on /home/airflow/.local/lib/python3.12/site-packages/airflow/example_dags/example_xcom.py
[2024-12-21T06:26:27.000+0000] {processor.py:914} INFO - Processing file /home/airflow/.local/lib/python3.12/site-packages/airflow/example_dags/example_xcom.py for tasks to queue
[2024-12-21T06:26:27.003+0000] {logging_mixin.py:190} INFO - [2024-12-21T06:26:27.002+0000] {dagbag.py:588} INFO - Filling up the DagBag from /home/airflow/.local/lib/python3.12/site-packages/airflow/example_dags/example_xcom.py
[2024-12-21T06:26:27.013+0000] {processor.py:925} INFO - DAG(s) 'example_xcom' retrieved from /home/airflow/.local/lib/python3.12/site-packages/airflow/example_dags/example_xcom.py
[2024-12-21T06:26:27.140+0000] {logging_mixin.py:190} INFO - [2024-12-21T06:26:27.139+0000] {override.py:1911} INFO - Created Permission View: can read on DAG:example_xcom
[2024-12-21T06:26:27.150+0000] {logging_mixin.py:190} INFO - [2024-12-21T06:26:27.150+0000] {override.py:1911} INFO - Created Permission View: can delete on DAG:example_xcom
[2024-12-21T06:26:27.157+0000] {logging_mixin.py:190} INFO - [2024-12-21T06:26:27.157+0000] {override.py:1911} INFO - Created Permission View: can edit on DAG:example_xcom
[2024-12-21T06:26:27.164+0000] {logging_mixin.py:190} INFO - [2024-12-21T06:26:27.164+0000] {override.py:1911} INFO - Created Permission View: menu access on DAG Run:example_xcom
[2024-12-21T06:26:27.170+0000] {logging_mixin.py:190} INFO - [2024-12-21T06:26:27.170+0000] {override.py:1911} INFO - Created Permission View: can read on DAG Run:example_xcom
[2024-12-21T06:26:27.176+0000] {logging_mixin.py:190} INFO - [2024-12-21T06:26:27.176+0000] {override.py:1911} INFO - Created Permission View: can create on DAG Run:example_xcom
[2024-12-21T06:26:27.182+0000] {logging_mixin.py:190} INFO - [2024-12-21T06:26:27.182+0000] {override.py:1911} INFO - Created Permission View: can delete on DAG Run:example_xcom
[2024-12-21T06:26:27.183+0000] {logging_mixin.py:190} INFO - [2024-12-21T06:26:27.183+0000] {dag.py:3239} INFO - Sync 1 DAGs
[2024-12-21T06:26:27.196+0000] {logging_mixin.py:190} INFO - [2024-12-21T06:26:27.196+0000] {dag.py:3262} INFO - Creating ORM DAG for example_xcom
[2024-12-21T06:26:27.205+0000] {logging_mixin.py:190} INFO - [2024-12-21T06:26:27.205+0000] {dag.py:4180} INFO - Setting next_dagrun for example_xcom to 2021-01-01 00:00:00+00:00, run_after=2021-01-01 00:00:00+00:00
[2024-12-21T06:26:27.221+0000] {processor.py:208} INFO - Processing /home/airflow/.local/lib/python3.12/site-packages/airflow/example_dags/example_xcom.py took 0.228 seconds
[2024-12-21T06:26:57.260+0000] {processor.py:186} INFO - Started process (PID=184) to work on /home/airflow/.local/lib/python3.12/site-packages/airflow/example_dags/example_xcom.py
[2024-12-21T06:26:57.260+0000] {processor.py:914} INFO - Processing file /home/airflow/.local/lib/python3.12/site-packages/airflow/example_dags/example_xcom.py for tasks to queue
[2024-12-21T06:26:57.263+0000] {logging_mixin.py:190} INFO - [2024-12-21T06:26:57.262+0000] {dagbag.py:588} INFO - Filling up the DagBag from /home/airflow/.local/lib/python3.12/site-packages/airflow/example_dags/example_xcom.py
[2024-12-21T06:26:57.271+0000] {processor.py:925} INFO - DAG(s) 'example_xcom' retrieved from /home/airflow/.local/lib/python3.12/site-packages/airflow/example_dags/example_xcom.py
[2024-12-21T06:26:57.290+0000] {logging_mixin.py:190} INFO - [2024-12-21T06:26:57.290+0000] {dag.py:3239} INFO - Sync 1 DAGs
[2024-12-21T06:26:57.312+0000] {logging_mixin.py:190} INFO - [2024-12-21T06:26:57.312+0000] {dag.py:4180} INFO - Setting next_dagrun for example_xcom to 2021-01-01 00:00:00+00:00, run_after=2021-01-01 00:00:00+00:00
[2024-12-21T06:26:57.329+0000] {processor.py:208} INFO - Processing /home/airflow/.local/lib/python3.12/site-packages/airflow/example_dags/example_xcom.py took 0.075 seconds
[2024-12-21T06:27:28.092+0000] {processor.py:186} INFO - Started process (PID=247) to work on /home/airflow/.local/lib/python3.12/site-packages/airflow/example_dags/example_xcom.py
[2024-12-21T06:27:28.093+0000] {processor.py:914} INFO - Processing file /home/airflow/.local/lib/python3.12/site-packages/airflow/example_dags/example_xcom.py for tasks to queue
[2024-12-21T06:27:28.095+0000] {logging_mixin.py:190} INFO - [2024-12-21T06:27:28.095+0000] {dagbag.py:588} INFO - Filling up the DagBag from /home/airflow/.local/lib/python3.12/site-packages/airflow/example_dags/example_xcom.py
[2024-12-21T06:27:28.103+0000] {processor.py:925} INFO - DAG(s) 'example_xcom' retrieved from /home/airflow/.local/lib/python3.12/site-packages/airflow/example_dags/example_xcom.py
[2024-12-21T06:27:28.123+0000] {logging_mixin.py:190} INFO - [2024-12-21T06:27:28.123+0000] {dag.py:3239} INFO - Sync 1 DAGs
[2024-12-21T06:27:28.145+0000] {logging_mixin.py:190} INFO - [2024-12-21T06:27:28.145+0000] {dag.py:4180} INFO - Setting next_dagrun for example_xcom to 2021-01-01 00:00:00+00:00, run_after=2021-01-01 00:00:00+00:00
[2024-12-21T06:27:28.161+0000] {processor.py:208} INFO - Processing /home/airflow/.local/lib/python3.12/site-packages/airflow/example_dags/example_xcom.py took 0.075 seconds
[2024-12-21T06:27:59.059+0000] {processor.py:186} INFO - Started process (PID=310) to work on /home/airflow/.local/lib/python3.12/site-packages/airflow/example_dags/example_xcom.py
[2024-12-21T06:27:59.060+0000] {processor.py:914} INFO - Processing file /home/airflow/.local/lib/python3.12/site-packages/airflow/example_dags/example_xcom.py for tasks to queue
[2024-12-21T06:27:59.062+0000] {logging_mixin.py:190} INFO - [2024-12-21T06:27:59.062+0000] {dagbag.py:588} INFO - Filling up the DagBag from /home/airflow/.local/lib/python3.12/site-packages/airflow/example_dags/example_xcom.py
[2024-12-21T06:27:59.069+0000] {processor.py:925} INFO - DAG(s) 'example_xcom' retrieved from /home/airflow/.local/lib/python3.12/site-packages/airflow/example_dags/example_xcom.py
[2024-12-21T06:27:59.086+0000] {logging_mixin.py:190} INFO - [2024-12-21T06:27:59.085+0000] {dag.py:3239} INFO - Sync 1 DAGs
[2024-12-21T06:27:59.104+0000] {logging_mixin.py:190} INFO - [2024-12-21T06:27:59.104+0000] {dag.py:4180} INFO - Setting next_dagrun for example_xcom to 2021-01-01 00:00:00+00:00, run_after=2021-01-01 00:00:00+00:00
[2024-12-21T06:27:59.118+0000] {processor.py:208} INFO - Processing /home/airflow/.local/lib/python3.12/site-packages/airflow/example_dags/example_xcom.py took 0.063 seconds
[2024-12-21T06:28:29.407+0000] {processor.py:186} INFO - Started process (PID=373) to work on /home/airflow/.local/lib/python3.12/site-packages/airflow/example_dags/example_xcom.py
[2024-12-21T06:28:29.408+0000] {processor.py:914} INFO - Processing file /home/airflow/.local/lib/python3.12/site-packages/airflow/example_dags/example_xcom.py for tasks to queue
[2024-12-21T06:28:29.410+0000] {logging_mixin.py:190} INFO - [2024-12-21T06:28:29.409+0000] {dagbag.py:588} INFO - Filling up the DagBag from /home/airflow/.local/lib/python3.12/site-packages/airflow/example_dags/example_xcom.py
[2024-12-21T06:28:29.419+0000] {processor.py:925} INFO - DAG(s) 'example_xcom' retrieved from /home/airflow/.local/lib/python3.12/site-packages/airflow/example_dags/example_xcom.py
[2024-12-21T06:28:29.439+0000] {logging_mixin.py:190} INFO - [2024-12-21T06:28:29.438+0000] {dag.py:3239} INFO - Sync 1 DAGs
[2024-12-21T06:28:29.460+0000] {logging_mixin.py:190} INFO - [2024-12-21T06:28:29.460+0000] {dag.py:4180} INFO - Setting next_dagrun for example_xcom to 2021-01-01 00:00:00+00:00, run_after=2021-01-01 00:00:00+00:00
[2024-12-21T06:28:29.477+0000] {processor.py:208} INFO - Processing /home/airflow/.local/lib/python3.12/site-packages/airflow/example_dags/example_xcom.py took 0.075 seconds
[2024-12-21T06:28:59.599+0000] {processor.py:186} INFO - Started process (PID=435) to work on /home/airflow/.local/lib/python3.12/site-packages/airflow/example_dags/example_xcom.py
[2024-12-21T06:28:59.599+0000] {processor.py:914} INFO - Processing file /home/airflow/.local/lib/python3.12/site-packages/airflow/example_dags/example_xcom.py for tasks to queue
[2024-12-21T06:28:59.601+0000] {logging_mixin.py:190} INFO - [2024-12-21T06:28:59.601+0000] {dagbag.py:588} INFO - Filling up the DagBag from /home/airflow/.local/lib/python3.12/site-packages/airflow/example_dags/example_xcom.py
[2024-12-21T06:28:59.610+0000] {processor.py:925} INFO - DAG(s) 'example_xcom' retrieved from /home/airflow/.local/lib/python3.12/site-packages/airflow/example_dags/example_xcom.py
[2024-12-21T06:28:59.627+0000] {logging_mixin.py:190} INFO - [2024-12-21T06:28:59.627+0000] {dag.py:3239} INFO - Sync 1 DAGs
[2024-12-21T06:28:59.647+0000] {logging_mixin.py:190} INFO - [2024-12-21T06:28:59.647+0000] {dag.py:4180} INFO - Setting next_dagrun for example_xcom to 2021-01-01 00:00:00+00:00, run_after=2021-01-01 00:00:00+00:00
[2024-12-21T06:28:59.662+0000] {processor.py:208} INFO - Processing /home/airflow/.local/lib/python3.12/site-packages/airflow/example_dags/example_xcom.py took 0.068 seconds
[2024-12-21T06:29:30.950+0000] {processor.py:186} INFO - Started process (PID=498) to work on /home/airflow/.local/lib/python3.12/site-packages/airflow/example_dags/example_xcom.py
[2024-12-21T06:29:30.950+0000] {processor.py:914} INFO - Processing file /home/airflow/.local/lib/python3.12/site-packages/airflow/example_dags/example_xcom.py for tasks to queue
[2024-12-21T06:29:30.952+0000] {logging_mixin.py:190} INFO - [2024-12-21T06:29:30.952+0000] {dagbag.py:588} INFO - Filling up the DagBag from /home/airflow/.local/lib/python3.12/site-packages/airflow/example_dags/example_xcom.py
[2024-12-21T06:29:30.960+0000] {processor.py:925} INFO - DAG(s) 'example_xcom' retrieved from /home/airflow/.local/lib/python3.12/site-packages/airflow/example_dags/example_xcom.py
[2024-12-21T06:29:30.980+0000] {logging_mixin.py:190} INFO - [2024-12-21T06:29:30.979+0000] {dag.py:3239} INFO - Sync 1 DAGs
[2024-12-21T06:29:31.001+0000] {logging_mixin.py:190} INFO - [2024-12-21T06:29:31.001+0000] {dag.py:4180} INFO - Setting next_dagrun for example_xcom to 2021-01-01 00:00:00+00:00, run_after=2021-01-01 00:00:00+00:00
[2024-12-21T06:29:31.016+0000] {processor.py:208} INFO - Processing /home/airflow/.local/lib/python3.12/site-packages/airflow/example_dags/example_xcom.py took 0.072 seconds
[2024-12-21T06:30:01.895+0000] {processor.py:186} INFO - Started process (PID=561) to work on /home/airflow/.local/lib/python3.12/site-packages/airflow/example_dags/example_xcom.py
[2024-12-21T06:30:01.896+0000] {processor.py:914} INFO - Processing file /home/airflow/.local/lib/python3.12/site-packages/airflow/example_dags/example_xcom.py for tasks to queue
[2024-12-21T06:30:01.898+0000] {logging_mixin.py:190} INFO - [2024-12-21T06:30:01.898+0000] {dagbag.py:588} INFO - Filling up the DagBag from /home/airflow/.local/lib/python3.12/site-packages/airflow/example_dags/example_xcom.py
[2024-12-21T06:30:01.905+0000] {processor.py:925} INFO - DAG(s) 'example_xcom' retrieved from /home/airflow/.local/lib/python3.12/site-packages/airflow/example_dags/example_xcom.py
[2024-12-21T06:30:01.924+0000] {logging_mixin.py:190} INFO - [2024-12-21T06:30:01.924+0000] {dag.py:3239} INFO - Sync 1 DAGs
[2024-12-21T06:30:01.946+0000] {logging_mixin.py:190} INFO - [2024-12-21T06:30:01.946+0000] {dag.py:4180} INFO - Setting next_dagrun for example_xcom to 2021-01-01 00:00:00+00:00, run_after=2021-01-01 00:00:00+00:00
[2024-12-21T06:30:01.962+0000] {processor.py:208} INFO - Processing /home/airflow/.local/lib/python3.12/site-packages/airflow/example_dags/example_xcom.py took 0.072 seconds
[2024-12-21T06:30:33.122+0000] {processor.py:186} INFO - Started process (PID=624) to work on /home/airflow/.local/lib/python3.12/site-packages/airflow/example_dags/example_xcom.py
[2024-12-21T06:30:33.123+0000] {processor.py:914} INFO - Processing file /home/airflow/.local/lib/python3.12/site-packages/airflow/example_dags/example_xcom.py for tasks to queue
[2024-12-21T06:30:33.126+0000] {logging_mixin.py:190} INFO - [2024-12-21T06:30:33.125+0000] {dagbag.py:588} INFO - Filling up the DagBag from /home/airflow/.local/lib/python3.12/site-packages/airflow/example_dags/example_xcom.py
[2024-12-21T06:30:33.135+0000] {processor.py:925} INFO - DAG(s) 'example_xcom' retrieved from /home/airflow/.local/lib/python3.12/site-packages/airflow/example_dags/example_xcom.py
[2024-12-21T06:30:33.156+0000] {logging_mixin.py:190} INFO - [2024-12-21T06:30:33.156+0000] {dag.py:3239} INFO - Sync 1 DAGs
[2024-12-21T06:30:33.182+0000] {logging_mixin.py:190} INFO - [2024-12-21T06:30:33.181+0000] {dag.py:4180} INFO - Setting next_dagrun for example_xcom to 2021-01-01 00:00:00+00:00, run_after=2021-01-01 00:00:00+00:00
[2024-12-21T06:30:33.197+0000] {processor.py:208} INFO - Processing /home/airflow/.local/lib/python3.12/site-packages/airflow/example_dags/example_xcom.py took 0.080 seconds
[2024-12-21T06:31:05.782+0000] {processor.py:186} INFO - Started process (PID=687) to work on /home/airflow/.local/lib/python3.12/site-packages/airflow/example_dags/example_xcom.py
[2024-12-21T06:31:05.783+0000] {processor.py:914} INFO - Processing file /home/airflow/.local/lib/python3.12/site-packages/airflow/example_dags/example_xcom.py for tasks to queue
[2024-12-21T06:31:05.785+0000] {logging_mixin.py:190} INFO - [2024-12-21T06:31:05.785+0000] {dagbag.py:588} INFO - Filling up the DagBag from /home/airflow/.local/lib/python3.12/site-packages/airflow/example_dags/example_xcom.py
[2024-12-21T06:31:05.795+0000] {processor.py:925} INFO - DAG(s) 'example_xcom' retrieved from /home/airflow/.local/lib/python3.12/site-packages/airflow/example_dags/example_xcom.py
[2024-12-21T06:31:05.817+0000] {logging_mixin.py:190} INFO - [2024-12-21T06:31:05.816+0000] {dag.py:3239} INFO - Sync 1 DAGs
[2024-12-21T06:31:05.841+0000] {logging_mixin.py:190} INFO - [2024-12-21T06:31:05.841+0000] {dag.py:4180} INFO - Setting next_dagrun for example_xcom to 2021-01-01 00:00:00+00:00, run_after=2021-01-01 00:00:00+00:00
[2024-12-21T06:31:05.865+0000] {processor.py:208} INFO - Processing /home/airflow/.local/lib/python3.12/site-packages/airflow/example_dags/example_xcom.py took 0.089 seconds
[2024-12-21T06:31:37.056+0000] {processor.py:186} INFO - Started process (PID=750) to work on /home/airflow/.local/lib/python3.12/site-packages/airflow/example_dags/example_xcom.py
[2024-12-21T06:31:37.057+0000] {processor.py:914} INFO - Processing file /home/airflow/.local/lib/python3.12/site-packages/airflow/example_dags/example_xcom.py for tasks to queue
[2024-12-21T06:31:37.060+0000] {logging_mixin.py:190} INFO - [2024-12-21T06:31:37.060+0000] {dagbag.py:588} INFO - Filling up the DagBag from /home/airflow/.local/lib/python3.12/site-packages/airflow/example_dags/example_xcom.py
[2024-12-21T06:31:37.073+0000] {processor.py:925} INFO - DAG(s) 'example_xcom' retrieved from /home/airflow/.local/lib/python3.12/site-packages/airflow/example_dags/example_xcom.py
[2024-12-21T06:31:37.103+0000] {logging_mixin.py:190} INFO - [2024-12-21T06:31:37.103+0000] {dag.py:3239} INFO - Sync 1 DAGs
[2024-12-21T06:31:37.138+0000] {logging_mixin.py:190} INFO - [2024-12-21T06:31:37.137+0000] {dag.py:4180} INFO - Setting next_dagrun for example_xcom to 2021-01-01 00:00:00+00:00, run_after=2021-01-01 00:00:00+00:00
[2024-12-21T06:31:37.158+0000] {processor.py:208} INFO - Processing /home/airflow/.local/lib/python3.12/site-packages/airflow/example_dags/example_xcom.py took 0.110 seconds
[2024-12-21T06:32:07.709+0000] {processor.py:186} INFO - Started process (PID=813) to work on /home/airflow/.local/lib/python3.12/site-packages/airflow/example_dags/example_xcom.py
[2024-12-21T06:32:07.710+0000] {processor.py:914} INFO - Processing file /home/airflow/.local/lib/python3.12/site-packages/airflow/example_dags/example_xcom.py for tasks to queue
[2024-12-21T06:32:07.713+0000] {logging_mixin.py:190} INFO - [2024-12-21T06:32:07.712+0000] {dagbag.py:588} INFO - Filling up the DagBag from /home/airflow/.local/lib/python3.12/site-packages/airflow/example_dags/example_xcom.py
[2024-12-21T06:32:07.720+0000] {processor.py:925} INFO - DAG(s) 'example_xcom' retrieved from /home/airflow/.local/lib/python3.12/site-packages/airflow/example_dags/example_xcom.py
[2024-12-21T06:32:07.739+0000] {logging_mixin.py:190} INFO - [2024-12-21T06:32:07.738+0000] {dag.py:3239} INFO - Sync 1 DAGs
[2024-12-21T06:32:07.763+0000] {logging_mixin.py:190} INFO - [2024-12-21T06:32:07.762+0000] {dag.py:4180} INFO - Setting next_dagrun for example_xcom to 2021-01-01 00:00:00+00:00, run_after=2021-01-01 00:00:00+00:00
[2024-12-21T06:32:07.776+0000] {processor.py:208} INFO - Processing /home/airflow/.local/lib/python3.12/site-packages/airflow/example_dags/example_xcom.py took 0.072 seconds
[2024-12-21T06:32:38.707+0000] {processor.py:186} INFO - Started process (PID=876) to work on /home/airflow/.local/lib/python3.12/site-packages/airflow/example_dags/example_xcom.py
[2024-12-21T06:32:38.708+0000] {processor.py:914} INFO - Processing file /home/airflow/.local/lib/python3.12/site-packages/airflow/example_dags/example_xcom.py for tasks to queue
[2024-12-21T06:32:38.712+0000] {logging_mixin.py:190} INFO - [2024-12-21T06:32:38.711+0000] {dagbag.py:588} INFO - Filling up the DagBag from /home/airflow/.local/lib/python3.12/site-packages/airflow/example_dags/example_xcom.py
[2024-12-21T06:32:38.724+0000] {processor.py:925} INFO - DAG(s) 'example_xcom' retrieved from /home/airflow/.local/lib/python3.12/site-packages/airflow/example_dags/example_xcom.py
[2024-12-21T06:32:38.751+0000] {logging_mixin.py:190} INFO - [2024-12-21T06:32:38.751+0000] {dag.py:3239} INFO - Sync 1 DAGs
[2024-12-21T06:32:38.787+0000] {logging_mixin.py:190} INFO - [2024-12-21T06:32:38.786+0000] {dag.py:4180} INFO - Setting next_dagrun for example_xcom to 2021-01-01 00:00:00+00:00, run_after=2021-01-01 00:00:00+00:00
[2024-12-21T06:32:38.816+0000] {processor.py:208} INFO - Processing /home/airflow/.local/lib/python3.12/site-packages/airflow/example_dags/example_xcom.py took 0.119 seconds
[2024-12-21T06:33:09.938+0000] {processor.py:186} INFO - Started process (PID=939) to work on /home/airflow/.local/lib/python3.12/site-packages/airflow/example_dags/example_xcom.py
[2024-12-21T06:33:09.939+0000] {processor.py:914} INFO - Processing file /home/airflow/.local/lib/python3.12/site-packages/airflow/example_dags/example_xcom.py for tasks to queue
[2024-12-21T06:33:09.940+0000] {logging_mixin.py:190} INFO - [2024-12-21T06:33:09.940+0000] {dagbag.py:588} INFO - Filling up the DagBag from /home/airflow/.local/lib/python3.12/site-packages/airflow/example_dags/example_xcom.py
[2024-12-21T06:33:09.948+0000] {processor.py:925} INFO - DAG(s) 'example_xcom' retrieved from /home/airflow/.local/lib/python3.12/site-packages/airflow/example_dags/example_xcom.py
[2024-12-21T06:33:09.967+0000] {logging_mixin.py:190} INFO - [2024-12-21T06:33:09.967+0000] {dag.py:3239} INFO - Sync 1 DAGs
[2024-12-21T06:33:09.987+0000] {logging_mixin.py:190} INFO - [2024-12-21T06:33:09.987+0000] {dag.py:4180} INFO - Setting next_dagrun for example_xcom to 2021-01-01 00:00:00+00:00, run_after=2021-01-01 00:00:00+00:00
[2024-12-21T06:33:10.003+0000] {processor.py:208} INFO - Processing /home/airflow/.local/lib/python3.12/site-packages/airflow/example_dags/example_xcom.py took 0.070 seconds
[2024-12-21T06:33:41.337+0000] {processor.py:186} INFO - Started process (PID=1002) to work on /home/airflow/.local/lib/python3.12/site-packages/airflow/example_dags/example_xcom.py
[2024-12-21T06:33:41.338+0000] {processor.py:914} INFO - Processing file /home/airflow/.local/lib/python3.12/site-packages/airflow/example_dags/example_xcom.py for tasks to queue
[2024-12-21T06:33:41.341+0000] {logging_mixin.py:190} INFO - [2024-12-21T06:33:41.341+0000] {dagbag.py:588} INFO - Filling up the DagBag from /home/airflow/.local/lib/python3.12/site-packages/airflow/example_dags/example_xcom.py
[2024-12-21T06:33:41.352+0000] {processor.py:925} INFO - DAG(s) 'example_xcom' retrieved from /home/airflow/.local/lib/python3.12/site-packages/airflow/example_dags/example_xcom.py
[2024-12-21T06:33:41.375+0000] {logging_mixin.py:190} INFO - [2024-12-21T06:33:41.375+0000] {dag.py:3239} INFO - Sync 1 DAGs
[2024-12-21T06:33:41.405+0000] {logging_mixin.py:190} INFO - [2024-12-21T06:33:41.405+0000] {dag.py:4180} INFO - Setting next_dagrun for example_xcom to 2021-01-01 00:00:00+00:00, run_after=2021-01-01 00:00:00+00:00
[2024-12-21T06:33:41.429+0000] {processor.py:208} INFO - Processing /home/airflow/.local/lib/python3.12/site-packages/airflow/example_dags/example_xcom.py took 0.100 seconds
[2024-12-21T06:34:53.002+0000] {processor.py:186} INFO - Started process (PID=111) to work on /home/airflow/.local/lib/python3.12/site-packages/airflow/example_dags/example_xcom.py
[2024-12-21T06:34:53.003+0000] {processor.py:914} INFO - Processing file /home/airflow/.local/lib/python3.12/site-packages/airflow/example_dags/example_xcom.py for tasks to queue
[2024-12-21T06:34:53.005+0000] {logging_mixin.py:190} INFO - [2024-12-21T06:34:53.005+0000] {dagbag.py:588} INFO - Filling up the DagBag from /home/airflow/.local/lib/python3.12/site-packages/airflow/example_dags/example_xcom.py
[2024-12-21T06:34:53.015+0000] {processor.py:925} INFO - DAG(s) 'example_xcom' retrieved from /home/airflow/.local/lib/python3.12/site-packages/airflow/example_dags/example_xcom.py
[2024-12-21T06:34:53.035+0000] {logging_mixin.py:190} INFO - [2024-12-21T06:34:53.035+0000] {dag.py:3239} INFO - Sync 1 DAGs
[2024-12-21T06:34:53.066+0000] {logging_mixin.py:190} INFO - [2024-12-21T06:34:53.066+0000] {dag.py:4180} INFO - Setting next_dagrun for example_xcom to 2021-01-01 00:00:00+00:00, run_after=2021-01-01 00:00:00+00:00
[2024-12-21T06:34:53.085+0000] {processor.py:208} INFO - Processing /home/airflow/.local/lib/python3.12/site-packages/airflow/example_dags/example_xcom.py took 0.088 seconds
[2024-12-21T06:35:24.215+0000] {processor.py:186} INFO - Started process (PID=176) to work on /home/airflow/.local/lib/python3.12/site-packages/airflow/example_dags/example_xcom.py
[2024-12-21T06:35:24.216+0000] {processor.py:914} INFO - Processing file /home/airflow/.local/lib/python3.12/site-packages/airflow/example_dags/example_xcom.py for tasks to queue
[2024-12-21T06:35:24.218+0000] {logging_mixin.py:190} INFO - [2024-12-21T06:35:24.218+0000] {dagbag.py:588} INFO - Filling up the DagBag from /home/airflow/.local/lib/python3.12/site-packages/airflow/example_dags/example_xcom.py
[2024-12-21T06:35:24.227+0000] {processor.py:925} INFO - DAG(s) 'example_xcom' retrieved from /home/airflow/.local/lib/python3.12/site-packages/airflow/example_dags/example_xcom.py
[2024-12-21T06:35:24.245+0000] {logging_mixin.py:190} INFO - [2024-12-21T06:35:24.245+0000] {dag.py:3239} INFO - Sync 1 DAGs
[2024-12-21T06:35:24.272+0000] {logging_mixin.py:190} INFO - [2024-12-21T06:35:24.272+0000] {dag.py:4180} INFO - Setting next_dagrun for example_xcom to 2021-01-01 00:00:00+00:00, run_after=2021-01-01 00:00:00+00:00
[2024-12-21T06:35:24.288+0000] {processor.py:208} INFO - Processing /home/airflow/.local/lib/python3.12/site-packages/airflow/example_dags/example_xcom.py took 0.078 seconds
[2024-12-21T06:35:54.769+0000] {processor.py:186} INFO - Started process (PID=241) to work on /home/airflow/.local/lib/python3.12/site-packages/airflow/example_dags/example_xcom.py
[2024-12-21T06:35:54.770+0000] {processor.py:914} INFO - Processing file /home/airflow/.local/lib/python3.12/site-packages/airflow/example_dags/example_xcom.py for tasks to queue
[2024-12-21T06:35:54.773+0000] {logging_mixin.py:190} INFO - [2024-12-21T06:35:54.773+0000] {dagbag.py:588} INFO - Filling up the DagBag from /home/airflow/.local/lib/python3.12/site-packages/airflow/example_dags/example_xcom.py
[2024-12-21T06:35:54.786+0000] {processor.py:925} INFO - DAG(s) 'example_xcom' retrieved from /home/airflow/.local/lib/python3.12/site-packages/airflow/example_dags/example_xcom.py
[2024-12-21T06:35:54.820+0000] {logging_mixin.py:190} INFO - [2024-12-21T06:35:54.819+0000] {dag.py:3239} INFO - Sync 1 DAGs
[2024-12-21T06:35:54.848+0000] {logging_mixin.py:190} INFO - [2024-12-21T06:35:54.848+0000] {dag.py:4180} INFO - Setting next_dagrun for example_xcom to 2021-01-01 00:00:00+00:00, run_after=2021-01-01 00:00:00+00:00
[2024-12-21T06:35:54.865+0000] {processor.py:208} INFO - Processing /home/airflow/.local/lib/python3.12/site-packages/airflow/example_dags/example_xcom.py took 0.104 seconds
[2024-12-21T06:36:25.301+0000] {processor.py:186} INFO - Started process (PID=309) to work on /home/airflow/.local/lib/python3.12/site-packages/airflow/example_dags/example_xcom.py
[2024-12-21T06:36:25.302+0000] {processor.py:914} INFO - Processing file /home/airflow/.local/lib/python3.12/site-packages/airflow/example_dags/example_xcom.py for tasks to queue
[2024-12-21T06:36:25.305+0000] {logging_mixin.py:190} INFO - [2024-12-21T06:36:25.305+0000] {dagbag.py:588} INFO - Filling up the DagBag from /home/airflow/.local/lib/python3.12/site-packages/airflow/example_dags/example_xcom.py
[2024-12-21T06:36:25.319+0000] {processor.py:925} INFO - DAG(s) 'example_xcom' retrieved from /home/airflow/.local/lib/python3.12/site-packages/airflow/example_dags/example_xcom.py
[2024-12-21T06:36:25.342+0000] {logging_mixin.py:190} INFO - [2024-12-21T06:36:25.342+0000] {dag.py:3239} INFO - Sync 1 DAGs
[2024-12-21T06:36:25.364+0000] {logging_mixin.py:190} INFO - [2024-12-21T06:36:25.364+0000] {dag.py:4180} INFO - Setting next_dagrun for example_xcom to 2021-01-01 00:00:00+00:00, run_after=2021-01-01 00:00:00+00:00
[2024-12-21T06:36:25.383+0000] {processor.py:208} INFO - Processing /home/airflow/.local/lib/python3.12/site-packages/airflow/example_dags/example_xcom.py took 0.092 seconds
[2024-12-21T06:36:57.403+0000] {processor.py:186} INFO - Started process (PID=375) to work on /home/airflow/.local/lib/python3.12/site-packages/airflow/example_dags/example_xcom.py
[2024-12-21T06:36:57.404+0000] {processor.py:914} INFO - Processing file /home/airflow/.local/lib/python3.12/site-packages/airflow/example_dags/example_xcom.py for tasks to queue
[2024-12-21T06:36:57.406+0000] {logging_mixin.py:190} INFO - [2024-12-21T06:36:57.406+0000] {dagbag.py:588} INFO - Filling up the DagBag from /home/airflow/.local/lib/python3.12/site-packages/airflow/example_dags/example_xcom.py
[2024-12-21T06:36:57.413+0000] {processor.py:925} INFO - DAG(s) 'example_xcom' retrieved from /home/airflow/.local/lib/python3.12/site-packages/airflow/example_dags/example_xcom.py
[2024-12-21T06:36:57.431+0000] {logging_mixin.py:190} INFO - [2024-12-21T06:36:57.430+0000] {dag.py:3239} INFO - Sync 1 DAGs
[2024-12-21T06:36:57.470+0000] {logging_mixin.py:190} INFO - [2024-12-21T06:36:57.469+0000] {dag.py:4180} INFO - Setting next_dagrun for example_xcom to 2021-01-01 00:00:00+00:00, run_after=2021-01-01 00:00:00+00:00
[2024-12-21T06:36:57.521+0000] {processor.py:208} INFO - Processing /home/airflow/.local/lib/python3.12/site-packages/airflow/example_dags/example_xcom.py took 0.123 seconds
[2024-12-21T06:37:28.662+0000] {processor.py:186} INFO - Started process (PID=440) to work on /home/airflow/.local/lib/python3.12/site-packages/airflow/example_dags/example_xcom.py
[2024-12-21T06:37:28.663+0000] {processor.py:914} INFO - Processing file /home/airflow/.local/lib/python3.12/site-packages/airflow/example_dags/example_xcom.py for tasks to queue
[2024-12-21T06:37:28.664+0000] {logging_mixin.py:190} INFO - [2024-12-21T06:37:28.664+0000] {dagbag.py:588} INFO - Filling up the DagBag from /home/airflow/.local/lib/python3.12/site-packages/airflow/example_dags/example_xcom.py
[2024-12-21T06:37:28.672+0000] {processor.py:925} INFO - DAG(s) 'example_xcom' retrieved from /home/airflow/.local/lib/python3.12/site-packages/airflow/example_dags/example_xcom.py
[2024-12-21T06:37:28.691+0000] {logging_mixin.py:190} INFO - [2024-12-21T06:37:28.691+0000] {dag.py:3239} INFO - Sync 1 DAGs
[2024-12-21T06:37:28.719+0000] {logging_mixin.py:190} INFO - [2024-12-21T06:37:28.719+0000] {dag.py:4180} INFO - Setting next_dagrun for example_xcom to 2021-01-01 00:00:00+00:00, run_after=2021-01-01 00:00:00+00:00
[2024-12-21T06:37:28.742+0000] {processor.py:208} INFO - Processing /home/airflow/.local/lib/python3.12/site-packages/airflow/example_dags/example_xcom.py took 0.085 seconds
[2024-12-21T06:38:00.453+0000] {processor.py:186} INFO - Started process (PID=505) to work on /home/airflow/.local/lib/python3.12/site-packages/airflow/example_dags/example_xcom.py
[2024-12-21T06:38:00.453+0000] {processor.py:914} INFO - Processing file /home/airflow/.local/lib/python3.12/site-packages/airflow/example_dags/example_xcom.py for tasks to queue
[2024-12-21T06:38:00.455+0000] {logging_mixin.py:190} INFO - [2024-12-21T06:38:00.455+0000] {dagbag.py:588} INFO - Filling up the DagBag from /home/airflow/.local/lib/python3.12/site-packages/airflow/example_dags/example_xcom.py
[2024-12-21T06:38:00.463+0000] {processor.py:925} INFO - DAG(s) 'example_xcom' retrieved from /home/airflow/.local/lib/python3.12/site-packages/airflow/example_dags/example_xcom.py
[2024-12-21T06:38:00.480+0000] {logging_mixin.py:190} INFO - [2024-12-21T06:38:00.480+0000] {dag.py:3239} INFO - Sync 1 DAGs
[2024-12-21T06:38:00.499+0000] {logging_mixin.py:190} INFO - [2024-12-21T06:38:00.499+0000] {dag.py:4180} INFO - Setting next_dagrun for example_xcom to 2021-01-01 00:00:00+00:00, run_after=2021-01-01 00:00:00+00:00
[2024-12-21T06:38:00.513+0000] {processor.py:208} INFO - Processing /home/airflow/.local/lib/python3.12/site-packages/airflow/example_dags/example_xcom.py took 0.067 seconds
[2024-12-21T06:38:31.968+0000] {processor.py:186} INFO - Started process (PID=570) to work on /home/airflow/.local/lib/python3.12/site-packages/airflow/example_dags/example_xcom.py
[2024-12-21T06:38:31.969+0000] {processor.py:914} INFO - Processing file /home/airflow/.local/lib/python3.12/site-packages/airflow/example_dags/example_xcom.py for tasks to queue
[2024-12-21T06:38:31.971+0000] {logging_mixin.py:190} INFO - [2024-12-21T06:38:31.971+0000] {dagbag.py:588} INFO - Filling up the DagBag from /home/airflow/.local/lib/python3.12/site-packages/airflow/example_dags/example_xcom.py
[2024-12-21T06:38:31.980+0000] {processor.py:925} INFO - DAG(s) 'example_xcom' retrieved from /home/airflow/.local/lib/python3.12/site-packages/airflow/example_dags/example_xcom.py
[2024-12-21T06:38:31.998+0000] {logging_mixin.py:190} INFO - [2024-12-21T06:38:31.998+0000] {dag.py:3239} INFO - Sync 1 DAGs
[2024-12-21T06:38:32.022+0000] {logging_mixin.py:190} INFO - [2024-12-21T06:38:32.022+0000] {dag.py:4180} INFO - Setting next_dagrun for example_xcom to 2021-01-01 00:00:00+00:00, run_after=2021-01-01 00:00:00+00:00
[2024-12-21T06:38:32.040+0000] {processor.py:208} INFO - Processing /home/airflow/.local/lib/python3.12/site-packages/airflow/example_dags/example_xcom.py took 0.077 seconds
[2024-12-21T06:39:02.697+0000] {processor.py:186} INFO - Started process (PID=635) to work on /home/airflow/.local/lib/python3.12/site-packages/airflow/example_dags/example_xcom.py
[2024-12-21T06:39:02.698+0000] {processor.py:914} INFO - Processing file /home/airflow/.local/lib/python3.12/site-packages/airflow/example_dags/example_xcom.py for tasks to queue
[2024-12-21T06:39:02.700+0000] {logging_mixin.py:190} INFO - [2024-12-21T06:39:02.699+0000] {dagbag.py:588} INFO - Filling up the DagBag from /home/airflow/.local/lib/python3.12/site-packages/airflow/example_dags/example_xcom.py
[2024-12-21T06:39:02.708+0000] {processor.py:925} INFO - DAG(s) 'example_xcom' retrieved from /home/airflow/.local/lib/python3.12/site-packages/airflow/example_dags/example_xcom.py
[2024-12-21T06:39:02.728+0000] {logging_mixin.py:190} INFO - [2024-12-21T06:39:02.728+0000] {dag.py:3239} INFO - Sync 1 DAGs
[2024-12-21T06:39:02.751+0000] {logging_mixin.py:190} INFO - [2024-12-21T06:39:02.751+0000] {dag.py:4180} INFO - Setting next_dagrun for example_xcom to 2021-01-01 00:00:00+00:00, run_after=2021-01-01 00:00:00+00:00
[2024-12-21T06:39:02.768+0000] {processor.py:208} INFO - Processing /home/airflow/.local/lib/python3.12/site-packages/airflow/example_dags/example_xcom.py took 0.076 seconds
[2024-12-21T06:39:33.561+0000] {processor.py:186} INFO - Started process (PID=701) to work on /home/airflow/.local/lib/python3.12/site-packages/airflow/example_dags/example_xcom.py
[2024-12-21T06:39:33.562+0000] {processor.py:914} INFO - Processing file /home/airflow/.local/lib/python3.12/site-packages/airflow/example_dags/example_xcom.py for tasks to queue
[2024-12-21T06:39:33.564+0000] {logging_mixin.py:190} INFO - [2024-12-21T06:39:33.564+0000] {dagbag.py:588} INFO - Filling up the DagBag from /home/airflow/.local/lib/python3.12/site-packages/airflow/example_dags/example_xcom.py
[2024-12-21T06:39:33.574+0000] {processor.py:925} INFO - DAG(s) 'example_xcom' retrieved from /home/airflow/.local/lib/python3.12/site-packages/airflow/example_dags/example_xcom.py
[2024-12-21T06:39:33.593+0000] {logging_mixin.py:190} INFO - [2024-12-21T06:39:33.593+0000] {dag.py:3239} INFO - Sync 1 DAGs
[2024-12-21T06:39:33.613+0000] {logging_mixin.py:190} INFO - [2024-12-21T06:39:33.613+0000] {dag.py:4180} INFO - Setting next_dagrun for example_xcom to 2021-01-01 00:00:00+00:00, run_after=2021-01-01 00:00:00+00:00
[2024-12-21T06:39:33.629+0000] {processor.py:208} INFO - Processing /home/airflow/.local/lib/python3.12/site-packages/airflow/example_dags/example_xcom.py took 0.074 seconds
[2024-12-21T06:40:04.756+0000] {processor.py:186} INFO - Started process (PID=766) to work on /home/airflow/.local/lib/python3.12/site-packages/airflow/example_dags/example_xcom.py
[2024-12-21T06:40:04.757+0000] {processor.py:914} INFO - Processing file /home/airflow/.local/lib/python3.12/site-packages/airflow/example_dags/example_xcom.py for tasks to queue
[2024-12-21T06:40:04.760+0000] {logging_mixin.py:190} INFO - [2024-12-21T06:40:04.759+0000] {dagbag.py:588} INFO - Filling up the DagBag from /home/airflow/.local/lib/python3.12/site-packages/airflow/example_dags/example_xcom.py
[2024-12-21T06:40:04.770+0000] {processor.py:925} INFO - DAG(s) 'example_xcom' retrieved from /home/airflow/.local/lib/python3.12/site-packages/airflow/example_dags/example_xcom.py
[2024-12-21T06:40:04.792+0000] {logging_mixin.py:190} INFO - [2024-12-21T06:40:04.792+0000] {dag.py:3239} INFO - Sync 1 DAGs
[2024-12-21T06:40:04.820+0000] {logging_mixin.py:190} INFO - [2024-12-21T06:40:04.820+0000] {dag.py:4180} INFO - Setting next_dagrun for example_xcom to 2021-01-01 00:00:00+00:00, run_after=2021-01-01 00:00:00+00:00
[2024-12-21T06:40:04.837+0000] {processor.py:208} INFO - Processing /home/airflow/.local/lib/python3.12/site-packages/airflow/example_dags/example_xcom.py took 0.088 seconds
[2024-12-21T06:40:35.516+0000] {processor.py:186} INFO - Started process (PID=831) to work on /home/airflow/.local/lib/python3.12/site-packages/airflow/example_dags/example_xcom.py
[2024-12-21T06:40:35.516+0000] {processor.py:914} INFO - Processing file /home/airflow/.local/lib/python3.12/site-packages/airflow/example_dags/example_xcom.py for tasks to queue
[2024-12-21T06:40:35.518+0000] {logging_mixin.py:190} INFO - [2024-12-21T06:40:35.518+0000] {dagbag.py:588} INFO - Filling up the DagBag from /home/airflow/.local/lib/python3.12/site-packages/airflow/example_dags/example_xcom.py
[2024-12-21T06:40:35.527+0000] {processor.py:925} INFO - DAG(s) 'example_xcom' retrieved from /home/airflow/.local/lib/python3.12/site-packages/airflow/example_dags/example_xcom.py
[2024-12-21T06:40:35.546+0000] {logging_mixin.py:190} INFO - [2024-12-21T06:40:35.546+0000] {dag.py:3239} INFO - Sync 1 DAGs
[2024-12-21T06:40:35.569+0000] {logging_mixin.py:190} INFO - [2024-12-21T06:40:35.568+0000] {dag.py:4180} INFO - Setting next_dagrun for example_xcom to 2021-01-01 00:00:00+00:00, run_after=2021-01-01 00:00:00+00:00
[2024-12-21T06:40:35.586+0000] {processor.py:208} INFO - Processing /home/airflow/.local/lib/python3.12/site-packages/airflow/example_dags/example_xcom.py took 0.076 seconds
[2024-12-21T06:41:06.470+0000] {processor.py:186} INFO - Started process (PID=896) to work on /home/airflow/.local/lib/python3.12/site-packages/airflow/example_dags/example_xcom.py
[2024-12-21T06:41:06.471+0000] {processor.py:914} INFO - Processing file /home/airflow/.local/lib/python3.12/site-packages/airflow/example_dags/example_xcom.py for tasks to queue
[2024-12-21T06:41:06.473+0000] {logging_mixin.py:190} INFO - [2024-12-21T06:41:06.472+0000] {dagbag.py:588} INFO - Filling up the DagBag from /home/airflow/.local/lib/python3.12/site-packages/airflow/example_dags/example_xcom.py
[2024-12-21T06:41:06.482+0000] {processor.py:925} INFO - DAG(s) 'example_xcom' retrieved from /home/airflow/.local/lib/python3.12/site-packages/airflow/example_dags/example_xcom.py
[2024-12-21T06:41:06.507+0000] {logging_mixin.py:190} INFO - [2024-12-21T06:41:06.507+0000] {dag.py:3239} INFO - Sync 1 DAGs
[2024-12-21T06:41:06.532+0000] {logging_mixin.py:190} INFO - [2024-12-21T06:41:06.532+0000] {dag.py:4180} INFO - Setting next_dagrun for example_xcom to 2021-01-01 00:00:00+00:00, run_after=2021-01-01 00:00:00+00:00
[2024-12-21T06:41:06.552+0000] {processor.py:208} INFO - Processing /home/airflow/.local/lib/python3.12/site-packages/airflow/example_dags/example_xcom.py took 0.088 seconds
[2024-12-21T06:41:37.811+0000] {processor.py:186} INFO - Started process (PID=961) to work on /home/airflow/.local/lib/python3.12/site-packages/airflow/example_dags/example_xcom.py
[2024-12-21T06:41:37.812+0000] {processor.py:914} INFO - Processing file /home/airflow/.local/lib/python3.12/site-packages/airflow/example_dags/example_xcom.py for tasks to queue
[2024-12-21T06:41:37.813+0000] {logging_mixin.py:190} INFO - [2024-12-21T06:41:37.813+0000] {dagbag.py:588} INFO - Filling up the DagBag from /home/airflow/.local/lib/python3.12/site-packages/airflow/example_dags/example_xcom.py
[2024-12-21T06:41:37.821+0000] {processor.py:925} INFO - DAG(s) 'example_xcom' retrieved from /home/airflow/.local/lib/python3.12/site-packages/airflow/example_dags/example_xcom.py
[2024-12-21T06:41:37.839+0000] {logging_mixin.py:190} INFO - [2024-12-21T06:41:37.839+0000] {dag.py:3239} INFO - Sync 1 DAGs
[2024-12-21T06:41:37.862+0000] {logging_mixin.py:190} INFO - [2024-12-21T06:41:37.862+0000] {dag.py:4180} INFO - Setting next_dagrun for example_xcom to 2021-01-01 00:00:00+00:00, run_after=2021-01-01 00:00:00+00:00
[2024-12-21T06:41:37.877+0000] {processor.py:208} INFO - Processing /home/airflow/.local/lib/python3.12/site-packages/airflow/example_dags/example_xcom.py took 0.071 seconds
[2024-12-21T06:42:09.335+0000] {processor.py:186} INFO - Started process (PID=1026) to work on /home/airflow/.local/lib/python3.12/site-packages/airflow/example_dags/example_xcom.py
[2024-12-21T06:42:09.336+0000] {processor.py:914} INFO - Processing file /home/airflow/.local/lib/python3.12/site-packages/airflow/example_dags/example_xcom.py for tasks to queue
[2024-12-21T06:42:09.338+0000] {logging_mixin.py:190} INFO - [2024-12-21T06:42:09.338+0000] {dagbag.py:588} INFO - Filling up the DagBag from /home/airflow/.local/lib/python3.12/site-packages/airflow/example_dags/example_xcom.py
[2024-12-21T06:42:09.349+0000] {processor.py:925} INFO - DAG(s) 'example_xcom' retrieved from /home/airflow/.local/lib/python3.12/site-packages/airflow/example_dags/example_xcom.py
[2024-12-21T06:42:09.375+0000] {logging_mixin.py:190} INFO - [2024-12-21T06:42:09.374+0000] {dag.py:3239} INFO - Sync 1 DAGs
[2024-12-21T06:42:09.399+0000] {logging_mixin.py:190} INFO - [2024-12-21T06:42:09.399+0000] {dag.py:4180} INFO - Setting next_dagrun for example_xcom to 2021-01-01 00:00:00+00:00, run_after=2021-01-01 00:00:00+00:00
[2024-12-21T06:42:09.420+0000] {processor.py:208} INFO - Processing /home/airflow/.local/lib/python3.12/site-packages/airflow/example_dags/example_xcom.py took 0.093 seconds
[2024-12-21T06:42:40.778+0000] {processor.py:186} INFO - Started process (PID=1091) to work on /home/airflow/.local/lib/python3.12/site-packages/airflow/example_dags/example_xcom.py
[2024-12-21T06:42:40.778+0000] {processor.py:914} INFO - Processing file /home/airflow/.local/lib/python3.12/site-packages/airflow/example_dags/example_xcom.py for tasks to queue
[2024-12-21T06:42:40.780+0000] {logging_mixin.py:190} INFO - [2024-12-21T06:42:40.780+0000] {dagbag.py:588} INFO - Filling up the DagBag from /home/airflow/.local/lib/python3.12/site-packages/airflow/example_dags/example_xcom.py
[2024-12-21T06:42:40.788+0000] {processor.py:925} INFO - DAG(s) 'example_xcom' retrieved from /home/airflow/.local/lib/python3.12/site-packages/airflow/example_dags/example_xcom.py
[2024-12-21T06:42:40.805+0000] {logging_mixin.py:190} INFO - [2024-12-21T06:42:40.805+0000] {dag.py:3239} INFO - Sync 1 DAGs
[2024-12-21T06:42:40.824+0000] {logging_mixin.py:190} INFO - [2024-12-21T06:42:40.824+0000] {dag.py:4180} INFO - Setting next_dagrun for example_xcom to 2021-01-01 00:00:00+00:00, run_after=2021-01-01 00:00:00+00:00
[2024-12-21T06:42:40.838+0000] {processor.py:208} INFO - Processing /home/airflow/.local/lib/python3.12/site-packages/airflow/example_dags/example_xcom.py took 0.065 seconds
[2024-12-21T06:43:12.365+0000] {processor.py:186} INFO - Started process (PID=1156) to work on /home/airflow/.local/lib/python3.12/site-packages/airflow/example_dags/example_xcom.py
[2024-12-21T06:43:12.366+0000] {processor.py:914} INFO - Processing file /home/airflow/.local/lib/python3.12/site-packages/airflow/example_dags/example_xcom.py for tasks to queue
[2024-12-21T06:43:12.367+0000] {logging_mixin.py:190} INFO - [2024-12-21T06:43:12.367+0000] {dagbag.py:588} INFO - Filling up the DagBag from /home/airflow/.local/lib/python3.12/site-packages/airflow/example_dags/example_xcom.py
[2024-12-21T06:43:12.375+0000] {processor.py:925} INFO - DAG(s) 'example_xcom' retrieved from /home/airflow/.local/lib/python3.12/site-packages/airflow/example_dags/example_xcom.py
[2024-12-21T06:43:12.393+0000] {logging_mixin.py:190} INFO - [2024-12-21T06:43:12.393+0000] {dag.py:3239} INFO - Sync 1 DAGs
[2024-12-21T06:43:12.413+0000] {logging_mixin.py:190} INFO - [2024-12-21T06:43:12.413+0000] {dag.py:4180} INFO - Setting next_dagrun for example_xcom to 2021-01-01 00:00:00+00:00, run_after=2021-01-01 00:00:00+00:00
[2024-12-21T06:43:12.429+0000] {processor.py:208} INFO - Processing /home/airflow/.local/lib/python3.12/site-packages/airflow/example_dags/example_xcom.py took 0.070 seconds
[2024-12-21T06:43:43.768+0000] {processor.py:186} INFO - Started process (PID=1221) to work on /home/airflow/.local/lib/python3.12/site-packages/airflow/example_dags/example_xcom.py
[2024-12-21T06:43:43.769+0000] {processor.py:914} INFO - Processing file /home/airflow/.local/lib/python3.12/site-packages/airflow/example_dags/example_xcom.py for tasks to queue
[2024-12-21T06:43:43.771+0000] {logging_mixin.py:190} INFO - [2024-12-21T06:43:43.771+0000] {dagbag.py:588} INFO - Filling up the DagBag from /home/airflow/.local/lib/python3.12/site-packages/airflow/example_dags/example_xcom.py
[2024-12-21T06:43:43.779+0000] {processor.py:925} INFO - DAG(s) 'example_xcom' retrieved from /home/airflow/.local/lib/python3.12/site-packages/airflow/example_dags/example_xcom.py
[2024-12-21T06:43:43.798+0000] {logging_mixin.py:190} INFO - [2024-12-21T06:43:43.798+0000] {dag.py:3239} INFO - Sync 1 DAGs
[2024-12-21T06:43:43.820+0000] {logging_mixin.py:190} INFO - [2024-12-21T06:43:43.820+0000] {dag.py:4180} INFO - Setting next_dagrun for example_xcom to 2021-01-01 00:00:00+00:00, run_after=2021-01-01 00:00:00+00:00
[2024-12-21T06:43:43.835+0000] {processor.py:208} INFO - Processing /home/airflow/.local/lib/python3.12/site-packages/airflow/example_dags/example_xcom.py took 0.071 seconds
[2024-12-21T06:44:14.514+0000] {processor.py:186} INFO - Started process (PID=1286) to work on /home/airflow/.local/lib/python3.12/site-packages/airflow/example_dags/example_xcom.py
[2024-12-21T06:44:14.515+0000] {processor.py:914} INFO - Processing file /home/airflow/.local/lib/python3.12/site-packages/airflow/example_dags/example_xcom.py for tasks to queue
[2024-12-21T06:44:14.517+0000] {logging_mixin.py:190} INFO - [2024-12-21T06:44:14.517+0000] {dagbag.py:588} INFO - Filling up the DagBag from /home/airflow/.local/lib/python3.12/site-packages/airflow/example_dags/example_xcom.py
[2024-12-21T06:44:14.526+0000] {processor.py:925} INFO - DAG(s) 'example_xcom' retrieved from /home/airflow/.local/lib/python3.12/site-packages/airflow/example_dags/example_xcom.py
[2024-12-21T06:44:14.547+0000] {logging_mixin.py:190} INFO - [2024-12-21T06:44:14.547+0000] {dag.py:3239} INFO - Sync 1 DAGs
[2024-12-21T06:44:14.569+0000] {logging_mixin.py:190} INFO - [2024-12-21T06:44:14.569+0000] {dag.py:4180} INFO - Setting next_dagrun for example_xcom to 2021-01-01 00:00:00+00:00, run_after=2021-01-01 00:00:00+00:00
[2024-12-21T06:44:14.586+0000] {processor.py:208} INFO - Processing /home/airflow/.local/lib/python3.12/site-packages/airflow/example_dags/example_xcom.py took 0.077 seconds
[2024-12-21T06:45:47.667+0000] {processor.py:186} INFO - Started process (PID=123) to work on /home/airflow/.local/lib/python3.12/site-packages/airflow/example_dags/example_xcom.py
[2024-12-21T06:45:47.668+0000] {processor.py:914} INFO - Processing file /home/airflow/.local/lib/python3.12/site-packages/airflow/example_dags/example_xcom.py for tasks to queue
[2024-12-21T06:45:47.671+0000] {logging_mixin.py:190} INFO - [2024-12-21T06:45:47.671+0000] {dagbag.py:588} INFO - Filling up the DagBag from /home/airflow/.local/lib/python3.12/site-packages/airflow/example_dags/example_xcom.py
[2024-12-21T06:45:47.683+0000] {processor.py:925} INFO - DAG(s) 'example_xcom' retrieved from /home/airflow/.local/lib/python3.12/site-packages/airflow/example_dags/example_xcom.py
[2024-12-21T06:45:47.707+0000] {logging_mixin.py:190} INFO - [2024-12-21T06:45:47.706+0000] {dag.py:3239} INFO - Sync 1 DAGs
[2024-12-21T06:45:47.753+0000] {logging_mixin.py:190} INFO - [2024-12-21T06:45:47.753+0000] {dag.py:4180} INFO - Setting next_dagrun for example_xcom to 2021-01-01 00:00:00+00:00, run_after=2021-01-01 00:00:00+00:00
[2024-12-21T06:45:47.789+0000] {processor.py:208} INFO - Processing /home/airflow/.local/lib/python3.12/site-packages/airflow/example_dags/example_xcom.py took 0.131 seconds
[2024-12-21T06:46:18.085+0000] {processor.py:186} INFO - Started process (PID=188) to work on /home/airflow/.local/lib/python3.12/site-packages/airflow/example_dags/example_xcom.py
[2024-12-21T06:46:18.085+0000] {processor.py:914} INFO - Processing file /home/airflow/.local/lib/python3.12/site-packages/airflow/example_dags/example_xcom.py for tasks to queue
[2024-12-21T06:46:18.087+0000] {logging_mixin.py:190} INFO - [2024-12-21T06:46:18.087+0000] {dagbag.py:588} INFO - Filling up the DagBag from /home/airflow/.local/lib/python3.12/site-packages/airflow/example_dags/example_xcom.py
[2024-12-21T06:46:18.097+0000] {processor.py:925} INFO - DAG(s) 'example_xcom' retrieved from /home/airflow/.local/lib/python3.12/site-packages/airflow/example_dags/example_xcom.py
[2024-12-21T06:46:18.118+0000] {logging_mixin.py:190} INFO - [2024-12-21T06:46:18.118+0000] {dag.py:3239} INFO - Sync 1 DAGs
[2024-12-21T06:46:18.142+0000] {logging_mixin.py:190} INFO - [2024-12-21T06:46:18.141+0000] {dag.py:4180} INFO - Setting next_dagrun for example_xcom to 2021-01-01 00:00:00+00:00, run_after=2021-01-01 00:00:00+00:00
[2024-12-21T06:46:18.158+0000] {processor.py:208} INFO - Processing /home/airflow/.local/lib/python3.12/site-packages/airflow/example_dags/example_xcom.py took 0.080 seconds
[2024-12-21T06:46:48.423+0000] {processor.py:186} INFO - Started process (PID=253) to work on /home/airflow/.local/lib/python3.12/site-packages/airflow/example_dags/example_xcom.py
[2024-12-21T06:46:48.424+0000] {processor.py:914} INFO - Processing file /home/airflow/.local/lib/python3.12/site-packages/airflow/example_dags/example_xcom.py for tasks to queue
[2024-12-21T06:46:48.426+0000] {logging_mixin.py:190} INFO - [2024-12-21T06:46:48.426+0000] {dagbag.py:588} INFO - Filling up the DagBag from /home/airflow/.local/lib/python3.12/site-packages/airflow/example_dags/example_xcom.py
[2024-12-21T06:46:48.436+0000] {processor.py:925} INFO - DAG(s) 'example_xcom' retrieved from /home/airflow/.local/lib/python3.12/site-packages/airflow/example_dags/example_xcom.py
[2024-12-21T06:46:48.457+0000] {logging_mixin.py:190} INFO - [2024-12-21T06:46:48.457+0000] {dag.py:3239} INFO - Sync 1 DAGs
[2024-12-21T06:46:48.480+0000] {logging_mixin.py:190} INFO - [2024-12-21T06:46:48.480+0000] {dag.py:4180} INFO - Setting next_dagrun for example_xcom to 2021-01-01 00:00:00+00:00, run_after=2021-01-01 00:00:00+00:00
[2024-12-21T06:46:48.499+0000] {processor.py:208} INFO - Processing /home/airflow/.local/lib/python3.12/site-packages/airflow/example_dags/example_xcom.py took 0.081 seconds
[2024-12-21T06:47:19.244+0000] {processor.py:186} INFO - Started process (PID=317) to work on /home/airflow/.local/lib/python3.12/site-packages/airflow/example_dags/example_xcom.py
[2024-12-21T06:47:19.245+0000] {processor.py:914} INFO - Processing file /home/airflow/.local/lib/python3.12/site-packages/airflow/example_dags/example_xcom.py for tasks to queue
[2024-12-21T06:47:19.247+0000] {logging_mixin.py:190} INFO - [2024-12-21T06:47:19.247+0000] {dagbag.py:588} INFO - Filling up the DagBag from /home/airflow/.local/lib/python3.12/site-packages/airflow/example_dags/example_xcom.py
[2024-12-21T06:47:19.255+0000] {processor.py:925} INFO - DAG(s) 'example_xcom' retrieved from /home/airflow/.local/lib/python3.12/site-packages/airflow/example_dags/example_xcom.py
[2024-12-21T06:47:19.273+0000] {logging_mixin.py:190} INFO - [2024-12-21T06:47:19.272+0000] {dag.py:3239} INFO - Sync 1 DAGs
[2024-12-21T06:47:19.291+0000] {logging_mixin.py:190} INFO - [2024-12-21T06:47:19.291+0000] {dag.py:4180} INFO - Setting next_dagrun for example_xcom to 2021-01-01 00:00:00+00:00, run_after=2021-01-01 00:00:00+00:00
[2024-12-21T06:47:19.306+0000] {processor.py:208} INFO - Processing /home/airflow/.local/lib/python3.12/site-packages/airflow/example_dags/example_xcom.py took 0.066 seconds
[2024-12-21T06:47:50.205+0000] {processor.py:186} INFO - Started process (PID=382) to work on /home/airflow/.local/lib/python3.12/site-packages/airflow/example_dags/example_xcom.py
[2024-12-21T06:47:50.205+0000] {processor.py:914} INFO - Processing file /home/airflow/.local/lib/python3.12/site-packages/airflow/example_dags/example_xcom.py for tasks to queue
[2024-12-21T06:47:50.207+0000] {logging_mixin.py:190} INFO - [2024-12-21T06:47:50.207+0000] {dagbag.py:588} INFO - Filling up the DagBag from /home/airflow/.local/lib/python3.12/site-packages/airflow/example_dags/example_xcom.py
[2024-12-21T06:47:50.217+0000] {processor.py:925} INFO - DAG(s) 'example_xcom' retrieved from /home/airflow/.local/lib/python3.12/site-packages/airflow/example_dags/example_xcom.py
[2024-12-21T06:47:50.237+0000] {logging_mixin.py:190} INFO - [2024-12-21T06:47:50.236+0000] {dag.py:3239} INFO - Sync 1 DAGs
[2024-12-21T06:47:50.260+0000] {logging_mixin.py:190} INFO - [2024-12-21T06:47:50.259+0000] {dag.py:4180} INFO - Setting next_dagrun for example_xcom to 2021-01-01 00:00:00+00:00, run_after=2021-01-01 00:00:00+00:00
[2024-12-21T06:47:50.276+0000] {processor.py:208} INFO - Processing /home/airflow/.local/lib/python3.12/site-packages/airflow/example_dags/example_xcom.py took 0.077 seconds
[2024-12-21T06:48:20.854+0000] {processor.py:186} INFO - Started process (PID=447) to work on /home/airflow/.local/lib/python3.12/site-packages/airflow/example_dags/example_xcom.py
[2024-12-21T06:48:20.855+0000] {processor.py:914} INFO - Processing file /home/airflow/.local/lib/python3.12/site-packages/airflow/example_dags/example_xcom.py for tasks to queue
[2024-12-21T06:48:20.856+0000] {logging_mixin.py:190} INFO - [2024-12-21T06:48:20.856+0000] {dagbag.py:588} INFO - Filling up the DagBag from /home/airflow/.local/lib/python3.12/site-packages/airflow/example_dags/example_xcom.py
[2024-12-21T06:48:20.864+0000] {processor.py:925} INFO - DAG(s) 'example_xcom' retrieved from /home/airflow/.local/lib/python3.12/site-packages/airflow/example_dags/example_xcom.py
[2024-12-21T06:48:20.881+0000] {logging_mixin.py:190} INFO - [2024-12-21T06:48:20.880+0000] {dag.py:3239} INFO - Sync 1 DAGs
[2024-12-21T06:48:20.899+0000] {logging_mixin.py:190} INFO - [2024-12-21T06:48:20.899+0000] {dag.py:4180} INFO - Setting next_dagrun for example_xcom to 2021-01-01 00:00:00+00:00, run_after=2021-01-01 00:00:00+00:00
[2024-12-21T06:48:20.913+0000] {processor.py:208} INFO - Processing /home/airflow/.local/lib/python3.12/site-packages/airflow/example_dags/example_xcom.py took 0.064 seconds
[2024-12-21T06:48:51.935+0000] {processor.py:186} INFO - Started process (PID=512) to work on /home/airflow/.local/lib/python3.12/site-packages/airflow/example_dags/example_xcom.py
[2024-12-21T06:48:51.935+0000] {processor.py:914} INFO - Processing file /home/airflow/.local/lib/python3.12/site-packages/airflow/example_dags/example_xcom.py for tasks to queue
[2024-12-21T06:48:51.937+0000] {logging_mixin.py:190} INFO - [2024-12-21T06:48:51.937+0000] {dagbag.py:588} INFO - Filling up the DagBag from /home/airflow/.local/lib/python3.12/site-packages/airflow/example_dags/example_xcom.py
[2024-12-21T06:48:51.946+0000] {processor.py:925} INFO - DAG(s) 'example_xcom' retrieved from /home/airflow/.local/lib/python3.12/site-packages/airflow/example_dags/example_xcom.py
[2024-12-21T06:48:51.966+0000] {logging_mixin.py:190} INFO - [2024-12-21T06:48:51.966+0000] {dag.py:3239} INFO - Sync 1 DAGs
[2024-12-21T06:48:51.987+0000] {logging_mixin.py:190} INFO - [2024-12-21T06:48:51.987+0000] {dag.py:4180} INFO - Setting next_dagrun for example_xcom to 2021-01-01 00:00:00+00:00, run_after=2021-01-01 00:00:00+00:00
[2024-12-21T06:48:52.003+0000] {processor.py:208} INFO - Processing /home/airflow/.local/lib/python3.12/site-packages/airflow/example_dags/example_xcom.py took 0.074 seconds
[2024-12-21T06:49:23.491+0000] {processor.py:186} INFO - Started process (PID=577) to work on /home/airflow/.local/lib/python3.12/site-packages/airflow/example_dags/example_xcom.py
[2024-12-21T06:49:23.492+0000] {processor.py:914} INFO - Processing file /home/airflow/.local/lib/python3.12/site-packages/airflow/example_dags/example_xcom.py for tasks to queue
[2024-12-21T06:49:23.494+0000] {logging_mixin.py:190} INFO - [2024-12-21T06:49:23.494+0000] {dagbag.py:588} INFO - Filling up the DagBag from /home/airflow/.local/lib/python3.12/site-packages/airflow/example_dags/example_xcom.py
[2024-12-21T06:49:23.503+0000] {processor.py:925} INFO - DAG(s) 'example_xcom' retrieved from /home/airflow/.local/lib/python3.12/site-packages/airflow/example_dags/example_xcom.py
[2024-12-21T06:49:23.523+0000] {logging_mixin.py:190} INFO - [2024-12-21T06:49:23.523+0000] {dag.py:3239} INFO - Sync 1 DAGs
[2024-12-21T06:49:23.545+0000] {logging_mixin.py:190} INFO - [2024-12-21T06:49:23.545+0000] {dag.py:4180} INFO - Setting next_dagrun for example_xcom to 2021-01-01 00:00:00+00:00, run_after=2021-01-01 00:00:00+00:00
[2024-12-21T06:49:23.562+0000] {processor.py:208} INFO - Processing /home/airflow/.local/lib/python3.12/site-packages/airflow/example_dags/example_xcom.py took 0.076 seconds
[2024-12-21T06:49:54.959+0000] {processor.py:186} INFO - Started process (PID=642) to work on /home/airflow/.local/lib/python3.12/site-packages/airflow/example_dags/example_xcom.py
[2024-12-21T06:49:54.959+0000] {processor.py:914} INFO - Processing file /home/airflow/.local/lib/python3.12/site-packages/airflow/example_dags/example_xcom.py for tasks to queue
[2024-12-21T06:49:54.961+0000] {logging_mixin.py:190} INFO - [2024-12-21T06:49:54.961+0000] {dagbag.py:588} INFO - Filling up the DagBag from /home/airflow/.local/lib/python3.12/site-packages/airflow/example_dags/example_xcom.py
[2024-12-21T06:49:54.969+0000] {processor.py:925} INFO - DAG(s) 'example_xcom' retrieved from /home/airflow/.local/lib/python3.12/site-packages/airflow/example_dags/example_xcom.py
[2024-12-21T06:49:54.987+0000] {logging_mixin.py:190} INFO - [2024-12-21T06:49:54.987+0000] {dag.py:3239} INFO - Sync 1 DAGs
[2024-12-21T06:49:55.007+0000] {logging_mixin.py:190} INFO - [2024-12-21T06:49:55.007+0000] {dag.py:4180} INFO - Setting next_dagrun for example_xcom to 2021-01-01 00:00:00+00:00, run_after=2021-01-01 00:00:00+00:00
[2024-12-21T06:49:55.023+0000] {processor.py:208} INFO - Processing /home/airflow/.local/lib/python3.12/site-packages/airflow/example_dags/example_xcom.py took 0.069 seconds
[2024-12-21T06:50:25.808+0000] {processor.py:186} INFO - Started process (PID=707) to work on /home/airflow/.local/lib/python3.12/site-packages/airflow/example_dags/example_xcom.py
[2024-12-21T06:50:25.809+0000] {processor.py:914} INFO - Processing file /home/airflow/.local/lib/python3.12/site-packages/airflow/example_dags/example_xcom.py for tasks to queue
[2024-12-21T06:50:25.811+0000] {logging_mixin.py:190} INFO - [2024-12-21T06:50:25.811+0000] {dagbag.py:588} INFO - Filling up the DagBag from /home/airflow/.local/lib/python3.12/site-packages/airflow/example_dags/example_xcom.py
[2024-12-21T06:50:25.820+0000] {processor.py:925} INFO - DAG(s) 'example_xcom' retrieved from /home/airflow/.local/lib/python3.12/site-packages/airflow/example_dags/example_xcom.py
[2024-12-21T06:50:25.839+0000] {logging_mixin.py:190} INFO - [2024-12-21T06:50:25.839+0000] {dag.py:3239} INFO - Sync 1 DAGs
[2024-12-21T06:50:25.862+0000] {logging_mixin.py:190} INFO - [2024-12-21T06:50:25.862+0000] {dag.py:4180} INFO - Setting next_dagrun for example_xcom to 2021-01-01 00:00:00+00:00, run_after=2021-01-01 00:00:00+00:00
[2024-12-21T06:50:25.878+0000] {processor.py:208} INFO - Processing /home/airflow/.local/lib/python3.12/site-packages/airflow/example_dags/example_xcom.py took 0.074 seconds
[2024-12-21T06:50:57.149+0000] {processor.py:186} INFO - Started process (PID=772) to work on /home/airflow/.local/lib/python3.12/site-packages/airflow/example_dags/example_xcom.py
[2024-12-21T06:50:57.149+0000] {processor.py:914} INFO - Processing file /home/airflow/.local/lib/python3.12/site-packages/airflow/example_dags/example_xcom.py for tasks to queue
[2024-12-21T06:50:57.151+0000] {logging_mixin.py:190} INFO - [2024-12-21T06:50:57.151+0000] {dagbag.py:588} INFO - Filling up the DagBag from /home/airflow/.local/lib/python3.12/site-packages/airflow/example_dags/example_xcom.py
[2024-12-21T06:50:57.160+0000] {processor.py:925} INFO - DAG(s) 'example_xcom' retrieved from /home/airflow/.local/lib/python3.12/site-packages/airflow/example_dags/example_xcom.py
[2024-12-21T06:50:57.177+0000] {logging_mixin.py:190} INFO - [2024-12-21T06:50:57.177+0000] {dag.py:3239} INFO - Sync 1 DAGs
[2024-12-21T06:50:57.195+0000] {logging_mixin.py:190} INFO - [2024-12-21T06:50:57.195+0000] {dag.py:4180} INFO - Setting next_dagrun for example_xcom to 2021-01-01 00:00:00+00:00, run_after=2021-01-01 00:00:00+00:00
[2024-12-21T06:50:57.210+0000] {processor.py:208} INFO - Processing /home/airflow/.local/lib/python3.12/site-packages/airflow/example_dags/example_xcom.py took 0.066 seconds
[2024-12-21T06:51:28.189+0000] {processor.py:186} INFO - Started process (PID=837) to work on /home/airflow/.local/lib/python3.12/site-packages/airflow/example_dags/example_xcom.py
[2024-12-21T06:51:28.189+0000] {processor.py:914} INFO - Processing file /home/airflow/.local/lib/python3.12/site-packages/airflow/example_dags/example_xcom.py for tasks to queue
[2024-12-21T06:51:28.191+0000] {logging_mixin.py:190} INFO - [2024-12-21T06:51:28.191+0000] {dagbag.py:588} INFO - Filling up the DagBag from /home/airflow/.local/lib/python3.12/site-packages/airflow/example_dags/example_xcom.py
[2024-12-21T06:51:28.200+0000] {processor.py:925} INFO - DAG(s) 'example_xcom' retrieved from /home/airflow/.local/lib/python3.12/site-packages/airflow/example_dags/example_xcom.py
[2024-12-21T06:51:28.218+0000] {logging_mixin.py:190} INFO - [2024-12-21T06:51:28.218+0000] {dag.py:3239} INFO - Sync 1 DAGs
[2024-12-21T06:51:28.241+0000] {logging_mixin.py:190} INFO - [2024-12-21T06:51:28.240+0000] {dag.py:4180} INFO - Setting next_dagrun for example_xcom to 2021-01-01 00:00:00+00:00, run_after=2021-01-01 00:00:00+00:00
[2024-12-21T06:51:28.257+0000] {processor.py:208} INFO - Processing /home/airflow/.local/lib/python3.12/site-packages/airflow/example_dags/example_xcom.py took 0.073 seconds
[2024-12-21T06:51:58.969+0000] {processor.py:186} INFO - Started process (PID=902) to work on /home/airflow/.local/lib/python3.12/site-packages/airflow/example_dags/example_xcom.py
[2024-12-21T06:51:58.969+0000] {processor.py:914} INFO - Processing file /home/airflow/.local/lib/python3.12/site-packages/airflow/example_dags/example_xcom.py for tasks to queue
[2024-12-21T06:51:58.972+0000] {logging_mixin.py:190} INFO - [2024-12-21T06:51:58.971+0000] {dagbag.py:588} INFO - Filling up the DagBag from /home/airflow/.local/lib/python3.12/site-packages/airflow/example_dags/example_xcom.py
[2024-12-21T06:51:58.982+0000] {processor.py:925} INFO - DAG(s) 'example_xcom' retrieved from /home/airflow/.local/lib/python3.12/site-packages/airflow/example_dags/example_xcom.py
[2024-12-21T06:51:59.009+0000] {logging_mixin.py:190} INFO - [2024-12-21T06:51:59.008+0000] {dag.py:3239} INFO - Sync 1 DAGs
[2024-12-21T06:51:59.042+0000] {logging_mixin.py:190} INFO - [2024-12-21T06:51:59.042+0000] {dag.py:4180} INFO - Setting next_dagrun for example_xcom to 2021-01-01 00:00:00+00:00, run_after=2021-01-01 00:00:00+00:00
[2024-12-21T06:51:59.068+0000] {processor.py:208} INFO - Processing /home/airflow/.local/lib/python3.12/site-packages/airflow/example_dags/example_xcom.py took 0.106 seconds
[2024-12-21T06:52:30.658+0000] {processor.py:186} INFO - Started process (PID=967) to work on /home/airflow/.local/lib/python3.12/site-packages/airflow/example_dags/example_xcom.py
[2024-12-21T06:52:30.659+0000] {processor.py:914} INFO - Processing file /home/airflow/.local/lib/python3.12/site-packages/airflow/example_dags/example_xcom.py for tasks to queue
[2024-12-21T06:52:30.661+0000] {logging_mixin.py:190} INFO - [2024-12-21T06:52:30.660+0000] {dagbag.py:588} INFO - Filling up the DagBag from /home/airflow/.local/lib/python3.12/site-packages/airflow/example_dags/example_xcom.py
[2024-12-21T06:52:30.671+0000] {processor.py:925} INFO - DAG(s) 'example_xcom' retrieved from /home/airflow/.local/lib/python3.12/site-packages/airflow/example_dags/example_xcom.py
[2024-12-21T06:52:30.694+0000] {logging_mixin.py:190} INFO - [2024-12-21T06:52:30.694+0000] {dag.py:3239} INFO - Sync 1 DAGs
[2024-12-21T06:52:30.723+0000] {logging_mixin.py:190} INFO - [2024-12-21T06:52:30.723+0000] {dag.py:4180} INFO - Setting next_dagrun for example_xcom to 2021-01-01 00:00:00+00:00, run_after=2021-01-01 00:00:00+00:00
[2024-12-21T06:52:30.746+0000] {processor.py:208} INFO - Processing /home/airflow/.local/lib/python3.12/site-packages/airflow/example_dags/example_xcom.py took 0.094 seconds
[2024-12-21T06:53:01.814+0000] {processor.py:186} INFO - Started process (PID=1032) to work on /home/airflow/.local/lib/python3.12/site-packages/airflow/example_dags/example_xcom.py
[2024-12-21T06:53:01.815+0000] {processor.py:914} INFO - Processing file /home/airflow/.local/lib/python3.12/site-packages/airflow/example_dags/example_xcom.py for tasks to queue
[2024-12-21T06:53:01.817+0000] {logging_mixin.py:190} INFO - [2024-12-21T06:53:01.817+0000] {dagbag.py:588} INFO - Filling up the DagBag from /home/airflow/.local/lib/python3.12/site-packages/airflow/example_dags/example_xcom.py
[2024-12-21T06:53:01.825+0000] {processor.py:925} INFO - DAG(s) 'example_xcom' retrieved from /home/airflow/.local/lib/python3.12/site-packages/airflow/example_dags/example_xcom.py
[2024-12-21T06:53:01.841+0000] {logging_mixin.py:190} INFO - [2024-12-21T06:53:01.841+0000] {dag.py:3239} INFO - Sync 1 DAGs
[2024-12-21T06:53:01.858+0000] {logging_mixin.py:190} INFO - [2024-12-21T06:53:01.858+0000] {dag.py:4180} INFO - Setting next_dagrun for example_xcom to 2021-01-01 00:00:00+00:00, run_after=2021-01-01 00:00:00+00:00
[2024-12-21T06:53:01.871+0000] {processor.py:208} INFO - Processing /home/airflow/.local/lib/python3.12/site-packages/airflow/example_dags/example_xcom.py took 0.061 seconds
[2024-12-21T06:53:32.932+0000] {processor.py:186} INFO - Started process (PID=1097) to work on /home/airflow/.local/lib/python3.12/site-packages/airflow/example_dags/example_xcom.py
[2024-12-21T06:53:32.933+0000] {processor.py:914} INFO - Processing file /home/airflow/.local/lib/python3.12/site-packages/airflow/example_dags/example_xcom.py for tasks to queue
[2024-12-21T06:53:32.935+0000] {logging_mixin.py:190} INFO - [2024-12-21T06:53:32.934+0000] {dagbag.py:588} INFO - Filling up the DagBag from /home/airflow/.local/lib/python3.12/site-packages/airflow/example_dags/example_xcom.py
[2024-12-21T06:53:32.943+0000] {processor.py:925} INFO - DAG(s) 'example_xcom' retrieved from /home/airflow/.local/lib/python3.12/site-packages/airflow/example_dags/example_xcom.py
[2024-12-21T06:53:32.959+0000] {logging_mixin.py:190} INFO - [2024-12-21T06:53:32.958+0000] {dag.py:3239} INFO - Sync 1 DAGs
[2024-12-21T06:53:32.976+0000] {logging_mixin.py:190} INFO - [2024-12-21T06:53:32.976+0000] {dag.py:4180} INFO - Setting next_dagrun for example_xcom to 2021-01-01 00:00:00+00:00, run_after=2021-01-01 00:00:00+00:00
[2024-12-21T06:53:32.990+0000] {processor.py:208} INFO - Processing /home/airflow/.local/lib/python3.12/site-packages/airflow/example_dags/example_xcom.py took 0.063 seconds
[2024-12-21T06:54:03.837+0000] {processor.py:186} INFO - Started process (PID=1163) to work on /home/airflow/.local/lib/python3.12/site-packages/airflow/example_dags/example_xcom.py
[2024-12-21T06:54:03.838+0000] {processor.py:914} INFO - Processing file /home/airflow/.local/lib/python3.12/site-packages/airflow/example_dags/example_xcom.py for tasks to queue
[2024-12-21T06:54:03.839+0000] {logging_mixin.py:190} INFO - [2024-12-21T06:54:03.839+0000] {dagbag.py:588} INFO - Filling up the DagBag from /home/airflow/.local/lib/python3.12/site-packages/airflow/example_dags/example_xcom.py
[2024-12-21T06:54:03.848+0000] {processor.py:925} INFO - DAG(s) 'example_xcom' retrieved from /home/airflow/.local/lib/python3.12/site-packages/airflow/example_dags/example_xcom.py
[2024-12-21T06:54:03.866+0000] {logging_mixin.py:190} INFO - [2024-12-21T06:54:03.866+0000] {dag.py:3239} INFO - Sync 1 DAGs
[2024-12-21T06:54:03.885+0000] {logging_mixin.py:190} INFO - [2024-12-21T06:54:03.885+0000] {dag.py:4180} INFO - Setting next_dagrun for example_xcom to 2021-01-01 00:00:00+00:00, run_after=2021-01-01 00:00:00+00:00
[2024-12-21T06:54:03.899+0000] {processor.py:208} INFO - Processing /home/airflow/.local/lib/python3.12/site-packages/airflow/example_dags/example_xcom.py took 0.067 seconds
[2024-12-21T06:54:34.558+0000] {processor.py:186} INFO - Started process (PID=1227) to work on /home/airflow/.local/lib/python3.12/site-packages/airflow/example_dags/example_xcom.py
[2024-12-21T06:54:34.559+0000] {processor.py:914} INFO - Processing file /home/airflow/.local/lib/python3.12/site-packages/airflow/example_dags/example_xcom.py for tasks to queue
[2024-12-21T06:54:34.561+0000] {logging_mixin.py:190} INFO - [2024-12-21T06:54:34.560+0000] {dagbag.py:588} INFO - Filling up the DagBag from /home/airflow/.local/lib/python3.12/site-packages/airflow/example_dags/example_xcom.py
[2024-12-21T06:54:34.569+0000] {processor.py:925} INFO - DAG(s) 'example_xcom' retrieved from /home/airflow/.local/lib/python3.12/site-packages/airflow/example_dags/example_xcom.py
[2024-12-21T06:54:34.585+0000] {logging_mixin.py:190} INFO - [2024-12-21T06:54:34.584+0000] {dag.py:3239} INFO - Sync 1 DAGs
[2024-12-21T06:54:34.604+0000] {logging_mixin.py:190} INFO - [2024-12-21T06:54:34.604+0000] {dag.py:4180} INFO - Setting next_dagrun for example_xcom to 2021-01-01 00:00:00+00:00, run_after=2021-01-01 00:00:00+00:00
[2024-12-21T06:54:34.619+0000] {processor.py:208} INFO - Processing /home/airflow/.local/lib/python3.12/site-packages/airflow/example_dags/example_xcom.py took 0.066 seconds
[2024-12-21T06:55:05.611+0000] {processor.py:186} INFO - Started process (PID=1292) to work on /home/airflow/.local/lib/python3.12/site-packages/airflow/example_dags/example_xcom.py
[2024-12-21T06:55:05.612+0000] {processor.py:914} INFO - Processing file /home/airflow/.local/lib/python3.12/site-packages/airflow/example_dags/example_xcom.py for tasks to queue
[2024-12-21T06:55:05.613+0000] {logging_mixin.py:190} INFO - [2024-12-21T06:55:05.613+0000] {dagbag.py:588} INFO - Filling up the DagBag from /home/airflow/.local/lib/python3.12/site-packages/airflow/example_dags/example_xcom.py
[2024-12-21T06:55:05.622+0000] {processor.py:925} INFO - DAG(s) 'example_xcom' retrieved from /home/airflow/.local/lib/python3.12/site-packages/airflow/example_dags/example_xcom.py
[2024-12-21T06:55:05.640+0000] {logging_mixin.py:190} INFO - [2024-12-21T06:55:05.639+0000] {dag.py:3239} INFO - Sync 1 DAGs
[2024-12-21T06:55:05.662+0000] {logging_mixin.py:190} INFO - [2024-12-21T06:55:05.661+0000] {dag.py:4180} INFO - Setting next_dagrun for example_xcom to 2021-01-01 00:00:00+00:00, run_after=2021-01-01 00:00:00+00:00
[2024-12-21T06:55:05.677+0000] {processor.py:208} INFO - Processing /home/airflow/.local/lib/python3.12/site-packages/airflow/example_dags/example_xcom.py took 0.071 seconds
[2024-12-21T06:55:36.520+0000] {processor.py:186} INFO - Started process (PID=1357) to work on /home/airflow/.local/lib/python3.12/site-packages/airflow/example_dags/example_xcom.py
[2024-12-21T06:55:36.521+0000] {processor.py:914} INFO - Processing file /home/airflow/.local/lib/python3.12/site-packages/airflow/example_dags/example_xcom.py for tasks to queue
[2024-12-21T06:55:36.523+0000] {logging_mixin.py:190} INFO - [2024-12-21T06:55:36.522+0000] {dagbag.py:588} INFO - Filling up the DagBag from /home/airflow/.local/lib/python3.12/site-packages/airflow/example_dags/example_xcom.py
[2024-12-21T06:55:36.531+0000] {processor.py:925} INFO - DAG(s) 'example_xcom' retrieved from /home/airflow/.local/lib/python3.12/site-packages/airflow/example_dags/example_xcom.py
[2024-12-21T06:55:36.550+0000] {logging_mixin.py:190} INFO - [2024-12-21T06:55:36.550+0000] {dag.py:3239} INFO - Sync 1 DAGs
[2024-12-21T06:55:36.572+0000] {logging_mixin.py:190} INFO - [2024-12-21T06:55:36.571+0000] {dag.py:4180} INFO - Setting next_dagrun for example_xcom to 2021-01-01 00:00:00+00:00, run_after=2021-01-01 00:00:00+00:00
[2024-12-21T06:55:36.587+0000] {processor.py:208} INFO - Processing /home/airflow/.local/lib/python3.12/site-packages/airflow/example_dags/example_xcom.py took 0.072 seconds
[2024-12-21T06:56:07.317+0000] {processor.py:186} INFO - Started process (PID=1423) to work on /home/airflow/.local/lib/python3.12/site-packages/airflow/example_dags/example_xcom.py
[2024-12-21T06:56:07.317+0000] {processor.py:914} INFO - Processing file /home/airflow/.local/lib/python3.12/site-packages/airflow/example_dags/example_xcom.py for tasks to queue
[2024-12-21T06:56:07.319+0000] {logging_mixin.py:190} INFO - [2024-12-21T06:56:07.319+0000] {dagbag.py:588} INFO - Filling up the DagBag from /home/airflow/.local/lib/python3.12/site-packages/airflow/example_dags/example_xcom.py
[2024-12-21T06:56:07.328+0000] {processor.py:925} INFO - DAG(s) 'example_xcom' retrieved from /home/airflow/.local/lib/python3.12/site-packages/airflow/example_dags/example_xcom.py
[2024-12-21T06:56:07.347+0000] {logging_mixin.py:190} INFO - [2024-12-21T06:56:07.347+0000] {dag.py:3239} INFO - Sync 1 DAGs
[2024-12-21T06:56:07.367+0000] {logging_mixin.py:190} INFO - [2024-12-21T06:56:07.367+0000] {dag.py:4180} INFO - Setting next_dagrun for example_xcom to 2021-01-01 00:00:00+00:00, run_after=2021-01-01 00:00:00+00:00
[2024-12-21T06:56:07.392+0000] {processor.py:208} INFO - Processing /home/airflow/.local/lib/python3.12/site-packages/airflow/example_dags/example_xcom.py took 0.081 seconds
[2024-12-21T06:57:22.894+0000] {processor.py:186} INFO - Started process (PID=110) to work on /home/airflow/.local/lib/python3.12/site-packages/airflow/example_dags/example_xcom.py
[2024-12-21T06:57:22.895+0000] {processor.py:914} INFO - Processing file /home/airflow/.local/lib/python3.12/site-packages/airflow/example_dags/example_xcom.py for tasks to queue
[2024-12-21T06:57:22.897+0000] {logging_mixin.py:190} INFO - [2024-12-21T06:57:22.896+0000] {dagbag.py:588} INFO - Filling up the DagBag from /home/airflow/.local/lib/python3.12/site-packages/airflow/example_dags/example_xcom.py
[2024-12-21T06:57:22.904+0000] {processor.py:925} INFO - DAG(s) 'example_xcom' retrieved from /home/airflow/.local/lib/python3.12/site-packages/airflow/example_dags/example_xcom.py
[2024-12-21T06:57:22.921+0000] {logging_mixin.py:190} INFO - [2024-12-21T06:57:22.921+0000] {dag.py:3239} INFO - Sync 1 DAGs
[2024-12-21T06:57:22.938+0000] {logging_mixin.py:190} INFO - [2024-12-21T06:57:22.938+0000] {dag.py:4180} INFO - Setting next_dagrun for example_xcom to 2021-01-01 00:00:00+00:00, run_after=2021-01-01 00:00:00+00:00
[2024-12-21T06:57:22.951+0000] {processor.py:208} INFO - Processing /home/airflow/.local/lib/python3.12/site-packages/airflow/example_dags/example_xcom.py took 0.061 seconds
[2024-12-21T06:57:53.728+0000] {processor.py:186} INFO - Started process (PID=175) to work on /home/airflow/.local/lib/python3.12/site-packages/airflow/example_dags/example_xcom.py
[2024-12-21T06:57:53.729+0000] {processor.py:914} INFO - Processing file /home/airflow/.local/lib/python3.12/site-packages/airflow/example_dags/example_xcom.py for tasks to queue
[2024-12-21T06:57:53.731+0000] {logging_mixin.py:190} INFO - [2024-12-21T06:57:53.730+0000] {dagbag.py:588} INFO - Filling up the DagBag from /home/airflow/.local/lib/python3.12/site-packages/airflow/example_dags/example_xcom.py
[2024-12-21T06:57:53.740+0000] {processor.py:925} INFO - DAG(s) 'example_xcom' retrieved from /home/airflow/.local/lib/python3.12/site-packages/airflow/example_dags/example_xcom.py
[2024-12-21T06:57:53.760+0000] {logging_mixin.py:190} INFO - [2024-12-21T06:57:53.760+0000] {dag.py:3239} INFO - Sync 1 DAGs
[2024-12-21T06:57:53.782+0000] {logging_mixin.py:190} INFO - [2024-12-21T06:57:53.781+0000] {dag.py:4180} INFO - Setting next_dagrun for example_xcom to 2021-01-01 00:00:00+00:00, run_after=2021-01-01 00:00:00+00:00
[2024-12-21T06:57:53.797+0000] {processor.py:208} INFO - Processing /home/airflow/.local/lib/python3.12/site-packages/airflow/example_dags/example_xcom.py took 0.074 seconds
[2024-12-21T06:58:24.257+0000] {processor.py:186} INFO - Started process (PID=240) to work on /home/airflow/.local/lib/python3.12/site-packages/airflow/example_dags/example_xcom.py
[2024-12-21T06:58:24.258+0000] {processor.py:914} INFO - Processing file /home/airflow/.local/lib/python3.12/site-packages/airflow/example_dags/example_xcom.py for tasks to queue
[2024-12-21T06:58:24.259+0000] {logging_mixin.py:190} INFO - [2024-12-21T06:58:24.259+0000] {dagbag.py:588} INFO - Filling up the DagBag from /home/airflow/.local/lib/python3.12/site-packages/airflow/example_dags/example_xcom.py
[2024-12-21T06:58:24.268+0000] {processor.py:925} INFO - DAG(s) 'example_xcom' retrieved from /home/airflow/.local/lib/python3.12/site-packages/airflow/example_dags/example_xcom.py
[2024-12-21T06:58:24.286+0000] {logging_mixin.py:190} INFO - [2024-12-21T06:58:24.286+0000] {dag.py:3239} INFO - Sync 1 DAGs
[2024-12-21T06:58:24.308+0000] {logging_mixin.py:190} INFO - [2024-12-21T06:58:24.308+0000] {dag.py:4180} INFO - Setting next_dagrun for example_xcom to 2021-01-01 00:00:00+00:00, run_after=2021-01-01 00:00:00+00:00
[2024-12-21T06:58:24.324+0000] {processor.py:208} INFO - Processing /home/airflow/.local/lib/python3.12/site-packages/airflow/example_dags/example_xcom.py took 0.071 seconds
[2024-12-21T06:58:55.137+0000] {processor.py:186} INFO - Started process (PID=305) to work on /home/airflow/.local/lib/python3.12/site-packages/airflow/example_dags/example_xcom.py
[2024-12-21T06:58:55.137+0000] {processor.py:914} INFO - Processing file /home/airflow/.local/lib/python3.12/site-packages/airflow/example_dags/example_xcom.py for tasks to queue
[2024-12-21T06:58:55.139+0000] {logging_mixin.py:190} INFO - [2024-12-21T06:58:55.139+0000] {dagbag.py:588} INFO - Filling up the DagBag from /home/airflow/.local/lib/python3.12/site-packages/airflow/example_dags/example_xcom.py
[2024-12-21T06:58:55.148+0000] {processor.py:925} INFO - DAG(s) 'example_xcom' retrieved from /home/airflow/.local/lib/python3.12/site-packages/airflow/example_dags/example_xcom.py
[2024-12-21T06:58:55.170+0000] {logging_mixin.py:190} INFO - [2024-12-21T06:58:55.170+0000] {dag.py:3239} INFO - Sync 1 DAGs
[2024-12-21T06:58:55.196+0000] {logging_mixin.py:190} INFO - [2024-12-21T06:58:55.196+0000] {dag.py:4180} INFO - Setting next_dagrun for example_xcom to 2021-01-01 00:00:00+00:00, run_after=2021-01-01 00:00:00+00:00
[2024-12-21T06:58:55.215+0000] {processor.py:208} INFO - Processing /home/airflow/.local/lib/python3.12/site-packages/airflow/example_dags/example_xcom.py took 0.084 seconds
[2024-12-21T06:59:25.883+0000] {processor.py:186} INFO - Started process (PID=370) to work on /home/airflow/.local/lib/python3.12/site-packages/airflow/example_dags/example_xcom.py
[2024-12-21T06:59:25.884+0000] {processor.py:914} INFO - Processing file /home/airflow/.local/lib/python3.12/site-packages/airflow/example_dags/example_xcom.py for tasks to queue
[2024-12-21T06:59:25.886+0000] {logging_mixin.py:190} INFO - [2024-12-21T06:59:25.885+0000] {dagbag.py:588} INFO - Filling up the DagBag from /home/airflow/.local/lib/python3.12/site-packages/airflow/example_dags/example_xcom.py
[2024-12-21T06:59:25.894+0000] {processor.py:925} INFO - DAG(s) 'example_xcom' retrieved from /home/airflow/.local/lib/python3.12/site-packages/airflow/example_dags/example_xcom.py
[2024-12-21T06:59:25.915+0000] {logging_mixin.py:190} INFO - [2024-12-21T06:59:25.915+0000] {dag.py:3239} INFO - Sync 1 DAGs
[2024-12-21T06:59:25.938+0000] {logging_mixin.py:190} INFO - [2024-12-21T06:59:25.938+0000] {dag.py:4180} INFO - Setting next_dagrun for example_xcom to 2021-01-01 00:00:00+00:00, run_after=2021-01-01 00:00:00+00:00
[2024-12-21T06:59:25.968+0000] {processor.py:208} INFO - Processing /home/airflow/.local/lib/python3.12/site-packages/airflow/example_dags/example_xcom.py took 0.091 seconds
[2024-12-21T06:59:56.185+0000] {processor.py:186} INFO - Started process (PID=435) to work on /home/airflow/.local/lib/python3.12/site-packages/airflow/example_dags/example_xcom.py
[2024-12-21T06:59:56.186+0000] {processor.py:914} INFO - Processing file /home/airflow/.local/lib/python3.12/site-packages/airflow/example_dags/example_xcom.py for tasks to queue
[2024-12-21T06:59:56.188+0000] {logging_mixin.py:190} INFO - [2024-12-21T06:59:56.187+0000] {dagbag.py:588} INFO - Filling up the DagBag from /home/airflow/.local/lib/python3.12/site-packages/airflow/example_dags/example_xcom.py
[2024-12-21T06:59:56.195+0000] {processor.py:925} INFO - DAG(s) 'example_xcom' retrieved from /home/airflow/.local/lib/python3.12/site-packages/airflow/example_dags/example_xcom.py
[2024-12-21T06:59:56.212+0000] {logging_mixin.py:190} INFO - [2024-12-21T06:59:56.211+0000] {dag.py:3239} INFO - Sync 1 DAGs
[2024-12-21T06:59:56.229+0000] {logging_mixin.py:190} INFO - [2024-12-21T06:59:56.229+0000] {dag.py:4180} INFO - Setting next_dagrun for example_xcom to 2021-01-01 00:00:00+00:00, run_after=2021-01-01 00:00:00+00:00
[2024-12-21T06:59:56.243+0000] {processor.py:208} INFO - Processing /home/airflow/.local/lib/python3.12/site-packages/airflow/example_dags/example_xcom.py took 0.062 seconds
[2024-12-21T07:00:51.379+0000] {processor.py:186} INFO - Started process (PID=116) to work on /home/airflow/.local/lib/python3.12/site-packages/airflow/example_dags/example_xcom.py
[2024-12-21T07:00:51.380+0000] {processor.py:914} INFO - Processing file /home/airflow/.local/lib/python3.12/site-packages/airflow/example_dags/example_xcom.py for tasks to queue
[2024-12-21T07:00:51.382+0000] {logging_mixin.py:190} INFO - [2024-12-21T07:00:51.382+0000] {dagbag.py:588} INFO - Filling up the DagBag from /home/airflow/.local/lib/python3.12/site-packages/airflow/example_dags/example_xcom.py
[2024-12-21T07:00:51.393+0000] {processor.py:925} INFO - DAG(s) 'example_xcom' retrieved from /home/airflow/.local/lib/python3.12/site-packages/airflow/example_dags/example_xcom.py
[2024-12-21T07:00:51.418+0000] {logging_mixin.py:190} INFO - [2024-12-21T07:00:51.418+0000] {dag.py:3239} INFO - Sync 1 DAGs
[2024-12-21T07:00:51.453+0000] {logging_mixin.py:190} INFO - [2024-12-21T07:00:51.453+0000] {dag.py:4180} INFO - Setting next_dagrun for example_xcom to 2021-01-01 00:00:00+00:00, run_after=2021-01-01 00:00:00+00:00
[2024-12-21T07:00:51.474+0000] {processor.py:208} INFO - Processing /home/airflow/.local/lib/python3.12/site-packages/airflow/example_dags/example_xcom.py took 0.101 seconds
[2024-12-21T07:01:22.577+0000] {processor.py:186} INFO - Started process (PID=181) to work on /home/airflow/.local/lib/python3.12/site-packages/airflow/example_dags/example_xcom.py
[2024-12-21T07:01:22.578+0000] {processor.py:914} INFO - Processing file /home/airflow/.local/lib/python3.12/site-packages/airflow/example_dags/example_xcom.py for tasks to queue
[2024-12-21T07:01:22.580+0000] {logging_mixin.py:190} INFO - [2024-12-21T07:01:22.580+0000] {dagbag.py:588} INFO - Filling up the DagBag from /home/airflow/.local/lib/python3.12/site-packages/airflow/example_dags/example_xcom.py
[2024-12-21T07:01:22.590+0000] {processor.py:925} INFO - DAG(s) 'example_xcom' retrieved from /home/airflow/.local/lib/python3.12/site-packages/airflow/example_dags/example_xcom.py
[2024-12-21T07:01:22.608+0000] {logging_mixin.py:190} INFO - [2024-12-21T07:01:22.607+0000] {dag.py:3239} INFO - Sync 1 DAGs
[2024-12-21T07:01:22.629+0000] {logging_mixin.py:190} INFO - [2024-12-21T07:01:22.629+0000] {dag.py:4180} INFO - Setting next_dagrun for example_xcom to 2021-01-01 00:00:00+00:00, run_after=2021-01-01 00:00:00+00:00
[2024-12-21T07:01:22.648+0000] {processor.py:208} INFO - Processing /home/airflow/.local/lib/python3.12/site-packages/airflow/example_dags/example_xcom.py took 0.076 seconds
[2024-12-21T07:01:53.168+0000] {processor.py:186} INFO - Started process (PID=246) to work on /home/airflow/.local/lib/python3.12/site-packages/airflow/example_dags/example_xcom.py
[2024-12-21T07:01:53.169+0000] {processor.py:914} INFO - Processing file /home/airflow/.local/lib/python3.12/site-packages/airflow/example_dags/example_xcom.py for tasks to queue
[2024-12-21T07:01:53.171+0000] {logging_mixin.py:190} INFO - [2024-12-21T07:01:53.170+0000] {dagbag.py:588} INFO - Filling up the DagBag from /home/airflow/.local/lib/python3.12/site-packages/airflow/example_dags/example_xcom.py
[2024-12-21T07:01:53.178+0000] {processor.py:925} INFO - DAG(s) 'example_xcom' retrieved from /home/airflow/.local/lib/python3.12/site-packages/airflow/example_dags/example_xcom.py
[2024-12-21T07:01:53.194+0000] {logging_mixin.py:190} INFO - [2024-12-21T07:01:53.194+0000] {dag.py:3239} INFO - Sync 1 DAGs
[2024-12-21T07:01:53.212+0000] {logging_mixin.py:190} INFO - [2024-12-21T07:01:53.212+0000] {dag.py:4180} INFO - Setting next_dagrun for example_xcom to 2021-01-01 00:00:00+00:00, run_after=2021-01-01 00:00:00+00:00
[2024-12-21T07:01:53.230+0000] {processor.py:208} INFO - Processing /home/airflow/.local/lib/python3.12/site-packages/airflow/example_dags/example_xcom.py took 0.066 seconds
[2024-12-21T07:02:24.956+0000] {processor.py:186} INFO - Started process (PID=311) to work on /home/airflow/.local/lib/python3.12/site-packages/airflow/example_dags/example_xcom.py
[2024-12-21T07:02:24.957+0000] {processor.py:914} INFO - Processing file /home/airflow/.local/lib/python3.12/site-packages/airflow/example_dags/example_xcom.py for tasks to queue
[2024-12-21T07:02:24.960+0000] {logging_mixin.py:190} INFO - [2024-12-21T07:02:24.959+0000] {dagbag.py:588} INFO - Filling up the DagBag from /home/airflow/.local/lib/python3.12/site-packages/airflow/example_dags/example_xcom.py
[2024-12-21T07:02:24.972+0000] {processor.py:925} INFO - DAG(s) 'example_xcom' retrieved from /home/airflow/.local/lib/python3.12/site-packages/airflow/example_dags/example_xcom.py
[2024-12-21T07:02:24.999+0000] {logging_mixin.py:190} INFO - [2024-12-21T07:02:24.999+0000] {dag.py:3239} INFO - Sync 1 DAGs
[2024-12-21T07:02:25.029+0000] {logging_mixin.py:190} INFO - [2024-12-21T07:02:25.028+0000] {dag.py:4180} INFO - Setting next_dagrun for example_xcom to 2021-01-01 00:00:00+00:00, run_after=2021-01-01 00:00:00+00:00
[2024-12-21T07:02:25.058+0000] {processor.py:208} INFO - Processing /home/airflow/.local/lib/python3.12/site-packages/airflow/example_dags/example_xcom.py took 0.110 seconds
[2024-12-21T07:02:55.377+0000] {processor.py:186} INFO - Started process (PID=376) to work on /home/airflow/.local/lib/python3.12/site-packages/airflow/example_dags/example_xcom.py
[2024-12-21T07:02:55.378+0000] {processor.py:914} INFO - Processing file /home/airflow/.local/lib/python3.12/site-packages/airflow/example_dags/example_xcom.py for tasks to queue
[2024-12-21T07:02:55.381+0000] {logging_mixin.py:190} INFO - [2024-12-21T07:02:55.380+0000] {dagbag.py:588} INFO - Filling up the DagBag from /home/airflow/.local/lib/python3.12/site-packages/airflow/example_dags/example_xcom.py
[2024-12-21T07:02:55.391+0000] {processor.py:925} INFO - DAG(s) 'example_xcom' retrieved from /home/airflow/.local/lib/python3.12/site-packages/airflow/example_dags/example_xcom.py
[2024-12-21T07:02:55.413+0000] {logging_mixin.py:190} INFO - [2024-12-21T07:02:55.413+0000] {dag.py:3239} INFO - Sync 1 DAGs
[2024-12-21T07:02:55.443+0000] {logging_mixin.py:190} INFO - [2024-12-21T07:02:55.442+0000] {dag.py:4180} INFO - Setting next_dagrun for example_xcom to 2021-01-01 00:00:00+00:00, run_after=2021-01-01 00:00:00+00:00
[2024-12-21T07:02:55.472+0000] {processor.py:208} INFO - Processing /home/airflow/.local/lib/python3.12/site-packages/airflow/example_dags/example_xcom.py took 0.101 seconds
[2024-12-21T07:03:26.189+0000] {processor.py:186} INFO - Started process (PID=441) to work on /home/airflow/.local/lib/python3.12/site-packages/airflow/example_dags/example_xcom.py
[2024-12-21T07:03:26.190+0000] {processor.py:914} INFO - Processing file /home/airflow/.local/lib/python3.12/site-packages/airflow/example_dags/example_xcom.py for tasks to queue
[2024-12-21T07:03:26.192+0000] {logging_mixin.py:190} INFO - [2024-12-21T07:03:26.192+0000] {dagbag.py:588} INFO - Filling up the DagBag from /home/airflow/.local/lib/python3.12/site-packages/airflow/example_dags/example_xcom.py
[2024-12-21T07:03:26.201+0000] {processor.py:925} INFO - DAG(s) 'example_xcom' retrieved from /home/airflow/.local/lib/python3.12/site-packages/airflow/example_dags/example_xcom.py
[2024-12-21T07:03:26.220+0000] {logging_mixin.py:190} INFO - [2024-12-21T07:03:26.220+0000] {dag.py:3239} INFO - Sync 1 DAGs
[2024-12-21T07:03:26.241+0000] {logging_mixin.py:190} INFO - [2024-12-21T07:03:26.240+0000] {dag.py:4180} INFO - Setting next_dagrun for example_xcom to 2021-01-01 00:00:00+00:00, run_after=2021-01-01 00:00:00+00:00
[2024-12-21T07:03:26.257+0000] {processor.py:208} INFO - Processing /home/airflow/.local/lib/python3.12/site-packages/airflow/example_dags/example_xcom.py took 0.073 seconds
