[2024-12-21T06:26:25.124+0000] {processor.py:186} INFO - Started process (PID=111) to work on /home/airflow/.local/lib/python3.12/site-packages/airflow/example_dags/example_task_group_decorator.py
[2024-12-21T06:26:25.125+0000] {processor.py:914} INFO - Processing file /home/airflow/.local/lib/python3.12/site-packages/airflow/example_dags/example_task_group_decorator.py for tasks to queue
[2024-12-21T06:26:25.127+0000] {logging_mixin.py:190} INFO - [2024-12-21T06:26:25.127+0000] {dagbag.py:588} INFO - Filling up the DagBag from /home/airflow/.local/lib/python3.12/site-packages/airflow/example_dags/example_task_group_decorator.py
[2024-12-21T06:26:25.147+0000] {processor.py:925} INFO - DAG(s) 'example_task_group_decorator' retrieved from /home/airflow/.local/lib/python3.12/site-packages/airflow/example_dags/example_task_group_decorator.py
[2024-12-21T06:26:25.328+0000] {logging_mixin.py:190} INFO - [2024-12-21T06:26:25.327+0000] {override.py:1911} INFO - Created Permission View: can read on DAG:example_task_group_decorator
[2024-12-21T06:26:25.340+0000] {logging_mixin.py:190} INFO - [2024-12-21T06:26:25.340+0000] {override.py:1911} INFO - Created Permission View: can delete on DAG:example_task_group_decorator
[2024-12-21T06:26:25.349+0000] {logging_mixin.py:190} INFO - [2024-12-21T06:26:25.348+0000] {override.py:1911} INFO - Created Permission View: can edit on DAG:example_task_group_decorator
[2024-12-21T06:26:25.358+0000] {logging_mixin.py:190} INFO - [2024-12-21T06:26:25.357+0000] {override.py:1911} INFO - Created Permission View: menu access on DAG Run:example_task_group_decorator
[2024-12-21T06:26:25.368+0000] {logging_mixin.py:190} INFO - [2024-12-21T06:26:25.367+0000] {override.py:1911} INFO - Created Permission View: can read on DAG Run:example_task_group_decorator
[2024-12-21T06:26:25.377+0000] {logging_mixin.py:190} INFO - [2024-12-21T06:26:25.376+0000] {override.py:1911} INFO - Created Permission View: can create on DAG Run:example_task_group_decorator
[2024-12-21T06:26:25.384+0000] {logging_mixin.py:190} INFO - [2024-12-21T06:26:25.384+0000] {override.py:1911} INFO - Created Permission View: can delete on DAG Run:example_task_group_decorator
[2024-12-21T06:26:25.385+0000] {logging_mixin.py:190} INFO - [2024-12-21T06:26:25.385+0000] {dag.py:3239} INFO - Sync 1 DAGs
[2024-12-21T06:26:25.405+0000] {logging_mixin.py:190} INFO - [2024-12-21T06:26:25.405+0000] {dag.py:3262} INFO - Creating ORM DAG for example_task_group_decorator
[2024-12-21T06:26:25.406+0000] {logging_mixin.py:190} INFO - [2024-12-21T06:26:25.405+0000] {dag.py:4180} INFO - Setting next_dagrun for example_task_group_decorator to None, run_after=None
[2024-12-21T06:26:25.424+0000] {processor.py:208} INFO - Processing /home/airflow/.local/lib/python3.12/site-packages/airflow/example_dags/example_task_group_decorator.py took 0.307 seconds
[2024-12-21T06:26:56.072+0000] {processor.py:186} INFO - Started process (PID=173) to work on /home/airflow/.local/lib/python3.12/site-packages/airflow/example_dags/example_task_group_decorator.py
[2024-12-21T06:26:56.073+0000] {processor.py:914} INFO - Processing file /home/airflow/.local/lib/python3.12/site-packages/airflow/example_dags/example_task_group_decorator.py for tasks to queue
[2024-12-21T06:26:56.075+0000] {logging_mixin.py:190} INFO - [2024-12-21T06:26:56.075+0000] {dagbag.py:588} INFO - Filling up the DagBag from /home/airflow/.local/lib/python3.12/site-packages/airflow/example_dags/example_task_group_decorator.py
[2024-12-21T06:26:56.090+0000] {processor.py:925} INFO - DAG(s) 'example_task_group_decorator' retrieved from /home/airflow/.local/lib/python3.12/site-packages/airflow/example_dags/example_task_group_decorator.py
[2024-12-21T06:26:56.116+0000] {logging_mixin.py:190} INFO - [2024-12-21T06:26:56.115+0000] {dag.py:3239} INFO - Sync 1 DAGs
[2024-12-21T06:26:56.129+0000] {logging_mixin.py:190} INFO - [2024-12-21T06:26:56.129+0000] {dag.py:4180} INFO - Setting next_dagrun for example_task_group_decorator to None, run_after=None
[2024-12-21T06:26:56.146+0000] {processor.py:208} INFO - Processing /home/airflow/.local/lib/python3.12/site-packages/airflow/example_dags/example_task_group_decorator.py took 0.079 seconds
[2024-12-21T06:27:26.269+0000] {processor.py:186} INFO - Started process (PID=236) to work on /home/airflow/.local/lib/python3.12/site-packages/airflow/example_dags/example_task_group_decorator.py
[2024-12-21T06:27:26.269+0000] {processor.py:914} INFO - Processing file /home/airflow/.local/lib/python3.12/site-packages/airflow/example_dags/example_task_group_decorator.py for tasks to queue
[2024-12-21T06:27:26.273+0000] {logging_mixin.py:190} INFO - [2024-12-21T06:27:26.272+0000] {dagbag.py:588} INFO - Filling up the DagBag from /home/airflow/.local/lib/python3.12/site-packages/airflow/example_dags/example_task_group_decorator.py
[2024-12-21T06:27:26.299+0000] {processor.py:925} INFO - DAG(s) 'example_task_group_decorator' retrieved from /home/airflow/.local/lib/python3.12/site-packages/airflow/example_dags/example_task_group_decorator.py
[2024-12-21T06:27:26.337+0000] {logging_mixin.py:190} INFO - [2024-12-21T06:27:26.337+0000] {dag.py:3239} INFO - Sync 1 DAGs
[2024-12-21T06:27:26.353+0000] {logging_mixin.py:190} INFO - [2024-12-21T06:27:26.352+0000] {dag.py:4180} INFO - Setting next_dagrun for example_task_group_decorator to None, run_after=None
[2024-12-21T06:27:26.369+0000] {processor.py:208} INFO - Processing /home/airflow/.local/lib/python3.12/site-packages/airflow/example_dags/example_task_group_decorator.py took 0.111 seconds
[2024-12-21T06:27:57.245+0000] {processor.py:186} INFO - Started process (PID=299) to work on /home/airflow/.local/lib/python3.12/site-packages/airflow/example_dags/example_task_group_decorator.py
[2024-12-21T06:27:57.246+0000] {processor.py:914} INFO - Processing file /home/airflow/.local/lib/python3.12/site-packages/airflow/example_dags/example_task_group_decorator.py for tasks to queue
[2024-12-21T06:27:57.248+0000] {logging_mixin.py:190} INFO - [2024-12-21T06:27:57.247+0000] {dagbag.py:588} INFO - Filling up the DagBag from /home/airflow/.local/lib/python3.12/site-packages/airflow/example_dags/example_task_group_decorator.py
[2024-12-21T06:27:57.261+0000] {processor.py:925} INFO - DAG(s) 'example_task_group_decorator' retrieved from /home/airflow/.local/lib/python3.12/site-packages/airflow/example_dags/example_task_group_decorator.py
[2024-12-21T06:27:57.282+0000] {logging_mixin.py:190} INFO - [2024-12-21T06:27:57.282+0000] {dag.py:3239} INFO - Sync 1 DAGs
[2024-12-21T06:27:57.294+0000] {logging_mixin.py:190} INFO - [2024-12-21T06:27:57.294+0000] {dag.py:4180} INFO - Setting next_dagrun for example_task_group_decorator to None, run_after=None
[2024-12-21T06:27:57.309+0000] {processor.py:208} INFO - Processing /home/airflow/.local/lib/python3.12/site-packages/airflow/example_dags/example_task_group_decorator.py took 0.069 seconds
[2024-12-21T06:28:27.846+0000] {processor.py:186} INFO - Started process (PID=362) to work on /home/airflow/.local/lib/python3.12/site-packages/airflow/example_dags/example_task_group_decorator.py
[2024-12-21T06:28:27.847+0000] {processor.py:914} INFO - Processing file /home/airflow/.local/lib/python3.12/site-packages/airflow/example_dags/example_task_group_decorator.py for tasks to queue
[2024-12-21T06:28:27.849+0000] {logging_mixin.py:190} INFO - [2024-12-21T06:28:27.849+0000] {dagbag.py:588} INFO - Filling up the DagBag from /home/airflow/.local/lib/python3.12/site-packages/airflow/example_dags/example_task_group_decorator.py
[2024-12-21T06:28:27.863+0000] {processor.py:925} INFO - DAG(s) 'example_task_group_decorator' retrieved from /home/airflow/.local/lib/python3.12/site-packages/airflow/example_dags/example_task_group_decorator.py
[2024-12-21T06:28:27.883+0000] {logging_mixin.py:190} INFO - [2024-12-21T06:28:27.883+0000] {dag.py:3239} INFO - Sync 1 DAGs
[2024-12-21T06:28:27.895+0000] {logging_mixin.py:190} INFO - [2024-12-21T06:28:27.895+0000] {dag.py:4180} INFO - Setting next_dagrun for example_task_group_decorator to None, run_after=None
[2024-12-21T06:28:27.911+0000] {processor.py:208} INFO - Processing /home/airflow/.local/lib/python3.12/site-packages/airflow/example_dags/example_task_group_decorator.py took 0.070 seconds
[2024-12-21T06:28:58.777+0000] {processor.py:186} INFO - Started process (PID=425) to work on /home/airflow/.local/lib/python3.12/site-packages/airflow/example_dags/example_task_group_decorator.py
[2024-12-21T06:28:58.779+0000] {processor.py:914} INFO - Processing file /home/airflow/.local/lib/python3.12/site-packages/airflow/example_dags/example_task_group_decorator.py for tasks to queue
[2024-12-21T06:28:58.783+0000] {logging_mixin.py:190} INFO - [2024-12-21T06:28:58.782+0000] {dagbag.py:588} INFO - Filling up the DagBag from /home/airflow/.local/lib/python3.12/site-packages/airflow/example_dags/example_task_group_decorator.py
[2024-12-21T06:28:58.810+0000] {processor.py:925} INFO - DAG(s) 'example_task_group_decorator' retrieved from /home/airflow/.local/lib/python3.12/site-packages/airflow/example_dags/example_task_group_decorator.py
[2024-12-21T06:28:58.855+0000] {logging_mixin.py:190} INFO - [2024-12-21T06:28:58.854+0000] {dag.py:3239} INFO - Sync 1 DAGs
[2024-12-21T06:28:58.874+0000] {logging_mixin.py:190} INFO - [2024-12-21T06:28:58.874+0000] {dag.py:4180} INFO - Setting next_dagrun for example_task_group_decorator to None, run_after=None
[2024-12-21T06:28:58.900+0000] {processor.py:208} INFO - Processing /home/airflow/.local/lib/python3.12/site-packages/airflow/example_dags/example_task_group_decorator.py took 0.134 seconds
[2024-12-21T06:29:30.261+0000] {processor.py:186} INFO - Started process (PID=488) to work on /home/airflow/.local/lib/python3.12/site-packages/airflow/example_dags/example_task_group_decorator.py
[2024-12-21T06:29:30.261+0000] {processor.py:914} INFO - Processing file /home/airflow/.local/lib/python3.12/site-packages/airflow/example_dags/example_task_group_decorator.py for tasks to queue
[2024-12-21T06:29:30.263+0000] {logging_mixin.py:190} INFO - [2024-12-21T06:29:30.263+0000] {dagbag.py:588} INFO - Filling up the DagBag from /home/airflow/.local/lib/python3.12/site-packages/airflow/example_dags/example_task_group_decorator.py
[2024-12-21T06:29:30.277+0000] {processor.py:925} INFO - DAG(s) 'example_task_group_decorator' retrieved from /home/airflow/.local/lib/python3.12/site-packages/airflow/example_dags/example_task_group_decorator.py
[2024-12-21T06:29:30.299+0000] {logging_mixin.py:190} INFO - [2024-12-21T06:29:30.298+0000] {dag.py:3239} INFO - Sync 1 DAGs
[2024-12-21T06:29:30.311+0000] {logging_mixin.py:190} INFO - [2024-12-21T06:29:30.310+0000] {dag.py:4180} INFO - Setting next_dagrun for example_task_group_decorator to None, run_after=None
[2024-12-21T06:29:30.326+0000] {processor.py:208} INFO - Processing /home/airflow/.local/lib/python3.12/site-packages/airflow/example_dags/example_task_group_decorator.py took 0.070 seconds
[2024-12-21T06:30:00.902+0000] {processor.py:186} INFO - Started process (PID=551) to work on /home/airflow/.local/lib/python3.12/site-packages/airflow/example_dags/example_task_group_decorator.py
[2024-12-21T06:30:00.903+0000] {processor.py:914} INFO - Processing file /home/airflow/.local/lib/python3.12/site-packages/airflow/example_dags/example_task_group_decorator.py for tasks to queue
[2024-12-21T06:30:00.905+0000] {logging_mixin.py:190} INFO - [2024-12-21T06:30:00.904+0000] {dagbag.py:588} INFO - Filling up the DagBag from /home/airflow/.local/lib/python3.12/site-packages/airflow/example_dags/example_task_group_decorator.py
[2024-12-21T06:30:00.921+0000] {processor.py:925} INFO - DAG(s) 'example_task_group_decorator' retrieved from /home/airflow/.local/lib/python3.12/site-packages/airflow/example_dags/example_task_group_decorator.py
[2024-12-21T06:30:00.945+0000] {logging_mixin.py:190} INFO - [2024-12-21T06:30:00.945+0000] {dag.py:3239} INFO - Sync 1 DAGs
[2024-12-21T06:30:00.961+0000] {logging_mixin.py:190} INFO - [2024-12-21T06:30:00.961+0000] {dag.py:4180} INFO - Setting next_dagrun for example_task_group_decorator to None, run_after=None
[2024-12-21T06:30:00.985+0000] {processor.py:208} INFO - Processing /home/airflow/.local/lib/python3.12/site-packages/airflow/example_dags/example_task_group_decorator.py took 0.090 seconds
[2024-12-21T06:30:32.328+0000] {processor.py:186} INFO - Started process (PID=613) to work on /home/airflow/.local/lib/python3.12/site-packages/airflow/example_dags/example_task_group_decorator.py
[2024-12-21T06:30:32.328+0000] {processor.py:914} INFO - Processing file /home/airflow/.local/lib/python3.12/site-packages/airflow/example_dags/example_task_group_decorator.py for tasks to queue
[2024-12-21T06:30:32.330+0000] {logging_mixin.py:190} INFO - [2024-12-21T06:30:32.330+0000] {dagbag.py:588} INFO - Filling up the DagBag from /home/airflow/.local/lib/python3.12/site-packages/airflow/example_dags/example_task_group_decorator.py
[2024-12-21T06:30:32.346+0000] {processor.py:925} INFO - DAG(s) 'example_task_group_decorator' retrieved from /home/airflow/.local/lib/python3.12/site-packages/airflow/example_dags/example_task_group_decorator.py
[2024-12-21T06:30:32.369+0000] {logging_mixin.py:190} INFO - [2024-12-21T06:30:32.369+0000] {dag.py:3239} INFO - Sync 1 DAGs
[2024-12-21T06:30:32.382+0000] {logging_mixin.py:190} INFO - [2024-12-21T06:30:32.381+0000] {dag.py:4180} INFO - Setting next_dagrun for example_task_group_decorator to None, run_after=None
[2024-12-21T06:30:32.396+0000] {processor.py:208} INFO - Processing /home/airflow/.local/lib/python3.12/site-packages/airflow/example_dags/example_task_group_decorator.py took 0.075 seconds
[2024-12-21T06:31:05.126+0000] {processor.py:186} INFO - Started process (PID=677) to work on /home/airflow/.local/lib/python3.12/site-packages/airflow/example_dags/example_task_group_decorator.py
[2024-12-21T06:31:05.126+0000] {processor.py:914} INFO - Processing file /home/airflow/.local/lib/python3.12/site-packages/airflow/example_dags/example_task_group_decorator.py for tasks to queue
[2024-12-21T06:31:05.129+0000] {logging_mixin.py:190} INFO - [2024-12-21T06:31:05.128+0000] {dagbag.py:588} INFO - Filling up the DagBag from /home/airflow/.local/lib/python3.12/site-packages/airflow/example_dags/example_task_group_decorator.py
[2024-12-21T06:31:05.148+0000] {processor.py:925} INFO - DAG(s) 'example_task_group_decorator' retrieved from /home/airflow/.local/lib/python3.12/site-packages/airflow/example_dags/example_task_group_decorator.py
[2024-12-21T06:31:05.182+0000] {logging_mixin.py:190} INFO - [2024-12-21T06:31:05.182+0000] {dag.py:3239} INFO - Sync 1 DAGs
[2024-12-21T06:31:05.199+0000] {logging_mixin.py:190} INFO - [2024-12-21T06:31:05.199+0000] {dag.py:4180} INFO - Setting next_dagrun for example_task_group_decorator to None, run_after=None
[2024-12-21T06:31:05.218+0000] {processor.py:208} INFO - Processing /home/airflow/.local/lib/python3.12/site-packages/airflow/example_dags/example_task_group_decorator.py took 0.099 seconds
[2024-12-21T06:31:36.448+0000] {processor.py:186} INFO - Started process (PID=740) to work on /home/airflow/.local/lib/python3.12/site-packages/airflow/example_dags/example_task_group_decorator.py
[2024-12-21T06:31:36.449+0000] {processor.py:914} INFO - Processing file /home/airflow/.local/lib/python3.12/site-packages/airflow/example_dags/example_task_group_decorator.py for tasks to queue
[2024-12-21T06:31:36.451+0000] {logging_mixin.py:190} INFO - [2024-12-21T06:31:36.451+0000] {dagbag.py:588} INFO - Filling up the DagBag from /home/airflow/.local/lib/python3.12/site-packages/airflow/example_dags/example_task_group_decorator.py
[2024-12-21T06:31:36.465+0000] {processor.py:925} INFO - DAG(s) 'example_task_group_decorator' retrieved from /home/airflow/.local/lib/python3.12/site-packages/airflow/example_dags/example_task_group_decorator.py
[2024-12-21T06:31:36.488+0000] {logging_mixin.py:190} INFO - [2024-12-21T06:31:36.488+0000] {dag.py:3239} INFO - Sync 1 DAGs
[2024-12-21T06:31:36.502+0000] {logging_mixin.py:190} INFO - [2024-12-21T06:31:36.501+0000] {dag.py:4180} INFO - Setting next_dagrun for example_task_group_decorator to None, run_after=None
[2024-12-21T06:31:36.520+0000] {processor.py:208} INFO - Processing /home/airflow/.local/lib/python3.12/site-packages/airflow/example_dags/example_task_group_decorator.py took 0.077 seconds
[2024-12-21T06:32:07.237+0000] {processor.py:186} INFO - Started process (PID=803) to work on /home/airflow/.local/lib/python3.12/site-packages/airflow/example_dags/example_task_group_decorator.py
[2024-12-21T06:32:07.238+0000] {processor.py:914} INFO - Processing file /home/airflow/.local/lib/python3.12/site-packages/airflow/example_dags/example_task_group_decorator.py for tasks to queue
[2024-12-21T06:32:07.240+0000] {logging_mixin.py:190} INFO - [2024-12-21T06:32:07.240+0000] {dagbag.py:588} INFO - Filling up the DagBag from /home/airflow/.local/lib/python3.12/site-packages/airflow/example_dags/example_task_group_decorator.py
[2024-12-21T06:32:07.255+0000] {processor.py:925} INFO - DAG(s) 'example_task_group_decorator' retrieved from /home/airflow/.local/lib/python3.12/site-packages/airflow/example_dags/example_task_group_decorator.py
[2024-12-21T06:32:07.277+0000] {logging_mixin.py:190} INFO - [2024-12-21T06:32:07.276+0000] {dag.py:3239} INFO - Sync 1 DAGs
[2024-12-21T06:32:07.290+0000] {logging_mixin.py:190} INFO - [2024-12-21T06:32:07.289+0000] {dag.py:4180} INFO - Setting next_dagrun for example_task_group_decorator to None, run_after=None
[2024-12-21T06:32:07.306+0000] {processor.py:208} INFO - Processing /home/airflow/.local/lib/python3.12/site-packages/airflow/example_dags/example_task_group_decorator.py took 0.075 seconds
[2024-12-21T06:32:38.078+0000] {processor.py:186} INFO - Started process (PID=866) to work on /home/airflow/.local/lib/python3.12/site-packages/airflow/example_dags/example_task_group_decorator.py
[2024-12-21T06:32:38.079+0000] {processor.py:914} INFO - Processing file /home/airflow/.local/lib/python3.12/site-packages/airflow/example_dags/example_task_group_decorator.py for tasks to queue
[2024-12-21T06:32:38.082+0000] {logging_mixin.py:190} INFO - [2024-12-21T06:32:38.082+0000] {dagbag.py:588} INFO - Filling up the DagBag from /home/airflow/.local/lib/python3.12/site-packages/airflow/example_dags/example_task_group_decorator.py
[2024-12-21T06:32:38.111+0000] {processor.py:925} INFO - DAG(s) 'example_task_group_decorator' retrieved from /home/airflow/.local/lib/python3.12/site-packages/airflow/example_dags/example_task_group_decorator.py
[2024-12-21T06:32:38.150+0000] {logging_mixin.py:190} INFO - [2024-12-21T06:32:38.149+0000] {dag.py:3239} INFO - Sync 1 DAGs
[2024-12-21T06:32:38.175+0000] {logging_mixin.py:190} INFO - [2024-12-21T06:32:38.174+0000] {dag.py:4180} INFO - Setting next_dagrun for example_task_group_decorator to None, run_after=None
[2024-12-21T06:32:38.198+0000] {processor.py:208} INFO - Processing /home/airflow/.local/lib/python3.12/site-packages/airflow/example_dags/example_task_group_decorator.py took 0.125 seconds
[2024-12-21T06:33:09.498+0000] {processor.py:186} INFO - Started process (PID=930) to work on /home/airflow/.local/lib/python3.12/site-packages/airflow/example_dags/example_task_group_decorator.py
[2024-12-21T06:33:09.499+0000] {processor.py:914} INFO - Processing file /home/airflow/.local/lib/python3.12/site-packages/airflow/example_dags/example_task_group_decorator.py for tasks to queue
[2024-12-21T06:33:09.500+0000] {logging_mixin.py:190} INFO - [2024-12-21T06:33:09.500+0000] {dagbag.py:588} INFO - Filling up the DagBag from /home/airflow/.local/lib/python3.12/site-packages/airflow/example_dags/example_task_group_decorator.py
[2024-12-21T06:33:09.514+0000] {processor.py:925} INFO - DAG(s) 'example_task_group_decorator' retrieved from /home/airflow/.local/lib/python3.12/site-packages/airflow/example_dags/example_task_group_decorator.py
[2024-12-21T06:33:09.534+0000] {logging_mixin.py:190} INFO - [2024-12-21T06:33:09.534+0000] {dag.py:3239} INFO - Sync 1 DAGs
[2024-12-21T06:33:09.546+0000] {logging_mixin.py:190} INFO - [2024-12-21T06:33:09.546+0000] {dag.py:4180} INFO - Setting next_dagrun for example_task_group_decorator to None, run_after=None
[2024-12-21T06:33:09.560+0000] {processor.py:208} INFO - Processing /home/airflow/.local/lib/python3.12/site-packages/airflow/example_dags/example_task_group_decorator.py took 0.067 seconds
[2024-12-21T06:33:40.731+0000] {processor.py:186} INFO - Started process (PID=992) to work on /home/airflow/.local/lib/python3.12/site-packages/airflow/example_dags/example_task_group_decorator.py
[2024-12-21T06:33:40.732+0000] {processor.py:914} INFO - Processing file /home/airflow/.local/lib/python3.12/site-packages/airflow/example_dags/example_task_group_decorator.py for tasks to queue
[2024-12-21T06:33:40.734+0000] {logging_mixin.py:190} INFO - [2024-12-21T06:33:40.734+0000] {dagbag.py:588} INFO - Filling up the DagBag from /home/airflow/.local/lib/python3.12/site-packages/airflow/example_dags/example_task_group_decorator.py
[2024-12-21T06:33:40.759+0000] {processor.py:925} INFO - DAG(s) 'example_task_group_decorator' retrieved from /home/airflow/.local/lib/python3.12/site-packages/airflow/example_dags/example_task_group_decorator.py
[2024-12-21T06:33:40.795+0000] {logging_mixin.py:190} INFO - [2024-12-21T06:33:40.795+0000] {dag.py:3239} INFO - Sync 1 DAGs
[2024-12-21T06:33:40.814+0000] {logging_mixin.py:190} INFO - [2024-12-21T06:33:40.814+0000] {dag.py:4180} INFO - Setting next_dagrun for example_task_group_decorator to None, run_after=None
[2024-12-21T06:33:40.842+0000] {processor.py:208} INFO - Processing /home/airflow/.local/lib/python3.12/site-packages/airflow/example_dags/example_task_group_decorator.py took 0.118 seconds
[2024-12-21T06:34:51.712+0000] {processor.py:186} INFO - Started process (PID=101) to work on /home/airflow/.local/lib/python3.12/site-packages/airflow/example_dags/example_task_group_decorator.py
[2024-12-21T06:34:51.713+0000] {processor.py:914} INFO - Processing file /home/airflow/.local/lib/python3.12/site-packages/airflow/example_dags/example_task_group_decorator.py for tasks to queue
[2024-12-21T06:34:51.716+0000] {logging_mixin.py:190} INFO - [2024-12-21T06:34:51.715+0000] {dagbag.py:588} INFO - Filling up the DagBag from /home/airflow/.local/lib/python3.12/site-packages/airflow/example_dags/example_task_group_decorator.py
[2024-12-21T06:34:51.734+0000] {processor.py:925} INFO - DAG(s) 'example_task_group_decorator' retrieved from /home/airflow/.local/lib/python3.12/site-packages/airflow/example_dags/example_task_group_decorator.py
[2024-12-21T06:34:51.762+0000] {logging_mixin.py:190} INFO - [2024-12-21T06:34:51.762+0000] {dag.py:3239} INFO - Sync 1 DAGs
[2024-12-21T06:34:51.778+0000] {logging_mixin.py:190} INFO - [2024-12-21T06:34:51.778+0000] {dag.py:4180} INFO - Setting next_dagrun for example_task_group_decorator to None, run_after=None
[2024-12-21T06:34:51.806+0000] {processor.py:208} INFO - Processing /home/airflow/.local/lib/python3.12/site-packages/airflow/example_dags/example_task_group_decorator.py took 0.100 seconds
[2024-12-21T06:35:23.053+0000] {processor.py:186} INFO - Started process (PID=165) to work on /home/airflow/.local/lib/python3.12/site-packages/airflow/example_dags/example_task_group_decorator.py
[2024-12-21T06:35:23.054+0000] {processor.py:914} INFO - Processing file /home/airflow/.local/lib/python3.12/site-packages/airflow/example_dags/example_task_group_decorator.py for tasks to queue
[2024-12-21T06:35:23.056+0000] {logging_mixin.py:190} INFO - [2024-12-21T06:35:23.056+0000] {dagbag.py:588} INFO - Filling up the DagBag from /home/airflow/.local/lib/python3.12/site-packages/airflow/example_dags/example_task_group_decorator.py
[2024-12-21T06:35:23.074+0000] {processor.py:925} INFO - DAG(s) 'example_task_group_decorator' retrieved from /home/airflow/.local/lib/python3.12/site-packages/airflow/example_dags/example_task_group_decorator.py
[2024-12-21T06:35:23.104+0000] {logging_mixin.py:190} INFO - [2024-12-21T06:35:23.104+0000] {dag.py:3239} INFO - Sync 1 DAGs
[2024-12-21T06:35:23.120+0000] {logging_mixin.py:190} INFO - [2024-12-21T06:35:23.119+0000] {dag.py:4180} INFO - Setting next_dagrun for example_task_group_decorator to None, run_after=None
[2024-12-21T06:35:23.140+0000] {processor.py:208} INFO - Processing /home/airflow/.local/lib/python3.12/site-packages/airflow/example_dags/example_task_group_decorator.py took 0.094 seconds
[2024-12-21T06:35:53.422+0000] {processor.py:186} INFO - Started process (PID=230) to work on /home/airflow/.local/lib/python3.12/site-packages/airflow/example_dags/example_task_group_decorator.py
[2024-12-21T06:35:53.423+0000] {processor.py:914} INFO - Processing file /home/airflow/.local/lib/python3.12/site-packages/airflow/example_dags/example_task_group_decorator.py for tasks to queue
[2024-12-21T06:35:53.425+0000] {logging_mixin.py:190} INFO - [2024-12-21T06:35:53.425+0000] {dagbag.py:588} INFO - Filling up the DagBag from /home/airflow/.local/lib/python3.12/site-packages/airflow/example_dags/example_task_group_decorator.py
[2024-12-21T06:35:53.441+0000] {processor.py:925} INFO - DAG(s) 'example_task_group_decorator' retrieved from /home/airflow/.local/lib/python3.12/site-packages/airflow/example_dags/example_task_group_decorator.py
[2024-12-21T06:35:53.468+0000] {logging_mixin.py:190} INFO - [2024-12-21T06:35:53.468+0000] {dag.py:3239} INFO - Sync 1 DAGs
[2024-12-21T06:35:53.485+0000] {logging_mixin.py:190} INFO - [2024-12-21T06:35:53.485+0000] {dag.py:4180} INFO - Setting next_dagrun for example_task_group_decorator to None, run_after=None
[2024-12-21T06:35:53.510+0000] {processor.py:208} INFO - Processing /home/airflow/.local/lib/python3.12/site-packages/airflow/example_dags/example_task_group_decorator.py took 0.095 seconds
[2024-12-21T06:36:24.161+0000] {processor.py:186} INFO - Started process (PID=298) to work on /home/airflow/.local/lib/python3.12/site-packages/airflow/example_dags/example_task_group_decorator.py
[2024-12-21T06:36:24.162+0000] {processor.py:914} INFO - Processing file /home/airflow/.local/lib/python3.12/site-packages/airflow/example_dags/example_task_group_decorator.py for tasks to queue
[2024-12-21T06:36:24.164+0000] {logging_mixin.py:190} INFO - [2024-12-21T06:36:24.164+0000] {dagbag.py:588} INFO - Filling up the DagBag from /home/airflow/.local/lib/python3.12/site-packages/airflow/example_dags/example_task_group_decorator.py
[2024-12-21T06:36:24.182+0000] {processor.py:925} INFO - DAG(s) 'example_task_group_decorator' retrieved from /home/airflow/.local/lib/python3.12/site-packages/airflow/example_dags/example_task_group_decorator.py
[2024-12-21T06:36:24.214+0000] {logging_mixin.py:190} INFO - [2024-12-21T06:36:24.214+0000] {dag.py:3239} INFO - Sync 1 DAGs
[2024-12-21T06:36:24.233+0000] {logging_mixin.py:190} INFO - [2024-12-21T06:36:24.233+0000] {dag.py:4180} INFO - Setting next_dagrun for example_task_group_decorator to None, run_after=None
[2024-12-21T06:36:24.259+0000] {processor.py:208} INFO - Processing /home/airflow/.local/lib/python3.12/site-packages/airflow/example_dags/example_task_group_decorator.py took 0.105 seconds
[2024-12-21T06:36:55.637+0000] {processor.py:186} INFO - Started process (PID=363) to work on /home/airflow/.local/lib/python3.12/site-packages/airflow/example_dags/example_task_group_decorator.py
[2024-12-21T06:36:55.638+0000] {processor.py:914} INFO - Processing file /home/airflow/.local/lib/python3.12/site-packages/airflow/example_dags/example_task_group_decorator.py for tasks to queue
[2024-12-21T06:36:55.640+0000] {logging_mixin.py:190} INFO - [2024-12-21T06:36:55.640+0000] {dagbag.py:588} INFO - Filling up the DagBag from /home/airflow/.local/lib/python3.12/site-packages/airflow/example_dags/example_task_group_decorator.py
[2024-12-21T06:36:55.656+0000] {processor.py:925} INFO - DAG(s) 'example_task_group_decorator' retrieved from /home/airflow/.local/lib/python3.12/site-packages/airflow/example_dags/example_task_group_decorator.py
[2024-12-21T06:36:55.683+0000] {logging_mixin.py:190} INFO - [2024-12-21T06:36:55.683+0000] {dag.py:3239} INFO - Sync 1 DAGs
[2024-12-21T06:36:55.703+0000] {logging_mixin.py:190} INFO - [2024-12-21T06:36:55.703+0000] {dag.py:4180} INFO - Setting next_dagrun for example_task_group_decorator to None, run_after=None
[2024-12-21T06:36:55.730+0000] {processor.py:208} INFO - Processing /home/airflow/.local/lib/python3.12/site-packages/airflow/example_dags/example_task_group_decorator.py took 0.099 seconds
[2024-12-21T06:37:26.552+0000] {processor.py:186} INFO - Started process (PID=428) to work on /home/airflow/.local/lib/python3.12/site-packages/airflow/example_dags/example_task_group_decorator.py
[2024-12-21T06:37:26.553+0000] {processor.py:914} INFO - Processing file /home/airflow/.local/lib/python3.12/site-packages/airflow/example_dags/example_task_group_decorator.py for tasks to queue
[2024-12-21T06:37:26.555+0000] {logging_mixin.py:190} INFO - [2024-12-21T06:37:26.554+0000] {dagbag.py:588} INFO - Filling up the DagBag from /home/airflow/.local/lib/python3.12/site-packages/airflow/example_dags/example_task_group_decorator.py
[2024-12-21T06:37:26.569+0000] {processor.py:925} INFO - DAG(s) 'example_task_group_decorator' retrieved from /home/airflow/.local/lib/python3.12/site-packages/airflow/example_dags/example_task_group_decorator.py
[2024-12-21T06:37:26.595+0000] {logging_mixin.py:190} INFO - [2024-12-21T06:37:26.595+0000] {dag.py:3239} INFO - Sync 1 DAGs
[2024-12-21T06:37:26.610+0000] {logging_mixin.py:190} INFO - [2024-12-21T06:37:26.610+0000] {dag.py:4180} INFO - Setting next_dagrun for example_task_group_decorator to None, run_after=None
[2024-12-21T06:37:26.627+0000] {processor.py:208} INFO - Processing /home/airflow/.local/lib/python3.12/site-packages/airflow/example_dags/example_task_group_decorator.py took 0.079 seconds
[2024-12-21T06:37:57.813+0000] {processor.py:186} INFO - Started process (PID=493) to work on /home/airflow/.local/lib/python3.12/site-packages/airflow/example_dags/example_task_group_decorator.py
[2024-12-21T06:37:57.814+0000] {processor.py:914} INFO - Processing file /home/airflow/.local/lib/python3.12/site-packages/airflow/example_dags/example_task_group_decorator.py for tasks to queue
[2024-12-21T06:37:57.817+0000] {logging_mixin.py:190} INFO - [2024-12-21T06:37:57.817+0000] {dagbag.py:588} INFO - Filling up the DagBag from /home/airflow/.local/lib/python3.12/site-packages/airflow/example_dags/example_task_group_decorator.py
[2024-12-21T06:37:57.846+0000] {processor.py:925} INFO - DAG(s) 'example_task_group_decorator' retrieved from /home/airflow/.local/lib/python3.12/site-packages/airflow/example_dags/example_task_group_decorator.py
[2024-12-21T06:37:57.880+0000] {logging_mixin.py:190} INFO - [2024-12-21T06:37:57.880+0000] {dag.py:3239} INFO - Sync 1 DAGs
[2024-12-21T06:37:57.903+0000] {logging_mixin.py:190} INFO - [2024-12-21T06:37:57.903+0000] {dag.py:4180} INFO - Setting next_dagrun for example_task_group_decorator to None, run_after=None
[2024-12-21T06:37:57.923+0000] {processor.py:208} INFO - Processing /home/airflow/.local/lib/python3.12/site-packages/airflow/example_dags/example_task_group_decorator.py took 0.119 seconds
