[2024-12-21T06:26:17.771+0000] {processor.py:186} INFO - Started process (PID=71) to work on /home/airflow/.local/lib/python3.12/site-packages/airflow/example_dags/example_branch_operator.py
[2024-12-21T06:26:17.772+0000] {processor.py:914} INFO - Processing file /home/airflow/.local/lib/python3.12/site-packages/airflow/example_dags/example_branch_operator.py for tasks to queue
[2024-12-21T06:26:17.775+0000] {logging_mixin.py:190} INFO - [2024-12-21T06:26:17.775+0000] {dagbag.py:588} INFO - Filling up the DagBag from /home/airflow/.local/lib/python3.12/site-packages/airflow/example_dags/example_branch_operator.py
[2024-12-21T06:26:17.825+0000] {processor.py:925} INFO - DAG(s) 'example_branch_operator' retrieved from /home/airflow/.local/lib/python3.12/site-packages/airflow/example_dags/example_branch_operator.py
[2024-12-21T06:26:18.091+0000] {logging_mixin.py:190} INFO - [2024-12-21T06:26:18.091+0000] {override.py:1911} INFO - Created Permission View: can read on DAG:example_branch_operator
[2024-12-21T06:26:18.100+0000] {logging_mixin.py:190} INFO - [2024-12-21T06:26:18.100+0000] {override.py:1911} INFO - Created Permission View: can delete on DAG:example_branch_operator
[2024-12-21T06:26:18.106+0000] {logging_mixin.py:190} INFO - [2024-12-21T06:26:18.106+0000] {override.py:1911} INFO - Created Permission View: can edit on DAG:example_branch_operator
[2024-12-21T06:26:18.116+0000] {logging_mixin.py:190} INFO - [2024-12-21T06:26:18.115+0000] {override.py:1911} INFO - Created Permission View: menu access on DAG Run:example_branch_operator
[2024-12-21T06:26:18.121+0000] {logging_mixin.py:190} INFO - [2024-12-21T06:26:18.121+0000] {override.py:1911} INFO - Created Permission View: can read on DAG Run:example_branch_operator
[2024-12-21T06:26:18.127+0000] {logging_mixin.py:190} INFO - [2024-12-21T06:26:18.127+0000] {override.py:1911} INFO - Created Permission View: can create on DAG Run:example_branch_operator
[2024-12-21T06:26:18.134+0000] {logging_mixin.py:190} INFO - [2024-12-21T06:26:18.134+0000] {override.py:1911} INFO - Created Permission View: can delete on DAG Run:example_branch_operator
[2024-12-21T06:26:18.134+0000] {logging_mixin.py:190} INFO - [2024-12-21T06:26:18.134+0000] {dag.py:3239} INFO - Sync 1 DAGs
[2024-12-21T06:26:18.146+0000] {logging_mixin.py:190} INFO - [2024-12-21T06:26:18.146+0000] {dag.py:3262} INFO - Creating ORM DAG for example_branch_operator
[2024-12-21T06:26:18.157+0000] {logging_mixin.py:190} INFO - [2024-12-21T06:26:18.156+0000] {dag.py:4180} INFO - Setting next_dagrun for example_branch_operator to 2024-12-20 00:00:00+00:00, run_after=2024-12-21 00:00:00+00:00
[2024-12-21T06:26:18.179+0000] {processor.py:208} INFO - Processing /home/airflow/.local/lib/python3.12/site-packages/airflow/example_dags/example_branch_operator.py took 0.414 seconds
[2024-12-21T06:26:49.172+0000] {processor.py:186} INFO - Started process (PID=140) to work on /home/airflow/.local/lib/python3.12/site-packages/airflow/example_dags/example_branch_operator.py
[2024-12-21T06:26:49.173+0000] {processor.py:914} INFO - Processing file /home/airflow/.local/lib/python3.12/site-packages/airflow/example_dags/example_branch_operator.py for tasks to queue
[2024-12-21T06:26:49.175+0000] {logging_mixin.py:190} INFO - [2024-12-21T06:26:49.175+0000] {dagbag.py:588} INFO - Filling up the DagBag from /home/airflow/.local/lib/python3.12/site-packages/airflow/example_dags/example_branch_operator.py
[2024-12-21T06:26:49.191+0000] {processor.py:925} INFO - DAG(s) 'example_branch_operator' retrieved from /home/airflow/.local/lib/python3.12/site-packages/airflow/example_dags/example_branch_operator.py
[2024-12-21T06:26:49.219+0000] {logging_mixin.py:190} INFO - [2024-12-21T06:26:49.219+0000] {dag.py:3239} INFO - Sync 1 DAGs
[2024-12-21T06:26:49.241+0000] {logging_mixin.py:190} INFO - [2024-12-21T06:26:49.241+0000] {dag.py:4180} INFO - Setting next_dagrun for example_branch_operator to 2024-12-20 00:00:00+00:00, run_after=2024-12-21 00:00:00+00:00
[2024-12-21T06:26:49.259+0000] {processor.py:208} INFO - Processing /home/airflow/.local/lib/python3.12/site-packages/airflow/example_dags/example_branch_operator.py took 0.091 seconds
[2024-12-21T06:27:19.882+0000] {processor.py:186} INFO - Started process (PID=203) to work on /home/airflow/.local/lib/python3.12/site-packages/airflow/example_dags/example_branch_operator.py
[2024-12-21T06:27:19.882+0000] {processor.py:914} INFO - Processing file /home/airflow/.local/lib/python3.12/site-packages/airflow/example_dags/example_branch_operator.py for tasks to queue
[2024-12-21T06:27:19.884+0000] {logging_mixin.py:190} INFO - [2024-12-21T06:27:19.884+0000] {dagbag.py:588} INFO - Filling up the DagBag from /home/airflow/.local/lib/python3.12/site-packages/airflow/example_dags/example_branch_operator.py
[2024-12-21T06:27:19.900+0000] {processor.py:925} INFO - DAG(s) 'example_branch_operator' retrieved from /home/airflow/.local/lib/python3.12/site-packages/airflow/example_dags/example_branch_operator.py
[2024-12-21T06:27:19.930+0000] {logging_mixin.py:190} INFO - [2024-12-21T06:27:19.930+0000] {dag.py:3239} INFO - Sync 1 DAGs
[2024-12-21T06:27:19.951+0000] {logging_mixin.py:190} INFO - [2024-12-21T06:27:19.951+0000] {dag.py:4180} INFO - Setting next_dagrun for example_branch_operator to 2024-12-20 00:00:00+00:00, run_after=2024-12-21 00:00:00+00:00
[2024-12-21T06:27:19.972+0000] {processor.py:208} INFO - Processing /home/airflow/.local/lib/python3.12/site-packages/airflow/example_dags/example_branch_operator.py took 0.094 seconds
[2024-12-21T06:27:50.763+0000] {processor.py:186} INFO - Started process (PID=266) to work on /home/airflow/.local/lib/python3.12/site-packages/airflow/example_dags/example_branch_operator.py
[2024-12-21T06:27:50.765+0000] {processor.py:914} INFO - Processing file /home/airflow/.local/lib/python3.12/site-packages/airflow/example_dags/example_branch_operator.py for tasks to queue
[2024-12-21T06:27:50.767+0000] {logging_mixin.py:190} INFO - [2024-12-21T06:27:50.767+0000] {dagbag.py:588} INFO - Filling up the DagBag from /home/airflow/.local/lib/python3.12/site-packages/airflow/example_dags/example_branch_operator.py
[2024-12-21T06:27:50.786+0000] {processor.py:925} INFO - DAG(s) 'example_branch_operator' retrieved from /home/airflow/.local/lib/python3.12/site-packages/airflow/example_dags/example_branch_operator.py
[2024-12-21T06:27:50.813+0000] {logging_mixin.py:190} INFO - [2024-12-21T06:27:50.812+0000] {dag.py:3239} INFO - Sync 1 DAGs
[2024-12-21T06:27:50.835+0000] {logging_mixin.py:190} INFO - [2024-12-21T06:27:50.834+0000] {dag.py:4180} INFO - Setting next_dagrun for example_branch_operator to 2024-12-20 00:00:00+00:00, run_after=2024-12-21 00:00:00+00:00
[2024-12-21T06:27:50.851+0000] {processor.py:208} INFO - Processing /home/airflow/.local/lib/python3.12/site-packages/airflow/example_dags/example_branch_operator.py took 0.095 seconds
[2024-12-21T06:28:21.635+0000] {processor.py:186} INFO - Started process (PID=329) to work on /home/airflow/.local/lib/python3.12/site-packages/airflow/example_dags/example_branch_operator.py
[2024-12-21T06:28:21.636+0000] {processor.py:914} INFO - Processing file /home/airflow/.local/lib/python3.12/site-packages/airflow/example_dags/example_branch_operator.py for tasks to queue
[2024-12-21T06:28:21.638+0000] {logging_mixin.py:190} INFO - [2024-12-21T06:28:21.638+0000] {dagbag.py:588} INFO - Filling up the DagBag from /home/airflow/.local/lib/python3.12/site-packages/airflow/example_dags/example_branch_operator.py
[2024-12-21T06:28:21.663+0000] {processor.py:925} INFO - DAG(s) 'example_branch_operator' retrieved from /home/airflow/.local/lib/python3.12/site-packages/airflow/example_dags/example_branch_operator.py
[2024-12-21T06:28:21.698+0000] {logging_mixin.py:190} INFO - [2024-12-21T06:28:21.698+0000] {dag.py:3239} INFO - Sync 1 DAGs
[2024-12-21T06:28:21.730+0000] {logging_mixin.py:190} INFO - [2024-12-21T06:28:21.730+0000] {dag.py:4180} INFO - Setting next_dagrun for example_branch_operator to 2024-12-20 00:00:00+00:00, run_after=2024-12-21 00:00:00+00:00
[2024-12-21T06:28:21.756+0000] {processor.py:208} INFO - Processing /home/airflow/.local/lib/python3.12/site-packages/airflow/example_dags/example_branch_operator.py took 0.127 seconds
[2024-12-21T06:28:52.052+0000] {processor.py:186} INFO - Started process (PID=392) to work on /home/airflow/.local/lib/python3.12/site-packages/airflow/example_dags/example_branch_operator.py
[2024-12-21T06:28:52.052+0000] {processor.py:914} INFO - Processing file /home/airflow/.local/lib/python3.12/site-packages/airflow/example_dags/example_branch_operator.py for tasks to queue
[2024-12-21T06:28:52.054+0000] {logging_mixin.py:190} INFO - [2024-12-21T06:28:52.054+0000] {dagbag.py:588} INFO - Filling up the DagBag from /home/airflow/.local/lib/python3.12/site-packages/airflow/example_dags/example_branch_operator.py
[2024-12-21T06:28:52.070+0000] {processor.py:925} INFO - DAG(s) 'example_branch_operator' retrieved from /home/airflow/.local/lib/python3.12/site-packages/airflow/example_dags/example_branch_operator.py
[2024-12-21T06:28:52.095+0000] {logging_mixin.py:190} INFO - [2024-12-21T06:28:52.095+0000] {dag.py:3239} INFO - Sync 1 DAGs
[2024-12-21T06:28:52.119+0000] {logging_mixin.py:190} INFO - [2024-12-21T06:28:52.119+0000] {dag.py:4180} INFO - Setting next_dagrun for example_branch_operator to 2024-12-20 00:00:00+00:00, run_after=2024-12-21 00:00:00+00:00
[2024-12-21T06:28:52.135+0000] {processor.py:208} INFO - Processing /home/airflow/.local/lib/python3.12/site-packages/airflow/example_dags/example_branch_operator.py took 0.089 seconds
[2024-12-21T06:29:22.644+0000] {processor.py:186} INFO - Started process (PID=455) to work on /home/airflow/.local/lib/python3.12/site-packages/airflow/example_dags/example_branch_operator.py
[2024-12-21T06:29:22.644+0000] {processor.py:914} INFO - Processing file /home/airflow/.local/lib/python3.12/site-packages/airflow/example_dags/example_branch_operator.py for tasks to queue
[2024-12-21T06:29:22.646+0000] {logging_mixin.py:190} INFO - [2024-12-21T06:29:22.646+0000] {dagbag.py:588} INFO - Filling up the DagBag from /home/airflow/.local/lib/python3.12/site-packages/airflow/example_dags/example_branch_operator.py
[2024-12-21T06:29:22.661+0000] {processor.py:925} INFO - DAG(s) 'example_branch_operator' retrieved from /home/airflow/.local/lib/python3.12/site-packages/airflow/example_dags/example_branch_operator.py
[2024-12-21T06:29:22.690+0000] {logging_mixin.py:190} INFO - [2024-12-21T06:29:22.690+0000] {dag.py:3239} INFO - Sync 1 DAGs
[2024-12-21T06:29:22.714+0000] {logging_mixin.py:190} INFO - [2024-12-21T06:29:22.714+0000] {dag.py:4180} INFO - Setting next_dagrun for example_branch_operator to 2024-12-20 00:00:00+00:00, run_after=2024-12-21 00:00:00+00:00
[2024-12-21T06:29:22.733+0000] {processor.py:208} INFO - Processing /home/airflow/.local/lib/python3.12/site-packages/airflow/example_dags/example_branch_operator.py took 0.094 seconds
[2024-12-21T06:29:53.207+0000] {processor.py:186} INFO - Started process (PID=518) to work on /home/airflow/.local/lib/python3.12/site-packages/airflow/example_dags/example_branch_operator.py
[2024-12-21T06:29:53.208+0000] {processor.py:914} INFO - Processing file /home/airflow/.local/lib/python3.12/site-packages/airflow/example_dags/example_branch_operator.py for tasks to queue
[2024-12-21T06:29:53.209+0000] {logging_mixin.py:190} INFO - [2024-12-21T06:29:53.209+0000] {dagbag.py:588} INFO - Filling up the DagBag from /home/airflow/.local/lib/python3.12/site-packages/airflow/example_dags/example_branch_operator.py
[2024-12-21T06:29:53.223+0000] {processor.py:925} INFO - DAG(s) 'example_branch_operator' retrieved from /home/airflow/.local/lib/python3.12/site-packages/airflow/example_dags/example_branch_operator.py
[2024-12-21T06:29:53.245+0000] {logging_mixin.py:190} INFO - [2024-12-21T06:29:53.245+0000] {dag.py:3239} INFO - Sync 1 DAGs
[2024-12-21T06:29:53.266+0000] {logging_mixin.py:190} INFO - [2024-12-21T06:29:53.266+0000] {dag.py:4180} INFO - Setting next_dagrun for example_branch_operator to 2024-12-20 00:00:00+00:00, run_after=2024-12-21 00:00:00+00:00
[2024-12-21T06:29:53.281+0000] {processor.py:208} INFO - Processing /home/airflow/.local/lib/python3.12/site-packages/airflow/example_dags/example_branch_operator.py took 0.079 seconds
[2024-12-21T06:30:23.384+0000] {processor.py:186} INFO - Started process (PID=581) to work on /home/airflow/.local/lib/python3.12/site-packages/airflow/example_dags/example_branch_operator.py
[2024-12-21T06:30:23.385+0000] {processor.py:914} INFO - Processing file /home/airflow/.local/lib/python3.12/site-packages/airflow/example_dags/example_branch_operator.py for tasks to queue
[2024-12-21T06:30:23.386+0000] {logging_mixin.py:190} INFO - [2024-12-21T06:30:23.386+0000] {dagbag.py:588} INFO - Filling up the DagBag from /home/airflow/.local/lib/python3.12/site-packages/airflow/example_dags/example_branch_operator.py
[2024-12-21T06:30:23.400+0000] {processor.py:925} INFO - DAG(s) 'example_branch_operator' retrieved from /home/airflow/.local/lib/python3.12/site-packages/airflow/example_dags/example_branch_operator.py
[2024-12-21T06:30:23.428+0000] {logging_mixin.py:190} INFO - [2024-12-21T06:30:23.428+0000] {dag.py:3239} INFO - Sync 1 DAGs
[2024-12-21T06:30:23.459+0000] {logging_mixin.py:190} INFO - [2024-12-21T06:30:23.458+0000] {dag.py:4180} INFO - Setting next_dagrun for example_branch_operator to 2024-12-20 00:00:00+00:00, run_after=2024-12-21 00:00:00+00:00
[2024-12-21T06:30:23.484+0000] {processor.py:208} INFO - Processing /home/airflow/.local/lib/python3.12/site-packages/airflow/example_dags/example_branch_operator.py took 0.105 seconds
[2024-12-21T06:30:53.793+0000] {processor.py:186} INFO - Started process (PID=644) to work on /home/airflow/.local/lib/python3.12/site-packages/airflow/example_dags/example_branch_operator.py
[2024-12-21T06:30:53.794+0000] {processor.py:914} INFO - Processing file /home/airflow/.local/lib/python3.12/site-packages/airflow/example_dags/example_branch_operator.py for tasks to queue
[2024-12-21T06:30:53.796+0000] {logging_mixin.py:190} INFO - [2024-12-21T06:30:53.795+0000] {dagbag.py:588} INFO - Filling up the DagBag from /home/airflow/.local/lib/python3.12/site-packages/airflow/example_dags/example_branch_operator.py
[2024-12-21T06:30:53.814+0000] {processor.py:925} INFO - DAG(s) 'example_branch_operator' retrieved from /home/airflow/.local/lib/python3.12/site-packages/airflow/example_dags/example_branch_operator.py
[2024-12-21T06:30:53.842+0000] {logging_mixin.py:190} INFO - [2024-12-21T06:30:53.842+0000] {dag.py:3239} INFO - Sync 1 DAGs
[2024-12-21T06:30:53.866+0000] {logging_mixin.py:190} INFO - [2024-12-21T06:30:53.865+0000] {dag.py:4180} INFO - Setting next_dagrun for example_branch_operator to 2024-12-20 00:00:00+00:00, run_after=2024-12-21 00:00:00+00:00
[2024-12-21T06:30:53.881+0000] {processor.py:208} INFO - Processing /home/airflow/.local/lib/python3.12/site-packages/airflow/example_dags/example_branch_operator.py took 0.093 seconds
[2024-12-21T06:31:23.936+0000] {processor.py:186} INFO - Started process (PID=707) to work on /home/airflow/.local/lib/python3.12/site-packages/airflow/example_dags/example_branch_operator.py
[2024-12-21T06:31:23.937+0000] {processor.py:914} INFO - Processing file /home/airflow/.local/lib/python3.12/site-packages/airflow/example_dags/example_branch_operator.py for tasks to queue
[2024-12-21T06:31:23.940+0000] {logging_mixin.py:190} INFO - [2024-12-21T06:31:23.940+0000] {dagbag.py:588} INFO - Filling up the DagBag from /home/airflow/.local/lib/python3.12/site-packages/airflow/example_dags/example_branch_operator.py
[2024-12-21T06:31:23.961+0000] {processor.py:925} INFO - DAG(s) 'example_branch_operator' retrieved from /home/airflow/.local/lib/python3.12/site-packages/airflow/example_dags/example_branch_operator.py
[2024-12-21T06:31:23.994+0000] {logging_mixin.py:190} INFO - [2024-12-21T06:31:23.994+0000] {dag.py:3239} INFO - Sync 1 DAGs
[2024-12-21T06:31:24.023+0000] {logging_mixin.py:190} INFO - [2024-12-21T06:31:24.022+0000] {dag.py:4180} INFO - Setting next_dagrun for example_branch_operator to 2024-12-20 00:00:00+00:00, run_after=2024-12-21 00:00:00+00:00
[2024-12-21T06:31:24.040+0000] {processor.py:208} INFO - Processing /home/airflow/.local/lib/python3.12/site-packages/airflow/example_dags/example_branch_operator.py took 0.112 seconds
[2024-12-21T06:31:54.254+0000] {processor.py:186} INFO - Started process (PID=770) to work on /home/airflow/.local/lib/python3.12/site-packages/airflow/example_dags/example_branch_operator.py
[2024-12-21T06:31:54.255+0000] {processor.py:914} INFO - Processing file /home/airflow/.local/lib/python3.12/site-packages/airflow/example_dags/example_branch_operator.py for tasks to queue
[2024-12-21T06:31:54.256+0000] {logging_mixin.py:190} INFO - [2024-12-21T06:31:54.256+0000] {dagbag.py:588} INFO - Filling up the DagBag from /home/airflow/.local/lib/python3.12/site-packages/airflow/example_dags/example_branch_operator.py
[2024-12-21T06:31:54.272+0000] {processor.py:925} INFO - DAG(s) 'example_branch_operator' retrieved from /home/airflow/.local/lib/python3.12/site-packages/airflow/example_dags/example_branch_operator.py
[2024-12-21T06:31:54.297+0000] {logging_mixin.py:190} INFO - [2024-12-21T06:31:54.297+0000] {dag.py:3239} INFO - Sync 1 DAGs
[2024-12-21T06:31:54.318+0000] {logging_mixin.py:190} INFO - [2024-12-21T06:31:54.318+0000] {dag.py:4180} INFO - Setting next_dagrun for example_branch_operator to 2024-12-20 00:00:00+00:00, run_after=2024-12-21 00:00:00+00:00
[2024-12-21T06:31:54.336+0000] {processor.py:208} INFO - Processing /home/airflow/.local/lib/python3.12/site-packages/airflow/example_dags/example_branch_operator.py took 0.087 seconds
[2024-12-21T06:32:25.034+0000] {processor.py:186} INFO - Started process (PID=833) to work on /home/airflow/.local/lib/python3.12/site-packages/airflow/example_dags/example_branch_operator.py
[2024-12-21T06:32:25.035+0000] {processor.py:914} INFO - Processing file /home/airflow/.local/lib/python3.12/site-packages/airflow/example_dags/example_branch_operator.py for tasks to queue
[2024-12-21T06:32:25.037+0000] {logging_mixin.py:190} INFO - [2024-12-21T06:32:25.037+0000] {dagbag.py:588} INFO - Filling up the DagBag from /home/airflow/.local/lib/python3.12/site-packages/airflow/example_dags/example_branch_operator.py
[2024-12-21T06:32:25.054+0000] {processor.py:925} INFO - DAG(s) 'example_branch_operator' retrieved from /home/airflow/.local/lib/python3.12/site-packages/airflow/example_dags/example_branch_operator.py
[2024-12-21T06:32:25.083+0000] {logging_mixin.py:190} INFO - [2024-12-21T06:32:25.083+0000] {dag.py:3239} INFO - Sync 1 DAGs
[2024-12-21T06:32:25.106+0000] {logging_mixin.py:190} INFO - [2024-12-21T06:32:25.106+0000] {dag.py:4180} INFO - Setting next_dagrun for example_branch_operator to 2024-12-20 00:00:00+00:00, run_after=2024-12-21 00:00:00+00:00
[2024-12-21T06:32:25.128+0000] {processor.py:208} INFO - Processing /home/airflow/.local/lib/python3.12/site-packages/airflow/example_dags/example_branch_operator.py took 0.099 seconds
[2024-12-21T06:32:55.553+0000] {processor.py:186} INFO - Started process (PID=896) to work on /home/airflow/.local/lib/python3.12/site-packages/airflow/example_dags/example_branch_operator.py
[2024-12-21T06:32:55.554+0000] {processor.py:914} INFO - Processing file /home/airflow/.local/lib/python3.12/site-packages/airflow/example_dags/example_branch_operator.py for tasks to queue
[2024-12-21T06:32:55.555+0000] {logging_mixin.py:190} INFO - [2024-12-21T06:32:55.555+0000] {dagbag.py:588} INFO - Filling up the DagBag from /home/airflow/.local/lib/python3.12/site-packages/airflow/example_dags/example_branch_operator.py
[2024-12-21T06:32:55.572+0000] {processor.py:925} INFO - DAG(s) 'example_branch_operator' retrieved from /home/airflow/.local/lib/python3.12/site-packages/airflow/example_dags/example_branch_operator.py
[2024-12-21T06:32:55.597+0000] {logging_mixin.py:190} INFO - [2024-12-21T06:32:55.597+0000] {dag.py:3239} INFO - Sync 1 DAGs
[2024-12-21T06:32:55.619+0000] {logging_mixin.py:190} INFO - [2024-12-21T06:32:55.619+0000] {dag.py:4180} INFO - Setting next_dagrun for example_branch_operator to 2024-12-20 00:00:00+00:00, run_after=2024-12-21 00:00:00+00:00
[2024-12-21T06:32:55.635+0000] {processor.py:208} INFO - Processing /home/airflow/.local/lib/python3.12/site-packages/airflow/example_dags/example_branch_operator.py took 0.088 seconds
[2024-12-21T06:33:26.072+0000] {processor.py:186} INFO - Started process (PID=959) to work on /home/airflow/.local/lib/python3.12/site-packages/airflow/example_dags/example_branch_operator.py
[2024-12-21T06:33:26.073+0000] {processor.py:914} INFO - Processing file /home/airflow/.local/lib/python3.12/site-packages/airflow/example_dags/example_branch_operator.py for tasks to queue
[2024-12-21T06:33:26.075+0000] {logging_mixin.py:190} INFO - [2024-12-21T06:33:26.074+0000] {dagbag.py:588} INFO - Filling up the DagBag from /home/airflow/.local/lib/python3.12/site-packages/airflow/example_dags/example_branch_operator.py
[2024-12-21T06:33:26.091+0000] {processor.py:925} INFO - DAG(s) 'example_branch_operator' retrieved from /home/airflow/.local/lib/python3.12/site-packages/airflow/example_dags/example_branch_operator.py
[2024-12-21T06:33:26.118+0000] {logging_mixin.py:190} INFO - [2024-12-21T06:33:26.118+0000] {dag.py:3239} INFO - Sync 1 DAGs
[2024-12-21T06:33:26.142+0000] {logging_mixin.py:190} INFO - [2024-12-21T06:33:26.142+0000] {dag.py:4180} INFO - Setting next_dagrun for example_branch_operator to 2024-12-20 00:00:00+00:00, run_after=2024-12-21 00:00:00+00:00
[2024-12-21T06:33:26.164+0000] {processor.py:208} INFO - Processing /home/airflow/.local/lib/python3.12/site-packages/airflow/example_dags/example_branch_operator.py took 0.096 seconds
[2024-12-21T06:33:56.854+0000] {processor.py:186} INFO - Started process (PID=1022) to work on /home/airflow/.local/lib/python3.12/site-packages/airflow/example_dags/example_branch_operator.py
[2024-12-21T06:33:56.855+0000] {processor.py:914} INFO - Processing file /home/airflow/.local/lib/python3.12/site-packages/airflow/example_dags/example_branch_operator.py for tasks to queue
[2024-12-21T06:33:56.857+0000] {logging_mixin.py:190} INFO - [2024-12-21T06:33:56.857+0000] {dagbag.py:588} INFO - Filling up the DagBag from /home/airflow/.local/lib/python3.12/site-packages/airflow/example_dags/example_branch_operator.py
[2024-12-21T06:33:56.875+0000] {processor.py:925} INFO - DAG(s) 'example_branch_operator' retrieved from /home/airflow/.local/lib/python3.12/site-packages/airflow/example_dags/example_branch_operator.py
[2024-12-21T06:33:56.909+0000] {logging_mixin.py:190} INFO - [2024-12-21T06:33:56.909+0000] {dag.py:3239} INFO - Sync 1 DAGs
[2024-12-21T06:33:56.941+0000] {logging_mixin.py:190} INFO - [2024-12-21T06:33:56.941+0000] {dag.py:4180} INFO - Setting next_dagrun for example_branch_operator to 2024-12-20 00:00:00+00:00, run_after=2024-12-21 00:00:00+00:00
[2024-12-21T06:33:56.960+0000] {processor.py:208} INFO - Processing /home/airflow/.local/lib/python3.12/site-packages/airflow/example_dags/example_branch_operator.py took 0.113 seconds
[2024-12-21T06:34:46.933+0000] {processor.py:186} INFO - Started process (PID=60) to work on /home/airflow/.local/lib/python3.12/site-packages/airflow/example_dags/example_branch_operator.py
[2024-12-21T06:34:46.934+0000] {processor.py:914} INFO - Processing file /home/airflow/.local/lib/python3.12/site-packages/airflow/example_dags/example_branch_operator.py for tasks to queue
[2024-12-21T06:34:46.937+0000] {logging_mixin.py:190} INFO - [2024-12-21T06:34:46.936+0000] {dagbag.py:588} INFO - Filling up the DagBag from /home/airflow/.local/lib/python3.12/site-packages/airflow/example_dags/example_branch_operator.py
[2024-12-21T06:34:46.963+0000] {processor.py:925} INFO - DAG(s) 'example_branch_operator' retrieved from /home/airflow/.local/lib/python3.12/site-packages/airflow/example_dags/example_branch_operator.py
[2024-12-21T06:34:47.138+0000] {logging_mixin.py:190} INFO - [2024-12-21T06:34:47.138+0000] {dag.py:3239} INFO - Sync 1 DAGs
[2024-12-21T06:34:47.165+0000] {logging_mixin.py:190} INFO - [2024-12-21T06:34:47.165+0000] {dag.py:4180} INFO - Setting next_dagrun for example_branch_operator to 2024-12-20 00:00:00+00:00, run_after=2024-12-21 00:00:00+00:00
[2024-12-21T06:34:47.188+0000] {processor.py:208} INFO - Processing /home/airflow/.local/lib/python3.12/site-packages/airflow/example_dags/example_branch_operator.py took 0.262 seconds
[2024-12-21T06:35:17.940+0000] {processor.py:186} INFO - Started process (PID=126) to work on /home/airflow/.local/lib/python3.12/site-packages/airflow/example_dags/example_branch_operator.py
[2024-12-21T06:35:17.941+0000] {processor.py:914} INFO - Processing file /home/airflow/.local/lib/python3.12/site-packages/airflow/example_dags/example_branch_operator.py for tasks to queue
[2024-12-21T06:35:17.943+0000] {logging_mixin.py:190} INFO - [2024-12-21T06:35:17.942+0000] {dagbag.py:588} INFO - Filling up the DagBag from /home/airflow/.local/lib/python3.12/site-packages/airflow/example_dags/example_branch_operator.py
[2024-12-21T06:35:17.960+0000] {processor.py:925} INFO - DAG(s) 'example_branch_operator' retrieved from /home/airflow/.local/lib/python3.12/site-packages/airflow/example_dags/example_branch_operator.py
[2024-12-21T06:35:17.993+0000] {logging_mixin.py:190} INFO - [2024-12-21T06:35:17.993+0000] {dag.py:3239} INFO - Sync 1 DAGs
[2024-12-21T06:35:18.025+0000] {logging_mixin.py:190} INFO - [2024-12-21T06:35:18.024+0000] {dag.py:4180} INFO - Setting next_dagrun for example_branch_operator to 2024-12-20 00:00:00+00:00, run_after=2024-12-21 00:00:00+00:00
[2024-12-21T06:35:18.046+0000] {processor.py:208} INFO - Processing /home/airflow/.local/lib/python3.12/site-packages/airflow/example_dags/example_branch_operator.py took 0.111 seconds
[2024-12-21T06:35:49.107+0000] {processor.py:186} INFO - Started process (PID=197) to work on /home/airflow/.local/lib/python3.12/site-packages/airflow/example_dags/example_branch_operator.py
[2024-12-21T06:35:49.108+0000] {processor.py:914} INFO - Processing file /home/airflow/.local/lib/python3.12/site-packages/airflow/example_dags/example_branch_operator.py for tasks to queue
[2024-12-21T06:35:49.109+0000] {logging_mixin.py:190} INFO - [2024-12-21T06:35:49.109+0000] {dagbag.py:588} INFO - Filling up the DagBag from /home/airflow/.local/lib/python3.12/site-packages/airflow/example_dags/example_branch_operator.py
[2024-12-21T06:35:49.124+0000] {processor.py:925} INFO - DAG(s) 'example_branch_operator' retrieved from /home/airflow/.local/lib/python3.12/site-packages/airflow/example_dags/example_branch_operator.py
[2024-12-21T06:35:49.146+0000] {logging_mixin.py:190} INFO - [2024-12-21T06:35:49.146+0000] {dag.py:3239} INFO - Sync 1 DAGs
[2024-12-21T06:35:49.165+0000] {logging_mixin.py:190} INFO - [2024-12-21T06:35:49.165+0000] {dag.py:4180} INFO - Setting next_dagrun for example_branch_operator to 2024-12-20 00:00:00+00:00, run_after=2024-12-21 00:00:00+00:00
[2024-12-21T06:35:49.179+0000] {processor.py:208} INFO - Processing /home/airflow/.local/lib/python3.12/site-packages/airflow/example_dags/example_branch_operator.py took 0.077 seconds
[2024-12-21T06:36:19.969+0000] {processor.py:186} INFO - Started process (PID=266) to work on /home/airflow/.local/lib/python3.12/site-packages/airflow/example_dags/example_branch_operator.py
[2024-12-21T06:36:19.969+0000] {processor.py:914} INFO - Processing file /home/airflow/.local/lib/python3.12/site-packages/airflow/example_dags/example_branch_operator.py for tasks to queue
[2024-12-21T06:36:19.971+0000] {logging_mixin.py:190} INFO - [2024-12-21T06:36:19.971+0000] {dagbag.py:588} INFO - Filling up the DagBag from /home/airflow/.local/lib/python3.12/site-packages/airflow/example_dags/example_branch_operator.py
[2024-12-21T06:36:19.992+0000] {processor.py:925} INFO - DAG(s) 'example_branch_operator' retrieved from /home/airflow/.local/lib/python3.12/site-packages/airflow/example_dags/example_branch_operator.py
[2024-12-21T06:36:20.026+0000] {logging_mixin.py:190} INFO - [2024-12-21T06:36:20.026+0000] {dag.py:3239} INFO - Sync 1 DAGs
[2024-12-21T06:36:20.051+0000] {logging_mixin.py:190} INFO - [2024-12-21T06:36:20.051+0000] {dag.py:4180} INFO - Setting next_dagrun for example_branch_operator to 2024-12-20 00:00:00+00:00, run_after=2024-12-21 00:00:00+00:00
[2024-12-21T06:36:20.070+0000] {processor.py:208} INFO - Processing /home/airflow/.local/lib/python3.12/site-packages/airflow/example_dags/example_branch_operator.py took 0.108 seconds
[2024-12-21T06:36:50.597+0000] {processor.py:186} INFO - Started process (PID=331) to work on /home/airflow/.local/lib/python3.12/site-packages/airflow/example_dags/example_branch_operator.py
[2024-12-21T06:36:50.598+0000] {processor.py:914} INFO - Processing file /home/airflow/.local/lib/python3.12/site-packages/airflow/example_dags/example_branch_operator.py for tasks to queue
[2024-12-21T06:36:50.600+0000] {logging_mixin.py:190} INFO - [2024-12-21T06:36:50.599+0000] {dagbag.py:588} INFO - Filling up the DagBag from /home/airflow/.local/lib/python3.12/site-packages/airflow/example_dags/example_branch_operator.py
[2024-12-21T06:36:50.619+0000] {processor.py:925} INFO - DAG(s) 'example_branch_operator' retrieved from /home/airflow/.local/lib/python3.12/site-packages/airflow/example_dags/example_branch_operator.py
[2024-12-21T06:36:50.649+0000] {logging_mixin.py:190} INFO - [2024-12-21T06:36:50.648+0000] {dag.py:3239} INFO - Sync 1 DAGs
[2024-12-21T06:36:50.675+0000] {logging_mixin.py:190} INFO - [2024-12-21T06:36:50.675+0000] {dag.py:4180} INFO - Setting next_dagrun for example_branch_operator to 2024-12-20 00:00:00+00:00, run_after=2024-12-21 00:00:00+00:00
[2024-12-21T06:36:50.693+0000] {processor.py:208} INFO - Processing /home/airflow/.local/lib/python3.12/site-packages/airflow/example_dags/example_branch_operator.py took 0.102 seconds
[2024-12-21T06:37:21.572+0000] {processor.py:186} INFO - Started process (PID=396) to work on /home/airflow/.local/lib/python3.12/site-packages/airflow/example_dags/example_branch_operator.py
[2024-12-21T06:37:21.573+0000] {processor.py:914} INFO - Processing file /home/airflow/.local/lib/python3.12/site-packages/airflow/example_dags/example_branch_operator.py for tasks to queue
[2024-12-21T06:37:21.576+0000] {logging_mixin.py:190} INFO - [2024-12-21T06:37:21.576+0000] {dagbag.py:588} INFO - Filling up the DagBag from /home/airflow/.local/lib/python3.12/site-packages/airflow/example_dags/example_branch_operator.py
[2024-12-21T06:37:21.601+0000] {processor.py:925} INFO - DAG(s) 'example_branch_operator' retrieved from /home/airflow/.local/lib/python3.12/site-packages/airflow/example_dags/example_branch_operator.py
[2024-12-21T06:37:21.646+0000] {logging_mixin.py:190} INFO - [2024-12-21T06:37:21.646+0000] {dag.py:3239} INFO - Sync 1 DAGs
[2024-12-21T06:37:21.684+0000] {logging_mixin.py:190} INFO - [2024-12-21T06:37:21.684+0000] {dag.py:4180} INFO - Setting next_dagrun for example_branch_operator to 2024-12-20 00:00:00+00:00, run_after=2024-12-21 00:00:00+00:00
[2024-12-21T06:37:21.712+0000] {processor.py:208} INFO - Processing /home/airflow/.local/lib/python3.12/site-packages/airflow/example_dags/example_branch_operator.py took 0.146 seconds
[2024-12-21T06:37:52.422+0000] {processor.py:186} INFO - Started process (PID=461) to work on /home/airflow/.local/lib/python3.12/site-packages/airflow/example_dags/example_branch_operator.py
[2024-12-21T06:37:52.423+0000] {processor.py:914} INFO - Processing file /home/airflow/.local/lib/python3.12/site-packages/airflow/example_dags/example_branch_operator.py for tasks to queue
[2024-12-21T06:37:52.424+0000] {logging_mixin.py:190} INFO - [2024-12-21T06:37:52.424+0000] {dagbag.py:588} INFO - Filling up the DagBag from /home/airflow/.local/lib/python3.12/site-packages/airflow/example_dags/example_branch_operator.py
[2024-12-21T06:37:52.448+0000] {processor.py:925} INFO - DAG(s) 'example_branch_operator' retrieved from /home/airflow/.local/lib/python3.12/site-packages/airflow/example_dags/example_branch_operator.py
[2024-12-21T06:37:52.489+0000] {logging_mixin.py:190} INFO - [2024-12-21T06:37:52.489+0000] {dag.py:3239} INFO - Sync 1 DAGs
[2024-12-21T06:37:52.524+0000] {logging_mixin.py:190} INFO - [2024-12-21T06:37:52.524+0000] {dag.py:4180} INFO - Setting next_dagrun for example_branch_operator to 2024-12-20 00:00:00+00:00, run_after=2024-12-21 00:00:00+00:00
[2024-12-21T06:37:52.549+0000] {processor.py:208} INFO - Processing /home/airflow/.local/lib/python3.12/site-packages/airflow/example_dags/example_branch_operator.py took 0.132 seconds
[2024-12-21T06:38:23.149+0000] {processor.py:186} INFO - Started process (PID=526) to work on /home/airflow/.local/lib/python3.12/site-packages/airflow/example_dags/example_branch_operator.py
[2024-12-21T06:38:23.150+0000] {processor.py:914} INFO - Processing file /home/airflow/.local/lib/python3.12/site-packages/airflow/example_dags/example_branch_operator.py for tasks to queue
[2024-12-21T06:38:23.152+0000] {logging_mixin.py:190} INFO - [2024-12-21T06:38:23.152+0000] {dagbag.py:588} INFO - Filling up the DagBag from /home/airflow/.local/lib/python3.12/site-packages/airflow/example_dags/example_branch_operator.py
[2024-12-21T06:38:23.168+0000] {processor.py:925} INFO - DAG(s) 'example_branch_operator' retrieved from /home/airflow/.local/lib/python3.12/site-packages/airflow/example_dags/example_branch_operator.py
[2024-12-21T06:38:23.200+0000] {logging_mixin.py:190} INFO - [2024-12-21T06:38:23.199+0000] {dag.py:3239} INFO - Sync 1 DAGs
[2024-12-21T06:38:23.225+0000] {logging_mixin.py:190} INFO - [2024-12-21T06:38:23.224+0000] {dag.py:4180} INFO - Setting next_dagrun for example_branch_operator to 2024-12-20 00:00:00+00:00, run_after=2024-12-21 00:00:00+00:00
[2024-12-21T06:38:23.245+0000] {processor.py:208} INFO - Processing /home/airflow/.local/lib/python3.12/site-packages/airflow/example_dags/example_branch_operator.py took 0.101 seconds
[2024-12-21T06:38:53.695+0000] {processor.py:186} INFO - Started process (PID=591) to work on /home/airflow/.local/lib/python3.12/site-packages/airflow/example_dags/example_branch_operator.py
[2024-12-21T06:38:53.696+0000] {processor.py:914} INFO - Processing file /home/airflow/.local/lib/python3.12/site-packages/airflow/example_dags/example_branch_operator.py for tasks to queue
[2024-12-21T06:38:53.698+0000] {logging_mixin.py:190} INFO - [2024-12-21T06:38:53.698+0000] {dagbag.py:588} INFO - Filling up the DagBag from /home/airflow/.local/lib/python3.12/site-packages/airflow/example_dags/example_branch_operator.py
[2024-12-21T06:38:53.716+0000] {processor.py:925} INFO - DAG(s) 'example_branch_operator' retrieved from /home/airflow/.local/lib/python3.12/site-packages/airflow/example_dags/example_branch_operator.py
[2024-12-21T06:38:53.753+0000] {logging_mixin.py:190} INFO - [2024-12-21T06:38:53.753+0000] {dag.py:3239} INFO - Sync 1 DAGs
[2024-12-21T06:38:53.798+0000] {logging_mixin.py:190} INFO - [2024-12-21T06:38:53.798+0000] {dag.py:4180} INFO - Setting next_dagrun for example_branch_operator to 2024-12-20 00:00:00+00:00, run_after=2024-12-21 00:00:00+00:00
[2024-12-21T06:38:53.828+0000] {processor.py:208} INFO - Processing /home/airflow/.local/lib/python3.12/site-packages/airflow/example_dags/example_branch_operator.py took 0.138 seconds
[2024-12-21T06:39:24.403+0000] {processor.py:186} INFO - Started process (PID=656) to work on /home/airflow/.local/lib/python3.12/site-packages/airflow/example_dags/example_branch_operator.py
[2024-12-21T06:39:24.404+0000] {processor.py:914} INFO - Processing file /home/airflow/.local/lib/python3.12/site-packages/airflow/example_dags/example_branch_operator.py for tasks to queue
[2024-12-21T06:39:24.407+0000] {logging_mixin.py:190} INFO - [2024-12-21T06:39:24.406+0000] {dagbag.py:588} INFO - Filling up the DagBag from /home/airflow/.local/lib/python3.12/site-packages/airflow/example_dags/example_branch_operator.py
[2024-12-21T06:39:24.429+0000] {processor.py:925} INFO - DAG(s) 'example_branch_operator' retrieved from /home/airflow/.local/lib/python3.12/site-packages/airflow/example_dags/example_branch_operator.py
[2024-12-21T06:39:24.464+0000] {logging_mixin.py:190} INFO - [2024-12-21T06:39:24.464+0000] {dag.py:3239} INFO - Sync 1 DAGs
[2024-12-21T06:39:24.498+0000] {logging_mixin.py:190} INFO - [2024-12-21T06:39:24.498+0000] {dag.py:4180} INFO - Setting next_dagrun for example_branch_operator to 2024-12-20 00:00:00+00:00, run_after=2024-12-21 00:00:00+00:00
[2024-12-21T06:39:24.518+0000] {processor.py:208} INFO - Processing /home/airflow/.local/lib/python3.12/site-packages/airflow/example_dags/example_branch_operator.py took 0.120 seconds
[2024-12-21T06:39:55.254+0000] {processor.py:186} INFO - Started process (PID=721) to work on /home/airflow/.local/lib/python3.12/site-packages/airflow/example_dags/example_branch_operator.py
[2024-12-21T06:39:55.255+0000] {processor.py:914} INFO - Processing file /home/airflow/.local/lib/python3.12/site-packages/airflow/example_dags/example_branch_operator.py for tasks to queue
[2024-12-21T06:39:55.257+0000] {logging_mixin.py:190} INFO - [2024-12-21T06:39:55.256+0000] {dagbag.py:588} INFO - Filling up the DagBag from /home/airflow/.local/lib/python3.12/site-packages/airflow/example_dags/example_branch_operator.py
[2024-12-21T06:39:55.276+0000] {processor.py:925} INFO - DAG(s) 'example_branch_operator' retrieved from /home/airflow/.local/lib/python3.12/site-packages/airflow/example_dags/example_branch_operator.py
[2024-12-21T06:39:55.303+0000] {logging_mixin.py:190} INFO - [2024-12-21T06:39:55.303+0000] {dag.py:3239} INFO - Sync 1 DAGs
[2024-12-21T06:39:55.330+0000] {logging_mixin.py:190} INFO - [2024-12-21T06:39:55.330+0000] {dag.py:4180} INFO - Setting next_dagrun for example_branch_operator to 2024-12-20 00:00:00+00:00, run_after=2024-12-21 00:00:00+00:00
[2024-12-21T06:39:55.355+0000] {processor.py:208} INFO - Processing /home/airflow/.local/lib/python3.12/site-packages/airflow/example_dags/example_branch_operator.py took 0.105 seconds
[2024-12-21T06:40:25.554+0000] {processor.py:186} INFO - Started process (PID=786) to work on /home/airflow/.local/lib/python3.12/site-packages/airflow/example_dags/example_branch_operator.py
[2024-12-21T06:40:25.555+0000] {processor.py:914} INFO - Processing file /home/airflow/.local/lib/python3.12/site-packages/airflow/example_dags/example_branch_operator.py for tasks to queue
[2024-12-21T06:40:25.556+0000] {logging_mixin.py:190} INFO - [2024-12-21T06:40:25.556+0000] {dagbag.py:588} INFO - Filling up the DagBag from /home/airflow/.local/lib/python3.12/site-packages/airflow/example_dags/example_branch_operator.py
[2024-12-21T06:40:25.574+0000] {processor.py:925} INFO - DAG(s) 'example_branch_operator' retrieved from /home/airflow/.local/lib/python3.12/site-packages/airflow/example_dags/example_branch_operator.py
[2024-12-21T06:40:25.601+0000] {logging_mixin.py:190} INFO - [2024-12-21T06:40:25.601+0000] {dag.py:3239} INFO - Sync 1 DAGs
[2024-12-21T06:40:25.624+0000] {logging_mixin.py:190} INFO - [2024-12-21T06:40:25.623+0000] {dag.py:4180} INFO - Setting next_dagrun for example_branch_operator to 2024-12-20 00:00:00+00:00, run_after=2024-12-21 00:00:00+00:00
[2024-12-21T06:40:25.640+0000] {processor.py:208} INFO - Processing /home/airflow/.local/lib/python3.12/site-packages/airflow/example_dags/example_branch_operator.py took 0.092 seconds
[2024-12-21T06:40:56.192+0000] {processor.py:186} INFO - Started process (PID=851) to work on /home/airflow/.local/lib/python3.12/site-packages/airflow/example_dags/example_branch_operator.py
[2024-12-21T06:40:56.193+0000] {processor.py:914} INFO - Processing file /home/airflow/.local/lib/python3.12/site-packages/airflow/example_dags/example_branch_operator.py for tasks to queue
[2024-12-21T06:40:56.195+0000] {logging_mixin.py:190} INFO - [2024-12-21T06:40:56.195+0000] {dagbag.py:588} INFO - Filling up the DagBag from /home/airflow/.local/lib/python3.12/site-packages/airflow/example_dags/example_branch_operator.py
[2024-12-21T06:40:56.213+0000] {processor.py:925} INFO - DAG(s) 'example_branch_operator' retrieved from /home/airflow/.local/lib/python3.12/site-packages/airflow/example_dags/example_branch_operator.py
[2024-12-21T06:40:56.245+0000] {logging_mixin.py:190} INFO - [2024-12-21T06:40:56.245+0000] {dag.py:3239} INFO - Sync 1 DAGs
[2024-12-21T06:40:56.269+0000] {logging_mixin.py:190} INFO - [2024-12-21T06:40:56.269+0000] {dag.py:4180} INFO - Setting next_dagrun for example_branch_operator to 2024-12-20 00:00:00+00:00, run_after=2024-12-21 00:00:00+00:00
[2024-12-21T06:40:56.286+0000] {processor.py:208} INFO - Processing /home/airflow/.local/lib/python3.12/site-packages/airflow/example_dags/example_branch_operator.py took 0.099 seconds
[2024-12-21T06:41:27.276+0000] {processor.py:186} INFO - Started process (PID=916) to work on /home/airflow/.local/lib/python3.12/site-packages/airflow/example_dags/example_branch_operator.py
[2024-12-21T06:41:27.277+0000] {processor.py:914} INFO - Processing file /home/airflow/.local/lib/python3.12/site-packages/airflow/example_dags/example_branch_operator.py for tasks to queue
[2024-12-21T06:41:27.279+0000] {logging_mixin.py:190} INFO - [2024-12-21T06:41:27.278+0000] {dagbag.py:588} INFO - Filling up the DagBag from /home/airflow/.local/lib/python3.12/site-packages/airflow/example_dags/example_branch_operator.py
[2024-12-21T06:41:27.297+0000] {processor.py:925} INFO - DAG(s) 'example_branch_operator' retrieved from /home/airflow/.local/lib/python3.12/site-packages/airflow/example_dags/example_branch_operator.py
[2024-12-21T06:41:27.324+0000] {logging_mixin.py:190} INFO - [2024-12-21T06:41:27.323+0000] {dag.py:3239} INFO - Sync 1 DAGs
[2024-12-21T06:41:27.347+0000] {logging_mixin.py:190} INFO - [2024-12-21T06:41:27.346+0000] {dag.py:4180} INFO - Setting next_dagrun for example_branch_operator to 2024-12-20 00:00:00+00:00, run_after=2024-12-21 00:00:00+00:00
[2024-12-21T06:41:27.363+0000] {processor.py:208} INFO - Processing /home/airflow/.local/lib/python3.12/site-packages/airflow/example_dags/example_branch_operator.py took 0.092 seconds
[2024-12-21T06:41:57.516+0000] {processor.py:186} INFO - Started process (PID=981) to work on /home/airflow/.local/lib/python3.12/site-packages/airflow/example_dags/example_branch_operator.py
[2024-12-21T06:41:57.517+0000] {processor.py:914} INFO - Processing file /home/airflow/.local/lib/python3.12/site-packages/airflow/example_dags/example_branch_operator.py for tasks to queue
[2024-12-21T06:41:57.518+0000] {logging_mixin.py:190} INFO - [2024-12-21T06:41:57.518+0000] {dagbag.py:588} INFO - Filling up the DagBag from /home/airflow/.local/lib/python3.12/site-packages/airflow/example_dags/example_branch_operator.py
[2024-12-21T06:41:57.534+0000] {processor.py:925} INFO - DAG(s) 'example_branch_operator' retrieved from /home/airflow/.local/lib/python3.12/site-packages/airflow/example_dags/example_branch_operator.py
[2024-12-21T06:41:57.557+0000] {logging_mixin.py:190} INFO - [2024-12-21T06:41:57.557+0000] {dag.py:3239} INFO - Sync 1 DAGs
[2024-12-21T06:41:57.577+0000] {logging_mixin.py:190} INFO - [2024-12-21T06:41:57.576+0000] {dag.py:4180} INFO - Setting next_dagrun for example_branch_operator to 2024-12-20 00:00:00+00:00, run_after=2024-12-21 00:00:00+00:00
[2024-12-21T06:41:57.591+0000] {processor.py:208} INFO - Processing /home/airflow/.local/lib/python3.12/site-packages/airflow/example_dags/example_branch_operator.py took 0.080 seconds
[2024-12-21T06:42:28.228+0000] {processor.py:186} INFO - Started process (PID=1046) to work on /home/airflow/.local/lib/python3.12/site-packages/airflow/example_dags/example_branch_operator.py
[2024-12-21T06:42:28.229+0000] {processor.py:914} INFO - Processing file /home/airflow/.local/lib/python3.12/site-packages/airflow/example_dags/example_branch_operator.py for tasks to queue
[2024-12-21T06:42:28.231+0000] {logging_mixin.py:190} INFO - [2024-12-21T06:42:28.231+0000] {dagbag.py:588} INFO - Filling up the DagBag from /home/airflow/.local/lib/python3.12/site-packages/airflow/example_dags/example_branch_operator.py
[2024-12-21T06:42:28.252+0000] {processor.py:925} INFO - DAG(s) 'example_branch_operator' retrieved from /home/airflow/.local/lib/python3.12/site-packages/airflow/example_dags/example_branch_operator.py
[2024-12-21T06:42:28.277+0000] {logging_mixin.py:190} INFO - [2024-12-21T06:42:28.277+0000] {dag.py:3239} INFO - Sync 1 DAGs
[2024-12-21T06:42:28.298+0000] {logging_mixin.py:190} INFO - [2024-12-21T06:42:28.297+0000] {dag.py:4180} INFO - Setting next_dagrun for example_branch_operator to 2024-12-20 00:00:00+00:00, run_after=2024-12-21 00:00:00+00:00
[2024-12-21T06:42:28.313+0000] {processor.py:208} INFO - Processing /home/airflow/.local/lib/python3.12/site-packages/airflow/example_dags/example_branch_operator.py took 0.090 seconds
[2024-12-21T06:42:58.490+0000] {processor.py:186} INFO - Started process (PID=1111) to work on /home/airflow/.local/lib/python3.12/site-packages/airflow/example_dags/example_branch_operator.py
[2024-12-21T06:42:58.491+0000] {processor.py:914} INFO - Processing file /home/airflow/.local/lib/python3.12/site-packages/airflow/example_dags/example_branch_operator.py for tasks to queue
[2024-12-21T06:42:58.493+0000] {logging_mixin.py:190} INFO - [2024-12-21T06:42:58.493+0000] {dagbag.py:588} INFO - Filling up the DagBag from /home/airflow/.local/lib/python3.12/site-packages/airflow/example_dags/example_branch_operator.py
[2024-12-21T06:42:58.516+0000] {processor.py:925} INFO - DAG(s) 'example_branch_operator' retrieved from /home/airflow/.local/lib/python3.12/site-packages/airflow/example_dags/example_branch_operator.py
[2024-12-21T06:42:58.545+0000] {logging_mixin.py:190} INFO - [2024-12-21T06:42:58.544+0000] {dag.py:3239} INFO - Sync 1 DAGs
[2024-12-21T06:42:58.568+0000] {logging_mixin.py:190} INFO - [2024-12-21T06:42:58.568+0000] {dag.py:4180} INFO - Setting next_dagrun for example_branch_operator to 2024-12-20 00:00:00+00:00, run_after=2024-12-21 00:00:00+00:00
[2024-12-21T06:42:58.584+0000] {processor.py:208} INFO - Processing /home/airflow/.local/lib/python3.12/site-packages/airflow/example_dags/example_branch_operator.py took 0.099 seconds
[2024-12-21T06:43:28.978+0000] {processor.py:186} INFO - Started process (PID=1176) to work on /home/airflow/.local/lib/python3.12/site-packages/airflow/example_dags/example_branch_operator.py
[2024-12-21T06:43:28.979+0000] {processor.py:914} INFO - Processing file /home/airflow/.local/lib/python3.12/site-packages/airflow/example_dags/example_branch_operator.py for tasks to queue
[2024-12-21T06:43:28.981+0000] {logging_mixin.py:190} INFO - [2024-12-21T06:43:28.980+0000] {dagbag.py:588} INFO - Filling up the DagBag from /home/airflow/.local/lib/python3.12/site-packages/airflow/example_dags/example_branch_operator.py
[2024-12-21T06:43:28.997+0000] {processor.py:925} INFO - DAG(s) 'example_branch_operator' retrieved from /home/airflow/.local/lib/python3.12/site-packages/airflow/example_dags/example_branch_operator.py
[2024-12-21T06:43:29.026+0000] {logging_mixin.py:190} INFO - [2024-12-21T06:43:29.026+0000] {dag.py:3239} INFO - Sync 1 DAGs
[2024-12-21T06:43:29.052+0000] {logging_mixin.py:190} INFO - [2024-12-21T06:43:29.052+0000] {dag.py:4180} INFO - Setting next_dagrun for example_branch_operator to 2024-12-20 00:00:00+00:00, run_after=2024-12-21 00:00:00+00:00
[2024-12-21T06:43:29.070+0000] {processor.py:208} INFO - Processing /home/airflow/.local/lib/python3.12/site-packages/airflow/example_dags/example_branch_operator.py took 0.096 seconds
[2024-12-21T06:43:59.458+0000] {processor.py:186} INFO - Started process (PID=1241) to work on /home/airflow/.local/lib/python3.12/site-packages/airflow/example_dags/example_branch_operator.py
[2024-12-21T06:43:59.458+0000] {processor.py:914} INFO - Processing file /home/airflow/.local/lib/python3.12/site-packages/airflow/example_dags/example_branch_operator.py for tasks to queue
[2024-12-21T06:43:59.460+0000] {logging_mixin.py:190} INFO - [2024-12-21T06:43:59.460+0000] {dagbag.py:588} INFO - Filling up the DagBag from /home/airflow/.local/lib/python3.12/site-packages/airflow/example_dags/example_branch_operator.py
[2024-12-21T06:43:59.478+0000] {processor.py:925} INFO - DAG(s) 'example_branch_operator' retrieved from /home/airflow/.local/lib/python3.12/site-packages/airflow/example_dags/example_branch_operator.py
[2024-12-21T06:43:59.504+0000] {logging_mixin.py:190} INFO - [2024-12-21T06:43:59.504+0000] {dag.py:3239} INFO - Sync 1 DAGs
[2024-12-21T06:43:59.526+0000] {logging_mixin.py:190} INFO - [2024-12-21T06:43:59.526+0000] {dag.py:4180} INFO - Setting next_dagrun for example_branch_operator to 2024-12-20 00:00:00+00:00, run_after=2024-12-21 00:00:00+00:00
[2024-12-21T06:43:59.542+0000] {processor.py:208} INFO - Processing /home/airflow/.local/lib/python3.12/site-packages/airflow/example_dags/example_branch_operator.py took 0.089 seconds
[2024-12-21T06:45:41.700+0000] {processor.py:186} INFO - Started process (PID=79) to work on /home/airflow/.local/lib/python3.12/site-packages/airflow/example_dags/example_branch_operator.py
[2024-12-21T06:45:41.702+0000] {processor.py:914} INFO - Processing file /home/airflow/.local/lib/python3.12/site-packages/airflow/example_dags/example_branch_operator.py for tasks to queue
[2024-12-21T06:45:41.704+0000] {logging_mixin.py:190} INFO - [2024-12-21T06:45:41.704+0000] {dagbag.py:588} INFO - Filling up the DagBag from /home/airflow/.local/lib/python3.12/site-packages/airflow/example_dags/example_branch_operator.py
[2024-12-21T06:45:41.726+0000] {processor.py:925} INFO - DAG(s) 'example_branch_operator' retrieved from /home/airflow/.local/lib/python3.12/site-packages/airflow/example_dags/example_branch_operator.py
[2024-12-21T06:45:41.887+0000] {logging_mixin.py:190} INFO - [2024-12-21T06:45:41.887+0000] {dag.py:3239} INFO - Sync 1 DAGs
[2024-12-21T06:45:41.913+0000] {logging_mixin.py:190} INFO - [2024-12-21T06:45:41.913+0000] {dag.py:4180} INFO - Setting next_dagrun for example_branch_operator to 2024-12-20 00:00:00+00:00, run_after=2024-12-21 00:00:00+00:00
[2024-12-21T06:45:41.933+0000] {processor.py:208} INFO - Processing /home/airflow/.local/lib/python3.12/site-packages/airflow/example_dags/example_branch_operator.py took 0.239 seconds
[2024-12-21T06:46:12.626+0000] {processor.py:186} INFO - Started process (PID=144) to work on /home/airflow/.local/lib/python3.12/site-packages/airflow/example_dags/example_branch_operator.py
[2024-12-21T06:46:12.626+0000] {processor.py:914} INFO - Processing file /home/airflow/.local/lib/python3.12/site-packages/airflow/example_dags/example_branch_operator.py for tasks to queue
[2024-12-21T06:46:12.628+0000] {logging_mixin.py:190} INFO - [2024-12-21T06:46:12.628+0000] {dagbag.py:588} INFO - Filling up the DagBag from /home/airflow/.local/lib/python3.12/site-packages/airflow/example_dags/example_branch_operator.py
[2024-12-21T06:46:12.643+0000] {processor.py:925} INFO - DAG(s) 'example_branch_operator' retrieved from /home/airflow/.local/lib/python3.12/site-packages/airflow/example_dags/example_branch_operator.py
[2024-12-21T06:46:12.666+0000] {logging_mixin.py:190} INFO - [2024-12-21T06:46:12.666+0000] {dag.py:3239} INFO - Sync 1 DAGs
[2024-12-21T06:46:12.688+0000] {logging_mixin.py:190} INFO - [2024-12-21T06:46:12.688+0000] {dag.py:4180} INFO - Setting next_dagrun for example_branch_operator to 2024-12-20 00:00:00+00:00, run_after=2024-12-21 00:00:00+00:00
[2024-12-21T06:46:12.703+0000] {processor.py:208} INFO - Processing /home/airflow/.local/lib/python3.12/site-packages/airflow/example_dags/example_branch_operator.py took 0.082 seconds
[2024-12-21T06:46:42.942+0000] {processor.py:186} INFO - Started process (PID=209) to work on /home/airflow/.local/lib/python3.12/site-packages/airflow/example_dags/example_branch_operator.py
[2024-12-21T06:46:42.943+0000] {processor.py:914} INFO - Processing file /home/airflow/.local/lib/python3.12/site-packages/airflow/example_dags/example_branch_operator.py for tasks to queue
[2024-12-21T06:46:42.945+0000] {logging_mixin.py:190} INFO - [2024-12-21T06:46:42.945+0000] {dagbag.py:588} INFO - Filling up the DagBag from /home/airflow/.local/lib/python3.12/site-packages/airflow/example_dags/example_branch_operator.py
[2024-12-21T06:46:42.966+0000] {processor.py:925} INFO - DAG(s) 'example_branch_operator' retrieved from /home/airflow/.local/lib/python3.12/site-packages/airflow/example_dags/example_branch_operator.py
[2024-12-21T06:46:42.999+0000] {logging_mixin.py:190} INFO - [2024-12-21T06:46:42.999+0000] {dag.py:3239} INFO - Sync 1 DAGs
[2024-12-21T06:46:43.026+0000] {logging_mixin.py:190} INFO - [2024-12-21T06:46:43.026+0000] {dag.py:4180} INFO - Setting next_dagrun for example_branch_operator to 2024-12-20 00:00:00+00:00, run_after=2024-12-21 00:00:00+00:00
[2024-12-21T06:46:43.050+0000] {processor.py:208} INFO - Processing /home/airflow/.local/lib/python3.12/site-packages/airflow/example_dags/example_branch_operator.py took 0.114 seconds
[2024-12-21T06:47:13.478+0000] {processor.py:186} INFO - Started process (PID=274) to work on /home/airflow/.local/lib/python3.12/site-packages/airflow/example_dags/example_branch_operator.py
[2024-12-21T06:47:13.479+0000] {processor.py:914} INFO - Processing file /home/airflow/.local/lib/python3.12/site-packages/airflow/example_dags/example_branch_operator.py for tasks to queue
[2024-12-21T06:47:13.481+0000] {logging_mixin.py:190} INFO - [2024-12-21T06:47:13.481+0000] {dagbag.py:588} INFO - Filling up the DagBag from /home/airflow/.local/lib/python3.12/site-packages/airflow/example_dags/example_branch_operator.py
[2024-12-21T06:47:13.498+0000] {processor.py:925} INFO - DAG(s) 'example_branch_operator' retrieved from /home/airflow/.local/lib/python3.12/site-packages/airflow/example_dags/example_branch_operator.py
[2024-12-21T06:47:13.527+0000] {logging_mixin.py:190} INFO - [2024-12-21T06:47:13.526+0000] {dag.py:3239} INFO - Sync 1 DAGs
[2024-12-21T06:47:13.551+0000] {logging_mixin.py:190} INFO - [2024-12-21T06:47:13.551+0000] {dag.py:4180} INFO - Setting next_dagrun for example_branch_operator to 2024-12-20 00:00:00+00:00, run_after=2024-12-21 00:00:00+00:00
[2024-12-21T06:47:13.576+0000] {processor.py:208} INFO - Processing /home/airflow/.local/lib/python3.12/site-packages/airflow/example_dags/example_branch_operator.py took 0.103 seconds
[2024-12-21T06:47:44.158+0000] {processor.py:186} INFO - Started process (PID=339) to work on /home/airflow/.local/lib/python3.12/site-packages/airflow/example_dags/example_branch_operator.py
[2024-12-21T06:47:44.158+0000] {processor.py:914} INFO - Processing file /home/airflow/.local/lib/python3.12/site-packages/airflow/example_dags/example_branch_operator.py for tasks to queue
[2024-12-21T06:47:44.160+0000] {logging_mixin.py:190} INFO - [2024-12-21T06:47:44.160+0000] {dagbag.py:588} INFO - Filling up the DagBag from /home/airflow/.local/lib/python3.12/site-packages/airflow/example_dags/example_branch_operator.py
[2024-12-21T06:47:44.178+0000] {processor.py:925} INFO - DAG(s) 'example_branch_operator' retrieved from /home/airflow/.local/lib/python3.12/site-packages/airflow/example_dags/example_branch_operator.py
[2024-12-21T06:47:44.203+0000] {logging_mixin.py:190} INFO - [2024-12-21T06:47:44.203+0000] {dag.py:3239} INFO - Sync 1 DAGs
[2024-12-21T06:47:44.231+0000] {logging_mixin.py:190} INFO - [2024-12-21T06:47:44.231+0000] {dag.py:4180} INFO - Setting next_dagrun for example_branch_operator to 2024-12-20 00:00:00+00:00, run_after=2024-12-21 00:00:00+00:00
[2024-12-21T06:47:44.264+0000] {processor.py:208} INFO - Processing /home/airflow/.local/lib/python3.12/site-packages/airflow/example_dags/example_branch_operator.py took 0.111 seconds
[2024-12-21T06:48:14.577+0000] {processor.py:186} INFO - Started process (PID=404) to work on /home/airflow/.local/lib/python3.12/site-packages/airflow/example_dags/example_branch_operator.py
[2024-12-21T06:48:14.578+0000] {processor.py:914} INFO - Processing file /home/airflow/.local/lib/python3.12/site-packages/airflow/example_dags/example_branch_operator.py for tasks to queue
[2024-12-21T06:48:14.580+0000] {logging_mixin.py:190} INFO - [2024-12-21T06:48:14.579+0000] {dagbag.py:588} INFO - Filling up the DagBag from /home/airflow/.local/lib/python3.12/site-packages/airflow/example_dags/example_branch_operator.py
[2024-12-21T06:48:14.595+0000] {processor.py:925} INFO - DAG(s) 'example_branch_operator' retrieved from /home/airflow/.local/lib/python3.12/site-packages/airflow/example_dags/example_branch_operator.py
[2024-12-21T06:48:14.618+0000] {logging_mixin.py:190} INFO - [2024-12-21T06:48:14.618+0000] {dag.py:3239} INFO - Sync 1 DAGs
[2024-12-21T06:48:14.639+0000] {logging_mixin.py:190} INFO - [2024-12-21T06:48:14.639+0000] {dag.py:4180} INFO - Setting next_dagrun for example_branch_operator to 2024-12-20 00:00:00+00:00, run_after=2024-12-21 00:00:00+00:00
[2024-12-21T06:48:14.662+0000] {processor.py:208} INFO - Processing /home/airflow/.local/lib/python3.12/site-packages/airflow/example_dags/example_branch_operator.py took 0.089 seconds
[2024-12-21T06:48:45.383+0000] {processor.py:186} INFO - Started process (PID=469) to work on /home/airflow/.local/lib/python3.12/site-packages/airflow/example_dags/example_branch_operator.py
[2024-12-21T06:48:45.383+0000] {processor.py:914} INFO - Processing file /home/airflow/.local/lib/python3.12/site-packages/airflow/example_dags/example_branch_operator.py for tasks to queue
[2024-12-21T06:48:45.385+0000] {logging_mixin.py:190} INFO - [2024-12-21T06:48:45.385+0000] {dagbag.py:588} INFO - Filling up the DagBag from /home/airflow/.local/lib/python3.12/site-packages/airflow/example_dags/example_branch_operator.py
[2024-12-21T06:48:45.401+0000] {processor.py:925} INFO - DAG(s) 'example_branch_operator' retrieved from /home/airflow/.local/lib/python3.12/site-packages/airflow/example_dags/example_branch_operator.py
[2024-12-21T06:48:45.425+0000] {logging_mixin.py:190} INFO - [2024-12-21T06:48:45.425+0000] {dag.py:3239} INFO - Sync 1 DAGs
[2024-12-21T06:48:45.447+0000] {logging_mixin.py:190} INFO - [2024-12-21T06:48:45.446+0000] {dag.py:4180} INFO - Setting next_dagrun for example_branch_operator to 2024-12-20 00:00:00+00:00, run_after=2024-12-21 00:00:00+00:00
[2024-12-21T06:48:45.461+0000] {processor.py:208} INFO - Processing /home/airflow/.local/lib/python3.12/site-packages/airflow/example_dags/example_branch_operator.py took 0.084 seconds
[2024-12-21T06:49:15.673+0000] {processor.py:186} INFO - Started process (PID=534) to work on /home/airflow/.local/lib/python3.12/site-packages/airflow/example_dags/example_branch_operator.py
[2024-12-21T06:49:15.673+0000] {processor.py:914} INFO - Processing file /home/airflow/.local/lib/python3.12/site-packages/airflow/example_dags/example_branch_operator.py for tasks to queue
[2024-12-21T06:49:15.675+0000] {logging_mixin.py:190} INFO - [2024-12-21T06:49:15.675+0000] {dagbag.py:588} INFO - Filling up the DagBag from /home/airflow/.local/lib/python3.12/site-packages/airflow/example_dags/example_branch_operator.py
[2024-12-21T06:49:15.690+0000] {processor.py:925} INFO - DAG(s) 'example_branch_operator' retrieved from /home/airflow/.local/lib/python3.12/site-packages/airflow/example_dags/example_branch_operator.py
[2024-12-21T06:49:15.717+0000] {logging_mixin.py:190} INFO - [2024-12-21T06:49:15.717+0000] {dag.py:3239} INFO - Sync 1 DAGs
[2024-12-21T06:49:15.748+0000] {logging_mixin.py:190} INFO - [2024-12-21T06:49:15.748+0000] {dag.py:4180} INFO - Setting next_dagrun for example_branch_operator to 2024-12-20 00:00:00+00:00, run_after=2024-12-21 00:00:00+00:00
[2024-12-21T06:49:15.786+0000] {processor.py:208} INFO - Processing /home/airflow/.local/lib/python3.12/site-packages/airflow/example_dags/example_branch_operator.py took 0.118 seconds
[2024-12-21T06:49:46.788+0000] {processor.py:186} INFO - Started process (PID=599) to work on /home/airflow/.local/lib/python3.12/site-packages/airflow/example_dags/example_branch_operator.py
[2024-12-21T06:49:46.788+0000] {processor.py:914} INFO - Processing file /home/airflow/.local/lib/python3.12/site-packages/airflow/example_dags/example_branch_operator.py for tasks to queue
[2024-12-21T06:49:46.790+0000] {logging_mixin.py:190} INFO - [2024-12-21T06:49:46.790+0000] {dagbag.py:588} INFO - Filling up the DagBag from /home/airflow/.local/lib/python3.12/site-packages/airflow/example_dags/example_branch_operator.py
[2024-12-21T06:49:46.806+0000] {processor.py:925} INFO - DAG(s) 'example_branch_operator' retrieved from /home/airflow/.local/lib/python3.12/site-packages/airflow/example_dags/example_branch_operator.py
[2024-12-21T06:49:46.830+0000] {logging_mixin.py:190} INFO - [2024-12-21T06:49:46.830+0000] {dag.py:3239} INFO - Sync 1 DAGs
[2024-12-21T06:49:46.849+0000] {logging_mixin.py:190} INFO - [2024-12-21T06:49:46.849+0000] {dag.py:4180} INFO - Setting next_dagrun for example_branch_operator to 2024-12-20 00:00:00+00:00, run_after=2024-12-21 00:00:00+00:00
[2024-12-21T06:49:46.864+0000] {processor.py:208} INFO - Processing /home/airflow/.local/lib/python3.12/site-packages/airflow/example_dags/example_branch_operator.py took 0.081 seconds
[2024-12-21T06:50:17.312+0000] {processor.py:186} INFO - Started process (PID=664) to work on /home/airflow/.local/lib/python3.12/site-packages/airflow/example_dags/example_branch_operator.py
[2024-12-21T06:50:17.313+0000] {processor.py:914} INFO - Processing file /home/airflow/.local/lib/python3.12/site-packages/airflow/example_dags/example_branch_operator.py for tasks to queue
[2024-12-21T06:50:17.314+0000] {logging_mixin.py:190} INFO - [2024-12-21T06:50:17.314+0000] {dagbag.py:588} INFO - Filling up the DagBag from /home/airflow/.local/lib/python3.12/site-packages/airflow/example_dags/example_branch_operator.py
[2024-12-21T06:50:17.330+0000] {processor.py:925} INFO - DAG(s) 'example_branch_operator' retrieved from /home/airflow/.local/lib/python3.12/site-packages/airflow/example_dags/example_branch_operator.py
[2024-12-21T06:50:17.352+0000] {logging_mixin.py:190} INFO - [2024-12-21T06:50:17.352+0000] {dag.py:3239} INFO - Sync 1 DAGs
[2024-12-21T06:50:17.371+0000] {logging_mixin.py:190} INFO - [2024-12-21T06:50:17.371+0000] {dag.py:4180} INFO - Setting next_dagrun for example_branch_operator to 2024-12-20 00:00:00+00:00, run_after=2024-12-21 00:00:00+00:00
[2024-12-21T06:50:17.385+0000] {processor.py:208} INFO - Processing /home/airflow/.local/lib/python3.12/site-packages/airflow/example_dags/example_branch_operator.py took 0.078 seconds
[2024-12-21T06:50:47.534+0000] {processor.py:186} INFO - Started process (PID=729) to work on /home/airflow/.local/lib/python3.12/site-packages/airflow/example_dags/example_branch_operator.py
[2024-12-21T06:50:47.534+0000] {processor.py:914} INFO - Processing file /home/airflow/.local/lib/python3.12/site-packages/airflow/example_dags/example_branch_operator.py for tasks to queue
[2024-12-21T06:50:47.536+0000] {logging_mixin.py:190} INFO - [2024-12-21T06:50:47.536+0000] {dagbag.py:588} INFO - Filling up the DagBag from /home/airflow/.local/lib/python3.12/site-packages/airflow/example_dags/example_branch_operator.py
[2024-12-21T06:50:47.552+0000] {processor.py:925} INFO - DAG(s) 'example_branch_operator' retrieved from /home/airflow/.local/lib/python3.12/site-packages/airflow/example_dags/example_branch_operator.py
[2024-12-21T06:50:47.587+0000] {logging_mixin.py:190} INFO - [2024-12-21T06:50:47.587+0000] {dag.py:3239} INFO - Sync 1 DAGs
[2024-12-21T06:50:47.616+0000] {logging_mixin.py:190} INFO - [2024-12-21T06:50:47.616+0000] {dag.py:4180} INFO - Setting next_dagrun for example_branch_operator to 2024-12-20 00:00:00+00:00, run_after=2024-12-21 00:00:00+00:00
[2024-12-21T06:50:47.633+0000] {processor.py:208} INFO - Processing /home/airflow/.local/lib/python3.12/site-packages/airflow/example_dags/example_branch_operator.py took 0.104 seconds
[2024-12-21T06:51:17.856+0000] {processor.py:186} INFO - Started process (PID=794) to work on /home/airflow/.local/lib/python3.12/site-packages/airflow/example_dags/example_branch_operator.py
[2024-12-21T06:51:17.856+0000] {processor.py:914} INFO - Processing file /home/airflow/.local/lib/python3.12/site-packages/airflow/example_dags/example_branch_operator.py for tasks to queue
[2024-12-21T06:51:17.858+0000] {logging_mixin.py:190} INFO - [2024-12-21T06:51:17.858+0000] {dagbag.py:588} INFO - Filling up the DagBag from /home/airflow/.local/lib/python3.12/site-packages/airflow/example_dags/example_branch_operator.py
[2024-12-21T06:51:17.874+0000] {processor.py:925} INFO - DAG(s) 'example_branch_operator' retrieved from /home/airflow/.local/lib/python3.12/site-packages/airflow/example_dags/example_branch_operator.py
[2024-12-21T06:51:17.897+0000] {logging_mixin.py:190} INFO - [2024-12-21T06:51:17.896+0000] {dag.py:3239} INFO - Sync 1 DAGs
[2024-12-21T06:51:17.916+0000] {logging_mixin.py:190} INFO - [2024-12-21T06:51:17.916+0000] {dag.py:4180} INFO - Setting next_dagrun for example_branch_operator to 2024-12-20 00:00:00+00:00, run_after=2024-12-21 00:00:00+00:00
[2024-12-21T06:51:17.931+0000] {processor.py:208} INFO - Processing /home/airflow/.local/lib/python3.12/site-packages/airflow/example_dags/example_branch_operator.py took 0.080 seconds
[2024-12-21T06:51:48.432+0000] {processor.py:186} INFO - Started process (PID=859) to work on /home/airflow/.local/lib/python3.12/site-packages/airflow/example_dags/example_branch_operator.py
[2024-12-21T06:51:48.432+0000] {processor.py:914} INFO - Processing file /home/airflow/.local/lib/python3.12/site-packages/airflow/example_dags/example_branch_operator.py for tasks to queue
[2024-12-21T06:51:48.434+0000] {logging_mixin.py:190} INFO - [2024-12-21T06:51:48.434+0000] {dagbag.py:588} INFO - Filling up the DagBag from /home/airflow/.local/lib/python3.12/site-packages/airflow/example_dags/example_branch_operator.py
[2024-12-21T06:51:48.449+0000] {processor.py:925} INFO - DAG(s) 'example_branch_operator' retrieved from /home/airflow/.local/lib/python3.12/site-packages/airflow/example_dags/example_branch_operator.py
[2024-12-21T06:51:48.472+0000] {logging_mixin.py:190} INFO - [2024-12-21T06:51:48.472+0000] {dag.py:3239} INFO - Sync 1 DAGs
[2024-12-21T06:51:48.490+0000] {logging_mixin.py:190} INFO - [2024-12-21T06:51:48.490+0000] {dag.py:4180} INFO - Setting next_dagrun for example_branch_operator to 2024-12-20 00:00:00+00:00, run_after=2024-12-21 00:00:00+00:00
[2024-12-21T06:51:48.506+0000] {processor.py:208} INFO - Processing /home/airflow/.local/lib/python3.12/site-packages/airflow/example_dags/example_branch_operator.py took 0.079 seconds
[2024-12-21T06:52:18.755+0000] {processor.py:186} INFO - Started process (PID=924) to work on /home/airflow/.local/lib/python3.12/site-packages/airflow/example_dags/example_branch_operator.py
[2024-12-21T06:52:18.756+0000] {processor.py:914} INFO - Processing file /home/airflow/.local/lib/python3.12/site-packages/airflow/example_dags/example_branch_operator.py for tasks to queue
[2024-12-21T06:52:18.758+0000] {logging_mixin.py:190} INFO - [2024-12-21T06:52:18.757+0000] {dagbag.py:588} INFO - Filling up the DagBag from /home/airflow/.local/lib/python3.12/site-packages/airflow/example_dags/example_branch_operator.py
[2024-12-21T06:52:18.772+0000] {processor.py:925} INFO - DAG(s) 'example_branch_operator' retrieved from /home/airflow/.local/lib/python3.12/site-packages/airflow/example_dags/example_branch_operator.py
[2024-12-21T06:52:18.795+0000] {logging_mixin.py:190} INFO - [2024-12-21T06:52:18.795+0000] {dag.py:3239} INFO - Sync 1 DAGs
[2024-12-21T06:52:18.814+0000] {logging_mixin.py:190} INFO - [2024-12-21T06:52:18.814+0000] {dag.py:4180} INFO - Setting next_dagrun for example_branch_operator to 2024-12-20 00:00:00+00:00, run_after=2024-12-21 00:00:00+00:00
[2024-12-21T06:52:18.832+0000] {processor.py:208} INFO - Processing /home/airflow/.local/lib/python3.12/site-packages/airflow/example_dags/example_branch_operator.py took 0.081 seconds
[2024-12-21T06:52:49.041+0000] {processor.py:186} INFO - Started process (PID=989) to work on /home/airflow/.local/lib/python3.12/site-packages/airflow/example_dags/example_branch_operator.py
[2024-12-21T06:52:49.042+0000] {processor.py:914} INFO - Processing file /home/airflow/.local/lib/python3.12/site-packages/airflow/example_dags/example_branch_operator.py for tasks to queue
[2024-12-21T06:52:49.043+0000] {logging_mixin.py:190} INFO - [2024-12-21T06:52:49.043+0000] {dagbag.py:588} INFO - Filling up the DagBag from /home/airflow/.local/lib/python3.12/site-packages/airflow/example_dags/example_branch_operator.py
[2024-12-21T06:52:49.059+0000] {processor.py:925} INFO - DAG(s) 'example_branch_operator' retrieved from /home/airflow/.local/lib/python3.12/site-packages/airflow/example_dags/example_branch_operator.py
[2024-12-21T06:52:49.086+0000] {logging_mixin.py:190} INFO - [2024-12-21T06:52:49.085+0000] {dag.py:3239} INFO - Sync 1 DAGs
[2024-12-21T06:52:49.111+0000] {logging_mixin.py:190} INFO - [2024-12-21T06:52:49.111+0000] {dag.py:4180} INFO - Setting next_dagrun for example_branch_operator to 2024-12-20 00:00:00+00:00, run_after=2024-12-21 00:00:00+00:00
[2024-12-21T06:52:49.134+0000] {processor.py:208} INFO - Processing /home/airflow/.local/lib/python3.12/site-packages/airflow/example_dags/example_branch_operator.py took 0.099 seconds
[2024-12-21T06:53:19.349+0000] {processor.py:186} INFO - Started process (PID=1054) to work on /home/airflow/.local/lib/python3.12/site-packages/airflow/example_dags/example_branch_operator.py
[2024-12-21T06:53:19.349+0000] {processor.py:914} INFO - Processing file /home/airflow/.local/lib/python3.12/site-packages/airflow/example_dags/example_branch_operator.py for tasks to queue
[2024-12-21T06:53:19.351+0000] {logging_mixin.py:190} INFO - [2024-12-21T06:53:19.351+0000] {dagbag.py:588} INFO - Filling up the DagBag from /home/airflow/.local/lib/python3.12/site-packages/airflow/example_dags/example_branch_operator.py
[2024-12-21T06:53:19.373+0000] {processor.py:925} INFO - DAG(s) 'example_branch_operator' retrieved from /home/airflow/.local/lib/python3.12/site-packages/airflow/example_dags/example_branch_operator.py
[2024-12-21T06:53:19.404+0000] {logging_mixin.py:190} INFO - [2024-12-21T06:53:19.403+0000] {dag.py:3239} INFO - Sync 1 DAGs
[2024-12-21T06:53:19.439+0000] {logging_mixin.py:190} INFO - [2024-12-21T06:53:19.438+0000] {dag.py:4180} INFO - Setting next_dagrun for example_branch_operator to 2024-12-20 00:00:00+00:00, run_after=2024-12-21 00:00:00+00:00
[2024-12-21T06:53:19.464+0000] {processor.py:208} INFO - Processing /home/airflow/.local/lib/python3.12/site-packages/airflow/example_dags/example_branch_operator.py took 0.123 seconds
[2024-12-21T06:53:50.157+0000] {processor.py:186} INFO - Started process (PID=1119) to work on /home/airflow/.local/lib/python3.12/site-packages/airflow/example_dags/example_branch_operator.py
[2024-12-21T06:53:50.158+0000] {processor.py:914} INFO - Processing file /home/airflow/.local/lib/python3.12/site-packages/airflow/example_dags/example_branch_operator.py for tasks to queue
[2024-12-21T06:53:50.159+0000] {logging_mixin.py:190} INFO - [2024-12-21T06:53:50.159+0000] {dagbag.py:588} INFO - Filling up the DagBag from /home/airflow/.local/lib/python3.12/site-packages/airflow/example_dags/example_branch_operator.py
[2024-12-21T06:53:50.174+0000] {processor.py:925} INFO - DAG(s) 'example_branch_operator' retrieved from /home/airflow/.local/lib/python3.12/site-packages/airflow/example_dags/example_branch_operator.py
[2024-12-21T06:53:50.196+0000] {logging_mixin.py:190} INFO - [2024-12-21T06:53:50.196+0000] {dag.py:3239} INFO - Sync 1 DAGs
[2024-12-21T06:53:50.215+0000] {logging_mixin.py:190} INFO - [2024-12-21T06:53:50.215+0000] {dag.py:4180} INFO - Setting next_dagrun for example_branch_operator to 2024-12-20 00:00:00+00:00, run_after=2024-12-21 00:00:00+00:00
[2024-12-21T06:53:50.234+0000] {processor.py:208} INFO - Processing /home/airflow/.local/lib/python3.12/site-packages/airflow/example_dags/example_branch_operator.py took 0.082 seconds
[2024-12-21T06:54:20.824+0000] {processor.py:186} INFO - Started process (PID=1184) to work on /home/airflow/.local/lib/python3.12/site-packages/airflow/example_dags/example_branch_operator.py
[2024-12-21T06:54:20.825+0000] {processor.py:914} INFO - Processing file /home/airflow/.local/lib/python3.12/site-packages/airflow/example_dags/example_branch_operator.py for tasks to queue
[2024-12-21T06:54:20.827+0000] {logging_mixin.py:190} INFO - [2024-12-21T06:54:20.826+0000] {dagbag.py:588} INFO - Filling up the DagBag from /home/airflow/.local/lib/python3.12/site-packages/airflow/example_dags/example_branch_operator.py
[2024-12-21T06:54:20.844+0000] {processor.py:925} INFO - DAG(s) 'example_branch_operator' retrieved from /home/airflow/.local/lib/python3.12/site-packages/airflow/example_dags/example_branch_operator.py
[2024-12-21T06:54:20.870+0000] {logging_mixin.py:190} INFO - [2024-12-21T06:54:20.870+0000] {dag.py:3239} INFO - Sync 1 DAGs
[2024-12-21T06:54:20.894+0000] {logging_mixin.py:190} INFO - [2024-12-21T06:54:20.893+0000] {dag.py:4180} INFO - Setting next_dagrun for example_branch_operator to 2024-12-20 00:00:00+00:00, run_after=2024-12-21 00:00:00+00:00
[2024-12-21T06:54:20.909+0000] {processor.py:208} INFO - Processing /home/airflow/.local/lib/python3.12/site-packages/airflow/example_dags/example_branch_operator.py took 0.091 seconds
[2024-12-21T06:54:51.334+0000] {processor.py:186} INFO - Started process (PID=1249) to work on /home/airflow/.local/lib/python3.12/site-packages/airflow/example_dags/example_branch_operator.py
[2024-12-21T06:54:51.335+0000] {processor.py:914} INFO - Processing file /home/airflow/.local/lib/python3.12/site-packages/airflow/example_dags/example_branch_operator.py for tasks to queue
[2024-12-21T06:54:51.337+0000] {logging_mixin.py:190} INFO - [2024-12-21T06:54:51.337+0000] {dagbag.py:588} INFO - Filling up the DagBag from /home/airflow/.local/lib/python3.12/site-packages/airflow/example_dags/example_branch_operator.py
[2024-12-21T06:54:51.354+0000] {processor.py:925} INFO - DAG(s) 'example_branch_operator' retrieved from /home/airflow/.local/lib/python3.12/site-packages/airflow/example_dags/example_branch_operator.py
[2024-12-21T06:54:51.379+0000] {logging_mixin.py:190} INFO - [2024-12-21T06:54:51.379+0000] {dag.py:3239} INFO - Sync 1 DAGs
[2024-12-21T06:54:51.401+0000] {logging_mixin.py:190} INFO - [2024-12-21T06:54:51.400+0000] {dag.py:4180} INFO - Setting next_dagrun for example_branch_operator to 2024-12-20 00:00:00+00:00, run_after=2024-12-21 00:00:00+00:00
[2024-12-21T06:54:51.423+0000] {processor.py:208} INFO - Processing /home/airflow/.local/lib/python3.12/site-packages/airflow/example_dags/example_branch_operator.py took 0.094 seconds
[2024-12-21T06:55:21.489+0000] {processor.py:186} INFO - Started process (PID=1314) to work on /home/airflow/.local/lib/python3.12/site-packages/airflow/example_dags/example_branch_operator.py
[2024-12-21T06:55:21.489+0000] {processor.py:914} INFO - Processing file /home/airflow/.local/lib/python3.12/site-packages/airflow/example_dags/example_branch_operator.py for tasks to queue
[2024-12-21T06:55:21.491+0000] {logging_mixin.py:190} INFO - [2024-12-21T06:55:21.491+0000] {dagbag.py:588} INFO - Filling up the DagBag from /home/airflow/.local/lib/python3.12/site-packages/airflow/example_dags/example_branch_operator.py
[2024-12-21T06:55:21.508+0000] {processor.py:925} INFO - DAG(s) 'example_branch_operator' retrieved from /home/airflow/.local/lib/python3.12/site-packages/airflow/example_dags/example_branch_operator.py
[2024-12-21T06:55:21.543+0000] {logging_mixin.py:190} INFO - [2024-12-21T06:55:21.542+0000] {dag.py:3239} INFO - Sync 1 DAGs
[2024-12-21T06:55:21.576+0000] {logging_mixin.py:190} INFO - [2024-12-21T06:55:21.576+0000] {dag.py:4180} INFO - Setting next_dagrun for example_branch_operator to 2024-12-20 00:00:00+00:00, run_after=2024-12-21 00:00:00+00:00
[2024-12-21T06:55:21.600+0000] {processor.py:208} INFO - Processing /home/airflow/.local/lib/python3.12/site-packages/airflow/example_dags/example_branch_operator.py took 0.116 seconds
[2024-12-21T06:55:51.648+0000] {processor.py:186} INFO - Started process (PID=1379) to work on /home/airflow/.local/lib/python3.12/site-packages/airflow/example_dags/example_branch_operator.py
[2024-12-21T06:55:51.649+0000] {processor.py:914} INFO - Processing file /home/airflow/.local/lib/python3.12/site-packages/airflow/example_dags/example_branch_operator.py for tasks to queue
[2024-12-21T06:55:51.651+0000] {logging_mixin.py:190} INFO - [2024-12-21T06:55:51.651+0000] {dagbag.py:588} INFO - Filling up the DagBag from /home/airflow/.local/lib/python3.12/site-packages/airflow/example_dags/example_branch_operator.py
[2024-12-21T06:55:51.671+0000] {processor.py:925} INFO - DAG(s) 'example_branch_operator' retrieved from /home/airflow/.local/lib/python3.12/site-packages/airflow/example_dags/example_branch_operator.py
[2024-12-21T06:55:51.714+0000] {logging_mixin.py:190} INFO - [2024-12-21T06:55:51.714+0000] {dag.py:3239} INFO - Sync 1 DAGs
[2024-12-21T06:55:51.742+0000] {logging_mixin.py:190} INFO - [2024-12-21T06:55:51.742+0000] {dag.py:4180} INFO - Setting next_dagrun for example_branch_operator to 2024-12-20 00:00:00+00:00, run_after=2024-12-21 00:00:00+00:00
[2024-12-21T06:55:51.764+0000] {processor.py:208} INFO - Processing /home/airflow/.local/lib/python3.12/site-packages/airflow/example_dags/example_branch_operator.py took 0.121 seconds
