[2024-12-21T06:26:27.062+0000] {processor.py:186} INFO - Started process (PID=122) to work on /home/airflow/.local/lib/python3.12/site-packages/airflow/example_dags/example_sensor_decorator.py
[2024-12-21T06:26:27.063+0000] {processor.py:914} INFO - Processing file /home/airflow/.local/lib/python3.12/site-packages/airflow/example_dags/example_sensor_decorator.py for tasks to queue
[2024-12-21T06:26:27.067+0000] {logging_mixin.py:190} INFO - [2024-12-21T06:26:27.066+0000] {dagbag.py:588} INFO - Filling up the DagBag from /home/airflow/.local/lib/python3.12/site-packages/airflow/example_dags/example_sensor_decorator.py
[2024-12-21T06:26:27.079+0000] {processor.py:925} INFO - DAG(s) 'example_sensor_decorator' retrieved from /home/airflow/.local/lib/python3.12/site-packages/airflow/example_dags/example_sensor_decorator.py
[2024-12-21T06:26:27.195+0000] {logging_mixin.py:190} INFO - [2024-12-21T06:26:27.195+0000] {override.py:1911} INFO - Created Permission View: can read on DAG:example_sensor_decorator
[2024-12-21T06:26:27.204+0000] {logging_mixin.py:190} INFO - [2024-12-21T06:26:27.204+0000] {override.py:1911} INFO - Created Permission View: can delete on DAG:example_sensor_decorator
[2024-12-21T06:26:27.210+0000] {logging_mixin.py:190} INFO - [2024-12-21T06:26:27.210+0000] {override.py:1911} INFO - Created Permission View: can edit on DAG:example_sensor_decorator
[2024-12-21T06:26:27.221+0000] {logging_mixin.py:190} INFO - [2024-12-21T06:26:27.220+0000] {override.py:1911} INFO - Created Permission View: menu access on DAG Run:example_sensor_decorator
[2024-12-21T06:26:27.230+0000] {logging_mixin.py:190} INFO - [2024-12-21T06:26:27.229+0000] {override.py:1911} INFO - Created Permission View: can read on DAG Run:example_sensor_decorator
[2024-12-21T06:26:27.240+0000] {logging_mixin.py:190} INFO - [2024-12-21T06:26:27.240+0000] {override.py:1911} INFO - Created Permission View: can create on DAG Run:example_sensor_decorator
[2024-12-21T06:26:27.248+0000] {logging_mixin.py:190} INFO - [2024-12-21T06:26:27.247+0000] {override.py:1911} INFO - Created Permission View: can delete on DAG Run:example_sensor_decorator
[2024-12-21T06:26:27.248+0000] {logging_mixin.py:190} INFO - [2024-12-21T06:26:27.248+0000] {dag.py:3239} INFO - Sync 1 DAGs
[2024-12-21T06:26:27.266+0000] {logging_mixin.py:190} INFO - [2024-12-21T06:26:27.266+0000] {dag.py:3262} INFO - Creating ORM DAG for example_sensor_decorator
[2024-12-21T06:26:27.267+0000] {logging_mixin.py:190} INFO - [2024-12-21T06:26:27.267+0000] {dag.py:4180} INFO - Setting next_dagrun for example_sensor_decorator to None, run_after=None
[2024-12-21T06:26:27.288+0000] {processor.py:208} INFO - Processing /home/airflow/.local/lib/python3.12/site-packages/airflow/example_dags/example_sensor_decorator.py took 0.232 seconds
[2024-12-21T06:26:57.355+0000] {processor.py:186} INFO - Started process (PID=185) to work on /home/airflow/.local/lib/python3.12/site-packages/airflow/example_dags/example_sensor_decorator.py
[2024-12-21T06:26:57.356+0000] {processor.py:914} INFO - Processing file /home/airflow/.local/lib/python3.12/site-packages/airflow/example_dags/example_sensor_decorator.py for tasks to queue
[2024-12-21T06:26:57.358+0000] {logging_mixin.py:190} INFO - [2024-12-21T06:26:57.358+0000] {dagbag.py:588} INFO - Filling up the DagBag from /home/airflow/.local/lib/python3.12/site-packages/airflow/example_dags/example_sensor_decorator.py
[2024-12-21T06:26:57.365+0000] {processor.py:925} INFO - DAG(s) 'example_sensor_decorator' retrieved from /home/airflow/.local/lib/python3.12/site-packages/airflow/example_dags/example_sensor_decorator.py
[2024-12-21T06:26:57.381+0000] {logging_mixin.py:190} INFO - [2024-12-21T06:26:57.381+0000] {dag.py:3239} INFO - Sync 1 DAGs
[2024-12-21T06:26:57.395+0000] {logging_mixin.py:190} INFO - [2024-12-21T06:26:57.395+0000] {dag.py:4180} INFO - Setting next_dagrun for example_sensor_decorator to None, run_after=None
[2024-12-21T06:26:57.410+0000] {processor.py:208} INFO - Processing /home/airflow/.local/lib/python3.12/site-packages/airflow/example_dags/example_sensor_decorator.py took 0.060 seconds
[2024-12-21T06:27:28.166+0000] {processor.py:186} INFO - Started process (PID=248) to work on /home/airflow/.local/lib/python3.12/site-packages/airflow/example_dags/example_sensor_decorator.py
[2024-12-21T06:27:28.167+0000] {processor.py:914} INFO - Processing file /home/airflow/.local/lib/python3.12/site-packages/airflow/example_dags/example_sensor_decorator.py for tasks to queue
[2024-12-21T06:27:28.169+0000] {logging_mixin.py:190} INFO - [2024-12-21T06:27:28.169+0000] {dagbag.py:588} INFO - Filling up the DagBag from /home/airflow/.local/lib/python3.12/site-packages/airflow/example_dags/example_sensor_decorator.py
[2024-12-21T06:27:28.176+0000] {processor.py:925} INFO - DAG(s) 'example_sensor_decorator' retrieved from /home/airflow/.local/lib/python3.12/site-packages/airflow/example_dags/example_sensor_decorator.py
[2024-12-21T06:27:28.192+0000] {logging_mixin.py:190} INFO - [2024-12-21T06:27:28.191+0000] {dag.py:3239} INFO - Sync 1 DAGs
[2024-12-21T06:27:28.204+0000] {logging_mixin.py:190} INFO - [2024-12-21T06:27:28.204+0000] {dag.py:4180} INFO - Setting next_dagrun for example_sensor_decorator to None, run_after=None
[2024-12-21T06:27:28.219+0000] {processor.py:208} INFO - Processing /home/airflow/.local/lib/python3.12/site-packages/airflow/example_dags/example_sensor_decorator.py took 0.058 seconds
[2024-12-21T06:27:59.119+0000] {processor.py:186} INFO - Started process (PID=311) to work on /home/airflow/.local/lib/python3.12/site-packages/airflow/example_dags/example_sensor_decorator.py
[2024-12-21T06:27:59.119+0000] {processor.py:914} INFO - Processing file /home/airflow/.local/lib/python3.12/site-packages/airflow/example_dags/example_sensor_decorator.py for tasks to queue
[2024-12-21T06:27:59.121+0000] {logging_mixin.py:190} INFO - [2024-12-21T06:27:59.121+0000] {dagbag.py:588} INFO - Filling up the DagBag from /home/airflow/.local/lib/python3.12/site-packages/airflow/example_dags/example_sensor_decorator.py
[2024-12-21T06:27:59.128+0000] {processor.py:925} INFO - DAG(s) 'example_sensor_decorator' retrieved from /home/airflow/.local/lib/python3.12/site-packages/airflow/example_dags/example_sensor_decorator.py
[2024-12-21T06:27:59.142+0000] {logging_mixin.py:190} INFO - [2024-12-21T06:27:59.142+0000] {dag.py:3239} INFO - Sync 1 DAGs
[2024-12-21T06:27:59.153+0000] {logging_mixin.py:190} INFO - [2024-12-21T06:27:59.152+0000] {dag.py:4180} INFO - Setting next_dagrun for example_sensor_decorator to None, run_after=None
[2024-12-21T06:27:59.166+0000] {processor.py:208} INFO - Processing /home/airflow/.local/lib/python3.12/site-packages/airflow/example_dags/example_sensor_decorator.py took 0.052 seconds
[2024-12-21T06:28:29.505+0000] {processor.py:186} INFO - Started process (PID=374) to work on /home/airflow/.local/lib/python3.12/site-packages/airflow/example_dags/example_sensor_decorator.py
[2024-12-21T06:28:29.505+0000] {processor.py:914} INFO - Processing file /home/airflow/.local/lib/python3.12/site-packages/airflow/example_dags/example_sensor_decorator.py for tasks to queue
[2024-12-21T06:28:29.508+0000] {logging_mixin.py:190} INFO - [2024-12-21T06:28:29.508+0000] {dagbag.py:588} INFO - Filling up the DagBag from /home/airflow/.local/lib/python3.12/site-packages/airflow/example_dags/example_sensor_decorator.py
[2024-12-21T06:28:29.515+0000] {processor.py:925} INFO - DAG(s) 'example_sensor_decorator' retrieved from /home/airflow/.local/lib/python3.12/site-packages/airflow/example_dags/example_sensor_decorator.py
[2024-12-21T06:28:29.533+0000] {logging_mixin.py:190} INFO - [2024-12-21T06:28:29.533+0000] {dag.py:3239} INFO - Sync 1 DAGs
[2024-12-21T06:28:29.547+0000] {logging_mixin.py:190} INFO - [2024-12-21T06:28:29.547+0000] {dag.py:4180} INFO - Setting next_dagrun for example_sensor_decorator to None, run_after=None
[2024-12-21T06:28:29.563+0000] {processor.py:208} INFO - Processing /home/airflow/.local/lib/python3.12/site-packages/airflow/example_dags/example_sensor_decorator.py took 0.064 seconds
[2024-12-21T06:28:59.685+0000] {processor.py:186} INFO - Started process (PID=436) to work on /home/airflow/.local/lib/python3.12/site-packages/airflow/example_dags/example_sensor_decorator.py
[2024-12-21T06:28:59.686+0000] {processor.py:914} INFO - Processing file /home/airflow/.local/lib/python3.12/site-packages/airflow/example_dags/example_sensor_decorator.py for tasks to queue
[2024-12-21T06:28:59.688+0000] {logging_mixin.py:190} INFO - [2024-12-21T06:28:59.687+0000] {dagbag.py:588} INFO - Filling up the DagBag from /home/airflow/.local/lib/python3.12/site-packages/airflow/example_dags/example_sensor_decorator.py
[2024-12-21T06:28:59.694+0000] {processor.py:925} INFO - DAG(s) 'example_sensor_decorator' retrieved from /home/airflow/.local/lib/python3.12/site-packages/airflow/example_dags/example_sensor_decorator.py
[2024-12-21T06:28:59.709+0000] {logging_mixin.py:190} INFO - [2024-12-21T06:28:59.708+0000] {dag.py:3239} INFO - Sync 1 DAGs
[2024-12-21T06:28:59.720+0000] {logging_mixin.py:190} INFO - [2024-12-21T06:28:59.720+0000] {dag.py:4180} INFO - Setting next_dagrun for example_sensor_decorator to None, run_after=None
[2024-12-21T06:28:59.733+0000] {processor.py:208} INFO - Processing /home/airflow/.local/lib/python3.12/site-packages/airflow/example_dags/example_sensor_decorator.py took 0.053 seconds
[2024-12-21T06:29:31.045+0000] {processor.py:186} INFO - Started process (PID=499) to work on /home/airflow/.local/lib/python3.12/site-packages/airflow/example_dags/example_sensor_decorator.py
[2024-12-21T06:29:31.046+0000] {processor.py:914} INFO - Processing file /home/airflow/.local/lib/python3.12/site-packages/airflow/example_dags/example_sensor_decorator.py for tasks to queue
[2024-12-21T06:29:31.048+0000] {logging_mixin.py:190} INFO - [2024-12-21T06:29:31.048+0000] {dagbag.py:588} INFO - Filling up the DagBag from /home/airflow/.local/lib/python3.12/site-packages/airflow/example_dags/example_sensor_decorator.py
[2024-12-21T06:29:31.057+0000] {processor.py:925} INFO - DAG(s) 'example_sensor_decorator' retrieved from /home/airflow/.local/lib/python3.12/site-packages/airflow/example_dags/example_sensor_decorator.py
[2024-12-21T06:29:31.078+0000] {logging_mixin.py:190} INFO - [2024-12-21T06:29:31.077+0000] {dag.py:3239} INFO - Sync 1 DAGs
[2024-12-21T06:29:31.093+0000] {logging_mixin.py:190} INFO - [2024-12-21T06:29:31.093+0000] {dag.py:4180} INFO - Setting next_dagrun for example_sensor_decorator to None, run_after=None
[2024-12-21T06:29:31.111+0000] {processor.py:208} INFO - Processing /home/airflow/.local/lib/python3.12/site-packages/airflow/example_dags/example_sensor_decorator.py took 0.073 seconds
[2024-12-21T06:30:01.902+0000] {processor.py:186} INFO - Started process (PID=562) to work on /home/airflow/.local/lib/python3.12/site-packages/airflow/example_dags/example_sensor_decorator.py
[2024-12-21T06:30:01.902+0000] {processor.py:914} INFO - Processing file /home/airflow/.local/lib/python3.12/site-packages/airflow/example_dags/example_sensor_decorator.py for tasks to queue
[2024-12-21T06:30:01.904+0000] {logging_mixin.py:190} INFO - [2024-12-21T06:30:01.904+0000] {dagbag.py:588} INFO - Filling up the DagBag from /home/airflow/.local/lib/python3.12/site-packages/airflow/example_dags/example_sensor_decorator.py
[2024-12-21T06:30:01.913+0000] {processor.py:925} INFO - DAG(s) 'example_sensor_decorator' retrieved from /home/airflow/.local/lib/python3.12/site-packages/airflow/example_dags/example_sensor_decorator.py
[2024-12-21T06:30:01.930+0000] {logging_mixin.py:190} INFO - [2024-12-21T06:30:01.930+0000] {dag.py:3239} INFO - Sync 1 DAGs
[2024-12-21T06:30:01.944+0000] {logging_mixin.py:190} INFO - [2024-12-21T06:30:01.943+0000] {dag.py:4180} INFO - Setting next_dagrun for example_sensor_decorator to None, run_after=None
[2024-12-21T06:30:01.959+0000] {processor.py:208} INFO - Processing /home/airflow/.local/lib/python3.12/site-packages/airflow/example_dags/example_sensor_decorator.py took 0.062 seconds
[2024-12-21T06:30:33.224+0000] {processor.py:186} INFO - Started process (PID=625) to work on /home/airflow/.local/lib/python3.12/site-packages/airflow/example_dags/example_sensor_decorator.py
[2024-12-21T06:30:33.225+0000] {processor.py:914} INFO - Processing file /home/airflow/.local/lib/python3.12/site-packages/airflow/example_dags/example_sensor_decorator.py for tasks to queue
[2024-12-21T06:30:33.227+0000] {logging_mixin.py:190} INFO - [2024-12-21T06:30:33.226+0000] {dagbag.py:588} INFO - Filling up the DagBag from /home/airflow/.local/lib/python3.12/site-packages/airflow/example_dags/example_sensor_decorator.py
[2024-12-21T06:30:33.234+0000] {processor.py:925} INFO - DAG(s) 'example_sensor_decorator' retrieved from /home/airflow/.local/lib/python3.12/site-packages/airflow/example_dags/example_sensor_decorator.py
[2024-12-21T06:30:33.253+0000] {logging_mixin.py:190} INFO - [2024-12-21T06:30:33.253+0000] {dag.py:3239} INFO - Sync 1 DAGs
[2024-12-21T06:30:33.268+0000] {logging_mixin.py:190} INFO - [2024-12-21T06:30:33.268+0000] {dag.py:4180} INFO - Setting next_dagrun for example_sensor_decorator to None, run_after=None
[2024-12-21T06:30:33.286+0000] {processor.py:208} INFO - Processing /home/airflow/.local/lib/python3.12/site-packages/airflow/example_dags/example_sensor_decorator.py took 0.067 seconds
[2024-12-21T06:31:05.821+0000] {processor.py:186} INFO - Started process (PID=688) to work on /home/airflow/.local/lib/python3.12/site-packages/airflow/example_dags/example_sensor_decorator.py
[2024-12-21T06:31:05.822+0000] {processor.py:914} INFO - Processing file /home/airflow/.local/lib/python3.12/site-packages/airflow/example_dags/example_sensor_decorator.py for tasks to queue
[2024-12-21T06:31:05.825+0000] {logging_mixin.py:190} INFO - [2024-12-21T06:31:05.825+0000] {dagbag.py:588} INFO - Filling up the DagBag from /home/airflow/.local/lib/python3.12/site-packages/airflow/example_dags/example_sensor_decorator.py
[2024-12-21T06:31:05.833+0000] {processor.py:925} INFO - DAG(s) 'example_sensor_decorator' retrieved from /home/airflow/.local/lib/python3.12/site-packages/airflow/example_dags/example_sensor_decorator.py
[2024-12-21T06:31:05.855+0000] {logging_mixin.py:190} INFO - [2024-12-21T06:31:05.855+0000] {dag.py:3239} INFO - Sync 1 DAGs
[2024-12-21T06:31:05.876+0000] {logging_mixin.py:190} INFO - [2024-12-21T06:31:05.875+0000] {dag.py:4180} INFO - Setting next_dagrun for example_sensor_decorator to None, run_after=None
[2024-12-21T06:31:05.896+0000] {processor.py:208} INFO - Processing /home/airflow/.local/lib/python3.12/site-packages/airflow/example_dags/example_sensor_decorator.py took 0.081 seconds
[2024-12-21T06:31:37.146+0000] {processor.py:186} INFO - Started process (PID=751) to work on /home/airflow/.local/lib/python3.12/site-packages/airflow/example_dags/example_sensor_decorator.py
[2024-12-21T06:31:37.147+0000] {processor.py:914} INFO - Processing file /home/airflow/.local/lib/python3.12/site-packages/airflow/example_dags/example_sensor_decorator.py for tasks to queue
[2024-12-21T06:31:37.150+0000] {logging_mixin.py:190} INFO - [2024-12-21T06:31:37.149+0000] {dagbag.py:588} INFO - Filling up the DagBag from /home/airflow/.local/lib/python3.12/site-packages/airflow/example_dags/example_sensor_decorator.py
[2024-12-21T06:31:37.162+0000] {processor.py:925} INFO - DAG(s) 'example_sensor_decorator' retrieved from /home/airflow/.local/lib/python3.12/site-packages/airflow/example_dags/example_sensor_decorator.py
[2024-12-21T06:31:37.182+0000] {logging_mixin.py:190} INFO - [2024-12-21T06:31:37.182+0000] {dag.py:3239} INFO - Sync 1 DAGs
[2024-12-21T06:31:37.197+0000] {logging_mixin.py:190} INFO - [2024-12-21T06:31:37.197+0000] {dag.py:4180} INFO - Setting next_dagrun for example_sensor_decorator to None, run_after=None
[2024-12-21T06:31:37.215+0000] {processor.py:208} INFO - Processing /home/airflow/.local/lib/python3.12/site-packages/airflow/example_dags/example_sensor_decorator.py took 0.082 seconds
[2024-12-21T06:32:07.758+0000] {processor.py:186} INFO - Started process (PID=814) to work on /home/airflow/.local/lib/python3.12/site-packages/airflow/example_dags/example_sensor_decorator.py
[2024-12-21T06:32:07.759+0000] {processor.py:914} INFO - Processing file /home/airflow/.local/lib/python3.12/site-packages/airflow/example_dags/example_sensor_decorator.py for tasks to queue
[2024-12-21T06:32:07.761+0000] {logging_mixin.py:190} INFO - [2024-12-21T06:32:07.760+0000] {dagbag.py:588} INFO - Filling up the DagBag from /home/airflow/.local/lib/python3.12/site-packages/airflow/example_dags/example_sensor_decorator.py
[2024-12-21T06:32:07.767+0000] {processor.py:925} INFO - DAG(s) 'example_sensor_decorator' retrieved from /home/airflow/.local/lib/python3.12/site-packages/airflow/example_dags/example_sensor_decorator.py
[2024-12-21T06:32:07.782+0000] {logging_mixin.py:190} INFO - [2024-12-21T06:32:07.782+0000] {dag.py:3239} INFO - Sync 1 DAGs
[2024-12-21T06:32:07.793+0000] {logging_mixin.py:190} INFO - [2024-12-21T06:32:07.793+0000] {dag.py:4180} INFO - Setting next_dagrun for example_sensor_decorator to None, run_after=None
[2024-12-21T06:32:07.807+0000] {processor.py:208} INFO - Processing /home/airflow/.local/lib/python3.12/site-packages/airflow/example_dags/example_sensor_decorator.py took 0.054 seconds
[2024-12-21T06:32:38.774+0000] {processor.py:186} INFO - Started process (PID=877) to work on /home/airflow/.local/lib/python3.12/site-packages/airflow/example_dags/example_sensor_decorator.py
[2024-12-21T06:32:38.775+0000] {processor.py:914} INFO - Processing file /home/airflow/.local/lib/python3.12/site-packages/airflow/example_dags/example_sensor_decorator.py for tasks to queue
[2024-12-21T06:32:38.777+0000] {logging_mixin.py:190} INFO - [2024-12-21T06:32:38.777+0000] {dagbag.py:588} INFO - Filling up the DagBag from /home/airflow/.local/lib/python3.12/site-packages/airflow/example_dags/example_sensor_decorator.py
[2024-12-21T06:32:38.787+0000] {processor.py:925} INFO - DAG(s) 'example_sensor_decorator' retrieved from /home/airflow/.local/lib/python3.12/site-packages/airflow/example_dags/example_sensor_decorator.py
[2024-12-21T06:32:38.816+0000] {logging_mixin.py:190} INFO - [2024-12-21T06:32:38.815+0000] {dag.py:3239} INFO - Sync 1 DAGs
[2024-12-21T06:32:38.846+0000] {logging_mixin.py:190} INFO - [2024-12-21T06:32:38.846+0000] {dag.py:4180} INFO - Setting next_dagrun for example_sensor_decorator to None, run_after=None
[2024-12-21T06:32:38.879+0000] {processor.py:208} INFO - Processing /home/airflow/.local/lib/python3.12/site-packages/airflow/example_dags/example_sensor_decorator.py took 0.111 seconds
[2024-12-21T06:33:09.981+0000] {processor.py:186} INFO - Started process (PID=940) to work on /home/airflow/.local/lib/python3.12/site-packages/airflow/example_dags/example_sensor_decorator.py
[2024-12-21T06:33:09.982+0000] {processor.py:914} INFO - Processing file /home/airflow/.local/lib/python3.12/site-packages/airflow/example_dags/example_sensor_decorator.py for tasks to queue
[2024-12-21T06:33:09.984+0000] {logging_mixin.py:190} INFO - [2024-12-21T06:33:09.984+0000] {dagbag.py:588} INFO - Filling up the DagBag from /home/airflow/.local/lib/python3.12/site-packages/airflow/example_dags/example_sensor_decorator.py
[2024-12-21T06:33:09.991+0000] {processor.py:925} INFO - DAG(s) 'example_sensor_decorator' retrieved from /home/airflow/.local/lib/python3.12/site-packages/airflow/example_dags/example_sensor_decorator.py
[2024-12-21T06:33:10.008+0000] {logging_mixin.py:190} INFO - [2024-12-21T06:33:10.007+0000] {dag.py:3239} INFO - Sync 1 DAGs
[2024-12-21T06:33:10.022+0000] {logging_mixin.py:190} INFO - [2024-12-21T06:33:10.021+0000] {dag.py:4180} INFO - Setting next_dagrun for example_sensor_decorator to None, run_after=None
[2024-12-21T06:33:10.037+0000] {processor.py:208} INFO - Processing /home/airflow/.local/lib/python3.12/site-packages/airflow/example_dags/example_sensor_decorator.py took 0.062 seconds
[2024-12-21T06:33:41.376+0000] {processor.py:186} INFO - Started process (PID=1003) to work on /home/airflow/.local/lib/python3.12/site-packages/airflow/example_dags/example_sensor_decorator.py
[2024-12-21T06:33:41.376+0000] {processor.py:914} INFO - Processing file /home/airflow/.local/lib/python3.12/site-packages/airflow/example_dags/example_sensor_decorator.py for tasks to queue
[2024-12-21T06:33:41.380+0000] {logging_mixin.py:190} INFO - [2024-12-21T06:33:41.379+0000] {dagbag.py:588} INFO - Filling up the DagBag from /home/airflow/.local/lib/python3.12/site-packages/airflow/example_dags/example_sensor_decorator.py
[2024-12-21T06:33:41.388+0000] {processor.py:925} INFO - DAG(s) 'example_sensor_decorator' retrieved from /home/airflow/.local/lib/python3.12/site-packages/airflow/example_dags/example_sensor_decorator.py
[2024-12-21T06:33:41.410+0000] {logging_mixin.py:190} INFO - [2024-12-21T06:33:41.410+0000] {dag.py:3239} INFO - Sync 1 DAGs
[2024-12-21T06:33:41.433+0000] {logging_mixin.py:190} INFO - [2024-12-21T06:33:41.432+0000] {dag.py:4180} INFO - Setting next_dagrun for example_sensor_decorator to None, run_after=None
[2024-12-21T06:33:41.461+0000] {processor.py:208} INFO - Processing /home/airflow/.local/lib/python3.12/site-packages/airflow/example_dags/example_sensor_decorator.py took 0.092 seconds
[2024-12-21T06:34:53.066+0000] {processor.py:186} INFO - Started process (PID=112) to work on /home/airflow/.local/lib/python3.12/site-packages/airflow/example_dags/example_sensor_decorator.py
[2024-12-21T06:34:53.067+0000] {processor.py:914} INFO - Processing file /home/airflow/.local/lib/python3.12/site-packages/airflow/example_dags/example_sensor_decorator.py for tasks to queue
[2024-12-21T06:34:53.069+0000] {logging_mixin.py:190} INFO - [2024-12-21T06:34:53.069+0000] {dagbag.py:588} INFO - Filling up the DagBag from /home/airflow/.local/lib/python3.12/site-packages/airflow/example_dags/example_sensor_decorator.py
[2024-12-21T06:34:53.078+0000] {processor.py:925} INFO - DAG(s) 'example_sensor_decorator' retrieved from /home/airflow/.local/lib/python3.12/site-packages/airflow/example_dags/example_sensor_decorator.py
[2024-12-21T06:34:53.098+0000] {logging_mixin.py:190} INFO - [2024-12-21T06:34:53.098+0000] {dag.py:3239} INFO - Sync 1 DAGs
[2024-12-21T06:34:53.115+0000] {logging_mixin.py:190} INFO - [2024-12-21T06:34:53.115+0000] {dag.py:4180} INFO - Setting next_dagrun for example_sensor_decorator to None, run_after=None
[2024-12-21T06:34:53.135+0000] {processor.py:208} INFO - Processing /home/airflow/.local/lib/python3.12/site-packages/airflow/example_dags/example_sensor_decorator.py took 0.075 seconds
[2024-12-21T06:35:24.245+0000] {processor.py:186} INFO - Started process (PID=177) to work on /home/airflow/.local/lib/python3.12/site-packages/airflow/example_dags/example_sensor_decorator.py
[2024-12-21T06:35:24.245+0000] {processor.py:914} INFO - Processing file /home/airflow/.local/lib/python3.12/site-packages/airflow/example_dags/example_sensor_decorator.py for tasks to queue
[2024-12-21T06:35:24.248+0000] {logging_mixin.py:190} INFO - [2024-12-21T06:35:24.247+0000] {dagbag.py:588} INFO - Filling up the DagBag from /home/airflow/.local/lib/python3.12/site-packages/airflow/example_dags/example_sensor_decorator.py
[2024-12-21T06:35:24.256+0000] {processor.py:925} INFO - DAG(s) 'example_sensor_decorator' retrieved from /home/airflow/.local/lib/python3.12/site-packages/airflow/example_dags/example_sensor_decorator.py
[2024-12-21T06:35:24.273+0000] {logging_mixin.py:190} INFO - [2024-12-21T06:35:24.273+0000] {dag.py:3239} INFO - Sync 1 DAGs
[2024-12-21T06:35:24.286+0000] {logging_mixin.py:190} INFO - [2024-12-21T06:35:24.286+0000] {dag.py:4180} INFO - Setting next_dagrun for example_sensor_decorator to None, run_after=None
[2024-12-21T06:35:24.304+0000] {processor.py:208} INFO - Processing /home/airflow/.local/lib/python3.12/site-packages/airflow/example_dags/example_sensor_decorator.py took 0.064 seconds
[2024-12-21T06:35:54.898+0000] {processor.py:186} INFO - Started process (PID=242) to work on /home/airflow/.local/lib/python3.12/site-packages/airflow/example_dags/example_sensor_decorator.py
[2024-12-21T06:35:54.899+0000] {processor.py:914} INFO - Processing file /home/airflow/.local/lib/python3.12/site-packages/airflow/example_dags/example_sensor_decorator.py for tasks to queue
[2024-12-21T06:35:54.901+0000] {logging_mixin.py:190} INFO - [2024-12-21T06:35:54.900+0000] {dagbag.py:588} INFO - Filling up the DagBag from /home/airflow/.local/lib/python3.12/site-packages/airflow/example_dags/example_sensor_decorator.py
[2024-12-21T06:35:54.908+0000] {processor.py:925} INFO - DAG(s) 'example_sensor_decorator' retrieved from /home/airflow/.local/lib/python3.12/site-packages/airflow/example_dags/example_sensor_decorator.py
[2024-12-21T06:35:54.928+0000] {logging_mixin.py:190} INFO - [2024-12-21T06:35:54.928+0000] {dag.py:3239} INFO - Sync 1 DAGs
[2024-12-21T06:35:54.945+0000] {logging_mixin.py:190} INFO - [2024-12-21T06:35:54.944+0000] {dag.py:4180} INFO - Setting next_dagrun for example_sensor_decorator to None, run_after=None
[2024-12-21T06:35:54.966+0000] {processor.py:208} INFO - Processing /home/airflow/.local/lib/python3.12/site-packages/airflow/example_dags/example_sensor_decorator.py took 0.075 seconds
[2024-12-21T06:36:25.413+0000] {processor.py:186} INFO - Started process (PID=311) to work on /home/airflow/.local/lib/python3.12/site-packages/airflow/example_dags/example_sensor_decorator.py
[2024-12-21T06:36:25.414+0000] {processor.py:914} INFO - Processing file /home/airflow/.local/lib/python3.12/site-packages/airflow/example_dags/example_sensor_decorator.py for tasks to queue
[2024-12-21T06:36:25.416+0000] {logging_mixin.py:190} INFO - [2024-12-21T06:36:25.416+0000] {dagbag.py:588} INFO - Filling up the DagBag from /home/airflow/.local/lib/python3.12/site-packages/airflow/example_dags/example_sensor_decorator.py
[2024-12-21T06:36:25.424+0000] {processor.py:925} INFO - DAG(s) 'example_sensor_decorator' retrieved from /home/airflow/.local/lib/python3.12/site-packages/airflow/example_dags/example_sensor_decorator.py
[2024-12-21T06:36:25.446+0000] {logging_mixin.py:190} INFO - [2024-12-21T06:36:25.446+0000] {dag.py:3239} INFO - Sync 1 DAGs
[2024-12-21T06:36:25.460+0000] {logging_mixin.py:190} INFO - [2024-12-21T06:36:25.460+0000] {dag.py:4180} INFO - Setting next_dagrun for example_sensor_decorator to None, run_after=None
[2024-12-21T06:36:25.475+0000] {processor.py:208} INFO - Processing /home/airflow/.local/lib/python3.12/site-packages/airflow/example_dags/example_sensor_decorator.py took 0.067 seconds
[2024-12-21T06:36:57.409+0000] {processor.py:186} INFO - Started process (PID=376) to work on /home/airflow/.local/lib/python3.12/site-packages/airflow/example_dags/example_sensor_decorator.py
[2024-12-21T06:36:57.410+0000] {processor.py:914} INFO - Processing file /home/airflow/.local/lib/python3.12/site-packages/airflow/example_dags/example_sensor_decorator.py for tasks to queue
[2024-12-21T06:36:57.412+0000] {logging_mixin.py:190} INFO - [2024-12-21T06:36:57.411+0000] {dagbag.py:588} INFO - Filling up the DagBag from /home/airflow/.local/lib/python3.12/site-packages/airflow/example_dags/example_sensor_decorator.py
[2024-12-21T06:36:57.418+0000] {processor.py:925} INFO - DAG(s) 'example_sensor_decorator' retrieved from /home/airflow/.local/lib/python3.12/site-packages/airflow/example_dags/example_sensor_decorator.py
[2024-12-21T06:36:57.435+0000] {logging_mixin.py:190} INFO - [2024-12-21T06:36:57.435+0000] {dag.py:3239} INFO - Sync 1 DAGs
[2024-12-21T06:36:57.459+0000] {logging_mixin.py:190} INFO - [2024-12-21T06:36:57.458+0000] {dag.py:4180} INFO - Setting next_dagrun for example_sensor_decorator to None, run_after=None
[2024-12-21T06:36:57.510+0000] {processor.py:208} INFO - Processing /home/airflow/.local/lib/python3.12/site-packages/airflow/example_dags/example_sensor_decorator.py took 0.105 seconds
[2024-12-21T06:37:28.749+0000] {processor.py:186} INFO - Started process (PID=441) to work on /home/airflow/.local/lib/python3.12/site-packages/airflow/example_dags/example_sensor_decorator.py
[2024-12-21T06:37:28.750+0000] {processor.py:914} INFO - Processing file /home/airflow/.local/lib/python3.12/site-packages/airflow/example_dags/example_sensor_decorator.py for tasks to queue
[2024-12-21T06:37:28.753+0000] {logging_mixin.py:190} INFO - [2024-12-21T06:37:28.753+0000] {dagbag.py:588} INFO - Filling up the DagBag from /home/airflow/.local/lib/python3.12/site-packages/airflow/example_dags/example_sensor_decorator.py
[2024-12-21T06:37:28.761+0000] {processor.py:925} INFO - DAG(s) 'example_sensor_decorator' retrieved from /home/airflow/.local/lib/python3.12/site-packages/airflow/example_dags/example_sensor_decorator.py
[2024-12-21T06:37:28.783+0000] {logging_mixin.py:190} INFO - [2024-12-21T06:37:28.783+0000] {dag.py:3239} INFO - Sync 1 DAGs
[2024-12-21T06:37:28.796+0000] {logging_mixin.py:190} INFO - [2024-12-21T06:37:28.796+0000] {dag.py:4180} INFO - Setting next_dagrun for example_sensor_decorator to None, run_after=None
[2024-12-21T06:37:28.812+0000] {processor.py:208} INFO - Processing /home/airflow/.local/lib/python3.12/site-packages/airflow/example_dags/example_sensor_decorator.py took 0.070 seconds
[2024-12-21T06:38:00.509+0000] {processor.py:186} INFO - Started process (PID=506) to work on /home/airflow/.local/lib/python3.12/site-packages/airflow/example_dags/example_sensor_decorator.py
[2024-12-21T06:38:00.509+0000] {processor.py:914} INFO - Processing file /home/airflow/.local/lib/python3.12/site-packages/airflow/example_dags/example_sensor_decorator.py for tasks to queue
[2024-12-21T06:38:00.511+0000] {logging_mixin.py:190} INFO - [2024-12-21T06:38:00.511+0000] {dagbag.py:588} INFO - Filling up the DagBag from /home/airflow/.local/lib/python3.12/site-packages/airflow/example_dags/example_sensor_decorator.py
[2024-12-21T06:38:00.518+0000] {processor.py:925} INFO - DAG(s) 'example_sensor_decorator' retrieved from /home/airflow/.local/lib/python3.12/site-packages/airflow/example_dags/example_sensor_decorator.py
[2024-12-21T06:38:00.533+0000] {logging_mixin.py:190} INFO - [2024-12-21T06:38:00.533+0000] {dag.py:3239} INFO - Sync 1 DAGs
[2024-12-21T06:38:00.545+0000] {logging_mixin.py:190} INFO - [2024-12-21T06:38:00.545+0000] {dag.py:4180} INFO - Setting next_dagrun for example_sensor_decorator to None, run_after=None
[2024-12-21T06:38:00.559+0000] {processor.py:208} INFO - Processing /home/airflow/.local/lib/python3.12/site-packages/airflow/example_dags/example_sensor_decorator.py took 0.055 seconds
[2024-12-21T06:38:32.019+0000] {processor.py:186} INFO - Started process (PID=571) to work on /home/airflow/.local/lib/python3.12/site-packages/airflow/example_dags/example_sensor_decorator.py
[2024-12-21T06:38:32.019+0000] {processor.py:914} INFO - Processing file /home/airflow/.local/lib/python3.12/site-packages/airflow/example_dags/example_sensor_decorator.py for tasks to queue
[2024-12-21T06:38:32.021+0000] {logging_mixin.py:190} INFO - [2024-12-21T06:38:32.021+0000] {dagbag.py:588} INFO - Filling up the DagBag from /home/airflow/.local/lib/python3.12/site-packages/airflow/example_dags/example_sensor_decorator.py
[2024-12-21T06:38:32.028+0000] {processor.py:925} INFO - DAG(s) 'example_sensor_decorator' retrieved from /home/airflow/.local/lib/python3.12/site-packages/airflow/example_dags/example_sensor_decorator.py
[2024-12-21T06:38:32.045+0000] {logging_mixin.py:190} INFO - [2024-12-21T06:38:32.045+0000] {dag.py:3239} INFO - Sync 1 DAGs
[2024-12-21T06:38:32.059+0000] {logging_mixin.py:190} INFO - [2024-12-21T06:38:32.059+0000] {dag.py:4180} INFO - Setting next_dagrun for example_sensor_decorator to None, run_after=None
[2024-12-21T06:38:32.076+0000] {processor.py:208} INFO - Processing /home/airflow/.local/lib/python3.12/site-packages/airflow/example_dags/example_sensor_decorator.py took 0.063 seconds
[2024-12-21T06:39:02.732+0000] {processor.py:186} INFO - Started process (PID=636) to work on /home/airflow/.local/lib/python3.12/site-packages/airflow/example_dags/example_sensor_decorator.py
[2024-12-21T06:39:02.733+0000] {processor.py:914} INFO - Processing file /home/airflow/.local/lib/python3.12/site-packages/airflow/example_dags/example_sensor_decorator.py for tasks to queue
[2024-12-21T06:39:02.735+0000] {logging_mixin.py:190} INFO - [2024-12-21T06:39:02.735+0000] {dagbag.py:588} INFO - Filling up the DagBag from /home/airflow/.local/lib/python3.12/site-packages/airflow/example_dags/example_sensor_decorator.py
[2024-12-21T06:39:02.742+0000] {processor.py:925} INFO - DAG(s) 'example_sensor_decorator' retrieved from /home/airflow/.local/lib/python3.12/site-packages/airflow/example_dags/example_sensor_decorator.py
[2024-12-21T06:39:02.760+0000] {logging_mixin.py:190} INFO - [2024-12-21T06:39:02.760+0000] {dag.py:3239} INFO - Sync 1 DAGs
[2024-12-21T06:39:02.778+0000] {logging_mixin.py:190} INFO - [2024-12-21T06:39:02.777+0000] {dag.py:4180} INFO - Setting next_dagrun for example_sensor_decorator to None, run_after=None
[2024-12-21T06:39:02.795+0000] {processor.py:208} INFO - Processing /home/airflow/.local/lib/python3.12/site-packages/airflow/example_dags/example_sensor_decorator.py took 0.068 seconds
[2024-12-21T06:39:33.605+0000] {processor.py:186} INFO - Started process (PID=702) to work on /home/airflow/.local/lib/python3.12/site-packages/airflow/example_dags/example_sensor_decorator.py
[2024-12-21T06:39:33.606+0000] {processor.py:914} INFO - Processing file /home/airflow/.local/lib/python3.12/site-packages/airflow/example_dags/example_sensor_decorator.py for tasks to queue
[2024-12-21T06:39:33.608+0000] {logging_mixin.py:190} INFO - [2024-12-21T06:39:33.608+0000] {dagbag.py:588} INFO - Filling up the DagBag from /home/airflow/.local/lib/python3.12/site-packages/airflow/example_dags/example_sensor_decorator.py
[2024-12-21T06:39:33.615+0000] {processor.py:925} INFO - DAG(s) 'example_sensor_decorator' retrieved from /home/airflow/.local/lib/python3.12/site-packages/airflow/example_dags/example_sensor_decorator.py
[2024-12-21T06:39:33.632+0000] {logging_mixin.py:190} INFO - [2024-12-21T06:39:33.631+0000] {dag.py:3239} INFO - Sync 1 DAGs
[2024-12-21T06:39:33.647+0000] {logging_mixin.py:190} INFO - [2024-12-21T06:39:33.646+0000] {dag.py:4180} INFO - Setting next_dagrun for example_sensor_decorator to None, run_after=None
[2024-12-21T06:39:33.664+0000] {processor.py:208} INFO - Processing /home/airflow/.local/lib/python3.12/site-packages/airflow/example_dags/example_sensor_decorator.py took 0.064 seconds
[2024-12-21T06:40:04.867+0000] {processor.py:186} INFO - Started process (PID=767) to work on /home/airflow/.local/lib/python3.12/site-packages/airflow/example_dags/example_sensor_decorator.py
[2024-12-21T06:40:04.869+0000] {processor.py:914} INFO - Processing file /home/airflow/.local/lib/python3.12/site-packages/airflow/example_dags/example_sensor_decorator.py for tasks to queue
[2024-12-21T06:40:04.871+0000] {logging_mixin.py:190} INFO - [2024-12-21T06:40:04.871+0000] {dagbag.py:588} INFO - Filling up the DagBag from /home/airflow/.local/lib/python3.12/site-packages/airflow/example_dags/example_sensor_decorator.py
[2024-12-21T06:40:04.879+0000] {processor.py:925} INFO - DAG(s) 'example_sensor_decorator' retrieved from /home/airflow/.local/lib/python3.12/site-packages/airflow/example_dags/example_sensor_decorator.py
[2024-12-21T06:40:04.900+0000] {logging_mixin.py:190} INFO - [2024-12-21T06:40:04.900+0000] {dag.py:3239} INFO - Sync 1 DAGs
[2024-12-21T06:40:04.917+0000] {logging_mixin.py:190} INFO - [2024-12-21T06:40:04.917+0000] {dag.py:4180} INFO - Setting next_dagrun for example_sensor_decorator to None, run_after=None
[2024-12-21T06:40:04.937+0000] {processor.py:208} INFO - Processing /home/airflow/.local/lib/python3.12/site-packages/airflow/example_dags/example_sensor_decorator.py took 0.076 seconds
[2024-12-21T06:40:35.594+0000] {processor.py:186} INFO - Started process (PID=832) to work on /home/airflow/.local/lib/python3.12/site-packages/airflow/example_dags/example_sensor_decorator.py
[2024-12-21T06:40:35.594+0000] {processor.py:914} INFO - Processing file /home/airflow/.local/lib/python3.12/site-packages/airflow/example_dags/example_sensor_decorator.py for tasks to queue
[2024-12-21T06:40:35.596+0000] {logging_mixin.py:190} INFO - [2024-12-21T06:40:35.596+0000] {dagbag.py:588} INFO - Filling up the DagBag from /home/airflow/.local/lib/python3.12/site-packages/airflow/example_dags/example_sensor_decorator.py
[2024-12-21T06:40:35.603+0000] {processor.py:925} INFO - DAG(s) 'example_sensor_decorator' retrieved from /home/airflow/.local/lib/python3.12/site-packages/airflow/example_dags/example_sensor_decorator.py
[2024-12-21T06:40:35.620+0000] {logging_mixin.py:190} INFO - [2024-12-21T06:40:35.620+0000] {dag.py:3239} INFO - Sync 1 DAGs
[2024-12-21T06:40:35.634+0000] {logging_mixin.py:190} INFO - [2024-12-21T06:40:35.634+0000] {dag.py:4180} INFO - Setting next_dagrun for example_sensor_decorator to None, run_after=None
[2024-12-21T06:40:35.651+0000] {processor.py:208} INFO - Processing /home/airflow/.local/lib/python3.12/site-packages/airflow/example_dags/example_sensor_decorator.py took 0.063 seconds
[2024-12-21T06:41:06.490+0000] {processor.py:186} INFO - Started process (PID=897) to work on /home/airflow/.local/lib/python3.12/site-packages/airflow/example_dags/example_sensor_decorator.py
[2024-12-21T06:41:06.491+0000] {processor.py:914} INFO - Processing file /home/airflow/.local/lib/python3.12/site-packages/airflow/example_dags/example_sensor_decorator.py for tasks to queue
[2024-12-21T06:41:06.493+0000] {logging_mixin.py:190} INFO - [2024-12-21T06:41:06.493+0000] {dagbag.py:588} INFO - Filling up the DagBag from /home/airflow/.local/lib/python3.12/site-packages/airflow/example_dags/example_sensor_decorator.py
[2024-12-21T06:41:06.502+0000] {processor.py:925} INFO - DAG(s) 'example_sensor_decorator' retrieved from /home/airflow/.local/lib/python3.12/site-packages/airflow/example_dags/example_sensor_decorator.py
[2024-12-21T06:41:06.523+0000] {logging_mixin.py:190} INFO - [2024-12-21T06:41:06.522+0000] {dag.py:3239} INFO - Sync 1 DAGs
[2024-12-21T06:41:06.539+0000] {logging_mixin.py:190} INFO - [2024-12-21T06:41:06.538+0000] {dag.py:4180} INFO - Setting next_dagrun for example_sensor_decorator to None, run_after=None
[2024-12-21T06:41:06.561+0000] {processor.py:208} INFO - Processing /home/airflow/.local/lib/python3.12/site-packages/airflow/example_dags/example_sensor_decorator.py took 0.077 seconds
[2024-12-21T06:41:37.832+0000] {processor.py:186} INFO - Started process (PID=962) to work on /home/airflow/.local/lib/python3.12/site-packages/airflow/example_dags/example_sensor_decorator.py
[2024-12-21T06:41:37.833+0000] {processor.py:914} INFO - Processing file /home/airflow/.local/lib/python3.12/site-packages/airflow/example_dags/example_sensor_decorator.py for tasks to queue
[2024-12-21T06:41:37.834+0000] {logging_mixin.py:190} INFO - [2024-12-21T06:41:37.834+0000] {dagbag.py:588} INFO - Filling up the DagBag from /home/airflow/.local/lib/python3.12/site-packages/airflow/example_dags/example_sensor_decorator.py
[2024-12-21T06:41:37.842+0000] {processor.py:925} INFO - DAG(s) 'example_sensor_decorator' retrieved from /home/airflow/.local/lib/python3.12/site-packages/airflow/example_dags/example_sensor_decorator.py
[2024-12-21T06:41:37.859+0000] {logging_mixin.py:190} INFO - [2024-12-21T06:41:37.859+0000] {dag.py:3239} INFO - Sync 1 DAGs
[2024-12-21T06:41:37.871+0000] {logging_mixin.py:190} INFO - [2024-12-21T06:41:37.870+0000] {dag.py:4180} INFO - Setting next_dagrun for example_sensor_decorator to None, run_after=None
[2024-12-21T06:41:37.886+0000] {processor.py:208} INFO - Processing /home/airflow/.local/lib/python3.12/site-packages/airflow/example_dags/example_sensor_decorator.py took 0.058 seconds
[2024-12-21T06:42:09.454+0000] {processor.py:186} INFO - Started process (PID=1027) to work on /home/airflow/.local/lib/python3.12/site-packages/airflow/example_dags/example_sensor_decorator.py
[2024-12-21T06:42:09.455+0000] {processor.py:914} INFO - Processing file /home/airflow/.local/lib/python3.12/site-packages/airflow/example_dags/example_sensor_decorator.py for tasks to queue
[2024-12-21T06:42:09.458+0000] {logging_mixin.py:190} INFO - [2024-12-21T06:42:09.458+0000] {dagbag.py:588} INFO - Filling up the DagBag from /home/airflow/.local/lib/python3.12/site-packages/airflow/example_dags/example_sensor_decorator.py
[2024-12-21T06:42:09.468+0000] {processor.py:925} INFO - DAG(s) 'example_sensor_decorator' retrieved from /home/airflow/.local/lib/python3.12/site-packages/airflow/example_dags/example_sensor_decorator.py
[2024-12-21T06:42:09.491+0000] {logging_mixin.py:190} INFO - [2024-12-21T06:42:09.491+0000] {dag.py:3239} INFO - Sync 1 DAGs
[2024-12-21T06:42:09.507+0000] {logging_mixin.py:190} INFO - [2024-12-21T06:42:09.507+0000] {dag.py:4180} INFO - Setting next_dagrun for example_sensor_decorator to None, run_after=None
[2024-12-21T06:42:09.535+0000] {processor.py:208} INFO - Processing /home/airflow/.local/lib/python3.12/site-packages/airflow/example_dags/example_sensor_decorator.py took 0.089 seconds
[2024-12-21T06:42:40.789+0000] {processor.py:186} INFO - Started process (PID=1092) to work on /home/airflow/.local/lib/python3.12/site-packages/airflow/example_dags/example_sensor_decorator.py
[2024-12-21T06:42:40.789+0000] {processor.py:914} INFO - Processing file /home/airflow/.local/lib/python3.12/site-packages/airflow/example_dags/example_sensor_decorator.py for tasks to queue
[2024-12-21T06:42:40.791+0000] {logging_mixin.py:190} INFO - [2024-12-21T06:42:40.791+0000] {dagbag.py:588} INFO - Filling up the DagBag from /home/airflow/.local/lib/python3.12/site-packages/airflow/example_dags/example_sensor_decorator.py
[2024-12-21T06:42:40.797+0000] {processor.py:925} INFO - DAG(s) 'example_sensor_decorator' retrieved from /home/airflow/.local/lib/python3.12/site-packages/airflow/example_dags/example_sensor_decorator.py
[2024-12-21T06:42:40.813+0000] {logging_mixin.py:190} INFO - [2024-12-21T06:42:40.813+0000] {dag.py:3239} INFO - Sync 1 DAGs
[2024-12-21T06:42:40.825+0000] {logging_mixin.py:190} INFO - [2024-12-21T06:42:40.825+0000] {dag.py:4180} INFO - Setting next_dagrun for example_sensor_decorator to None, run_after=None
[2024-12-21T06:42:40.839+0000] {processor.py:208} INFO - Processing /home/airflow/.local/lib/python3.12/site-packages/airflow/example_dags/example_sensor_decorator.py took 0.055 seconds
[2024-12-21T06:43:12.372+0000] {processor.py:186} INFO - Started process (PID=1157) to work on /home/airflow/.local/lib/python3.12/site-packages/airflow/example_dags/example_sensor_decorator.py
[2024-12-21T06:43:12.373+0000] {processor.py:914} INFO - Processing file /home/airflow/.local/lib/python3.12/site-packages/airflow/example_dags/example_sensor_decorator.py for tasks to queue
[2024-12-21T06:43:12.374+0000] {logging_mixin.py:190} INFO - [2024-12-21T06:43:12.374+0000] {dagbag.py:588} INFO - Filling up the DagBag from /home/airflow/.local/lib/python3.12/site-packages/airflow/example_dags/example_sensor_decorator.py
[2024-12-21T06:43:12.381+0000] {processor.py:925} INFO - DAG(s) 'example_sensor_decorator' retrieved from /home/airflow/.local/lib/python3.12/site-packages/airflow/example_dags/example_sensor_decorator.py
[2024-12-21T06:43:12.396+0000] {logging_mixin.py:190} INFO - [2024-12-21T06:43:12.396+0000] {dag.py:3239} INFO - Sync 1 DAGs
[2024-12-21T06:43:12.408+0000] {logging_mixin.py:190} INFO - [2024-12-21T06:43:12.408+0000] {dag.py:4180} INFO - Setting next_dagrun for example_sensor_decorator to None, run_after=None
[2024-12-21T06:43:12.422+0000] {processor.py:208} INFO - Processing /home/airflow/.local/lib/python3.12/site-packages/airflow/example_dags/example_sensor_decorator.py took 0.055 seconds
[2024-12-21T06:43:43.775+0000] {processor.py:186} INFO - Started process (PID=1222) to work on /home/airflow/.local/lib/python3.12/site-packages/airflow/example_dags/example_sensor_decorator.py
[2024-12-21T06:43:43.776+0000] {processor.py:914} INFO - Processing file /home/airflow/.local/lib/python3.12/site-packages/airflow/example_dags/example_sensor_decorator.py for tasks to queue
[2024-12-21T06:43:43.778+0000] {logging_mixin.py:190} INFO - [2024-12-21T06:43:43.777+0000] {dagbag.py:588} INFO - Filling up the DagBag from /home/airflow/.local/lib/python3.12/site-packages/airflow/example_dags/example_sensor_decorator.py
[2024-12-21T06:43:43.785+0000] {processor.py:925} INFO - DAG(s) 'example_sensor_decorator' retrieved from /home/airflow/.local/lib/python3.12/site-packages/airflow/example_dags/example_sensor_decorator.py
[2024-12-21T06:43:43.803+0000] {logging_mixin.py:190} INFO - [2024-12-21T06:43:43.802+0000] {dag.py:3239} INFO - Sync 1 DAGs
[2024-12-21T06:43:43.816+0000] {logging_mixin.py:190} INFO - [2024-12-21T06:43:43.816+0000] {dag.py:4180} INFO - Setting next_dagrun for example_sensor_decorator to None, run_after=None
[2024-12-21T06:43:43.831+0000] {processor.py:208} INFO - Processing /home/airflow/.local/lib/python3.12/site-packages/airflow/example_dags/example_sensor_decorator.py took 0.061 seconds
[2024-12-21T06:44:14.615+0000] {processor.py:186} INFO - Started process (PID=1287) to work on /home/airflow/.local/lib/python3.12/site-packages/airflow/example_dags/example_sensor_decorator.py
[2024-12-21T06:44:14.616+0000] {processor.py:914} INFO - Processing file /home/airflow/.local/lib/python3.12/site-packages/airflow/example_dags/example_sensor_decorator.py for tasks to queue
[2024-12-21T06:44:14.618+0000] {logging_mixin.py:190} INFO - [2024-12-21T06:44:14.617+0000] {dagbag.py:588} INFO - Filling up the DagBag from /home/airflow/.local/lib/python3.12/site-packages/airflow/example_dags/example_sensor_decorator.py
[2024-12-21T06:44:14.626+0000] {processor.py:925} INFO - DAG(s) 'example_sensor_decorator' retrieved from /home/airflow/.local/lib/python3.12/site-packages/airflow/example_dags/example_sensor_decorator.py
[2024-12-21T06:44:14.644+0000] {logging_mixin.py:190} INFO - [2024-12-21T06:44:14.644+0000] {dag.py:3239} INFO - Sync 1 DAGs
[2024-12-21T06:44:14.658+0000] {logging_mixin.py:190} INFO - [2024-12-21T06:44:14.657+0000] {dag.py:4180} INFO - Setting next_dagrun for example_sensor_decorator to None, run_after=None
[2024-12-21T06:44:14.675+0000] {processor.py:208} INFO - Processing /home/airflow/.local/lib/python3.12/site-packages/airflow/example_dags/example_sensor_decorator.py took 0.066 seconds
