[2024-12-21T06:26:26.186+0000] {processor.py:186} INFO - Started process (PID=115) to work on /home/airflow/.local/lib/python3.12/site-packages/airflow/example_dags/example_external_task_marker_dag.py
[2024-12-21T06:26:26.187+0000] {processor.py:914} INFO - Processing file /home/airflow/.local/lib/python3.12/site-packages/airflow/example_dags/example_external_task_marker_dag.py for tasks to queue
[2024-12-21T06:26:26.190+0000] {logging_mixin.py:190} INFO - [2024-12-21T06:26:26.190+0000] {dagbag.py:588} INFO - Filling up the DagBag from /home/airflow/.local/lib/python3.12/site-packages/airflow/example_dags/example_external_task_marker_dag.py
[2024-12-21T06:26:26.201+0000] {processor.py:925} INFO - DAG(s) 'example_external_task_marker_parent', 'example_external_task_marker_child' retrieved from /home/airflow/.local/lib/python3.12/site-packages/airflow/example_dags/example_external_task_marker_dag.py
[2024-12-21T06:26:26.330+0000] {logging_mixin.py:190} INFO - [2024-12-21T06:26:26.329+0000] {override.py:1911} INFO - Created Permission View: can read on DAG:example_external_task_marker_parent
[2024-12-21T06:26:26.344+0000] {logging_mixin.py:190} INFO - [2024-12-21T06:26:26.344+0000] {override.py:1911} INFO - Created Permission View: can delete on DAG:example_external_task_marker_parent
[2024-12-21T06:26:26.352+0000] {logging_mixin.py:190} INFO - [2024-12-21T06:26:26.352+0000] {override.py:1911} INFO - Created Permission View: can edit on DAG:example_external_task_marker_parent
[2024-12-21T06:26:26.363+0000] {logging_mixin.py:190} INFO - [2024-12-21T06:26:26.363+0000] {override.py:1911} INFO - Created Permission View: menu access on DAG Run:example_external_task_marker_parent
[2024-12-21T06:26:26.374+0000] {logging_mixin.py:190} INFO - [2024-12-21T06:26:26.374+0000] {override.py:1911} INFO - Created Permission View: can read on DAG Run:example_external_task_marker_parent
[2024-12-21T06:26:26.385+0000] {logging_mixin.py:190} INFO - [2024-12-21T06:26:26.384+0000] {override.py:1911} INFO - Created Permission View: can create on DAG Run:example_external_task_marker_parent
[2024-12-21T06:26:26.395+0000] {logging_mixin.py:190} INFO - [2024-12-21T06:26:26.395+0000] {override.py:1911} INFO - Created Permission View: can delete on DAG Run:example_external_task_marker_parent
[2024-12-21T06:26:26.412+0000] {logging_mixin.py:190} INFO - [2024-12-21T06:26:26.411+0000] {override.py:1911} INFO - Created Permission View: can read on DAG:example_external_task_marker_child
[2024-12-21T06:26:26.419+0000] {logging_mixin.py:190} INFO - [2024-12-21T06:26:26.419+0000] {override.py:1911} INFO - Created Permission View: can delete on DAG:example_external_task_marker_child
[2024-12-21T06:26:26.426+0000] {logging_mixin.py:190} INFO - [2024-12-21T06:26:26.426+0000] {override.py:1911} INFO - Created Permission View: can edit on DAG:example_external_task_marker_child
[2024-12-21T06:26:26.434+0000] {logging_mixin.py:190} INFO - [2024-12-21T06:26:26.434+0000] {override.py:1911} INFO - Created Permission View: menu access on DAG Run:example_external_task_marker_child
[2024-12-21T06:26:26.440+0000] {logging_mixin.py:190} INFO - [2024-12-21T06:26:26.440+0000] {override.py:1911} INFO - Created Permission View: can read on DAG Run:example_external_task_marker_child
[2024-12-21T06:26:26.446+0000] {logging_mixin.py:190} INFO - [2024-12-21T06:26:26.446+0000] {override.py:1911} INFO - Created Permission View: can create on DAG Run:example_external_task_marker_child
[2024-12-21T06:26:26.452+0000] {logging_mixin.py:190} INFO - [2024-12-21T06:26:26.451+0000] {override.py:1911} INFO - Created Permission View: can delete on DAG Run:example_external_task_marker_child
[2024-12-21T06:26:26.452+0000] {logging_mixin.py:190} INFO - [2024-12-21T06:26:26.452+0000] {dag.py:3239} INFO - Sync 2 DAGs
[2024-12-21T06:26:26.465+0000] {logging_mixin.py:190} INFO - [2024-12-21T06:26:26.465+0000] {dag.py:3262} INFO - Creating ORM DAG for example_external_task_marker_child
[2024-12-21T06:26:26.466+0000] {logging_mixin.py:190} INFO - [2024-12-21T06:26:26.466+0000] {dag.py:3262} INFO - Creating ORM DAG for example_external_task_marker_parent
[2024-12-21T06:26:26.466+0000] {logging_mixin.py:190} INFO - [2024-12-21T06:26:26.466+0000] {dag.py:4180} INFO - Setting next_dagrun for example_external_task_marker_child to None, run_after=None
[2024-12-21T06:26:26.467+0000] {logging_mixin.py:190} INFO - [2024-12-21T06:26:26.467+0000] {dag.py:4180} INFO - Setting next_dagrun for example_external_task_marker_parent to None, run_after=None
[2024-12-21T06:26:26.483+0000] {processor.py:208} INFO - Processing /home/airflow/.local/lib/python3.12/site-packages/airflow/example_dags/example_external_task_marker_dag.py took 0.304 seconds
[2024-12-21T06:26:56.978+0000] {processor.py:186} INFO - Started process (PID=178) to work on /home/airflow/.local/lib/python3.12/site-packages/airflow/example_dags/example_external_task_marker_dag.py
[2024-12-21T06:26:56.979+0000] {processor.py:914} INFO - Processing file /home/airflow/.local/lib/python3.12/site-packages/airflow/example_dags/example_external_task_marker_dag.py for tasks to queue
[2024-12-21T06:26:56.982+0000] {logging_mixin.py:190} INFO - [2024-12-21T06:26:56.981+0000] {dagbag.py:588} INFO - Filling up the DagBag from /home/airflow/.local/lib/python3.12/site-packages/airflow/example_dags/example_external_task_marker_dag.py
[2024-12-21T06:26:56.988+0000] {processor.py:925} INFO - DAG(s) 'example_external_task_marker_child', 'example_external_task_marker_parent' retrieved from /home/airflow/.local/lib/python3.12/site-packages/airflow/example_dags/example_external_task_marker_dag.py
[2024-12-21T06:26:57.008+0000] {logging_mixin.py:190} INFO - [2024-12-21T06:26:57.007+0000] {dag.py:3239} INFO - Sync 2 DAGs
[2024-12-21T06:26:57.021+0000] {logging_mixin.py:190} INFO - [2024-12-21T06:26:57.020+0000] {dag.py:4180} INFO - Setting next_dagrun for example_external_task_marker_child to None, run_after=None
[2024-12-21T06:26:57.024+0000] {logging_mixin.py:190} INFO - [2024-12-21T06:26:57.024+0000] {dag.py:4180} INFO - Setting next_dagrun for example_external_task_marker_parent to None, run_after=None
[2024-12-21T06:26:57.037+0000] {processor.py:208} INFO - Processing /home/airflow/.local/lib/python3.12/site-packages/airflow/example_dags/example_external_task_marker_dag.py took 0.065 seconds
[2024-12-21T06:27:27.498+0000] {processor.py:186} INFO - Started process (PID=241) to work on /home/airflow/.local/lib/python3.12/site-packages/airflow/example_dags/example_external_task_marker_dag.py
[2024-12-21T06:27:27.498+0000] {processor.py:914} INFO - Processing file /home/airflow/.local/lib/python3.12/site-packages/airflow/example_dags/example_external_task_marker_dag.py for tasks to queue
[2024-12-21T06:27:27.500+0000] {logging_mixin.py:190} INFO - [2024-12-21T06:27:27.500+0000] {dagbag.py:588} INFO - Filling up the DagBag from /home/airflow/.local/lib/python3.12/site-packages/airflow/example_dags/example_external_task_marker_dag.py
[2024-12-21T06:27:27.507+0000] {processor.py:925} INFO - DAG(s) 'example_external_task_marker_parent', 'example_external_task_marker_child' retrieved from /home/airflow/.local/lib/python3.12/site-packages/airflow/example_dags/example_external_task_marker_dag.py
[2024-12-21T06:27:27.528+0000] {logging_mixin.py:190} INFO - [2024-12-21T06:27:27.528+0000] {dag.py:3239} INFO - Sync 2 DAGs
[2024-12-21T06:27:27.542+0000] {logging_mixin.py:190} INFO - [2024-12-21T06:27:27.541+0000] {dag.py:4180} INFO - Setting next_dagrun for example_external_task_marker_child to None, run_after=None
[2024-12-21T06:27:27.545+0000] {logging_mixin.py:190} INFO - [2024-12-21T06:27:27.545+0000] {dag.py:4180} INFO - Setting next_dagrun for example_external_task_marker_parent to None, run_after=None
[2024-12-21T06:27:27.565+0000] {processor.py:208} INFO - Processing /home/airflow/.local/lib/python3.12/site-packages/airflow/example_dags/example_external_task_marker_dag.py took 0.072 seconds
[2024-12-21T06:27:58.445+0000] {processor.py:186} INFO - Started process (PID=304) to work on /home/airflow/.local/lib/python3.12/site-packages/airflow/example_dags/example_external_task_marker_dag.py
[2024-12-21T06:27:58.445+0000] {processor.py:914} INFO - Processing file /home/airflow/.local/lib/python3.12/site-packages/airflow/example_dags/example_external_task_marker_dag.py for tasks to queue
[2024-12-21T06:27:58.447+0000] {logging_mixin.py:190} INFO - [2024-12-21T06:27:58.447+0000] {dagbag.py:588} INFO - Filling up the DagBag from /home/airflow/.local/lib/python3.12/site-packages/airflow/example_dags/example_external_task_marker_dag.py
[2024-12-21T06:27:58.454+0000] {processor.py:925} INFO - DAG(s) 'example_external_task_marker_child', 'example_external_task_marker_parent' retrieved from /home/airflow/.local/lib/python3.12/site-packages/airflow/example_dags/example_external_task_marker_dag.py
[2024-12-21T06:27:58.473+0000] {logging_mixin.py:190} INFO - [2024-12-21T06:27:58.473+0000] {dag.py:3239} INFO - Sync 2 DAGs
[2024-12-21T06:27:58.488+0000] {logging_mixin.py:190} INFO - [2024-12-21T06:27:58.488+0000] {dag.py:4180} INFO - Setting next_dagrun for example_external_task_marker_child to None, run_after=None
[2024-12-21T06:27:58.492+0000] {logging_mixin.py:190} INFO - [2024-12-21T06:27:58.492+0000] {dag.py:4180} INFO - Setting next_dagrun for example_external_task_marker_parent to None, run_after=None
[2024-12-21T06:27:58.506+0000] {processor.py:208} INFO - Processing /home/airflow/.local/lib/python3.12/site-packages/airflow/example_dags/example_external_task_marker_dag.py took 0.067 seconds
[2024-12-21T06:28:29.032+0000] {processor.py:186} INFO - Started process (PID=366) to work on /home/airflow/.local/lib/python3.12/site-packages/airflow/example_dags/example_external_task_marker_dag.py
[2024-12-21T06:28:29.033+0000] {processor.py:914} INFO - Processing file /home/airflow/.local/lib/python3.12/site-packages/airflow/example_dags/example_external_task_marker_dag.py for tasks to queue
[2024-12-21T06:28:29.035+0000] {logging_mixin.py:190} INFO - [2024-12-21T06:28:29.035+0000] {dagbag.py:588} INFO - Filling up the DagBag from /home/airflow/.local/lib/python3.12/site-packages/airflow/example_dags/example_external_task_marker_dag.py
[2024-12-21T06:28:29.041+0000] {processor.py:925} INFO - DAG(s) 'example_external_task_marker_child', 'example_external_task_marker_parent' retrieved from /home/airflow/.local/lib/python3.12/site-packages/airflow/example_dags/example_external_task_marker_dag.py
[2024-12-21T06:28:29.062+0000] {logging_mixin.py:190} INFO - [2024-12-21T06:28:29.062+0000] {dag.py:3239} INFO - Sync 2 DAGs
[2024-12-21T06:28:29.077+0000] {logging_mixin.py:190} INFO - [2024-12-21T06:28:29.077+0000] {dag.py:4180} INFO - Setting next_dagrun for example_external_task_marker_child to None, run_after=None
[2024-12-21T06:28:29.081+0000] {logging_mixin.py:190} INFO - [2024-12-21T06:28:29.081+0000] {dag.py:4180} INFO - Setting next_dagrun for example_external_task_marker_parent to None, run_after=None
[2024-12-21T06:28:29.105+0000] {processor.py:208} INFO - Processing /home/airflow/.local/lib/python3.12/site-packages/airflow/example_dags/example_external_task_marker_dag.py took 0.077 seconds
[2024-12-21T06:28:59.227+0000] {processor.py:186} INFO - Started process (PID=429) to work on /home/airflow/.local/lib/python3.12/site-packages/airflow/example_dags/example_external_task_marker_dag.py
[2024-12-21T06:28:59.228+0000] {processor.py:914} INFO - Processing file /home/airflow/.local/lib/python3.12/site-packages/airflow/example_dags/example_external_task_marker_dag.py for tasks to queue
[2024-12-21T06:28:59.229+0000] {logging_mixin.py:190} INFO - [2024-12-21T06:28:59.229+0000] {dagbag.py:588} INFO - Filling up the DagBag from /home/airflow/.local/lib/python3.12/site-packages/airflow/example_dags/example_external_task_marker_dag.py
[2024-12-21T06:28:59.237+0000] {processor.py:925} INFO - DAG(s) 'example_external_task_marker_parent', 'example_external_task_marker_child' retrieved from /home/airflow/.local/lib/python3.12/site-packages/airflow/example_dags/example_external_task_marker_dag.py
[2024-12-21T06:28:59.258+0000] {logging_mixin.py:190} INFO - [2024-12-21T06:28:59.258+0000] {dag.py:3239} INFO - Sync 2 DAGs
[2024-12-21T06:28:59.272+0000] {logging_mixin.py:190} INFO - [2024-12-21T06:28:59.272+0000] {dag.py:4180} INFO - Setting next_dagrun for example_external_task_marker_child to None, run_after=None
[2024-12-21T06:28:59.276+0000] {logging_mixin.py:190} INFO - [2024-12-21T06:28:59.276+0000] {dag.py:4180} INFO - Setting next_dagrun for example_external_task_marker_parent to None, run_after=None
[2024-12-21T06:28:59.290+0000] {processor.py:208} INFO - Processing /home/airflow/.local/lib/python3.12/site-packages/airflow/example_dags/example_external_task_marker_dag.py took 0.069 seconds
[2024-12-21T06:29:30.460+0000] {processor.py:186} INFO - Started process (PID=492) to work on /home/airflow/.local/lib/python3.12/site-packages/airflow/example_dags/example_external_task_marker_dag.py
[2024-12-21T06:29:30.461+0000] {processor.py:914} INFO - Processing file /home/airflow/.local/lib/python3.12/site-packages/airflow/example_dags/example_external_task_marker_dag.py for tasks to queue
[2024-12-21T06:29:30.464+0000] {logging_mixin.py:190} INFO - [2024-12-21T06:29:30.464+0000] {dagbag.py:588} INFO - Filling up the DagBag from /home/airflow/.local/lib/python3.12/site-packages/airflow/example_dags/example_external_task_marker_dag.py
[2024-12-21T06:29:30.478+0000] {processor.py:925} INFO - DAG(s) 'example_external_task_marker_parent', 'example_external_task_marker_child' retrieved from /home/airflow/.local/lib/python3.12/site-packages/airflow/example_dags/example_external_task_marker_dag.py
[2024-12-21T06:29:30.511+0000] {logging_mixin.py:190} INFO - [2024-12-21T06:29:30.511+0000] {dag.py:3239} INFO - Sync 2 DAGs
[2024-12-21T06:29:30.531+0000] {logging_mixin.py:190} INFO - [2024-12-21T06:29:30.531+0000] {dag.py:4180} INFO - Setting next_dagrun for example_external_task_marker_child to None, run_after=None
[2024-12-21T06:29:30.535+0000] {logging_mixin.py:190} INFO - [2024-12-21T06:29:30.535+0000] {dag.py:4180} INFO - Setting next_dagrun for example_external_task_marker_parent to None, run_after=None
[2024-12-21T06:29:30.557+0000] {processor.py:208} INFO - Processing /home/airflow/.local/lib/python3.12/site-packages/airflow/example_dags/example_external_task_marker_dag.py took 0.103 seconds
[2024-12-21T06:30:01.398+0000] {processor.py:186} INFO - Started process (PID=555) to work on /home/airflow/.local/lib/python3.12/site-packages/airflow/example_dags/example_external_task_marker_dag.py
[2024-12-21T06:30:01.399+0000] {processor.py:914} INFO - Processing file /home/airflow/.local/lib/python3.12/site-packages/airflow/example_dags/example_external_task_marker_dag.py for tasks to queue
[2024-12-21T06:30:01.401+0000] {logging_mixin.py:190} INFO - [2024-12-21T06:30:01.401+0000] {dagbag.py:588} INFO - Filling up the DagBag from /home/airflow/.local/lib/python3.12/site-packages/airflow/example_dags/example_external_task_marker_dag.py
[2024-12-21T06:30:01.409+0000] {processor.py:925} INFO - DAG(s) 'example_external_task_marker_child', 'example_external_task_marker_parent' retrieved from /home/airflow/.local/lib/python3.12/site-packages/airflow/example_dags/example_external_task_marker_dag.py
[2024-12-21T06:30:01.431+0000] {logging_mixin.py:190} INFO - [2024-12-21T06:30:01.430+0000] {dag.py:3239} INFO - Sync 2 DAGs
[2024-12-21T06:30:01.445+0000] {logging_mixin.py:190} INFO - [2024-12-21T06:30:01.445+0000] {dag.py:4180} INFO - Setting next_dagrun for example_external_task_marker_child to None, run_after=None
[2024-12-21T06:30:01.449+0000] {logging_mixin.py:190} INFO - [2024-12-21T06:30:01.449+0000] {dag.py:4180} INFO - Setting next_dagrun for example_external_task_marker_parent to None, run_after=None
[2024-12-21T06:30:01.463+0000] {processor.py:208} INFO - Processing /home/airflow/.local/lib/python3.12/site-packages/airflow/example_dags/example_external_task_marker_dag.py took 0.070 seconds
[2024-12-21T06:30:32.517+0000] {processor.py:186} INFO - Started process (PID=617) to work on /home/airflow/.local/lib/python3.12/site-packages/airflow/example_dags/example_external_task_marker_dag.py
[2024-12-21T06:30:32.517+0000] {processor.py:914} INFO - Processing file /home/airflow/.local/lib/python3.12/site-packages/airflow/example_dags/example_external_task_marker_dag.py for tasks to queue
[2024-12-21T06:30:32.519+0000] {logging_mixin.py:190} INFO - [2024-12-21T06:30:32.519+0000] {dagbag.py:588} INFO - Filling up the DagBag from /home/airflow/.local/lib/python3.12/site-packages/airflow/example_dags/example_external_task_marker_dag.py
[2024-12-21T06:30:32.525+0000] {processor.py:925} INFO - DAG(s) 'example_external_task_marker_parent', 'example_external_task_marker_child' retrieved from /home/airflow/.local/lib/python3.12/site-packages/airflow/example_dags/example_external_task_marker_dag.py
[2024-12-21T06:30:32.543+0000] {logging_mixin.py:190} INFO - [2024-12-21T06:30:32.543+0000] {dag.py:3239} INFO - Sync 2 DAGs
[2024-12-21T06:30:32.555+0000] {logging_mixin.py:190} INFO - [2024-12-21T06:30:32.555+0000] {dag.py:4180} INFO - Setting next_dagrun for example_external_task_marker_child to None, run_after=None
[2024-12-21T06:30:32.558+0000] {logging_mixin.py:190} INFO - [2024-12-21T06:30:32.558+0000] {dag.py:4180} INFO - Setting next_dagrun for example_external_task_marker_parent to None, run_after=None
[2024-12-21T06:30:32.572+0000] {processor.py:208} INFO - Processing /home/airflow/.local/lib/python3.12/site-packages/airflow/example_dags/example_external_task_marker_dag.py took 0.060 seconds
[2024-12-21T06:31:05.396+0000] {processor.py:186} INFO - Started process (PID=681) to work on /home/airflow/.local/lib/python3.12/site-packages/airflow/example_dags/example_external_task_marker_dag.py
[2024-12-21T06:31:05.398+0000] {processor.py:914} INFO - Processing file /home/airflow/.local/lib/python3.12/site-packages/airflow/example_dags/example_external_task_marker_dag.py for tasks to queue
[2024-12-21T06:31:05.402+0000] {logging_mixin.py:190} INFO - [2024-12-21T06:31:05.401+0000] {dagbag.py:588} INFO - Filling up the DagBag from /home/airflow/.local/lib/python3.12/site-packages/airflow/example_dags/example_external_task_marker_dag.py
[2024-12-21T06:31:05.417+0000] {processor.py:925} INFO - DAG(s) 'example_external_task_marker_parent', 'example_external_task_marker_child' retrieved from /home/airflow/.local/lib/python3.12/site-packages/airflow/example_dags/example_external_task_marker_dag.py
[2024-12-21T06:31:05.443+0000] {logging_mixin.py:190} INFO - [2024-12-21T06:31:05.443+0000] {dag.py:3239} INFO - Sync 2 DAGs
[2024-12-21T06:31:05.464+0000] {logging_mixin.py:190} INFO - [2024-12-21T06:31:05.463+0000] {dag.py:4180} INFO - Setting next_dagrun for example_external_task_marker_child to None, run_after=None
[2024-12-21T06:31:05.470+0000] {logging_mixin.py:190} INFO - [2024-12-21T06:31:05.470+0000] {dag.py:4180} INFO - Setting next_dagrun for example_external_task_marker_parent to None, run_after=None
[2024-12-21T06:31:05.497+0000] {processor.py:208} INFO - Processing /home/airflow/.local/lib/python3.12/site-packages/airflow/example_dags/example_external_task_marker_dag.py took 0.111 seconds
[2024-12-21T06:31:36.680+0000] {processor.py:186} INFO - Started process (PID=744) to work on /home/airflow/.local/lib/python3.12/site-packages/airflow/example_dags/example_external_task_marker_dag.py
[2024-12-21T06:31:36.680+0000] {processor.py:914} INFO - Processing file /home/airflow/.local/lib/python3.12/site-packages/airflow/example_dags/example_external_task_marker_dag.py for tasks to queue
[2024-12-21T06:31:36.683+0000] {logging_mixin.py:190} INFO - [2024-12-21T06:31:36.682+0000] {dagbag.py:588} INFO - Filling up the DagBag from /home/airflow/.local/lib/python3.12/site-packages/airflow/example_dags/example_external_task_marker_dag.py
[2024-12-21T06:31:36.692+0000] {processor.py:925} INFO - DAG(s) 'example_external_task_marker_parent', 'example_external_task_marker_child' retrieved from /home/airflow/.local/lib/python3.12/site-packages/airflow/example_dags/example_external_task_marker_dag.py
[2024-12-21T06:31:36.727+0000] {logging_mixin.py:190} INFO - [2024-12-21T06:31:36.726+0000] {dag.py:3239} INFO - Sync 2 DAGs
[2024-12-21T06:31:36.747+0000] {logging_mixin.py:190} INFO - [2024-12-21T06:31:36.746+0000] {dag.py:4180} INFO - Setting next_dagrun for example_external_task_marker_child to None, run_after=None
[2024-12-21T06:31:36.751+0000] {logging_mixin.py:190} INFO - [2024-12-21T06:31:36.751+0000] {dag.py:4180} INFO - Setting next_dagrun for example_external_task_marker_parent to None, run_after=None
[2024-12-21T06:31:36.770+0000] {processor.py:208} INFO - Processing /home/airflow/.local/lib/python3.12/site-packages/airflow/example_dags/example_external_task_marker_dag.py took 0.097 seconds
[2024-12-21T06:32:07.437+0000] {processor.py:186} INFO - Started process (PID=807) to work on /home/airflow/.local/lib/python3.12/site-packages/airflow/example_dags/example_external_task_marker_dag.py
[2024-12-21T06:32:07.437+0000] {processor.py:914} INFO - Processing file /home/airflow/.local/lib/python3.12/site-packages/airflow/example_dags/example_external_task_marker_dag.py for tasks to queue
[2024-12-21T06:32:07.439+0000] {logging_mixin.py:190} INFO - [2024-12-21T06:32:07.439+0000] {dagbag.py:588} INFO - Filling up the DagBag from /home/airflow/.local/lib/python3.12/site-packages/airflow/example_dags/example_external_task_marker_dag.py
[2024-12-21T06:32:07.447+0000] {processor.py:925} INFO - DAG(s) 'example_external_task_marker_child', 'example_external_task_marker_parent' retrieved from /home/airflow/.local/lib/python3.12/site-packages/airflow/example_dags/example_external_task_marker_dag.py
[2024-12-21T06:32:07.466+0000] {logging_mixin.py:190} INFO - [2024-12-21T06:32:07.466+0000] {dag.py:3239} INFO - Sync 2 DAGs
[2024-12-21T06:32:07.479+0000] {logging_mixin.py:190} INFO - [2024-12-21T06:32:07.479+0000] {dag.py:4180} INFO - Setting next_dagrun for example_external_task_marker_child to None, run_after=None
[2024-12-21T06:32:07.483+0000] {logging_mixin.py:190} INFO - [2024-12-21T06:32:07.483+0000] {dag.py:4180} INFO - Setting next_dagrun for example_external_task_marker_parent to None, run_after=None
[2024-12-21T06:32:07.496+0000] {processor.py:208} INFO - Processing /home/airflow/.local/lib/python3.12/site-packages/airflow/example_dags/example_external_task_marker_dag.py took 0.065 seconds
[2024-12-21T06:32:38.286+0000] {processor.py:186} INFO - Started process (PID=870) to work on /home/airflow/.local/lib/python3.12/site-packages/airflow/example_dags/example_external_task_marker_dag.py
[2024-12-21T06:32:38.287+0000] {processor.py:914} INFO - Processing file /home/airflow/.local/lib/python3.12/site-packages/airflow/example_dags/example_external_task_marker_dag.py for tasks to queue
[2024-12-21T06:32:38.289+0000] {logging_mixin.py:190} INFO - [2024-12-21T06:32:38.289+0000] {dagbag.py:588} INFO - Filling up the DagBag from /home/airflow/.local/lib/python3.12/site-packages/airflow/example_dags/example_external_task_marker_dag.py
[2024-12-21T06:32:38.298+0000] {processor.py:925} INFO - DAG(s) 'example_external_task_marker_child', 'example_external_task_marker_parent' retrieved from /home/airflow/.local/lib/python3.12/site-packages/airflow/example_dags/example_external_task_marker_dag.py
[2024-12-21T06:32:38.323+0000] {logging_mixin.py:190} INFO - [2024-12-21T06:32:38.323+0000] {dag.py:3239} INFO - Sync 2 DAGs
[2024-12-21T06:32:38.342+0000] {logging_mixin.py:190} INFO - [2024-12-21T06:32:38.342+0000] {dag.py:4180} INFO - Setting next_dagrun for example_external_task_marker_child to None, run_after=None
[2024-12-21T06:32:38.348+0000] {logging_mixin.py:190} INFO - [2024-12-21T06:32:38.348+0000] {dag.py:4180} INFO - Setting next_dagrun for example_external_task_marker_parent to None, run_after=None
[2024-12-21T06:32:38.362+0000] {processor.py:208} INFO - Processing /home/airflow/.local/lib/python3.12/site-packages/airflow/example_dags/example_external_task_marker_dag.py took 0.083 seconds
[2024-12-21T06:33:09.657+0000] {processor.py:186} INFO - Started process (PID=933) to work on /home/airflow/.local/lib/python3.12/site-packages/airflow/example_dags/example_external_task_marker_dag.py
[2024-12-21T06:33:09.657+0000] {processor.py:914} INFO - Processing file /home/airflow/.local/lib/python3.12/site-packages/airflow/example_dags/example_external_task_marker_dag.py for tasks to queue
[2024-12-21T06:33:09.659+0000] {logging_mixin.py:190} INFO - [2024-12-21T06:33:09.659+0000] {dagbag.py:588} INFO - Filling up the DagBag from /home/airflow/.local/lib/python3.12/site-packages/airflow/example_dags/example_external_task_marker_dag.py
[2024-12-21T06:33:09.666+0000] {processor.py:925} INFO - DAG(s) 'example_external_task_marker_child', 'example_external_task_marker_parent' retrieved from /home/airflow/.local/lib/python3.12/site-packages/airflow/example_dags/example_external_task_marker_dag.py
[2024-12-21T06:33:09.686+0000] {logging_mixin.py:190} INFO - [2024-12-21T06:33:09.686+0000] {dag.py:3239} INFO - Sync 2 DAGs
[2024-12-21T06:33:09.699+0000] {logging_mixin.py:190} INFO - [2024-12-21T06:33:09.699+0000] {dag.py:4180} INFO - Setting next_dagrun for example_external_task_marker_child to None, run_after=None
[2024-12-21T06:33:09.702+0000] {logging_mixin.py:190} INFO - [2024-12-21T06:33:09.702+0000] {dag.py:4180} INFO - Setting next_dagrun for example_external_task_marker_parent to None, run_after=None
[2024-12-21T06:33:09.715+0000] {processor.py:208} INFO - Processing /home/airflow/.local/lib/python3.12/site-packages/airflow/example_dags/example_external_task_marker_dag.py took 0.063 seconds
[2024-12-21T06:33:40.987+0000] {processor.py:186} INFO - Started process (PID=996) to work on /home/airflow/.local/lib/python3.12/site-packages/airflow/example_dags/example_external_task_marker_dag.py
[2024-12-21T06:33:40.988+0000] {processor.py:914} INFO - Processing file /home/airflow/.local/lib/python3.12/site-packages/airflow/example_dags/example_external_task_marker_dag.py for tasks to queue
[2024-12-21T06:33:40.990+0000] {logging_mixin.py:190} INFO - [2024-12-21T06:33:40.990+0000] {dagbag.py:588} INFO - Filling up the DagBag from /home/airflow/.local/lib/python3.12/site-packages/airflow/example_dags/example_external_task_marker_dag.py
[2024-12-21T06:33:40.998+0000] {processor.py:925} INFO - DAG(s) 'example_external_task_marker_child', 'example_external_task_marker_parent' retrieved from /home/airflow/.local/lib/python3.12/site-packages/airflow/example_dags/example_external_task_marker_dag.py
[2024-12-21T06:33:41.019+0000] {logging_mixin.py:190} INFO - [2024-12-21T06:33:41.019+0000] {dag.py:3239} INFO - Sync 2 DAGs
[2024-12-21T06:33:41.033+0000] {logging_mixin.py:190} INFO - [2024-12-21T06:33:41.033+0000] {dag.py:4180} INFO - Setting next_dagrun for example_external_task_marker_child to None, run_after=None
[2024-12-21T06:33:41.036+0000] {logging_mixin.py:190} INFO - [2024-12-21T06:33:41.036+0000] {dag.py:4180} INFO - Setting next_dagrun for example_external_task_marker_parent to None, run_after=None
[2024-12-21T06:33:41.052+0000] {processor.py:208} INFO - Processing /home/airflow/.local/lib/python3.12/site-packages/airflow/example_dags/example_external_task_marker_dag.py took 0.072 seconds
[2024-12-21T06:34:52.441+0000] {processor.py:186} INFO - Started process (PID=105) to work on /home/airflow/.local/lib/python3.12/site-packages/airflow/example_dags/example_external_task_marker_dag.py
[2024-12-21T06:34:52.442+0000] {processor.py:914} INFO - Processing file /home/airflow/.local/lib/python3.12/site-packages/airflow/example_dags/example_external_task_marker_dag.py for tasks to queue
[2024-12-21T06:34:52.444+0000] {logging_mixin.py:190} INFO - [2024-12-21T06:34:52.444+0000] {dagbag.py:588} INFO - Filling up the DagBag from /home/airflow/.local/lib/python3.12/site-packages/airflow/example_dags/example_external_task_marker_dag.py
[2024-12-21T06:34:52.458+0000] {processor.py:925} INFO - DAG(s) 'example_external_task_marker_parent', 'example_external_task_marker_child' retrieved from /home/airflow/.local/lib/python3.12/site-packages/airflow/example_dags/example_external_task_marker_dag.py
[2024-12-21T06:34:52.497+0000] {logging_mixin.py:190} INFO - [2024-12-21T06:34:52.497+0000] {dag.py:3239} INFO - Sync 2 DAGs
[2024-12-21T06:34:52.519+0000] {logging_mixin.py:190} INFO - [2024-12-21T06:34:52.519+0000] {dag.py:4180} INFO - Setting next_dagrun for example_external_task_marker_child to None, run_after=None
[2024-12-21T06:34:52.525+0000] {logging_mixin.py:190} INFO - [2024-12-21T06:34:52.524+0000] {dag.py:4180} INFO - Setting next_dagrun for example_external_task_marker_parent to None, run_after=None
[2024-12-21T06:34:52.550+0000] {processor.py:208} INFO - Processing /home/airflow/.local/lib/python3.12/site-packages/airflow/example_dags/example_external_task_marker_dag.py took 0.117 seconds
