[2024-12-21T06:26:26.302+0000] {processor.py:186} INFO - Started process (PID=116) to work on /home/airflow/.local/lib/python3.12/site-packages/airflow/example_dags/example_bash_operator.py
[2024-12-21T06:26:26.303+0000] {processor.py:914} INFO - Processing file /home/airflow/.local/lib/python3.12/site-packages/airflow/example_dags/example_bash_operator.py for tasks to queue
[2024-12-21T06:26:26.306+0000] {logging_mixin.py:190} INFO - [2024-12-21T06:26:26.305+0000] {dagbag.py:588} INFO - Filling up the DagBag from /home/airflow/.local/lib/python3.12/site-packages/airflow/example_dags/example_bash_operator.py
[2024-12-21T06:26:26.323+0000] {processor.py:925} INFO - DAG(s) 'example_bash_operator' retrieved from /home/airflow/.local/lib/python3.12/site-packages/airflow/example_dags/example_bash_operator.py
[2024-12-21T06:26:26.464+0000] {logging_mixin.py:190} INFO - [2024-12-21T06:26:26.464+0000] {override.py:1911} INFO - Created Permission View: can read on DAG:example_bash_operator
[2024-12-21T06:26:26.473+0000] {logging_mixin.py:190} INFO - [2024-12-21T06:26:26.473+0000] {override.py:1911} INFO - Created Permission View: can delete on DAG:example_bash_operator
[2024-12-21T06:26:26.479+0000] {logging_mixin.py:190} INFO - [2024-12-21T06:26:26.479+0000] {override.py:1911} INFO - Created Permission View: can edit on DAG:example_bash_operator
[2024-12-21T06:26:26.486+0000] {logging_mixin.py:190} INFO - [2024-12-21T06:26:26.486+0000] {override.py:1911} INFO - Created Permission View: menu access on DAG Run:example_bash_operator
[2024-12-21T06:26:26.492+0000] {logging_mixin.py:190} INFO - [2024-12-21T06:26:26.492+0000] {override.py:1911} INFO - Created Permission View: can read on DAG Run:example_bash_operator
[2024-12-21T06:26:26.500+0000] {logging_mixin.py:190} INFO - [2024-12-21T06:26:26.500+0000] {override.py:1911} INFO - Created Permission View: can create on DAG Run:example_bash_operator
[2024-12-21T06:26:26.508+0000] {logging_mixin.py:190} INFO - [2024-12-21T06:26:26.508+0000] {override.py:1911} INFO - Created Permission View: can delete on DAG Run:example_bash_operator
[2024-12-21T06:26:26.509+0000] {logging_mixin.py:190} INFO - [2024-12-21T06:26:26.509+0000] {dag.py:3239} INFO - Sync 1 DAGs
[2024-12-21T06:26:26.522+0000] {logging_mixin.py:190} INFO - [2024-12-21T06:26:26.522+0000] {dag.py:3262} INFO - Creating ORM DAG for example_bash_operator
[2024-12-21T06:26:26.533+0000] {logging_mixin.py:190} INFO - [2024-12-21T06:26:26.533+0000] {dag.py:4180} INFO - Setting next_dagrun for example_bash_operator to 2024-12-20 00:00:00+00:00, run_after=2024-12-21 00:00:00+00:00
[2024-12-21T06:26:26.548+0000] {processor.py:208} INFO - Processing /home/airflow/.local/lib/python3.12/site-packages/airflow/example_dags/example_bash_operator.py took 0.253 seconds
[2024-12-21T06:26:56.985+0000] {processor.py:186} INFO - Started process (PID=179) to work on /home/airflow/.local/lib/python3.12/site-packages/airflow/example_dags/example_bash_operator.py
[2024-12-21T06:26:56.985+0000] {processor.py:914} INFO - Processing file /home/airflow/.local/lib/python3.12/site-packages/airflow/example_dags/example_bash_operator.py for tasks to queue
[2024-12-21T06:26:56.987+0000] {logging_mixin.py:190} INFO - [2024-12-21T06:26:56.987+0000] {dagbag.py:588} INFO - Filling up the DagBag from /home/airflow/.local/lib/python3.12/site-packages/airflow/example_dags/example_bash_operator.py
[2024-12-21T06:26:56.998+0000] {processor.py:925} INFO - DAG(s) 'example_bash_operator' retrieved from /home/airflow/.local/lib/python3.12/site-packages/airflow/example_dags/example_bash_operator.py
[2024-12-21T06:26:57.021+0000] {logging_mixin.py:190} INFO - [2024-12-21T06:26:57.021+0000] {dag.py:3239} INFO - Sync 1 DAGs
[2024-12-21T06:26:57.043+0000] {logging_mixin.py:190} INFO - [2024-12-21T06:26:57.043+0000] {dag.py:4180} INFO - Setting next_dagrun for example_bash_operator to 2024-12-20 00:00:00+00:00, run_after=2024-12-21 00:00:00+00:00
[2024-12-21T06:26:57.062+0000] {processor.py:208} INFO - Processing /home/airflow/.local/lib/python3.12/site-packages/airflow/example_dags/example_bash_operator.py took 0.083 seconds
[2024-12-21T06:27:27.591+0000] {processor.py:186} INFO - Started process (PID=242) to work on /home/airflow/.local/lib/python3.12/site-packages/airflow/example_dags/example_bash_operator.py
[2024-12-21T06:27:27.592+0000] {processor.py:914} INFO - Processing file /home/airflow/.local/lib/python3.12/site-packages/airflow/example_dags/example_bash_operator.py for tasks to queue
[2024-12-21T06:27:27.594+0000] {logging_mixin.py:190} INFO - [2024-12-21T06:27:27.594+0000] {dagbag.py:588} INFO - Filling up the DagBag from /home/airflow/.local/lib/python3.12/site-packages/airflow/example_dags/example_bash_operator.py
[2024-12-21T06:27:27.605+0000] {processor.py:925} INFO - DAG(s) 'example_bash_operator' retrieved from /home/airflow/.local/lib/python3.12/site-packages/airflow/example_dags/example_bash_operator.py
[2024-12-21T06:27:27.630+0000] {logging_mixin.py:190} INFO - [2024-12-21T06:27:27.630+0000] {dag.py:3239} INFO - Sync 1 DAGs
[2024-12-21T06:27:27.652+0000] {logging_mixin.py:190} INFO - [2024-12-21T06:27:27.652+0000] {dag.py:4180} INFO - Setting next_dagrun for example_bash_operator to 2024-12-20 00:00:00+00:00, run_after=2024-12-21 00:00:00+00:00
[2024-12-21T06:27:27.668+0000] {processor.py:208} INFO - Processing /home/airflow/.local/lib/python3.12/site-packages/airflow/example_dags/example_bash_operator.py took 0.082 seconds
[2024-12-21T06:27:58.529+0000] {processor.py:186} INFO - Started process (PID=305) to work on /home/airflow/.local/lib/python3.12/site-packages/airflow/example_dags/example_bash_operator.py
[2024-12-21T06:27:58.530+0000] {processor.py:914} INFO - Processing file /home/airflow/.local/lib/python3.12/site-packages/airflow/example_dags/example_bash_operator.py for tasks to queue
[2024-12-21T06:27:58.532+0000] {logging_mixin.py:190} INFO - [2024-12-21T06:27:58.532+0000] {dagbag.py:588} INFO - Filling up the DagBag from /home/airflow/.local/lib/python3.12/site-packages/airflow/example_dags/example_bash_operator.py
[2024-12-21T06:27:58.542+0000] {processor.py:925} INFO - DAG(s) 'example_bash_operator' retrieved from /home/airflow/.local/lib/python3.12/site-packages/airflow/example_dags/example_bash_operator.py
[2024-12-21T06:27:58.566+0000] {logging_mixin.py:190} INFO - [2024-12-21T06:27:58.565+0000] {dag.py:3239} INFO - Sync 1 DAGs
[2024-12-21T06:27:58.586+0000] {logging_mixin.py:190} INFO - [2024-12-21T06:27:58.586+0000] {dag.py:4180} INFO - Setting next_dagrun for example_bash_operator to 2024-12-20 00:00:00+00:00, run_after=2024-12-21 00:00:00+00:00
[2024-12-21T06:27:58.601+0000] {processor.py:208} INFO - Processing /home/airflow/.local/lib/python3.12/site-packages/airflow/example_dags/example_bash_operator.py took 0.076 seconds
[2024-12-21T06:28:29.039+0000] {processor.py:186} INFO - Started process (PID=367) to work on /home/airflow/.local/lib/python3.12/site-packages/airflow/example_dags/example_bash_operator.py
[2024-12-21T06:28:29.039+0000] {processor.py:914} INFO - Processing file /home/airflow/.local/lib/python3.12/site-packages/airflow/example_dags/example_bash_operator.py for tasks to queue
[2024-12-21T06:28:29.041+0000] {logging_mixin.py:190} INFO - [2024-12-21T06:28:29.041+0000] {dagbag.py:588} INFO - Filling up the DagBag from /home/airflow/.local/lib/python3.12/site-packages/airflow/example_dags/example_bash_operator.py
[2024-12-21T06:28:29.052+0000] {processor.py:925} INFO - DAG(s) 'example_bash_operator' retrieved from /home/airflow/.local/lib/python3.12/site-packages/airflow/example_dags/example_bash_operator.py
[2024-12-21T06:28:29.076+0000] {logging_mixin.py:190} INFO - [2024-12-21T06:28:29.076+0000] {dag.py:3239} INFO - Sync 1 DAGs
[2024-12-21T06:28:29.099+0000] {logging_mixin.py:190} INFO - [2024-12-21T06:28:29.098+0000] {dag.py:4180} INFO - Setting next_dagrun for example_bash_operator to 2024-12-20 00:00:00+00:00, run_after=2024-12-21 00:00:00+00:00
[2024-12-21T06:28:29.115+0000] {processor.py:208} INFO - Processing /home/airflow/.local/lib/python3.12/site-packages/airflow/example_dags/example_bash_operator.py took 0.081 seconds
[2024-12-21T06:28:59.318+0000] {processor.py:186} INFO - Started process (PID=430) to work on /home/airflow/.local/lib/python3.12/site-packages/airflow/example_dags/example_bash_operator.py
[2024-12-21T06:28:59.319+0000] {processor.py:914} INFO - Processing file /home/airflow/.local/lib/python3.12/site-packages/airflow/example_dags/example_bash_operator.py for tasks to queue
[2024-12-21T06:28:59.321+0000] {logging_mixin.py:190} INFO - [2024-12-21T06:28:59.320+0000] {dagbag.py:588} INFO - Filling up the DagBag from /home/airflow/.local/lib/python3.12/site-packages/airflow/example_dags/example_bash_operator.py
[2024-12-21T06:28:59.334+0000] {processor.py:925} INFO - DAG(s) 'example_bash_operator' retrieved from /home/airflow/.local/lib/python3.12/site-packages/airflow/example_dags/example_bash_operator.py
[2024-12-21T06:28:59.359+0000] {logging_mixin.py:190} INFO - [2024-12-21T06:28:59.359+0000] {dag.py:3239} INFO - Sync 1 DAGs
[2024-12-21T06:28:59.386+0000] {logging_mixin.py:190} INFO - [2024-12-21T06:28:59.386+0000] {dag.py:4180} INFO - Setting next_dagrun for example_bash_operator to 2024-12-20 00:00:00+00:00, run_after=2024-12-21 00:00:00+00:00
[2024-12-21T06:28:59.403+0000] {processor.py:208} INFO - Processing /home/airflow/.local/lib/python3.12/site-packages/airflow/example_dags/example_bash_operator.py took 0.090 seconds
[2024-12-21T06:29:30.570+0000] {processor.py:186} INFO - Started process (PID=493) to work on /home/airflow/.local/lib/python3.12/site-packages/airflow/example_dags/example_bash_operator.py
[2024-12-21T06:29:30.571+0000] {processor.py:914} INFO - Processing file /home/airflow/.local/lib/python3.12/site-packages/airflow/example_dags/example_bash_operator.py for tasks to queue
[2024-12-21T06:29:30.573+0000] {logging_mixin.py:190} INFO - [2024-12-21T06:29:30.573+0000] {dagbag.py:588} INFO - Filling up the DagBag from /home/airflow/.local/lib/python3.12/site-packages/airflow/example_dags/example_bash_operator.py
[2024-12-21T06:29:30.590+0000] {processor.py:925} INFO - DAG(s) 'example_bash_operator' retrieved from /home/airflow/.local/lib/python3.12/site-packages/airflow/example_dags/example_bash_operator.py
[2024-12-21T06:29:30.617+0000] {logging_mixin.py:190} INFO - [2024-12-21T06:29:30.617+0000] {dag.py:3239} INFO - Sync 1 DAGs
[2024-12-21T06:29:30.642+0000] {logging_mixin.py:190} INFO - [2024-12-21T06:29:30.641+0000] {dag.py:4180} INFO - Setting next_dagrun for example_bash_operator to 2024-12-20 00:00:00+00:00, run_after=2024-12-21 00:00:00+00:00
[2024-12-21T06:29:30.665+0000] {processor.py:208} INFO - Processing /home/airflow/.local/lib/python3.12/site-packages/airflow/example_dags/example_bash_operator.py took 0.101 seconds
[2024-12-21T06:30:01.492+0000] {processor.py:186} INFO - Started process (PID=556) to work on /home/airflow/.local/lib/python3.12/site-packages/airflow/example_dags/example_bash_operator.py
[2024-12-21T06:30:01.493+0000] {processor.py:914} INFO - Processing file /home/airflow/.local/lib/python3.12/site-packages/airflow/example_dags/example_bash_operator.py for tasks to queue
[2024-12-21T06:30:01.495+0000] {logging_mixin.py:190} INFO - [2024-12-21T06:30:01.494+0000] {dagbag.py:588} INFO - Filling up the DagBag from /home/airflow/.local/lib/python3.12/site-packages/airflow/example_dags/example_bash_operator.py
[2024-12-21T06:30:01.507+0000] {processor.py:925} INFO - DAG(s) 'example_bash_operator' retrieved from /home/airflow/.local/lib/python3.12/site-packages/airflow/example_dags/example_bash_operator.py
[2024-12-21T06:30:01.533+0000] {logging_mixin.py:190} INFO - [2024-12-21T06:30:01.533+0000] {dag.py:3239} INFO - Sync 1 DAGs
[2024-12-21T06:30:01.557+0000] {logging_mixin.py:190} INFO - [2024-12-21T06:30:01.557+0000] {dag.py:4180} INFO - Setting next_dagrun for example_bash_operator to 2024-12-20 00:00:00+00:00, run_after=2024-12-21 00:00:00+00:00
[2024-12-21T06:30:01.575+0000] {processor.py:208} INFO - Processing /home/airflow/.local/lib/python3.12/site-packages/airflow/example_dags/example_bash_operator.py took 0.088 seconds
[2024-12-21T06:30:32.600+0000] {processor.py:186} INFO - Started process (PID=619) to work on /home/airflow/.local/lib/python3.12/site-packages/airflow/example_dags/example_bash_operator.py
[2024-12-21T06:30:32.600+0000] {processor.py:914} INFO - Processing file /home/airflow/.local/lib/python3.12/site-packages/airflow/example_dags/example_bash_operator.py for tasks to queue
[2024-12-21T06:30:32.602+0000] {logging_mixin.py:190} INFO - [2024-12-21T06:30:32.602+0000] {dagbag.py:588} INFO - Filling up the DagBag from /home/airflow/.local/lib/python3.12/site-packages/airflow/example_dags/example_bash_operator.py
[2024-12-21T06:30:32.614+0000] {processor.py:925} INFO - DAG(s) 'example_bash_operator' retrieved from /home/airflow/.local/lib/python3.12/site-packages/airflow/example_dags/example_bash_operator.py
[2024-12-21T06:30:32.638+0000] {logging_mixin.py:190} INFO - [2024-12-21T06:30:32.638+0000] {dag.py:3239} INFO - Sync 1 DAGs
[2024-12-21T06:30:32.660+0000] {logging_mixin.py:190} INFO - [2024-12-21T06:30:32.660+0000] {dag.py:4180} INFO - Setting next_dagrun for example_bash_operator to 2024-12-20 00:00:00+00:00, run_after=2024-12-21 00:00:00+00:00
[2024-12-21T06:30:32.676+0000] {processor.py:208} INFO - Processing /home/airflow/.local/lib/python3.12/site-packages/airflow/example_dags/example_bash_operator.py took 0.082 seconds
[2024-12-21T06:31:05.426+0000] {processor.py:186} INFO - Started process (PID=682) to work on /home/airflow/.local/lib/python3.12/site-packages/airflow/example_dags/example_bash_operator.py
[2024-12-21T06:31:05.427+0000] {processor.py:914} INFO - Processing file /home/airflow/.local/lib/python3.12/site-packages/airflow/example_dags/example_bash_operator.py for tasks to queue
[2024-12-21T06:31:05.430+0000] {logging_mixin.py:190} INFO - [2024-12-21T06:31:05.430+0000] {dagbag.py:588} INFO - Filling up the DagBag from /home/airflow/.local/lib/python3.12/site-packages/airflow/example_dags/example_bash_operator.py
[2024-12-21T06:31:05.446+0000] {processor.py:925} INFO - DAG(s) 'example_bash_operator' retrieved from /home/airflow/.local/lib/python3.12/site-packages/airflow/example_dags/example_bash_operator.py
[2024-12-21T06:31:05.484+0000] {logging_mixin.py:190} INFO - [2024-12-21T06:31:05.484+0000] {dag.py:3239} INFO - Sync 1 DAGs
[2024-12-21T06:31:05.518+0000] {logging_mixin.py:190} INFO - [2024-12-21T06:31:05.518+0000] {dag.py:4180} INFO - Setting next_dagrun for example_bash_operator to 2024-12-20 00:00:00+00:00, run_after=2024-12-21 00:00:00+00:00
[2024-12-21T06:31:05.537+0000] {processor.py:208} INFO - Processing /home/airflow/.local/lib/python3.12/site-packages/airflow/example_dags/example_bash_operator.py took 0.119 seconds
[2024-12-21T06:31:36.740+0000] {processor.py:186} INFO - Started process (PID=745) to work on /home/airflow/.local/lib/python3.12/site-packages/airflow/example_dags/example_bash_operator.py
[2024-12-21T06:31:36.742+0000] {processor.py:914} INFO - Processing file /home/airflow/.local/lib/python3.12/site-packages/airflow/example_dags/example_bash_operator.py for tasks to queue
[2024-12-21T06:31:36.744+0000] {logging_mixin.py:190} INFO - [2024-12-21T06:31:36.744+0000] {dagbag.py:588} INFO - Filling up the DagBag from /home/airflow/.local/lib/python3.12/site-packages/airflow/example_dags/example_bash_operator.py
[2024-12-21T06:31:36.761+0000] {processor.py:925} INFO - DAG(s) 'example_bash_operator' retrieved from /home/airflow/.local/lib/python3.12/site-packages/airflow/example_dags/example_bash_operator.py
[2024-12-21T06:31:36.790+0000] {logging_mixin.py:190} INFO - [2024-12-21T06:31:36.790+0000] {dag.py:3239} INFO - Sync 1 DAGs
[2024-12-21T06:31:36.818+0000] {logging_mixin.py:190} INFO - [2024-12-21T06:31:36.818+0000] {dag.py:4180} INFO - Setting next_dagrun for example_bash_operator to 2024-12-20 00:00:00+00:00, run_after=2024-12-21 00:00:00+00:00
[2024-12-21T06:31:36.837+0000] {processor.py:208} INFO - Processing /home/airflow/.local/lib/python3.12/site-packages/airflow/example_dags/example_bash_operator.py took 0.105 seconds
[2024-12-21T06:32:07.471+0000] {processor.py:186} INFO - Started process (PID=808) to work on /home/airflow/.local/lib/python3.12/site-packages/airflow/example_dags/example_bash_operator.py
[2024-12-21T06:32:07.471+0000] {processor.py:914} INFO - Processing file /home/airflow/.local/lib/python3.12/site-packages/airflow/example_dags/example_bash_operator.py for tasks to queue
[2024-12-21T06:32:07.473+0000] {logging_mixin.py:190} INFO - [2024-12-21T06:32:07.473+0000] {dagbag.py:588} INFO - Filling up the DagBag from /home/airflow/.local/lib/python3.12/site-packages/airflow/example_dags/example_bash_operator.py
[2024-12-21T06:32:07.485+0000] {processor.py:925} INFO - DAG(s) 'example_bash_operator' retrieved from /home/airflow/.local/lib/python3.12/site-packages/airflow/example_dags/example_bash_operator.py
[2024-12-21T06:32:07.509+0000] {logging_mixin.py:190} INFO - [2024-12-21T06:32:07.509+0000] {dag.py:3239} INFO - Sync 1 DAGs
[2024-12-21T06:32:07.531+0000] {logging_mixin.py:190} INFO - [2024-12-21T06:32:07.531+0000] {dag.py:4180} INFO - Setting next_dagrun for example_bash_operator to 2024-12-20 00:00:00+00:00, run_after=2024-12-21 00:00:00+00:00
[2024-12-21T06:32:07.547+0000] {processor.py:208} INFO - Processing /home/airflow/.local/lib/python3.12/site-packages/airflow/example_dags/example_bash_operator.py took 0.082 seconds
[2024-12-21T06:32:38.342+0000] {processor.py:186} INFO - Started process (PID=871) to work on /home/airflow/.local/lib/python3.12/site-packages/airflow/example_dags/example_bash_operator.py
[2024-12-21T06:32:38.343+0000] {processor.py:914} INFO - Processing file /home/airflow/.local/lib/python3.12/site-packages/airflow/example_dags/example_bash_operator.py for tasks to queue
[2024-12-21T06:32:38.345+0000] {logging_mixin.py:190} INFO - [2024-12-21T06:32:38.345+0000] {dagbag.py:588} INFO - Filling up the DagBag from /home/airflow/.local/lib/python3.12/site-packages/airflow/example_dags/example_bash_operator.py
[2024-12-21T06:32:38.359+0000] {processor.py:925} INFO - DAG(s) 'example_bash_operator' retrieved from /home/airflow/.local/lib/python3.12/site-packages/airflow/example_dags/example_bash_operator.py
[2024-12-21T06:32:38.387+0000] {logging_mixin.py:190} INFO - [2024-12-21T06:32:38.386+0000] {dag.py:3239} INFO - Sync 1 DAGs
[2024-12-21T06:32:38.417+0000] {logging_mixin.py:190} INFO - [2024-12-21T06:32:38.417+0000] {dag.py:4180} INFO - Setting next_dagrun for example_bash_operator to 2024-12-20 00:00:00+00:00, run_after=2024-12-21 00:00:00+00:00
[2024-12-21T06:32:38.440+0000] {processor.py:208} INFO - Processing /home/airflow/.local/lib/python3.12/site-packages/airflow/example_dags/example_bash_operator.py took 0.103 seconds
[2024-12-21T06:33:09.688+0000] {processor.py:186} INFO - Started process (PID=934) to work on /home/airflow/.local/lib/python3.12/site-packages/airflow/example_dags/example_bash_operator.py
[2024-12-21T06:33:09.688+0000] {processor.py:914} INFO - Processing file /home/airflow/.local/lib/python3.12/site-packages/airflow/example_dags/example_bash_operator.py for tasks to queue
[2024-12-21T06:33:09.690+0000] {logging_mixin.py:190} INFO - [2024-12-21T06:33:09.690+0000] {dagbag.py:588} INFO - Filling up the DagBag from /home/airflow/.local/lib/python3.12/site-packages/airflow/example_dags/example_bash_operator.py
[2024-12-21T06:33:09.702+0000] {processor.py:925} INFO - DAG(s) 'example_bash_operator' retrieved from /home/airflow/.local/lib/python3.12/site-packages/airflow/example_dags/example_bash_operator.py
[2024-12-21T06:33:09.728+0000] {logging_mixin.py:190} INFO - [2024-12-21T06:33:09.728+0000] {dag.py:3239} INFO - Sync 1 DAGs
[2024-12-21T06:33:09.750+0000] {logging_mixin.py:190} INFO - [2024-12-21T06:33:09.750+0000] {dag.py:4180} INFO - Setting next_dagrun for example_bash_operator to 2024-12-20 00:00:00+00:00, run_after=2024-12-21 00:00:00+00:00
[2024-12-21T06:33:09.765+0000] {processor.py:208} INFO - Processing /home/airflow/.local/lib/python3.12/site-packages/airflow/example_dags/example_bash_operator.py took 0.083 seconds
[2024-12-21T06:33:41.015+0000] {processor.py:186} INFO - Started process (PID=997) to work on /home/airflow/.local/lib/python3.12/site-packages/airflow/example_dags/example_bash_operator.py
[2024-12-21T06:33:41.016+0000] {processor.py:914} INFO - Processing file /home/airflow/.local/lib/python3.12/site-packages/airflow/example_dags/example_bash_operator.py for tasks to queue
[2024-12-21T06:33:41.018+0000] {logging_mixin.py:190} INFO - [2024-12-21T06:33:41.018+0000] {dagbag.py:588} INFO - Filling up the DagBag from /home/airflow/.local/lib/python3.12/site-packages/airflow/example_dags/example_bash_operator.py
[2024-12-21T06:33:41.031+0000] {processor.py:925} INFO - DAG(s) 'example_bash_operator' retrieved from /home/airflow/.local/lib/python3.12/site-packages/airflow/example_dags/example_bash_operator.py
[2024-12-21T06:33:41.057+0000] {logging_mixin.py:190} INFO - [2024-12-21T06:33:41.057+0000] {dag.py:3239} INFO - Sync 1 DAGs
[2024-12-21T06:33:41.086+0000] {logging_mixin.py:190} INFO - [2024-12-21T06:33:41.086+0000] {dag.py:4180} INFO - Setting next_dagrun for example_bash_operator to 2024-12-20 00:00:00+00:00, run_after=2024-12-21 00:00:00+00:00
[2024-12-21T06:33:41.110+0000] {processor.py:208} INFO - Processing /home/airflow/.local/lib/python3.12/site-packages/airflow/example_dags/example_bash_operator.py took 0.100 seconds
[2024-12-21T06:34:52.591+0000] {processor.py:186} INFO - Started process (PID=106) to work on /home/airflow/.local/lib/python3.12/site-packages/airflow/example_dags/example_bash_operator.py
[2024-12-21T06:34:52.592+0000] {processor.py:914} INFO - Processing file /home/airflow/.local/lib/python3.12/site-packages/airflow/example_dags/example_bash_operator.py for tasks to queue
[2024-12-21T06:34:52.594+0000] {logging_mixin.py:190} INFO - [2024-12-21T06:34:52.594+0000] {dagbag.py:588} INFO - Filling up the DagBag from /home/airflow/.local/lib/python3.12/site-packages/airflow/example_dags/example_bash_operator.py
[2024-12-21T06:34:52.610+0000] {processor.py:925} INFO - DAG(s) 'example_bash_operator' retrieved from /home/airflow/.local/lib/python3.12/site-packages/airflow/example_dags/example_bash_operator.py
[2024-12-21T06:34:52.647+0000] {logging_mixin.py:190} INFO - [2024-12-21T06:34:52.647+0000] {dag.py:3239} INFO - Sync 1 DAGs
[2024-12-21T06:34:52.678+0000] {logging_mixin.py:190} INFO - [2024-12-21T06:34:52.677+0000] {dag.py:4180} INFO - Setting next_dagrun for example_bash_operator to 2024-12-20 00:00:00+00:00, run_after=2024-12-21 00:00:00+00:00
[2024-12-21T06:34:52.699+0000] {processor.py:208} INFO - Processing /home/airflow/.local/lib/python3.12/site-packages/airflow/example_dags/example_bash_operator.py took 0.116 seconds
[2024-12-21T06:35:23.517+0000] {processor.py:186} INFO - Started process (PID=171) to work on /home/airflow/.local/lib/python3.12/site-packages/airflow/example_dags/example_bash_operator.py
[2024-12-21T06:35:23.519+0000] {processor.py:914} INFO - Processing file /home/airflow/.local/lib/python3.12/site-packages/airflow/example_dags/example_bash_operator.py for tasks to queue
[2024-12-21T06:35:23.522+0000] {logging_mixin.py:190} INFO - [2024-12-21T06:35:23.522+0000] {dagbag.py:588} INFO - Filling up the DagBag from /home/airflow/.local/lib/python3.12/site-packages/airflow/example_dags/example_bash_operator.py
[2024-12-21T06:35:23.546+0000] {processor.py:925} INFO - DAG(s) 'example_bash_operator' retrieved from /home/airflow/.local/lib/python3.12/site-packages/airflow/example_dags/example_bash_operator.py
[2024-12-21T06:35:23.596+0000] {logging_mixin.py:190} INFO - [2024-12-21T06:35:23.595+0000] {dag.py:3239} INFO - Sync 1 DAGs
[2024-12-21T06:35:23.646+0000] {logging_mixin.py:190} INFO - [2024-12-21T06:35:23.645+0000] {dag.py:4180} INFO - Setting next_dagrun for example_bash_operator to 2024-12-20 00:00:00+00:00, run_after=2024-12-21 00:00:00+00:00
[2024-12-21T06:35:23.680+0000] {processor.py:208} INFO - Processing /home/airflow/.local/lib/python3.12/site-packages/airflow/example_dags/example_bash_operator.py took 0.172 seconds
[2024-12-21T06:35:54.144+0000] {processor.py:186} INFO - Started process (PID=235) to work on /home/airflow/.local/lib/python3.12/site-packages/airflow/example_dags/example_bash_operator.py
[2024-12-21T06:35:54.147+0000] {processor.py:914} INFO - Processing file /home/airflow/.local/lib/python3.12/site-packages/airflow/example_dags/example_bash_operator.py for tasks to queue
[2024-12-21T06:35:54.150+0000] {logging_mixin.py:190} INFO - [2024-12-21T06:35:54.149+0000] {dagbag.py:588} INFO - Filling up the DagBag from /home/airflow/.local/lib/python3.12/site-packages/airflow/example_dags/example_bash_operator.py
[2024-12-21T06:35:54.174+0000] {processor.py:925} INFO - DAG(s) 'example_bash_operator' retrieved from /home/airflow/.local/lib/python3.12/site-packages/airflow/example_dags/example_bash_operator.py
[2024-12-21T06:35:54.211+0000] {logging_mixin.py:190} INFO - [2024-12-21T06:35:54.211+0000] {dag.py:3239} INFO - Sync 1 DAGs
[2024-12-21T06:35:54.242+0000] {logging_mixin.py:190} INFO - [2024-12-21T06:35:54.241+0000] {dag.py:4180} INFO - Setting next_dagrun for example_bash_operator to 2024-12-20 00:00:00+00:00, run_after=2024-12-21 00:00:00+00:00
[2024-12-21T06:35:54.261+0000] {processor.py:208} INFO - Processing /home/airflow/.local/lib/python3.12/site-packages/airflow/example_dags/example_bash_operator.py took 0.128 seconds
[2024-12-21T06:36:24.589+0000] {processor.py:186} INFO - Started process (PID=304) to work on /home/airflow/.local/lib/python3.12/site-packages/airflow/example_dags/example_bash_operator.py
[2024-12-21T06:36:24.589+0000] {processor.py:914} INFO - Processing file /home/airflow/.local/lib/python3.12/site-packages/airflow/example_dags/example_bash_operator.py for tasks to queue
[2024-12-21T06:36:24.591+0000] {logging_mixin.py:190} INFO - [2024-12-21T06:36:24.591+0000] {dagbag.py:588} INFO - Filling up the DagBag from /home/airflow/.local/lib/python3.12/site-packages/airflow/example_dags/example_bash_operator.py
[2024-12-21T06:36:24.606+0000] {processor.py:925} INFO - DAG(s) 'example_bash_operator' retrieved from /home/airflow/.local/lib/python3.12/site-packages/airflow/example_dags/example_bash_operator.py
[2024-12-21T06:36:24.643+0000] {logging_mixin.py:190} INFO - [2024-12-21T06:36:24.643+0000] {dag.py:3239} INFO - Sync 1 DAGs
[2024-12-21T06:36:24.673+0000] {logging_mixin.py:190} INFO - [2024-12-21T06:36:24.673+0000] {dag.py:4180} INFO - Setting next_dagrun for example_bash_operator to 2024-12-20 00:00:00+00:00, run_after=2024-12-21 00:00:00+00:00
[2024-12-21T06:36:24.693+0000] {processor.py:208} INFO - Processing /home/airflow/.local/lib/python3.12/site-packages/airflow/example_dags/example_bash_operator.py took 0.112 seconds
[2024-12-21T06:36:56.069+0000] {processor.py:186} INFO - Started process (PID=368) to work on /home/airflow/.local/lib/python3.12/site-packages/airflow/example_dags/example_bash_operator.py
[2024-12-21T06:36:56.071+0000] {processor.py:914} INFO - Processing file /home/airflow/.local/lib/python3.12/site-packages/airflow/example_dags/example_bash_operator.py for tasks to queue
[2024-12-21T06:36:56.075+0000] {logging_mixin.py:190} INFO - [2024-12-21T06:36:56.074+0000] {dagbag.py:588} INFO - Filling up the DagBag from /home/airflow/.local/lib/python3.12/site-packages/airflow/example_dags/example_bash_operator.py
[2024-12-21T06:36:56.104+0000] {processor.py:925} INFO - DAG(s) 'example_bash_operator' retrieved from /home/airflow/.local/lib/python3.12/site-packages/airflow/example_dags/example_bash_operator.py
[2024-12-21T06:36:56.167+0000] {logging_mixin.py:190} INFO - [2024-12-21T06:36:56.167+0000] {dag.py:3239} INFO - Sync 1 DAGs
[2024-12-21T06:36:56.218+0000] {logging_mixin.py:190} INFO - [2024-12-21T06:36:56.218+0000] {dag.py:4180} INFO - Setting next_dagrun for example_bash_operator to 2024-12-20 00:00:00+00:00, run_after=2024-12-21 00:00:00+00:00
[2024-12-21T06:36:56.259+0000] {processor.py:208} INFO - Processing /home/airflow/.local/lib/python3.12/site-packages/airflow/example_dags/example_bash_operator.py took 0.204 seconds
[2024-12-21T06:37:26.768+0000] {processor.py:186} INFO - Started process (PID=433) to work on /home/airflow/.local/lib/python3.12/site-packages/airflow/example_dags/example_bash_operator.py
[2024-12-21T06:37:26.769+0000] {processor.py:914} INFO - Processing file /home/airflow/.local/lib/python3.12/site-packages/airflow/example_dags/example_bash_operator.py for tasks to queue
[2024-12-21T06:37:26.771+0000] {logging_mixin.py:190} INFO - [2024-12-21T06:37:26.770+0000] {dagbag.py:588} INFO - Filling up the DagBag from /home/airflow/.local/lib/python3.12/site-packages/airflow/example_dags/example_bash_operator.py
[2024-12-21T06:37:26.783+0000] {processor.py:925} INFO - DAG(s) 'example_bash_operator' retrieved from /home/airflow/.local/lib/python3.12/site-packages/airflow/example_dags/example_bash_operator.py
[2024-12-21T06:37:26.808+0000] {logging_mixin.py:190} INFO - [2024-12-21T06:37:26.808+0000] {dag.py:3239} INFO - Sync 1 DAGs
[2024-12-21T06:37:26.831+0000] {logging_mixin.py:190} INFO - [2024-12-21T06:37:26.830+0000] {dag.py:4180} INFO - Setting next_dagrun for example_bash_operator to 2024-12-20 00:00:00+00:00, run_after=2024-12-21 00:00:00+00:00
[2024-12-21T06:37:26.845+0000] {processor.py:208} INFO - Processing /home/airflow/.local/lib/python3.12/site-packages/airflow/example_dags/example_bash_operator.py took 0.082 seconds
[2024-12-21T06:37:58.139+0000] {processor.py:186} INFO - Started process (PID=498) to work on /home/airflow/.local/lib/python3.12/site-packages/airflow/example_dags/example_bash_operator.py
[2024-12-21T06:37:58.139+0000] {processor.py:914} INFO - Processing file /home/airflow/.local/lib/python3.12/site-packages/airflow/example_dags/example_bash_operator.py for tasks to queue
[2024-12-21T06:37:58.141+0000] {logging_mixin.py:190} INFO - [2024-12-21T06:37:58.141+0000] {dagbag.py:588} INFO - Filling up the DagBag from /home/airflow/.local/lib/python3.12/site-packages/airflow/example_dags/example_bash_operator.py
[2024-12-21T06:37:58.154+0000] {processor.py:925} INFO - DAG(s) 'example_bash_operator' retrieved from /home/airflow/.local/lib/python3.12/site-packages/airflow/example_dags/example_bash_operator.py
[2024-12-21T06:37:58.180+0000] {logging_mixin.py:190} INFO - [2024-12-21T06:37:58.180+0000] {dag.py:3239} INFO - Sync 1 DAGs
[2024-12-21T06:37:58.206+0000] {logging_mixin.py:190} INFO - [2024-12-21T06:37:58.206+0000] {dag.py:4180} INFO - Setting next_dagrun for example_bash_operator to 2024-12-20 00:00:00+00:00, run_after=2024-12-21 00:00:00+00:00
[2024-12-21T06:37:58.223+0000] {processor.py:208} INFO - Processing /home/airflow/.local/lib/python3.12/site-packages/airflow/example_dags/example_bash_operator.py took 0.090 seconds
[2024-12-21T06:38:28.989+0000] {processor.py:186} INFO - Started process (PID=563) to work on /home/airflow/.local/lib/python3.12/site-packages/airflow/example_dags/example_bash_operator.py
[2024-12-21T06:38:28.990+0000] {processor.py:914} INFO - Processing file /home/airflow/.local/lib/python3.12/site-packages/airflow/example_dags/example_bash_operator.py for tasks to queue
[2024-12-21T06:38:28.991+0000] {logging_mixin.py:190} INFO - [2024-12-21T06:38:28.991+0000] {dagbag.py:588} INFO - Filling up the DagBag from /home/airflow/.local/lib/python3.12/site-packages/airflow/example_dags/example_bash_operator.py
[2024-12-21T06:38:29.002+0000] {processor.py:925} INFO - DAG(s) 'example_bash_operator' retrieved from /home/airflow/.local/lib/python3.12/site-packages/airflow/example_dags/example_bash_operator.py
[2024-12-21T06:38:29.024+0000] {logging_mixin.py:190} INFO - [2024-12-21T06:38:29.024+0000] {dag.py:3239} INFO - Sync 1 DAGs
[2024-12-21T06:38:29.043+0000] {logging_mixin.py:190} INFO - [2024-12-21T06:38:29.043+0000] {dag.py:4180} INFO - Setting next_dagrun for example_bash_operator to 2024-12-20 00:00:00+00:00, run_after=2024-12-21 00:00:00+00:00
[2024-12-21T06:38:29.057+0000] {processor.py:208} INFO - Processing /home/airflow/.local/lib/python3.12/site-packages/airflow/example_dags/example_bash_operator.py took 0.073 seconds
[2024-12-21T06:38:59.726+0000] {processor.py:186} INFO - Started process (PID=628) to work on /home/airflow/.local/lib/python3.12/site-packages/airflow/example_dags/example_bash_operator.py
[2024-12-21T06:38:59.726+0000] {processor.py:914} INFO - Processing file /home/airflow/.local/lib/python3.12/site-packages/airflow/example_dags/example_bash_operator.py for tasks to queue
[2024-12-21T06:38:59.728+0000] {logging_mixin.py:190} INFO - [2024-12-21T06:38:59.728+0000] {dagbag.py:588} INFO - Filling up the DagBag from /home/airflow/.local/lib/python3.12/site-packages/airflow/example_dags/example_bash_operator.py
[2024-12-21T06:38:59.740+0000] {processor.py:925} INFO - DAG(s) 'example_bash_operator' retrieved from /home/airflow/.local/lib/python3.12/site-packages/airflow/example_dags/example_bash_operator.py
[2024-12-21T06:38:59.762+0000] {logging_mixin.py:190} INFO - [2024-12-21T06:38:59.762+0000] {dag.py:3239} INFO - Sync 1 DAGs
[2024-12-21T06:38:59.781+0000] {logging_mixin.py:190} INFO - [2024-12-21T06:38:59.781+0000] {dag.py:4180} INFO - Setting next_dagrun for example_bash_operator to 2024-12-20 00:00:00+00:00, run_after=2024-12-21 00:00:00+00:00
[2024-12-21T06:38:59.797+0000] {processor.py:208} INFO - Processing /home/airflow/.local/lib/python3.12/site-packages/airflow/example_dags/example_bash_operator.py took 0.076 seconds
[2024-12-21T06:39:30.498+0000] {processor.py:186} INFO - Started process (PID=693) to work on /home/airflow/.local/lib/python3.12/site-packages/airflow/example_dags/example_bash_operator.py
[2024-12-21T06:39:30.499+0000] {processor.py:914} INFO - Processing file /home/airflow/.local/lib/python3.12/site-packages/airflow/example_dags/example_bash_operator.py for tasks to queue
[2024-12-21T06:39:30.502+0000] {logging_mixin.py:190} INFO - [2024-12-21T06:39:30.501+0000] {dagbag.py:588} INFO - Filling up the DagBag from /home/airflow/.local/lib/python3.12/site-packages/airflow/example_dags/example_bash_operator.py
[2024-12-21T06:39:30.514+0000] {processor.py:925} INFO - DAG(s) 'example_bash_operator' retrieved from /home/airflow/.local/lib/python3.12/site-packages/airflow/example_dags/example_bash_operator.py
[2024-12-21T06:39:30.539+0000] {logging_mixin.py:190} INFO - [2024-12-21T06:39:30.538+0000] {dag.py:3239} INFO - Sync 1 DAGs
[2024-12-21T06:39:30.560+0000] {logging_mixin.py:190} INFO - [2024-12-21T06:39:30.560+0000] {dag.py:4180} INFO - Setting next_dagrun for example_bash_operator to 2024-12-20 00:00:00+00:00, run_after=2024-12-21 00:00:00+00:00
[2024-12-21T06:39:30.575+0000] {processor.py:208} INFO - Processing /home/airflow/.local/lib/python3.12/site-packages/airflow/example_dags/example_bash_operator.py took 0.081 seconds
[2024-12-21T06:40:01.667+0000] {processor.py:186} INFO - Started process (PID=758) to work on /home/airflow/.local/lib/python3.12/site-packages/airflow/example_dags/example_bash_operator.py
[2024-12-21T06:40:01.668+0000] {processor.py:914} INFO - Processing file /home/airflow/.local/lib/python3.12/site-packages/airflow/example_dags/example_bash_operator.py for tasks to queue
[2024-12-21T06:40:01.670+0000] {logging_mixin.py:190} INFO - [2024-12-21T06:40:01.670+0000] {dagbag.py:588} INFO - Filling up the DagBag from /home/airflow/.local/lib/python3.12/site-packages/airflow/example_dags/example_bash_operator.py
[2024-12-21T06:40:01.684+0000] {processor.py:925} INFO - DAG(s) 'example_bash_operator' retrieved from /home/airflow/.local/lib/python3.12/site-packages/airflow/example_dags/example_bash_operator.py
[2024-12-21T06:40:01.713+0000] {logging_mixin.py:190} INFO - [2024-12-21T06:40:01.712+0000] {dag.py:3239} INFO - Sync 1 DAGs
[2024-12-21T06:40:01.736+0000] {logging_mixin.py:190} INFO - [2024-12-21T06:40:01.736+0000] {dag.py:4180} INFO - Setting next_dagrun for example_bash_operator to 2024-12-20 00:00:00+00:00, run_after=2024-12-21 00:00:00+00:00
[2024-12-21T06:40:01.759+0000] {processor.py:208} INFO - Processing /home/airflow/.local/lib/python3.12/site-packages/airflow/example_dags/example_bash_operator.py took 0.097 seconds
[2024-12-21T06:40:32.437+0000] {processor.py:186} INFO - Started process (PID=823) to work on /home/airflow/.local/lib/python3.12/site-packages/airflow/example_dags/example_bash_operator.py
[2024-12-21T06:40:32.437+0000] {processor.py:914} INFO - Processing file /home/airflow/.local/lib/python3.12/site-packages/airflow/example_dags/example_bash_operator.py for tasks to queue
[2024-12-21T06:40:32.439+0000] {logging_mixin.py:190} INFO - [2024-12-21T06:40:32.439+0000] {dagbag.py:588} INFO - Filling up the DagBag from /home/airflow/.local/lib/python3.12/site-packages/airflow/example_dags/example_bash_operator.py
[2024-12-21T06:40:32.452+0000] {processor.py:925} INFO - DAG(s) 'example_bash_operator' retrieved from /home/airflow/.local/lib/python3.12/site-packages/airflow/example_dags/example_bash_operator.py
[2024-12-21T06:40:32.477+0000] {logging_mixin.py:190} INFO - [2024-12-21T06:40:32.477+0000] {dag.py:3239} INFO - Sync 1 DAGs
[2024-12-21T06:40:32.498+0000] {logging_mixin.py:190} INFO - [2024-12-21T06:40:32.497+0000] {dag.py:4180} INFO - Setting next_dagrun for example_bash_operator to 2024-12-20 00:00:00+00:00, run_after=2024-12-21 00:00:00+00:00
[2024-12-21T06:40:32.513+0000] {processor.py:208} INFO - Processing /home/airflow/.local/lib/python3.12/site-packages/airflow/example_dags/example_bash_operator.py took 0.082 seconds
[2024-12-21T06:41:03.427+0000] {processor.py:186} INFO - Started process (PID=888) to work on /home/airflow/.local/lib/python3.12/site-packages/airflow/example_dags/example_bash_operator.py
[2024-12-21T06:41:03.428+0000] {processor.py:914} INFO - Processing file /home/airflow/.local/lib/python3.12/site-packages/airflow/example_dags/example_bash_operator.py for tasks to queue
[2024-12-21T06:41:03.430+0000] {logging_mixin.py:190} INFO - [2024-12-21T06:41:03.429+0000] {dagbag.py:588} INFO - Filling up the DagBag from /home/airflow/.local/lib/python3.12/site-packages/airflow/example_dags/example_bash_operator.py
[2024-12-21T06:41:03.442+0000] {processor.py:925} INFO - DAG(s) 'example_bash_operator' retrieved from /home/airflow/.local/lib/python3.12/site-packages/airflow/example_dags/example_bash_operator.py
[2024-12-21T06:41:03.467+0000] {logging_mixin.py:190} INFO - [2024-12-21T06:41:03.467+0000] {dag.py:3239} INFO - Sync 1 DAGs
[2024-12-21T06:41:03.490+0000] {logging_mixin.py:190} INFO - [2024-12-21T06:41:03.490+0000] {dag.py:4180} INFO - Setting next_dagrun for example_bash_operator to 2024-12-20 00:00:00+00:00, run_after=2024-12-21 00:00:00+00:00
[2024-12-21T06:41:03.506+0000] {processor.py:208} INFO - Processing /home/airflow/.local/lib/python3.12/site-packages/airflow/example_dags/example_bash_operator.py took 0.084 seconds
[2024-12-21T06:41:33.913+0000] {processor.py:186} INFO - Started process (PID=953) to work on /home/airflow/.local/lib/python3.12/site-packages/airflow/example_dags/example_bash_operator.py
[2024-12-21T06:41:33.914+0000] {processor.py:914} INFO - Processing file /home/airflow/.local/lib/python3.12/site-packages/airflow/example_dags/example_bash_operator.py for tasks to queue
[2024-12-21T06:41:33.916+0000] {logging_mixin.py:190} INFO - [2024-12-21T06:41:33.915+0000] {dagbag.py:588} INFO - Filling up the DagBag from /home/airflow/.local/lib/python3.12/site-packages/airflow/example_dags/example_bash_operator.py
[2024-12-21T06:41:33.926+0000] {processor.py:925} INFO - DAG(s) 'example_bash_operator' retrieved from /home/airflow/.local/lib/python3.12/site-packages/airflow/example_dags/example_bash_operator.py
[2024-12-21T06:41:33.947+0000] {logging_mixin.py:190} INFO - [2024-12-21T06:41:33.947+0000] {dag.py:3239} INFO - Sync 1 DAGs
[2024-12-21T06:41:33.969+0000] {logging_mixin.py:190} INFO - [2024-12-21T06:41:33.968+0000] {dag.py:4180} INFO - Setting next_dagrun for example_bash_operator to 2024-12-20 00:00:00+00:00, run_after=2024-12-21 00:00:00+00:00
[2024-12-21T06:41:33.983+0000] {processor.py:208} INFO - Processing /home/airflow/.local/lib/python3.12/site-packages/airflow/example_dags/example_bash_operator.py took 0.074 seconds
[2024-12-21T06:42:05.071+0000] {processor.py:186} INFO - Started process (PID=1018) to work on /home/airflow/.local/lib/python3.12/site-packages/airflow/example_dags/example_bash_operator.py
[2024-12-21T06:42:05.072+0000] {processor.py:914} INFO - Processing file /home/airflow/.local/lib/python3.12/site-packages/airflow/example_dags/example_bash_operator.py for tasks to queue
[2024-12-21T06:42:05.073+0000] {logging_mixin.py:190} INFO - [2024-12-21T06:42:05.073+0000] {dagbag.py:588} INFO - Filling up the DagBag from /home/airflow/.local/lib/python3.12/site-packages/airflow/example_dags/example_bash_operator.py
[2024-12-21T06:42:05.084+0000] {processor.py:925} INFO - DAG(s) 'example_bash_operator' retrieved from /home/airflow/.local/lib/python3.12/site-packages/airflow/example_dags/example_bash_operator.py
[2024-12-21T06:42:05.105+0000] {logging_mixin.py:190} INFO - [2024-12-21T06:42:05.105+0000] {dag.py:3239} INFO - Sync 1 DAGs
[2024-12-21T06:42:05.125+0000] {logging_mixin.py:190} INFO - [2024-12-21T06:42:05.125+0000] {dag.py:4180} INFO - Setting next_dagrun for example_bash_operator to 2024-12-20 00:00:00+00:00, run_after=2024-12-21 00:00:00+00:00
[2024-12-21T06:42:05.140+0000] {processor.py:208} INFO - Processing /home/airflow/.local/lib/python3.12/site-packages/airflow/example_dags/example_bash_operator.py took 0.074 seconds
[2024-12-21T06:42:36.846+0000] {processor.py:186} INFO - Started process (PID=1084) to work on /home/airflow/.local/lib/python3.12/site-packages/airflow/example_dags/example_bash_operator.py
[2024-12-21T06:42:36.847+0000] {processor.py:914} INFO - Processing file /home/airflow/.local/lib/python3.12/site-packages/airflow/example_dags/example_bash_operator.py for tasks to queue
[2024-12-21T06:42:36.849+0000] {logging_mixin.py:190} INFO - [2024-12-21T06:42:36.849+0000] {dagbag.py:588} INFO - Filling up the DagBag from /home/airflow/.local/lib/python3.12/site-packages/airflow/example_dags/example_bash_operator.py
[2024-12-21T06:42:36.863+0000] {processor.py:925} INFO - DAG(s) 'example_bash_operator' retrieved from /home/airflow/.local/lib/python3.12/site-packages/airflow/example_dags/example_bash_operator.py
[2024-12-21T06:42:36.890+0000] {logging_mixin.py:190} INFO - [2024-12-21T06:42:36.890+0000] {dag.py:3239} INFO - Sync 1 DAGs
[2024-12-21T06:42:36.915+0000] {logging_mixin.py:190} INFO - [2024-12-21T06:42:36.914+0000] {dag.py:4180} INFO - Setting next_dagrun for example_bash_operator to 2024-12-20 00:00:00+00:00, run_after=2024-12-21 00:00:00+00:00
[2024-12-21T06:42:36.933+0000] {processor.py:208} INFO - Processing /home/airflow/.local/lib/python3.12/site-packages/airflow/example_dags/example_bash_operator.py took 0.092 seconds
[2024-12-21T06:43:08.426+0000] {processor.py:186} INFO - Started process (PID=1149) to work on /home/airflow/.local/lib/python3.12/site-packages/airflow/example_dags/example_bash_operator.py
[2024-12-21T06:43:08.427+0000] {processor.py:914} INFO - Processing file /home/airflow/.local/lib/python3.12/site-packages/airflow/example_dags/example_bash_operator.py for tasks to queue
[2024-12-21T06:43:08.429+0000] {logging_mixin.py:190} INFO - [2024-12-21T06:43:08.428+0000] {dagbag.py:588} INFO - Filling up the DagBag from /home/airflow/.local/lib/python3.12/site-packages/airflow/example_dags/example_bash_operator.py
[2024-12-21T06:43:08.442+0000] {processor.py:925} INFO - DAG(s) 'example_bash_operator' retrieved from /home/airflow/.local/lib/python3.12/site-packages/airflow/example_dags/example_bash_operator.py
[2024-12-21T06:43:08.482+0000] {logging_mixin.py:190} INFO - [2024-12-21T06:43:08.482+0000] {dag.py:3239} INFO - Sync 1 DAGs
[2024-12-21T06:43:08.506+0000] {logging_mixin.py:190} INFO - [2024-12-21T06:43:08.506+0000] {dag.py:4180} INFO - Setting next_dagrun for example_bash_operator to 2024-12-20 00:00:00+00:00, run_after=2024-12-21 00:00:00+00:00
[2024-12-21T06:43:08.522+0000] {processor.py:208} INFO - Processing /home/airflow/.local/lib/python3.12/site-packages/airflow/example_dags/example_bash_operator.py took 0.101 seconds
[2024-12-21T06:43:38.607+0000] {processor.py:186} INFO - Started process (PID=1214) to work on /home/airflow/.local/lib/python3.12/site-packages/airflow/example_dags/example_bash_operator.py
[2024-12-21T06:43:38.608+0000] {processor.py:914} INFO - Processing file /home/airflow/.local/lib/python3.12/site-packages/airflow/example_dags/example_bash_operator.py for tasks to queue
[2024-12-21T06:43:38.610+0000] {logging_mixin.py:190} INFO - [2024-12-21T06:43:38.609+0000] {dagbag.py:588} INFO - Filling up the DagBag from /home/airflow/.local/lib/python3.12/site-packages/airflow/example_dags/example_bash_operator.py
[2024-12-21T06:43:38.628+0000] {processor.py:925} INFO - DAG(s) 'example_bash_operator' retrieved from /home/airflow/.local/lib/python3.12/site-packages/airflow/example_dags/example_bash_operator.py
[2024-12-21T06:43:38.660+0000] {logging_mixin.py:190} INFO - [2024-12-21T06:43:38.660+0000] {dag.py:3239} INFO - Sync 1 DAGs
[2024-12-21T06:43:38.683+0000] {logging_mixin.py:190} INFO - [2024-12-21T06:43:38.682+0000] {dag.py:4180} INFO - Setting next_dagrun for example_bash_operator to 2024-12-20 00:00:00+00:00, run_after=2024-12-21 00:00:00+00:00
[2024-12-21T06:43:38.698+0000] {processor.py:208} INFO - Processing /home/airflow/.local/lib/python3.12/site-packages/airflow/example_dags/example_bash_operator.py took 0.097 seconds
[2024-12-21T06:44:09.369+0000] {processor.py:186} INFO - Started process (PID=1279) to work on /home/airflow/.local/lib/python3.12/site-packages/airflow/example_dags/example_bash_operator.py
[2024-12-21T06:44:09.370+0000] {processor.py:914} INFO - Processing file /home/airflow/.local/lib/python3.12/site-packages/airflow/example_dags/example_bash_operator.py for tasks to queue
[2024-12-21T06:44:09.371+0000] {logging_mixin.py:190} INFO - [2024-12-21T06:44:09.371+0000] {dagbag.py:588} INFO - Filling up the DagBag from /home/airflow/.local/lib/python3.12/site-packages/airflow/example_dags/example_bash_operator.py
[2024-12-21T06:44:09.384+0000] {processor.py:925} INFO - DAG(s) 'example_bash_operator' retrieved from /home/airflow/.local/lib/python3.12/site-packages/airflow/example_dags/example_bash_operator.py
[2024-12-21T06:44:09.412+0000] {logging_mixin.py:190} INFO - [2024-12-21T06:44:09.412+0000] {dag.py:3239} INFO - Sync 1 DAGs
[2024-12-21T06:44:09.435+0000] {logging_mixin.py:190} INFO - [2024-12-21T06:44:09.435+0000] {dag.py:4180} INFO - Setting next_dagrun for example_bash_operator to 2024-12-20 00:00:00+00:00, run_after=2024-12-21 00:00:00+00:00
[2024-12-21T06:44:09.449+0000] {processor.py:208} INFO - Processing /home/airflow/.local/lib/python3.12/site-packages/airflow/example_dags/example_bash_operator.py took 0.085 seconds
[2024-12-21T06:45:47.314+0000] {processor.py:186} INFO - Started process (PID=118) to work on /home/airflow/.local/lib/python3.12/site-packages/airflow/example_dags/example_bash_operator.py
[2024-12-21T06:45:47.315+0000] {processor.py:914} INFO - Processing file /home/airflow/.local/lib/python3.12/site-packages/airflow/example_dags/example_bash_operator.py for tasks to queue
[2024-12-21T06:45:47.318+0000] {logging_mixin.py:190} INFO - [2024-12-21T06:45:47.317+0000] {dagbag.py:588} INFO - Filling up the DagBag from /home/airflow/.local/lib/python3.12/site-packages/airflow/example_dags/example_bash_operator.py
[2024-12-21T06:45:47.333+0000] {processor.py:925} INFO - DAG(s) 'example_bash_operator' retrieved from /home/airflow/.local/lib/python3.12/site-packages/airflow/example_dags/example_bash_operator.py
[2024-12-21T06:45:47.369+0000] {logging_mixin.py:190} INFO - [2024-12-21T06:45:47.369+0000] {dag.py:3239} INFO - Sync 1 DAGs
[2024-12-21T06:45:47.403+0000] {logging_mixin.py:190} INFO - [2024-12-21T06:45:47.403+0000] {dag.py:4180} INFO - Setting next_dagrun for example_bash_operator to 2024-12-20 00:00:00+00:00, run_after=2024-12-21 00:00:00+00:00
[2024-12-21T06:45:47.424+0000] {processor.py:208} INFO - Processing /home/airflow/.local/lib/python3.12/site-packages/airflow/example_dags/example_bash_operator.py took 0.117 seconds
[2024-12-21T06:46:17.476+0000] {processor.py:186} INFO - Started process (PID=183) to work on /home/airflow/.local/lib/python3.12/site-packages/airflow/example_dags/example_bash_operator.py
[2024-12-21T06:46:17.477+0000] {processor.py:914} INFO - Processing file /home/airflow/.local/lib/python3.12/site-packages/airflow/example_dags/example_bash_operator.py for tasks to queue
[2024-12-21T06:46:17.480+0000] {logging_mixin.py:190} INFO - [2024-12-21T06:46:17.480+0000] {dagbag.py:588} INFO - Filling up the DagBag from /home/airflow/.local/lib/python3.12/site-packages/airflow/example_dags/example_bash_operator.py
[2024-12-21T06:46:17.499+0000] {processor.py:925} INFO - DAG(s) 'example_bash_operator' retrieved from /home/airflow/.local/lib/python3.12/site-packages/airflow/example_dags/example_bash_operator.py
[2024-12-21T06:46:17.542+0000] {logging_mixin.py:190} INFO - [2024-12-21T06:46:17.542+0000] {dag.py:3239} INFO - Sync 1 DAGs
[2024-12-21T06:46:17.571+0000] {logging_mixin.py:190} INFO - [2024-12-21T06:46:17.570+0000] {dag.py:4180} INFO - Setting next_dagrun for example_bash_operator to 2024-12-20 00:00:00+00:00, run_after=2024-12-21 00:00:00+00:00
[2024-12-21T06:46:17.589+0000] {processor.py:208} INFO - Processing /home/airflow/.local/lib/python3.12/site-packages/airflow/example_dags/example_bash_operator.py took 0.121 seconds
[2024-12-21T06:46:48.043+0000] {processor.py:186} INFO - Started process (PID=247) to work on /home/airflow/.local/lib/python3.12/site-packages/airflow/example_dags/example_bash_operator.py
[2024-12-21T06:46:48.044+0000] {processor.py:914} INFO - Processing file /home/airflow/.local/lib/python3.12/site-packages/airflow/example_dags/example_bash_operator.py for tasks to queue
[2024-12-21T06:46:48.046+0000] {logging_mixin.py:190} INFO - [2024-12-21T06:46:48.045+0000] {dagbag.py:588} INFO - Filling up the DagBag from /home/airflow/.local/lib/python3.12/site-packages/airflow/example_dags/example_bash_operator.py
[2024-12-21T06:46:48.058+0000] {processor.py:925} INFO - DAG(s) 'example_bash_operator' retrieved from /home/airflow/.local/lib/python3.12/site-packages/airflow/example_dags/example_bash_operator.py
[2024-12-21T06:46:48.083+0000] {logging_mixin.py:190} INFO - [2024-12-21T06:46:48.083+0000] {dag.py:3239} INFO - Sync 1 DAGs
[2024-12-21T06:46:48.107+0000] {logging_mixin.py:190} INFO - [2024-12-21T06:46:48.107+0000] {dag.py:4180} INFO - Setting next_dagrun for example_bash_operator to 2024-12-20 00:00:00+00:00, run_after=2024-12-21 00:00:00+00:00
[2024-12-21T06:46:48.124+0000] {processor.py:208} INFO - Processing /home/airflow/.local/lib/python3.12/site-packages/airflow/example_dags/example_bash_operator.py took 0.086 seconds
[2024-12-21T06:47:18.958+0000] {processor.py:186} INFO - Started process (PID=312) to work on /home/airflow/.local/lib/python3.12/site-packages/airflow/example_dags/example_bash_operator.py
[2024-12-21T06:47:18.959+0000] {processor.py:914} INFO - Processing file /home/airflow/.local/lib/python3.12/site-packages/airflow/example_dags/example_bash_operator.py for tasks to queue
[2024-12-21T06:47:18.961+0000] {logging_mixin.py:190} INFO - [2024-12-21T06:47:18.960+0000] {dagbag.py:588} INFO - Filling up the DagBag from /home/airflow/.local/lib/python3.12/site-packages/airflow/example_dags/example_bash_operator.py
[2024-12-21T06:47:18.975+0000] {processor.py:925} INFO - DAG(s) 'example_bash_operator' retrieved from /home/airflow/.local/lib/python3.12/site-packages/airflow/example_dags/example_bash_operator.py
[2024-12-21T06:47:19.000+0000] {logging_mixin.py:190} INFO - [2024-12-21T06:47:19.000+0000] {dag.py:3239} INFO - Sync 1 DAGs
[2024-12-21T06:47:19.024+0000] {logging_mixin.py:190} INFO - [2024-12-21T06:47:19.024+0000] {dag.py:4180} INFO - Setting next_dagrun for example_bash_operator to 2024-12-20 00:00:00+00:00, run_after=2024-12-21 00:00:00+00:00
[2024-12-21T06:47:19.039+0000] {processor.py:208} INFO - Processing /home/airflow/.local/lib/python3.12/site-packages/airflow/example_dags/example_bash_operator.py took 0.088 seconds
[2024-12-21T06:47:49.775+0000] {processor.py:186} INFO - Started process (PID=377) to work on /home/airflow/.local/lib/python3.12/site-packages/airflow/example_dags/example_bash_operator.py
[2024-12-21T06:47:49.776+0000] {processor.py:914} INFO - Processing file /home/airflow/.local/lib/python3.12/site-packages/airflow/example_dags/example_bash_operator.py for tasks to queue
[2024-12-21T06:47:49.777+0000] {logging_mixin.py:190} INFO - [2024-12-21T06:47:49.777+0000] {dagbag.py:588} INFO - Filling up the DagBag from /home/airflow/.local/lib/python3.12/site-packages/airflow/example_dags/example_bash_operator.py
[2024-12-21T06:47:49.792+0000] {processor.py:925} INFO - DAG(s) 'example_bash_operator' retrieved from /home/airflow/.local/lib/python3.12/site-packages/airflow/example_dags/example_bash_operator.py
[2024-12-21T06:47:49.822+0000] {logging_mixin.py:190} INFO - [2024-12-21T06:47:49.822+0000] {dag.py:3239} INFO - Sync 1 DAGs
[2024-12-21T06:47:49.849+0000] {logging_mixin.py:190} INFO - [2024-12-21T06:47:49.849+0000] {dag.py:4180} INFO - Setting next_dagrun for example_bash_operator to 2024-12-20 00:00:00+00:00, run_after=2024-12-21 00:00:00+00:00
[2024-12-21T06:47:49.870+0000] {processor.py:208} INFO - Processing /home/airflow/.local/lib/python3.12/site-packages/airflow/example_dags/example_bash_operator.py took 0.100 seconds
[2024-12-21T06:48:20.424+0000] {processor.py:186} INFO - Started process (PID=442) to work on /home/airflow/.local/lib/python3.12/site-packages/airflow/example_dags/example_bash_operator.py
[2024-12-21T06:48:20.425+0000] {processor.py:914} INFO - Processing file /home/airflow/.local/lib/python3.12/site-packages/airflow/example_dags/example_bash_operator.py for tasks to queue
[2024-12-21T06:48:20.427+0000] {logging_mixin.py:190} INFO - [2024-12-21T06:48:20.427+0000] {dagbag.py:588} INFO - Filling up the DagBag from /home/airflow/.local/lib/python3.12/site-packages/airflow/example_dags/example_bash_operator.py
[2024-12-21T06:48:20.438+0000] {processor.py:925} INFO - DAG(s) 'example_bash_operator' retrieved from /home/airflow/.local/lib/python3.12/site-packages/airflow/example_dags/example_bash_operator.py
[2024-12-21T06:48:20.460+0000] {logging_mixin.py:190} INFO - [2024-12-21T06:48:20.459+0000] {dag.py:3239} INFO - Sync 1 DAGs
[2024-12-21T06:48:20.479+0000] {logging_mixin.py:190} INFO - [2024-12-21T06:48:20.479+0000] {dag.py:4180} INFO - Setting next_dagrun for example_bash_operator to 2024-12-20 00:00:00+00:00, run_after=2024-12-21 00:00:00+00:00
[2024-12-21T06:48:20.493+0000] {processor.py:208} INFO - Processing /home/airflow/.local/lib/python3.12/site-packages/airflow/example_dags/example_bash_operator.py took 0.073 seconds
[2024-12-21T06:48:51.446+0000] {processor.py:186} INFO - Started process (PID=506) to work on /home/airflow/.local/lib/python3.12/site-packages/airflow/example_dags/example_bash_operator.py
[2024-12-21T06:48:51.446+0000] {processor.py:914} INFO - Processing file /home/airflow/.local/lib/python3.12/site-packages/airflow/example_dags/example_bash_operator.py for tasks to queue
[2024-12-21T06:48:51.448+0000] {logging_mixin.py:190} INFO - [2024-12-21T06:48:51.448+0000] {dagbag.py:588} INFO - Filling up the DagBag from /home/airflow/.local/lib/python3.12/site-packages/airflow/example_dags/example_bash_operator.py
[2024-12-21T06:48:51.460+0000] {processor.py:925} INFO - DAG(s) 'example_bash_operator' retrieved from /home/airflow/.local/lib/python3.12/site-packages/airflow/example_dags/example_bash_operator.py
[2024-12-21T06:48:51.487+0000] {logging_mixin.py:190} INFO - [2024-12-21T06:48:51.486+0000] {dag.py:3239} INFO - Sync 1 DAGs
[2024-12-21T06:48:51.509+0000] {logging_mixin.py:190} INFO - [2024-12-21T06:48:51.509+0000] {dag.py:4180} INFO - Setting next_dagrun for example_bash_operator to 2024-12-20 00:00:00+00:00, run_after=2024-12-21 00:00:00+00:00
[2024-12-21T06:48:51.525+0000] {processor.py:208} INFO - Processing /home/airflow/.local/lib/python3.12/site-packages/airflow/example_dags/example_bash_operator.py took 0.084 seconds
[2024-12-21T06:49:22.385+0000] {processor.py:186} INFO - Started process (PID=570) to work on /home/airflow/.local/lib/python3.12/site-packages/airflow/example_dags/example_bash_operator.py
[2024-12-21T06:49:22.386+0000] {processor.py:914} INFO - Processing file /home/airflow/.local/lib/python3.12/site-packages/airflow/example_dags/example_bash_operator.py for tasks to queue
[2024-12-21T06:49:22.388+0000] {logging_mixin.py:190} INFO - [2024-12-21T06:49:22.388+0000] {dagbag.py:588} INFO - Filling up the DagBag from /home/airflow/.local/lib/python3.12/site-packages/airflow/example_dags/example_bash_operator.py
[2024-12-21T06:49:22.400+0000] {processor.py:925} INFO - DAG(s) 'example_bash_operator' retrieved from /home/airflow/.local/lib/python3.12/site-packages/airflow/example_dags/example_bash_operator.py
[2024-12-21T06:49:22.427+0000] {logging_mixin.py:190} INFO - [2024-12-21T06:49:22.427+0000] {dag.py:3239} INFO - Sync 1 DAGs
[2024-12-21T06:49:22.453+0000] {logging_mixin.py:190} INFO - [2024-12-21T06:49:22.452+0000] {dag.py:4180} INFO - Setting next_dagrun for example_bash_operator to 2024-12-20 00:00:00+00:00, run_after=2024-12-21 00:00:00+00:00
[2024-12-21T06:49:22.469+0000] {processor.py:208} INFO - Processing /home/airflow/.local/lib/python3.12/site-packages/airflow/example_dags/example_bash_operator.py took 0.090 seconds
[2024-12-21T06:49:53.031+0000] {processor.py:186} INFO - Started process (PID=635) to work on /home/airflow/.local/lib/python3.12/site-packages/airflow/example_dags/example_bash_operator.py
[2024-12-21T06:49:53.032+0000] {processor.py:914} INFO - Processing file /home/airflow/.local/lib/python3.12/site-packages/airflow/example_dags/example_bash_operator.py for tasks to queue
[2024-12-21T06:49:53.033+0000] {logging_mixin.py:190} INFO - [2024-12-21T06:49:53.033+0000] {dagbag.py:588} INFO - Filling up the DagBag from /home/airflow/.local/lib/python3.12/site-packages/airflow/example_dags/example_bash_operator.py
[2024-12-21T06:49:53.044+0000] {processor.py:925} INFO - DAG(s) 'example_bash_operator' retrieved from /home/airflow/.local/lib/python3.12/site-packages/airflow/example_dags/example_bash_operator.py
[2024-12-21T06:49:53.067+0000] {logging_mixin.py:190} INFO - [2024-12-21T06:49:53.067+0000] {dag.py:3239} INFO - Sync 1 DAGs
[2024-12-21T06:49:53.088+0000] {logging_mixin.py:190} INFO - [2024-12-21T06:49:53.087+0000] {dag.py:4180} INFO - Setting next_dagrun for example_bash_operator to 2024-12-20 00:00:00+00:00, run_after=2024-12-21 00:00:00+00:00
[2024-12-21T06:49:53.103+0000] {processor.py:208} INFO - Processing /home/airflow/.local/lib/python3.12/site-packages/airflow/example_dags/example_bash_operator.py took 0.077 seconds
[2024-12-21T06:50:23.947+0000] {processor.py:186} INFO - Started process (PID=700) to work on /home/airflow/.local/lib/python3.12/site-packages/airflow/example_dags/example_bash_operator.py
[2024-12-21T06:50:23.948+0000] {processor.py:914} INFO - Processing file /home/airflow/.local/lib/python3.12/site-packages/airflow/example_dags/example_bash_operator.py for tasks to queue
[2024-12-21T06:50:23.950+0000] {logging_mixin.py:190} INFO - [2024-12-21T06:50:23.949+0000] {dagbag.py:588} INFO - Filling up the DagBag from /home/airflow/.local/lib/python3.12/site-packages/airflow/example_dags/example_bash_operator.py
[2024-12-21T06:50:23.960+0000] {processor.py:925} INFO - DAG(s) 'example_bash_operator' retrieved from /home/airflow/.local/lib/python3.12/site-packages/airflow/example_dags/example_bash_operator.py
[2024-12-21T06:50:23.981+0000] {logging_mixin.py:190} INFO - [2024-12-21T06:50:23.981+0000] {dag.py:3239} INFO - Sync 1 DAGs
[2024-12-21T06:50:23.999+0000] {logging_mixin.py:190} INFO - [2024-12-21T06:50:23.999+0000] {dag.py:4180} INFO - Setting next_dagrun for example_bash_operator to 2024-12-20 00:00:00+00:00, run_after=2024-12-21 00:00:00+00:00
[2024-12-21T06:50:24.013+0000] {processor.py:208} INFO - Processing /home/airflow/.local/lib/python3.12/site-packages/airflow/example_dags/example_bash_operator.py took 0.070 seconds
[2024-12-21T06:50:55.276+0000] {processor.py:186} INFO - Started process (PID=765) to work on /home/airflow/.local/lib/python3.12/site-packages/airflow/example_dags/example_bash_operator.py
[2024-12-21T06:50:55.276+0000] {processor.py:914} INFO - Processing file /home/airflow/.local/lib/python3.12/site-packages/airflow/example_dags/example_bash_operator.py for tasks to queue
[2024-12-21T06:50:55.278+0000] {logging_mixin.py:190} INFO - [2024-12-21T06:50:55.278+0000] {dagbag.py:588} INFO - Filling up the DagBag from /home/airflow/.local/lib/python3.12/site-packages/airflow/example_dags/example_bash_operator.py
[2024-12-21T06:50:55.289+0000] {processor.py:925} INFO - DAG(s) 'example_bash_operator' retrieved from /home/airflow/.local/lib/python3.12/site-packages/airflow/example_dags/example_bash_operator.py
[2024-12-21T06:50:55.311+0000] {logging_mixin.py:190} INFO - [2024-12-21T06:50:55.311+0000] {dag.py:3239} INFO - Sync 1 DAGs
[2024-12-21T06:50:55.332+0000] {logging_mixin.py:190} INFO - [2024-12-21T06:50:55.332+0000] {dag.py:4180} INFO - Setting next_dagrun for example_bash_operator to 2024-12-20 00:00:00+00:00, run_after=2024-12-21 00:00:00+00:00
[2024-12-21T06:50:55.346+0000] {processor.py:208} INFO - Processing /home/airflow/.local/lib/python3.12/site-packages/airflow/example_dags/example_bash_operator.py took 0.075 seconds
[2024-12-21T06:51:26.290+0000] {processor.py:186} INFO - Started process (PID=830) to work on /home/airflow/.local/lib/python3.12/site-packages/airflow/example_dags/example_bash_operator.py
[2024-12-21T06:51:26.291+0000] {processor.py:914} INFO - Processing file /home/airflow/.local/lib/python3.12/site-packages/airflow/example_dags/example_bash_operator.py for tasks to queue
[2024-12-21T06:51:26.293+0000] {logging_mixin.py:190} INFO - [2024-12-21T06:51:26.293+0000] {dagbag.py:588} INFO - Filling up the DagBag from /home/airflow/.local/lib/python3.12/site-packages/airflow/example_dags/example_bash_operator.py
[2024-12-21T06:51:26.307+0000] {processor.py:925} INFO - DAG(s) 'example_bash_operator' retrieved from /home/airflow/.local/lib/python3.12/site-packages/airflow/example_dags/example_bash_operator.py
[2024-12-21T06:51:26.334+0000] {logging_mixin.py:190} INFO - [2024-12-21T06:51:26.334+0000] {dag.py:3239} INFO - Sync 1 DAGs
[2024-12-21T06:51:26.360+0000] {logging_mixin.py:190} INFO - [2024-12-21T06:51:26.360+0000] {dag.py:4180} INFO - Setting next_dagrun for example_bash_operator to 2024-12-20 00:00:00+00:00, run_after=2024-12-21 00:00:00+00:00
[2024-12-21T06:51:26.377+0000] {processor.py:208} INFO - Processing /home/airflow/.local/lib/python3.12/site-packages/airflow/example_dags/example_bash_operator.py took 0.093 seconds
[2024-12-21T06:51:57.020+0000] {processor.py:186} INFO - Started process (PID=895) to work on /home/airflow/.local/lib/python3.12/site-packages/airflow/example_dags/example_bash_operator.py
[2024-12-21T06:51:57.020+0000] {processor.py:914} INFO - Processing file /home/airflow/.local/lib/python3.12/site-packages/airflow/example_dags/example_bash_operator.py for tasks to queue
[2024-12-21T06:51:57.022+0000] {logging_mixin.py:190} INFO - [2024-12-21T06:51:57.022+0000] {dagbag.py:588} INFO - Filling up the DagBag from /home/airflow/.local/lib/python3.12/site-packages/airflow/example_dags/example_bash_operator.py
[2024-12-21T06:51:57.033+0000] {processor.py:925} INFO - DAG(s) 'example_bash_operator' retrieved from /home/airflow/.local/lib/python3.12/site-packages/airflow/example_dags/example_bash_operator.py
[2024-12-21T06:51:57.055+0000] {logging_mixin.py:190} INFO - [2024-12-21T06:51:57.055+0000] {dag.py:3239} INFO - Sync 1 DAGs
[2024-12-21T06:51:57.075+0000] {logging_mixin.py:190} INFO - [2024-12-21T06:51:57.075+0000] {dag.py:4180} INFO - Setting next_dagrun for example_bash_operator to 2024-12-20 00:00:00+00:00, run_after=2024-12-21 00:00:00+00:00
[2024-12-21T06:51:57.089+0000] {processor.py:208} INFO - Processing /home/airflow/.local/lib/python3.12/site-packages/airflow/example_dags/example_bash_operator.py took 0.074 seconds
[2024-12-21T06:52:28.527+0000] {processor.py:186} INFO - Started process (PID=960) to work on /home/airflow/.local/lib/python3.12/site-packages/airflow/example_dags/example_bash_operator.py
[2024-12-21T06:52:28.528+0000] {processor.py:914} INFO - Processing file /home/airflow/.local/lib/python3.12/site-packages/airflow/example_dags/example_bash_operator.py for tasks to queue
[2024-12-21T06:52:28.531+0000] {logging_mixin.py:190} INFO - [2024-12-21T06:52:28.530+0000] {dagbag.py:588} INFO - Filling up the DagBag from /home/airflow/.local/lib/python3.12/site-packages/airflow/example_dags/example_bash_operator.py
[2024-12-21T06:52:28.548+0000] {processor.py:925} INFO - DAG(s) 'example_bash_operator' retrieved from /home/airflow/.local/lib/python3.12/site-packages/airflow/example_dags/example_bash_operator.py
[2024-12-21T06:52:28.577+0000] {logging_mixin.py:190} INFO - [2024-12-21T06:52:28.577+0000] {dag.py:3239} INFO - Sync 1 DAGs
[2024-12-21T06:52:28.599+0000] {logging_mixin.py:190} INFO - [2024-12-21T06:52:28.599+0000] {dag.py:4180} INFO - Setting next_dagrun for example_bash_operator to 2024-12-20 00:00:00+00:00, run_after=2024-12-21 00:00:00+00:00
[2024-12-21T06:52:28.614+0000] {processor.py:208} INFO - Processing /home/airflow/.local/lib/python3.12/site-packages/airflow/example_dags/example_bash_operator.py took 0.094 seconds
[2024-12-21T06:52:59.643+0000] {processor.py:186} INFO - Started process (PID=1025) to work on /home/airflow/.local/lib/python3.12/site-packages/airflow/example_dags/example_bash_operator.py
[2024-12-21T06:52:59.644+0000] {processor.py:914} INFO - Processing file /home/airflow/.local/lib/python3.12/site-packages/airflow/example_dags/example_bash_operator.py for tasks to queue
[2024-12-21T06:52:59.646+0000] {logging_mixin.py:190} INFO - [2024-12-21T06:52:59.646+0000] {dagbag.py:588} INFO - Filling up the DagBag from /home/airflow/.local/lib/python3.12/site-packages/airflow/example_dags/example_bash_operator.py
[2024-12-21T06:52:59.657+0000] {processor.py:925} INFO - DAG(s) 'example_bash_operator' retrieved from /home/airflow/.local/lib/python3.12/site-packages/airflow/example_dags/example_bash_operator.py
[2024-12-21T06:52:59.682+0000] {logging_mixin.py:190} INFO - [2024-12-21T06:52:59.682+0000] {dag.py:3239} INFO - Sync 1 DAGs
[2024-12-21T06:52:59.703+0000] {logging_mixin.py:190} INFO - [2024-12-21T06:52:59.703+0000] {dag.py:4180} INFO - Setting next_dagrun for example_bash_operator to 2024-12-20 00:00:00+00:00, run_after=2024-12-21 00:00:00+00:00
[2024-12-21T06:52:59.718+0000] {processor.py:208} INFO - Processing /home/airflow/.local/lib/python3.12/site-packages/airflow/example_dags/example_bash_operator.py took 0.079 seconds
[2024-12-21T06:53:30.996+0000] {processor.py:186} INFO - Started process (PID=1090) to work on /home/airflow/.local/lib/python3.12/site-packages/airflow/example_dags/example_bash_operator.py
[2024-12-21T06:53:30.997+0000] {processor.py:914} INFO - Processing file /home/airflow/.local/lib/python3.12/site-packages/airflow/example_dags/example_bash_operator.py for tasks to queue
[2024-12-21T06:53:30.999+0000] {logging_mixin.py:190} INFO - [2024-12-21T06:53:30.998+0000] {dagbag.py:588} INFO - Filling up the DagBag from /home/airflow/.local/lib/python3.12/site-packages/airflow/example_dags/example_bash_operator.py
[2024-12-21T06:53:31.012+0000] {processor.py:925} INFO - DAG(s) 'example_bash_operator' retrieved from /home/airflow/.local/lib/python3.12/site-packages/airflow/example_dags/example_bash_operator.py
[2024-12-21T06:53:31.039+0000] {logging_mixin.py:190} INFO - [2024-12-21T06:53:31.039+0000] {dag.py:3239} INFO - Sync 1 DAGs
[2024-12-21T06:53:31.062+0000] {logging_mixin.py:190} INFO - [2024-12-21T06:53:31.062+0000] {dag.py:4180} INFO - Setting next_dagrun for example_bash_operator to 2024-12-20 00:00:00+00:00, run_after=2024-12-21 00:00:00+00:00
[2024-12-21T06:53:31.078+0000] {processor.py:208} INFO - Processing /home/airflow/.local/lib/python3.12/site-packages/airflow/example_dags/example_bash_operator.py took 0.088 seconds
[2024-12-21T06:54:01.901+0000] {processor.py:186} INFO - Started process (PID=1155) to work on /home/airflow/.local/lib/python3.12/site-packages/airflow/example_dags/example_bash_operator.py
[2024-12-21T06:54:01.902+0000] {processor.py:914} INFO - Processing file /home/airflow/.local/lib/python3.12/site-packages/airflow/example_dags/example_bash_operator.py for tasks to queue
[2024-12-21T06:54:01.903+0000] {logging_mixin.py:190} INFO - [2024-12-21T06:54:01.903+0000] {dagbag.py:588} INFO - Filling up the DagBag from /home/airflow/.local/lib/python3.12/site-packages/airflow/example_dags/example_bash_operator.py
[2024-12-21T06:54:01.914+0000] {processor.py:925} INFO - DAG(s) 'example_bash_operator' retrieved from /home/airflow/.local/lib/python3.12/site-packages/airflow/example_dags/example_bash_operator.py
[2024-12-21T06:54:01.939+0000] {logging_mixin.py:190} INFO - [2024-12-21T06:54:01.939+0000] {dag.py:3239} INFO - Sync 1 DAGs
[2024-12-21T06:54:01.961+0000] {logging_mixin.py:190} INFO - [2024-12-21T06:54:01.960+0000] {dag.py:4180} INFO - Setting next_dagrun for example_bash_operator to 2024-12-20 00:00:00+00:00, run_after=2024-12-21 00:00:00+00:00
[2024-12-21T06:54:01.975+0000] {processor.py:208} INFO - Processing /home/airflow/.local/lib/python3.12/site-packages/airflow/example_dags/example_bash_operator.py took 0.079 seconds
[2024-12-21T06:54:32.618+0000] {processor.py:186} INFO - Started process (PID=1220) to work on /home/airflow/.local/lib/python3.12/site-packages/airflow/example_dags/example_bash_operator.py
[2024-12-21T06:54:32.619+0000] {processor.py:914} INFO - Processing file /home/airflow/.local/lib/python3.12/site-packages/airflow/example_dags/example_bash_operator.py for tasks to queue
[2024-12-21T06:54:32.621+0000] {logging_mixin.py:190} INFO - [2024-12-21T06:54:32.620+0000] {dagbag.py:588} INFO - Filling up the DagBag from /home/airflow/.local/lib/python3.12/site-packages/airflow/example_dags/example_bash_operator.py
[2024-12-21T06:54:32.633+0000] {processor.py:925} INFO - DAG(s) 'example_bash_operator' retrieved from /home/airflow/.local/lib/python3.12/site-packages/airflow/example_dags/example_bash_operator.py
[2024-12-21T06:54:32.657+0000] {logging_mixin.py:190} INFO - [2024-12-21T06:54:32.657+0000] {dag.py:3239} INFO - Sync 1 DAGs
[2024-12-21T06:54:32.679+0000] {logging_mixin.py:190} INFO - [2024-12-21T06:54:32.679+0000] {dag.py:4180} INFO - Setting next_dagrun for example_bash_operator to 2024-12-20 00:00:00+00:00, run_after=2024-12-21 00:00:00+00:00
[2024-12-21T06:54:32.694+0000] {processor.py:208} INFO - Processing /home/airflow/.local/lib/python3.12/site-packages/airflow/example_dags/example_bash_operator.py took 0.081 seconds
[2024-12-21T06:55:04.611+0000] {processor.py:186} INFO - Started process (PID=1285) to work on /home/airflow/.local/lib/python3.12/site-packages/airflow/example_dags/example_bash_operator.py
[2024-12-21T06:55:04.611+0000] {processor.py:914} INFO - Processing file /home/airflow/.local/lib/python3.12/site-packages/airflow/example_dags/example_bash_operator.py for tasks to queue
[2024-12-21T06:55:04.613+0000] {logging_mixin.py:190} INFO - [2024-12-21T06:55:04.613+0000] {dagbag.py:588} INFO - Filling up the DagBag from /home/airflow/.local/lib/python3.12/site-packages/airflow/example_dags/example_bash_operator.py
[2024-12-21T06:55:04.623+0000] {processor.py:925} INFO - DAG(s) 'example_bash_operator' retrieved from /home/airflow/.local/lib/python3.12/site-packages/airflow/example_dags/example_bash_operator.py
[2024-12-21T06:55:04.648+0000] {logging_mixin.py:190} INFO - [2024-12-21T06:55:04.647+0000] {dag.py:3239} INFO - Sync 1 DAGs
[2024-12-21T06:55:04.667+0000] {logging_mixin.py:190} INFO - [2024-12-21T06:55:04.667+0000] {dag.py:4180} INFO - Setting next_dagrun for example_bash_operator to 2024-12-20 00:00:00+00:00, run_after=2024-12-21 00:00:00+00:00
[2024-12-21T06:55:04.682+0000] {processor.py:208} INFO - Processing /home/airflow/.local/lib/python3.12/site-packages/airflow/example_dags/example_bash_operator.py took 0.076 seconds
[2024-12-21T06:55:35.289+0000] {processor.py:186} INFO - Started process (PID=1350) to work on /home/airflow/.local/lib/python3.12/site-packages/airflow/example_dags/example_bash_operator.py
[2024-12-21T06:55:35.290+0000] {processor.py:914} INFO - Processing file /home/airflow/.local/lib/python3.12/site-packages/airflow/example_dags/example_bash_operator.py for tasks to queue
[2024-12-21T06:55:35.293+0000] {logging_mixin.py:190} INFO - [2024-12-21T06:55:35.292+0000] {dagbag.py:588} INFO - Filling up the DagBag from /home/airflow/.local/lib/python3.12/site-packages/airflow/example_dags/example_bash_operator.py
[2024-12-21T06:55:35.313+0000] {processor.py:925} INFO - DAG(s) 'example_bash_operator' retrieved from /home/airflow/.local/lib/python3.12/site-packages/airflow/example_dags/example_bash_operator.py
[2024-12-21T06:55:35.348+0000] {logging_mixin.py:190} INFO - [2024-12-21T06:55:35.348+0000] {dag.py:3239} INFO - Sync 1 DAGs
[2024-12-21T06:55:35.384+0000] {logging_mixin.py:190} INFO - [2024-12-21T06:55:35.384+0000] {dag.py:4180} INFO - Setting next_dagrun for example_bash_operator to 2024-12-20 00:00:00+00:00, run_after=2024-12-21 00:00:00+00:00
[2024-12-21T06:55:35.403+0000] {processor.py:208} INFO - Processing /home/airflow/.local/lib/python3.12/site-packages/airflow/example_dags/example_bash_operator.py took 0.120 seconds
[2024-12-21T06:56:06.579+0000] {processor.py:186} INFO - Started process (PID=1416) to work on /home/airflow/.local/lib/python3.12/site-packages/airflow/example_dags/example_bash_operator.py
[2024-12-21T06:56:06.580+0000] {processor.py:914} INFO - Processing file /home/airflow/.local/lib/python3.12/site-packages/airflow/example_dags/example_bash_operator.py for tasks to queue
[2024-12-21T06:56:06.582+0000] {logging_mixin.py:190} INFO - [2024-12-21T06:56:06.582+0000] {dagbag.py:588} INFO - Filling up the DagBag from /home/airflow/.local/lib/python3.12/site-packages/airflow/example_dags/example_bash_operator.py
[2024-12-21T06:56:06.596+0000] {processor.py:925} INFO - DAG(s) 'example_bash_operator' retrieved from /home/airflow/.local/lib/python3.12/site-packages/airflow/example_dags/example_bash_operator.py
[2024-12-21T06:56:06.626+0000] {logging_mixin.py:190} INFO - [2024-12-21T06:56:06.626+0000] {dag.py:3239} INFO - Sync 1 DAGs
[2024-12-21T06:56:06.651+0000] {logging_mixin.py:190} INFO - [2024-12-21T06:56:06.651+0000] {dag.py:4180} INFO - Setting next_dagrun for example_bash_operator to 2024-12-20 00:00:00+00:00, run_after=2024-12-21 00:00:00+00:00
[2024-12-21T06:56:06.667+0000] {processor.py:208} INFO - Processing /home/airflow/.local/lib/python3.12/site-packages/airflow/example_dags/example_bash_operator.py took 0.093 seconds
