[2024-12-21T06:26:23.743+0000] {processor.py:186} INFO - Started process (PID=101) to work on /home/airflow/.local/lib/python3.12/site-packages/airflow/example_dags/example_sla_dag.py
[2024-12-21T06:26:23.744+0000] {processor.py:914} INFO - Processing file /home/airflow/.local/lib/python3.12/site-packages/airflow/example_dags/example_sla_dag.py for tasks to queue
[2024-12-21T06:26:23.746+0000] {logging_mixin.py:190} INFO - [2024-12-21T06:26:23.745+0000] {dagbag.py:588} INFO - Filling up the DagBag from /home/airflow/.local/lib/python3.12/site-packages/airflow/example_dags/example_sla_dag.py
[2024-12-21T06:26:23.757+0000] {processor.py:925} INFO - DAG(s) 'example_sla_dag' retrieved from /home/airflow/.local/lib/python3.12/site-packages/airflow/example_dags/example_sla_dag.py
[2024-12-21T06:26:23.871+0000] {logging_mixin.py:190} INFO - [2024-12-21T06:26:23.871+0000] {override.py:1911} INFO - Created Permission View: can read on DAG:example_sla_dag
[2024-12-21T06:26:23.881+0000] {logging_mixin.py:190} INFO - [2024-12-21T06:26:23.880+0000] {override.py:1911} INFO - Created Permission View: can delete on DAG:example_sla_dag
[2024-12-21T06:26:23.887+0000] {logging_mixin.py:190} INFO - [2024-12-21T06:26:23.887+0000] {override.py:1911} INFO - Created Permission View: can edit on DAG:example_sla_dag
[2024-12-21T06:26:23.894+0000] {logging_mixin.py:190} INFO - [2024-12-21T06:26:23.894+0000] {override.py:1911} INFO - Created Permission View: menu access on DAG Run:example_sla_dag
[2024-12-21T06:26:23.901+0000] {logging_mixin.py:190} INFO - [2024-12-21T06:26:23.901+0000] {override.py:1911} INFO - Created Permission View: can read on DAG Run:example_sla_dag
[2024-12-21T06:26:23.908+0000] {logging_mixin.py:190} INFO - [2024-12-21T06:26:23.908+0000] {override.py:1911} INFO - Created Permission View: can create on DAG Run:example_sla_dag
[2024-12-21T06:26:23.915+0000] {logging_mixin.py:190} INFO - [2024-12-21T06:26:23.915+0000] {override.py:1911} INFO - Created Permission View: can delete on DAG Run:example_sla_dag
[2024-12-21T06:26:23.916+0000] {logging_mixin.py:190} INFO - [2024-12-21T06:26:23.916+0000] {dag.py:3239} INFO - Sync 1 DAGs
[2024-12-21T06:26:23.930+0000] {logging_mixin.py:190} INFO - [2024-12-21T06:26:23.930+0000] {dag.py:3262} INFO - Creating ORM DAG for example_sla_dag
[2024-12-21T06:26:23.946+0000] {logging_mixin.py:190} INFO - [2024-12-21T06:26:23.946+0000] {dag.py:4180} INFO - Setting next_dagrun for example_sla_dag to 2024-12-21 06:24:00+00:00, run_after=2024-12-21 06:26:00+00:00
[2024-12-21T06:26:23.960+0000] {processor.py:208} INFO - Processing /home/airflow/.local/lib/python3.12/site-packages/airflow/example_dags/example_sla_dag.py took 0.223 seconds
[2024-12-21T06:26:54.524+0000] {processor.py:186} INFO - Started process (PID=164) to work on /home/airflow/.local/lib/python3.12/site-packages/airflow/example_dags/example_sla_dag.py
[2024-12-21T06:26:54.524+0000] {processor.py:914} INFO - Processing file /home/airflow/.local/lib/python3.12/site-packages/airflow/example_dags/example_sla_dag.py for tasks to queue
[2024-12-21T06:26:54.526+0000] {logging_mixin.py:190} INFO - [2024-12-21T06:26:54.526+0000] {dagbag.py:588} INFO - Filling up the DagBag from /home/airflow/.local/lib/python3.12/site-packages/airflow/example_dags/example_sla_dag.py
[2024-12-21T06:26:54.534+0000] {processor.py:925} INFO - DAG(s) 'example_sla_dag' retrieved from /home/airflow/.local/lib/python3.12/site-packages/airflow/example_dags/example_sla_dag.py
[2024-12-21T06:26:54.549+0000] {logging_mixin.py:190} INFO - [2024-12-21T06:26:54.549+0000] {dag.py:3239} INFO - Sync 1 DAGs
[2024-12-21T06:26:54.571+0000] {logging_mixin.py:190} INFO - [2024-12-21T06:26:54.571+0000] {dag.py:4180} INFO - Setting next_dagrun for example_sla_dag to 2024-12-21 06:24:00+00:00, run_after=2024-12-21 06:26:00+00:00
[2024-12-21T06:26:54.584+0000] {processor.py:208} INFO - Processing /home/airflow/.local/lib/python3.12/site-packages/airflow/example_dags/example_sla_dag.py took 0.065 seconds
[2024-12-21T06:27:25.440+0000] {processor.py:186} INFO - Started process (PID=227) to work on /home/airflow/.local/lib/python3.12/site-packages/airflow/example_dags/example_sla_dag.py
[2024-12-21T06:27:25.441+0000] {processor.py:914} INFO - Processing file /home/airflow/.local/lib/python3.12/site-packages/airflow/example_dags/example_sla_dag.py for tasks to queue
[2024-12-21T06:27:25.442+0000] {logging_mixin.py:190} INFO - [2024-12-21T06:27:25.442+0000] {dagbag.py:588} INFO - Filling up the DagBag from /home/airflow/.local/lib/python3.12/site-packages/airflow/example_dags/example_sla_dag.py
[2024-12-21T06:27:25.452+0000] {processor.py:925} INFO - DAG(s) 'example_sla_dag' retrieved from /home/airflow/.local/lib/python3.12/site-packages/airflow/example_dags/example_sla_dag.py
[2024-12-21T06:27:25.468+0000] {logging_mixin.py:190} INFO - [2024-12-21T06:27:25.468+0000] {dag.py:3239} INFO - Sync 1 DAGs
[2024-12-21T06:27:25.492+0000] {logging_mixin.py:190} INFO - [2024-12-21T06:27:25.492+0000] {dag.py:4180} INFO - Setting next_dagrun for example_sla_dag to 2024-12-21 06:24:00+00:00, run_after=2024-12-21 06:26:00+00:00
[2024-12-21T06:27:25.507+0000] {processor.py:208} INFO - Processing /home/airflow/.local/lib/python3.12/site-packages/airflow/example_dags/example_sla_dag.py took 0.072 seconds
[2024-12-21T06:27:56.409+0000] {processor.py:186} INFO - Started process (PID=290) to work on /home/airflow/.local/lib/python3.12/site-packages/airflow/example_dags/example_sla_dag.py
[2024-12-21T06:27:56.410+0000] {processor.py:914} INFO - Processing file /home/airflow/.local/lib/python3.12/site-packages/airflow/example_dags/example_sla_dag.py for tasks to queue
[2024-12-21T06:27:56.412+0000] {logging_mixin.py:190} INFO - [2024-12-21T06:27:56.412+0000] {dagbag.py:588} INFO - Filling up the DagBag from /home/airflow/.local/lib/python3.12/site-packages/airflow/example_dags/example_sla_dag.py
[2024-12-21T06:27:56.427+0000] {processor.py:925} INFO - DAG(s) 'example_sla_dag' retrieved from /home/airflow/.local/lib/python3.12/site-packages/airflow/example_dags/example_sla_dag.py
[2024-12-21T06:27:56.451+0000] {logging_mixin.py:190} INFO - [2024-12-21T06:27:56.451+0000] {dag.py:3239} INFO - Sync 1 DAGs
[2024-12-21T06:27:56.487+0000] {logging_mixin.py:190} INFO - [2024-12-21T06:27:56.486+0000] {dag.py:4180} INFO - Setting next_dagrun for example_sla_dag to 2024-12-21 06:24:00+00:00, run_after=2024-12-21 06:26:00+00:00
[2024-12-21T06:27:56.507+0000] {processor.py:208} INFO - Processing /home/airflow/.local/lib/python3.12/site-packages/airflow/example_dags/example_sla_dag.py took 0.104 seconds
[2024-12-21T06:28:26.863+0000] {processor.py:186} INFO - Started process (PID=352) to work on /home/airflow/.local/lib/python3.12/site-packages/airflow/example_dags/example_sla_dag.py
[2024-12-21T06:28:26.864+0000] {processor.py:914} INFO - Processing file /home/airflow/.local/lib/python3.12/site-packages/airflow/example_dags/example_sla_dag.py for tasks to queue
[2024-12-21T06:28:26.866+0000] {logging_mixin.py:190} INFO - [2024-12-21T06:28:26.865+0000] {dagbag.py:588} INFO - Filling up the DagBag from /home/airflow/.local/lib/python3.12/site-packages/airflow/example_dags/example_sla_dag.py
[2024-12-21T06:28:26.875+0000] {processor.py:925} INFO - DAG(s) 'example_sla_dag' retrieved from /home/airflow/.local/lib/python3.12/site-packages/airflow/example_dags/example_sla_dag.py
[2024-12-21T06:28:26.892+0000] {logging_mixin.py:190} INFO - [2024-12-21T06:28:26.892+0000] {dag.py:3239} INFO - Sync 1 DAGs
[2024-12-21T06:28:26.915+0000] {logging_mixin.py:190} INFO - [2024-12-21T06:28:26.915+0000] {dag.py:4180} INFO - Setting next_dagrun for example_sla_dag to 2024-12-21 06:26:00+00:00, run_after=2024-12-21 06:28:00+00:00
[2024-12-21T06:28:26.929+0000] {processor.py:208} INFO - Processing /home/airflow/.local/lib/python3.12/site-packages/airflow/example_dags/example_sla_dag.py took 0.071 seconds
[2024-12-21T06:28:58.002+0000] {processor.py:186} INFO - Started process (PID=415) to work on /home/airflow/.local/lib/python3.12/site-packages/airflow/example_dags/example_sla_dag.py
[2024-12-21T06:28:58.002+0000] {processor.py:914} INFO - Processing file /home/airflow/.local/lib/python3.12/site-packages/airflow/example_dags/example_sla_dag.py for tasks to queue
[2024-12-21T06:28:58.004+0000] {logging_mixin.py:190} INFO - [2024-12-21T06:28:58.004+0000] {dagbag.py:588} INFO - Filling up the DagBag from /home/airflow/.local/lib/python3.12/site-packages/airflow/example_dags/example_sla_dag.py
[2024-12-21T06:28:58.013+0000] {processor.py:925} INFO - DAG(s) 'example_sla_dag' retrieved from /home/airflow/.local/lib/python3.12/site-packages/airflow/example_dags/example_sla_dag.py
[2024-12-21T06:28:58.028+0000] {logging_mixin.py:190} INFO - [2024-12-21T06:28:58.028+0000] {dag.py:3239} INFO - Sync 1 DAGs
[2024-12-21T06:28:58.051+0000] {logging_mixin.py:190} INFO - [2024-12-21T06:28:58.051+0000] {dag.py:4180} INFO - Setting next_dagrun for example_sla_dag to 2024-12-21 06:26:00+00:00, run_after=2024-12-21 06:28:00+00:00
[2024-12-21T06:28:58.066+0000] {processor.py:208} INFO - Processing /home/airflow/.local/lib/python3.12/site-packages/airflow/example_dags/example_sla_dag.py took 0.069 seconds
[2024-12-21T06:29:28.736+0000] {processor.py:186} INFO - Started process (PID=478) to work on /home/airflow/.local/lib/python3.12/site-packages/airflow/example_dags/example_sla_dag.py
[2024-12-21T06:29:28.736+0000] {processor.py:914} INFO - Processing file /home/airflow/.local/lib/python3.12/site-packages/airflow/example_dags/example_sla_dag.py for tasks to queue
[2024-12-21T06:29:28.739+0000] {logging_mixin.py:190} INFO - [2024-12-21T06:29:28.738+0000] {dagbag.py:588} INFO - Filling up the DagBag from /home/airflow/.local/lib/python3.12/site-packages/airflow/example_dags/example_sla_dag.py
[2024-12-21T06:29:28.750+0000] {processor.py:925} INFO - DAG(s) 'example_sla_dag' retrieved from /home/airflow/.local/lib/python3.12/site-packages/airflow/example_dags/example_sla_dag.py
[2024-12-21T06:29:28.770+0000] {logging_mixin.py:190} INFO - [2024-12-21T06:29:28.769+0000] {dag.py:3239} INFO - Sync 1 DAGs
[2024-12-21T06:29:28.794+0000] {logging_mixin.py:190} INFO - [2024-12-21T06:29:28.793+0000] {dag.py:4180} INFO - Setting next_dagrun for example_sla_dag to 2024-12-21 06:26:00+00:00, run_after=2024-12-21 06:28:00+00:00
[2024-12-21T06:29:28.811+0000] {processor.py:208} INFO - Processing /home/airflow/.local/lib/python3.12/site-packages/airflow/example_dags/example_sla_dag.py took 0.081 seconds
[2024-12-21T06:30:00.036+0000] {processor.py:186} INFO - Started process (PID=541) to work on /home/airflow/.local/lib/python3.12/site-packages/airflow/example_dags/example_sla_dag.py
[2024-12-21T06:30:00.037+0000] {processor.py:914} INFO - Processing file /home/airflow/.local/lib/python3.12/site-packages/airflow/example_dags/example_sla_dag.py for tasks to queue
[2024-12-21T06:30:00.039+0000] {logging_mixin.py:190} INFO - [2024-12-21T06:30:00.039+0000] {dagbag.py:588} INFO - Filling up the DagBag from /home/airflow/.local/lib/python3.12/site-packages/airflow/example_dags/example_sla_dag.py
[2024-12-21T06:30:00.051+0000] {processor.py:925} INFO - DAG(s) 'example_sla_dag' retrieved from /home/airflow/.local/lib/python3.12/site-packages/airflow/example_dags/example_sla_dag.py
[2024-12-21T06:30:00.070+0000] {logging_mixin.py:190} INFO - [2024-12-21T06:30:00.069+0000] {dag.py:3239} INFO - Sync 1 DAGs
[2024-12-21T06:30:00.100+0000] {logging_mixin.py:190} INFO - [2024-12-21T06:30:00.100+0000] {dag.py:4180} INFO - Setting next_dagrun for example_sla_dag to 2024-12-21 06:28:00+00:00, run_after=2024-12-21 06:30:00+00:00
[2024-12-21T06:30:00.118+0000] {processor.py:208} INFO - Processing /home/airflow/.local/lib/python3.12/site-packages/airflow/example_dags/example_sla_dag.py took 0.089 seconds
[2024-12-21T06:30:31.498+0000] {processor.py:186} INFO - Started process (PID=603) to work on /home/airflow/.local/lib/python3.12/site-packages/airflow/example_dags/example_sla_dag.py
[2024-12-21T06:30:31.499+0000] {processor.py:914} INFO - Processing file /home/airflow/.local/lib/python3.12/site-packages/airflow/example_dags/example_sla_dag.py for tasks to queue
[2024-12-21T06:30:31.501+0000] {logging_mixin.py:190} INFO - [2024-12-21T06:30:31.500+0000] {dagbag.py:588} INFO - Filling up the DagBag from /home/airflow/.local/lib/python3.12/site-packages/airflow/example_dags/example_sla_dag.py
[2024-12-21T06:30:31.509+0000] {processor.py:925} INFO - DAG(s) 'example_sla_dag' retrieved from /home/airflow/.local/lib/python3.12/site-packages/airflow/example_dags/example_sla_dag.py
[2024-12-21T06:30:31.524+0000] {logging_mixin.py:190} INFO - [2024-12-21T06:30:31.524+0000] {dag.py:3239} INFO - Sync 1 DAGs
[2024-12-21T06:30:31.544+0000] {logging_mixin.py:190} INFO - [2024-12-21T06:30:31.544+0000] {dag.py:4180} INFO - Setting next_dagrun for example_sla_dag to 2024-12-21 06:28:00+00:00, run_after=2024-12-21 06:30:00+00:00
[2024-12-21T06:30:31.557+0000] {processor.py:208} INFO - Processing /home/airflow/.local/lib/python3.12/site-packages/airflow/example_dags/example_sla_dag.py took 0.064 seconds
[2024-12-21T06:31:04.465+0000] {processor.py:186} INFO - Started process (PID=668) to work on /home/airflow/.local/lib/python3.12/site-packages/airflow/example_dags/example_sla_dag.py
[2024-12-21T06:31:04.466+0000] {processor.py:914} INFO - Processing file /home/airflow/.local/lib/python3.12/site-packages/airflow/example_dags/example_sla_dag.py for tasks to queue
[2024-12-21T06:31:04.469+0000] {logging_mixin.py:190} INFO - [2024-12-21T06:31:04.468+0000] {dagbag.py:588} INFO - Filling up the DagBag from /home/airflow/.local/lib/python3.12/site-packages/airflow/example_dags/example_sla_dag.py
[2024-12-21T06:31:04.483+0000] {processor.py:925} INFO - DAG(s) 'example_sla_dag' retrieved from /home/airflow/.local/lib/python3.12/site-packages/airflow/example_dags/example_sla_dag.py
[2024-12-21T06:31:04.507+0000] {logging_mixin.py:190} INFO - [2024-12-21T06:31:04.507+0000] {dag.py:3239} INFO - Sync 1 DAGs
[2024-12-21T06:31:04.541+0000] {logging_mixin.py:190} INFO - [2024-12-21T06:31:04.540+0000] {dag.py:4180} INFO - Setting next_dagrun for example_sla_dag to 2024-12-21 06:28:00+00:00, run_after=2024-12-21 06:30:00+00:00
[2024-12-21T06:31:04.563+0000] {processor.py:208} INFO - Processing /home/airflow/.local/lib/python3.12/site-packages/airflow/example_dags/example_sla_dag.py took 0.107 seconds
[2024-12-21T06:31:35.859+0000] {processor.py:186} INFO - Started process (PID=731) to work on /home/airflow/.local/lib/python3.12/site-packages/airflow/example_dags/example_sla_dag.py
[2024-12-21T06:31:35.860+0000] {processor.py:914} INFO - Processing file /home/airflow/.local/lib/python3.12/site-packages/airflow/example_dags/example_sla_dag.py for tasks to queue
[2024-12-21T06:31:35.865+0000] {logging_mixin.py:190} INFO - [2024-12-21T06:31:35.865+0000] {dagbag.py:588} INFO - Filling up the DagBag from /home/airflow/.local/lib/python3.12/site-packages/airflow/example_dags/example_sla_dag.py
[2024-12-21T06:31:35.885+0000] {processor.py:925} INFO - DAG(s) 'example_sla_dag' retrieved from /home/airflow/.local/lib/python3.12/site-packages/airflow/example_dags/example_sla_dag.py
[2024-12-21T06:31:35.910+0000] {logging_mixin.py:190} INFO - [2024-12-21T06:31:35.910+0000] {dag.py:3239} INFO - Sync 1 DAGs
[2024-12-21T06:31:35.951+0000] {logging_mixin.py:190} INFO - [2024-12-21T06:31:35.951+0000] {dag.py:4180} INFO - Setting next_dagrun for example_sla_dag to 2024-12-21 06:28:00+00:00, run_after=2024-12-21 06:30:00+00:00
[2024-12-21T06:31:35.977+0000] {processor.py:208} INFO - Processing /home/airflow/.local/lib/python3.12/site-packages/airflow/example_dags/example_sla_dag.py took 0.129 seconds
[2024-12-21T06:32:06.799+0000] {processor.py:186} INFO - Started process (PID=794) to work on /home/airflow/.local/lib/python3.12/site-packages/airflow/example_dags/example_sla_dag.py
[2024-12-21T06:32:06.799+0000] {processor.py:914} INFO - Processing file /home/airflow/.local/lib/python3.12/site-packages/airflow/example_dags/example_sla_dag.py for tasks to queue
[2024-12-21T06:32:06.801+0000] {logging_mixin.py:190} INFO - [2024-12-21T06:32:06.801+0000] {dagbag.py:588} INFO - Filling up the DagBag from /home/airflow/.local/lib/python3.12/site-packages/airflow/example_dags/example_sla_dag.py
[2024-12-21T06:32:06.809+0000] {processor.py:925} INFO - DAG(s) 'example_sla_dag' retrieved from /home/airflow/.local/lib/python3.12/site-packages/airflow/example_dags/example_sla_dag.py
[2024-12-21T06:32:06.824+0000] {logging_mixin.py:190} INFO - [2024-12-21T06:32:06.824+0000] {dag.py:3239} INFO - Sync 1 DAGs
[2024-12-21T06:32:06.844+0000] {logging_mixin.py:190} INFO - [2024-12-21T06:32:06.844+0000] {dag.py:4180} INFO - Setting next_dagrun for example_sla_dag to 2024-12-21 06:30:00+00:00, run_after=2024-12-21 06:32:00+00:00
[2024-12-21T06:32:06.858+0000] {processor.py:208} INFO - Processing /home/airflow/.local/lib/python3.12/site-packages/airflow/example_dags/example_sla_dag.py took 0.063 seconds
[2024-12-21T06:32:37.593+0000] {processor.py:186} INFO - Started process (PID=857) to work on /home/airflow/.local/lib/python3.12/site-packages/airflow/example_dags/example_sla_dag.py
[2024-12-21T06:32:37.594+0000] {processor.py:914} INFO - Processing file /home/airflow/.local/lib/python3.12/site-packages/airflow/example_dags/example_sla_dag.py for tasks to queue
[2024-12-21T06:32:37.596+0000] {logging_mixin.py:190} INFO - [2024-12-21T06:32:37.595+0000] {dagbag.py:588} INFO - Filling up the DagBag from /home/airflow/.local/lib/python3.12/site-packages/airflow/example_dags/example_sla_dag.py
[2024-12-21T06:32:37.605+0000] {processor.py:925} INFO - DAG(s) 'example_sla_dag' retrieved from /home/airflow/.local/lib/python3.12/site-packages/airflow/example_dags/example_sla_dag.py
[2024-12-21T06:32:37.621+0000] {logging_mixin.py:190} INFO - [2024-12-21T06:32:37.621+0000] {dag.py:3239} INFO - Sync 1 DAGs
[2024-12-21T06:32:37.648+0000] {logging_mixin.py:190} INFO - [2024-12-21T06:32:37.648+0000] {dag.py:4180} INFO - Setting next_dagrun for example_sla_dag to 2024-12-21 06:30:00+00:00, run_after=2024-12-21 06:32:00+00:00
[2024-12-21T06:32:37.665+0000] {processor.py:208} INFO - Processing /home/airflow/.local/lib/python3.12/site-packages/airflow/example_dags/example_sla_dag.py took 0.076 seconds
[2024-12-21T06:33:08.963+0000] {processor.py:186} INFO - Started process (PID=920) to work on /home/airflow/.local/lib/python3.12/site-packages/airflow/example_dags/example_sla_dag.py
[2024-12-21T06:33:08.963+0000] {processor.py:914} INFO - Processing file /home/airflow/.local/lib/python3.12/site-packages/airflow/example_dags/example_sla_dag.py for tasks to queue
[2024-12-21T06:33:08.965+0000] {logging_mixin.py:190} INFO - [2024-12-21T06:33:08.965+0000] {dagbag.py:588} INFO - Filling up the DagBag from /home/airflow/.local/lib/python3.12/site-packages/airflow/example_dags/example_sla_dag.py
[2024-12-21T06:33:08.975+0000] {processor.py:925} INFO - DAG(s) 'example_sla_dag' retrieved from /home/airflow/.local/lib/python3.12/site-packages/airflow/example_dags/example_sla_dag.py
[2024-12-21T06:33:08.993+0000] {logging_mixin.py:190} INFO - [2024-12-21T06:33:08.993+0000] {dag.py:3239} INFO - Sync 1 DAGs
[2024-12-21T06:33:09.019+0000] {logging_mixin.py:190} INFO - [2024-12-21T06:33:09.019+0000] {dag.py:4180} INFO - Setting next_dagrun for example_sla_dag to 2024-12-21 06:30:00+00:00, run_after=2024-12-21 06:32:00+00:00
[2024-12-21T06:33:09.036+0000] {processor.py:208} INFO - Processing /home/airflow/.local/lib/python3.12/site-packages/airflow/example_dags/example_sla_dag.py took 0.079 seconds
[2024-12-21T06:33:40.105+0000] {processor.py:186} INFO - Started process (PID=983) to work on /home/airflow/.local/lib/python3.12/site-packages/airflow/example_dags/example_sla_dag.py
[2024-12-21T06:33:40.106+0000] {processor.py:914} INFO - Processing file /home/airflow/.local/lib/python3.12/site-packages/airflow/example_dags/example_sla_dag.py for tasks to queue
[2024-12-21T06:33:40.108+0000] {logging_mixin.py:190} INFO - [2024-12-21T06:33:40.108+0000] {dagbag.py:588} INFO - Filling up the DagBag from /home/airflow/.local/lib/python3.12/site-packages/airflow/example_dags/example_sla_dag.py
[2024-12-21T06:33:40.124+0000] {processor.py:925} INFO - DAG(s) 'example_sla_dag' retrieved from /home/airflow/.local/lib/python3.12/site-packages/airflow/example_dags/example_sla_dag.py
[2024-12-21T06:33:40.153+0000] {logging_mixin.py:190} INFO - [2024-12-21T06:33:40.153+0000] {dag.py:3239} INFO - Sync 1 DAGs
[2024-12-21T06:33:40.190+0000] {logging_mixin.py:190} INFO - [2024-12-21T06:33:40.189+0000] {dag.py:4180} INFO - Setting next_dagrun for example_sla_dag to 2024-12-21 06:30:00+00:00, run_after=2024-12-21 06:32:00+00:00
[2024-12-21T06:33:40.219+0000] {processor.py:208} INFO - Processing /home/airflow/.local/lib/python3.12/site-packages/airflow/example_dags/example_sla_dag.py took 0.123 seconds
[2024-12-21T06:34:50.809+0000] {processor.py:186} INFO - Started process (PID=91) to work on /home/airflow/.local/lib/python3.12/site-packages/airflow/example_dags/example_sla_dag.py
[2024-12-21T06:34:50.810+0000] {processor.py:914} INFO - Processing file /home/airflow/.local/lib/python3.12/site-packages/airflow/example_dags/example_sla_dag.py for tasks to queue
[2024-12-21T06:34:50.812+0000] {logging_mixin.py:190} INFO - [2024-12-21T06:34:50.812+0000] {dagbag.py:588} INFO - Filling up the DagBag from /home/airflow/.local/lib/python3.12/site-packages/airflow/example_dags/example_sla_dag.py
[2024-12-21T06:34:50.822+0000] {processor.py:925} INFO - DAG(s) 'example_sla_dag' retrieved from /home/airflow/.local/lib/python3.12/site-packages/airflow/example_dags/example_sla_dag.py
[2024-12-21T06:34:50.845+0000] {logging_mixin.py:190} INFO - [2024-12-21T06:34:50.845+0000] {dag.py:3239} INFO - Sync 1 DAGs
[2024-12-21T06:34:50.875+0000] {logging_mixin.py:190} INFO - [2024-12-21T06:34:50.875+0000] {dag.py:4180} INFO - Setting next_dagrun for example_sla_dag to 2024-12-21 06:32:00+00:00, run_after=2024-12-21 06:34:00+00:00
[2024-12-21T06:34:50.900+0000] {processor.py:208} INFO - Processing /home/airflow/.local/lib/python3.12/site-packages/airflow/example_dags/example_sla_dag.py took 0.097 seconds
[2024-12-21T06:35:21.371+0000] {processor.py:186} INFO - Started process (PID=155) to work on /home/airflow/.local/lib/python3.12/site-packages/airflow/example_dags/example_sla_dag.py
[2024-12-21T06:35:21.372+0000] {processor.py:914} INFO - Processing file /home/airflow/.local/lib/python3.12/site-packages/airflow/example_dags/example_sla_dag.py for tasks to queue
[2024-12-21T06:35:21.374+0000] {logging_mixin.py:190} INFO - [2024-12-21T06:35:21.374+0000] {dagbag.py:588} INFO - Filling up the DagBag from /home/airflow/.local/lib/python3.12/site-packages/airflow/example_dags/example_sla_dag.py
[2024-12-21T06:35:21.384+0000] {processor.py:925} INFO - DAG(s) 'example_sla_dag' retrieved from /home/airflow/.local/lib/python3.12/site-packages/airflow/example_dags/example_sla_dag.py
[2024-12-21T06:35:21.403+0000] {logging_mixin.py:190} INFO - [2024-12-21T06:35:21.402+0000] {dag.py:3239} INFO - Sync 1 DAGs
[2024-12-21T06:35:21.429+0000] {logging_mixin.py:190} INFO - [2024-12-21T06:35:21.429+0000] {dag.py:4180} INFO - Setting next_dagrun for example_sla_dag to 2024-12-21 06:32:00+00:00, run_after=2024-12-21 06:34:00+00:00
[2024-12-21T06:35:21.447+0000] {processor.py:208} INFO - Processing /home/airflow/.local/lib/python3.12/site-packages/airflow/example_dags/example_sla_dag.py took 0.082 seconds
[2024-12-21T06:35:52.714+0000] {processor.py:186} INFO - Started process (PID=220) to work on /home/airflow/.local/lib/python3.12/site-packages/airflow/example_dags/example_sla_dag.py
[2024-12-21T06:35:52.715+0000] {processor.py:914} INFO - Processing file /home/airflow/.local/lib/python3.12/site-packages/airflow/example_dags/example_sla_dag.py for tasks to queue
[2024-12-21T06:35:52.717+0000] {logging_mixin.py:190} INFO - [2024-12-21T06:35:52.717+0000] {dagbag.py:588} INFO - Filling up the DagBag from /home/airflow/.local/lib/python3.12/site-packages/airflow/example_dags/example_sla_dag.py
[2024-12-21T06:35:52.727+0000] {processor.py:925} INFO - DAG(s) 'example_sla_dag' retrieved from /home/airflow/.local/lib/python3.12/site-packages/airflow/example_dags/example_sla_dag.py
[2024-12-21T06:35:52.743+0000] {logging_mixin.py:190} INFO - [2024-12-21T06:35:52.743+0000] {dag.py:3239} INFO - Sync 1 DAGs
[2024-12-21T06:35:52.763+0000] {logging_mixin.py:190} INFO - [2024-12-21T06:35:52.763+0000] {dag.py:4180} INFO - Setting next_dagrun for example_sla_dag to 2024-12-21 06:32:00+00:00, run_after=2024-12-21 06:34:00+00:00
[2024-12-21T06:35:52.776+0000] {processor.py:208} INFO - Processing /home/airflow/.local/lib/python3.12/site-packages/airflow/example_dags/example_sla_dag.py took 0.069 seconds
[2024-12-21T06:36:23.597+0000] {processor.py:186} INFO - Started process (PID=289) to work on /home/airflow/.local/lib/python3.12/site-packages/airflow/example_dags/example_sla_dag.py
[2024-12-21T06:36:23.598+0000] {processor.py:914} INFO - Processing file /home/airflow/.local/lib/python3.12/site-packages/airflow/example_dags/example_sla_dag.py for tasks to queue
[2024-12-21T06:36:23.600+0000] {logging_mixin.py:190} INFO - [2024-12-21T06:36:23.599+0000] {dagbag.py:588} INFO - Filling up the DagBag from /home/airflow/.local/lib/python3.12/site-packages/airflow/example_dags/example_sla_dag.py
[2024-12-21T06:36:23.609+0000] {processor.py:925} INFO - DAG(s) 'example_sla_dag' retrieved from /home/airflow/.local/lib/python3.12/site-packages/airflow/example_dags/example_sla_dag.py
[2024-12-21T06:36:23.627+0000] {logging_mixin.py:190} INFO - [2024-12-21T06:36:23.626+0000] {dag.py:3239} INFO - Sync 1 DAGs
[2024-12-21T06:36:23.650+0000] {logging_mixin.py:190} INFO - [2024-12-21T06:36:23.650+0000] {dag.py:4180} INFO - Setting next_dagrun for example_sla_dag to 2024-12-21 06:34:00+00:00, run_after=2024-12-21 06:36:00+00:00
[2024-12-21T06:36:23.667+0000] {processor.py:208} INFO - Processing /home/airflow/.local/lib/python3.12/site-packages/airflow/example_dags/example_sla_dag.py took 0.075 seconds
[2024-12-21T06:36:55.098+0000] {processor.py:186} INFO - Started process (PID=354) to work on /home/airflow/.local/lib/python3.12/site-packages/airflow/example_dags/example_sla_dag.py
[2024-12-21T06:36:55.099+0000] {processor.py:914} INFO - Processing file /home/airflow/.local/lib/python3.12/site-packages/airflow/example_dags/example_sla_dag.py for tasks to queue
[2024-12-21T06:36:55.101+0000] {logging_mixin.py:190} INFO - [2024-12-21T06:36:55.101+0000] {dagbag.py:588} INFO - Filling up the DagBag from /home/airflow/.local/lib/python3.12/site-packages/airflow/example_dags/example_sla_dag.py
[2024-12-21T06:36:55.111+0000] {processor.py:925} INFO - DAG(s) 'example_sla_dag' retrieved from /home/airflow/.local/lib/python3.12/site-packages/airflow/example_dags/example_sla_dag.py
[2024-12-21T06:36:55.129+0000] {logging_mixin.py:190} INFO - [2024-12-21T06:36:55.129+0000] {dag.py:3239} INFO - Sync 1 DAGs
[2024-12-21T06:36:55.156+0000] {logging_mixin.py:190} INFO - [2024-12-21T06:36:55.155+0000] {dag.py:4180} INFO - Setting next_dagrun for example_sla_dag to 2024-12-21 06:34:00+00:00, run_after=2024-12-21 06:36:00+00:00
[2024-12-21T06:36:55.173+0000] {processor.py:208} INFO - Processing /home/airflow/.local/lib/python3.12/site-packages/airflow/example_dags/example_sla_dag.py took 0.080 seconds
[2024-12-21T06:37:26.074+0000] {processor.py:186} INFO - Started process (PID=419) to work on /home/airflow/.local/lib/python3.12/site-packages/airflow/example_dags/example_sla_dag.py
[2024-12-21T06:37:26.074+0000] {processor.py:914} INFO - Processing file /home/airflow/.local/lib/python3.12/site-packages/airflow/example_dags/example_sla_dag.py for tasks to queue
[2024-12-21T06:37:26.076+0000] {logging_mixin.py:190} INFO - [2024-12-21T06:37:26.076+0000] {dagbag.py:588} INFO - Filling up the DagBag from /home/airflow/.local/lib/python3.12/site-packages/airflow/example_dags/example_sla_dag.py
[2024-12-21T06:37:26.085+0000] {processor.py:925} INFO - DAG(s) 'example_sla_dag' retrieved from /home/airflow/.local/lib/python3.12/site-packages/airflow/example_dags/example_sla_dag.py
[2024-12-21T06:37:26.102+0000] {logging_mixin.py:190} INFO - [2024-12-21T06:37:26.102+0000] {dag.py:3239} INFO - Sync 1 DAGs
[2024-12-21T06:37:26.126+0000] {logging_mixin.py:190} INFO - [2024-12-21T06:37:26.126+0000] {dag.py:4180} INFO - Setting next_dagrun for example_sla_dag to 2024-12-21 06:34:00+00:00, run_after=2024-12-21 06:36:00+00:00
[2024-12-21T06:37:26.142+0000] {processor.py:208} INFO - Processing /home/airflow/.local/lib/python3.12/site-packages/airflow/example_dags/example_sla_dag.py took 0.074 seconds
[2024-12-21T06:37:56.774+0000] {processor.py:186} INFO - Started process (PID=484) to work on /home/airflow/.local/lib/python3.12/site-packages/airflow/example_dags/example_sla_dag.py
[2024-12-21T06:37:56.775+0000] {processor.py:914} INFO - Processing file /home/airflow/.local/lib/python3.12/site-packages/airflow/example_dags/example_sla_dag.py for tasks to queue
[2024-12-21T06:37:56.778+0000] {logging_mixin.py:190} INFO - [2024-12-21T06:37:56.777+0000] {dagbag.py:588} INFO - Filling up the DagBag from /home/airflow/.local/lib/python3.12/site-packages/airflow/example_dags/example_sla_dag.py
[2024-12-21T06:37:56.793+0000] {processor.py:925} INFO - DAG(s) 'example_sla_dag' retrieved from /home/airflow/.local/lib/python3.12/site-packages/airflow/example_dags/example_sla_dag.py
[2024-12-21T06:37:56.817+0000] {logging_mixin.py:190} INFO - [2024-12-21T06:37:56.817+0000] {dag.py:3239} INFO - Sync 1 DAGs
[2024-12-21T06:37:56.851+0000] {logging_mixin.py:190} INFO - [2024-12-21T06:37:56.851+0000] {dag.py:4180} INFO - Setting next_dagrun for example_sla_dag to 2024-12-21 06:34:00+00:00, run_after=2024-12-21 06:36:00+00:00
[2024-12-21T06:37:56.874+0000] {processor.py:208} INFO - Processing /home/airflow/.local/lib/python3.12/site-packages/airflow/example_dags/example_sla_dag.py took 0.106 seconds
[2024-12-21T06:38:27.985+0000] {processor.py:186} INFO - Started process (PID=549) to work on /home/airflow/.local/lib/python3.12/site-packages/airflow/example_dags/example_sla_dag.py
[2024-12-21T06:38:27.986+0000] {processor.py:914} INFO - Processing file /home/airflow/.local/lib/python3.12/site-packages/airflow/example_dags/example_sla_dag.py for tasks to queue
[2024-12-21T06:38:27.988+0000] {logging_mixin.py:190} INFO - [2024-12-21T06:38:27.988+0000] {dagbag.py:588} INFO - Filling up the DagBag from /home/airflow/.local/lib/python3.12/site-packages/airflow/example_dags/example_sla_dag.py
[2024-12-21T06:38:27.996+0000] {processor.py:925} INFO - DAG(s) 'example_sla_dag' retrieved from /home/airflow/.local/lib/python3.12/site-packages/airflow/example_dags/example_sla_dag.py
[2024-12-21T06:38:28.011+0000] {logging_mixin.py:190} INFO - [2024-12-21T06:38:28.011+0000] {dag.py:3239} INFO - Sync 1 DAGs
[2024-12-21T06:38:28.032+0000] {logging_mixin.py:190} INFO - [2024-12-21T06:38:28.032+0000] {dag.py:4180} INFO - Setting next_dagrun for example_sla_dag to 2024-12-21 06:36:00+00:00, run_after=2024-12-21 06:38:00+00:00
[2024-12-21T06:38:28.046+0000] {processor.py:208} INFO - Processing /home/airflow/.local/lib/python3.12/site-packages/airflow/example_dags/example_sla_dag.py took 0.065 seconds
