[2024-12-21T06:26:19.201+0000] {processor.py:186} INFO - Started process (PID=85) to work on /home/airflow/.local/lib/python3.12/site-packages/airflow/example_dags/example_inlet_event_extra.py
[2024-12-21T06:26:19.202+0000] {processor.py:914} INFO - Processing file /home/airflow/.local/lib/python3.12/site-packages/airflow/example_dags/example_inlet_event_extra.py for tasks to queue
[2024-12-21T06:26:19.204+0000] {logging_mixin.py:190} INFO - [2024-12-21T06:26:19.204+0000] {dagbag.py:588} INFO - Filling up the DagBag from /home/airflow/.local/lib/python3.12/site-packages/airflow/example_dags/example_inlet_event_extra.py
[2024-12-21T06:26:20.880+0000] {processor.py:925} INFO - DAG(s) 'read_dataset_event', 'read_dataset_event_from_classic' retrieved from /home/airflow/.local/lib/python3.12/site-packages/airflow/example_dags/example_inlet_event_extra.py
[2024-12-21T06:26:21.053+0000] {logging_mixin.py:190} INFO - [2024-12-21T06:26:21.052+0000] {override.py:1911} INFO - Created Permission View: can read on DAG:read_dataset_event
[2024-12-21T06:26:21.065+0000] {logging_mixin.py:190} INFO - [2024-12-21T06:26:21.065+0000] {override.py:1911} INFO - Created Permission View: can delete on DAG:read_dataset_event
[2024-12-21T06:26:21.076+0000] {logging_mixin.py:190} INFO - [2024-12-21T06:26:21.075+0000] {override.py:1911} INFO - Created Permission View: can edit on DAG:read_dataset_event
[2024-12-21T06:26:21.087+0000] {logging_mixin.py:190} INFO - [2024-12-21T06:26:21.086+0000] {override.py:1911} INFO - Created Permission View: menu access on DAG Run:read_dataset_event
[2024-12-21T06:26:21.097+0000] {logging_mixin.py:190} INFO - [2024-12-21T06:26:21.096+0000] {override.py:1911} INFO - Created Permission View: can read on DAG Run:read_dataset_event
[2024-12-21T06:26:21.106+0000] {logging_mixin.py:190} INFO - [2024-12-21T06:26:21.106+0000] {override.py:1911} INFO - Created Permission View: can create on DAG Run:read_dataset_event
[2024-12-21T06:26:21.116+0000] {logging_mixin.py:190} INFO - [2024-12-21T06:26:21.115+0000] {override.py:1911} INFO - Created Permission View: can delete on DAG Run:read_dataset_event
[2024-12-21T06:26:21.131+0000] {logging_mixin.py:190} INFO - [2024-12-21T06:26:21.131+0000] {override.py:1911} INFO - Created Permission View: can read on DAG:read_dataset_event_from_classic
[2024-12-21T06:26:21.140+0000] {logging_mixin.py:190} INFO - [2024-12-21T06:26:21.140+0000] {override.py:1911} INFO - Created Permission View: can delete on DAG:read_dataset_event_from_classic
[2024-12-21T06:26:21.148+0000] {logging_mixin.py:190} INFO - [2024-12-21T06:26:21.147+0000] {override.py:1911} INFO - Created Permission View: can edit on DAG:read_dataset_event_from_classic
[2024-12-21T06:26:21.156+0000] {logging_mixin.py:190} INFO - [2024-12-21T06:26:21.156+0000] {override.py:1911} INFO - Created Permission View: menu access on DAG Run:read_dataset_event_from_classic
[2024-12-21T06:26:21.164+0000] {logging_mixin.py:190} INFO - [2024-12-21T06:26:21.164+0000] {override.py:1911} INFO - Created Permission View: can read on DAG Run:read_dataset_event_from_classic
[2024-12-21T06:26:21.173+0000] {logging_mixin.py:190} INFO - [2024-12-21T06:26:21.172+0000] {override.py:1911} INFO - Created Permission View: can create on DAG Run:read_dataset_event_from_classic
[2024-12-21T06:26:21.180+0000] {logging_mixin.py:190} INFO - [2024-12-21T06:26:21.180+0000] {override.py:1911} INFO - Created Permission View: can delete on DAG Run:read_dataset_event_from_classic
[2024-12-21T06:26:21.181+0000] {logging_mixin.py:190} INFO - [2024-12-21T06:26:21.181+0000] {dag.py:3239} INFO - Sync 2 DAGs
[2024-12-21T06:26:21.196+0000] {logging_mixin.py:190} INFO - [2024-12-21T06:26:21.195+0000] {dag.py:3262} INFO - Creating ORM DAG for read_dataset_event
[2024-12-21T06:26:21.196+0000] {logging_mixin.py:190} INFO - [2024-12-21T06:26:21.196+0000] {dag.py:3262} INFO - Creating ORM DAG for read_dataset_event_from_classic
[2024-12-21T06:26:21.209+0000] {logging_mixin.py:190} INFO - [2024-12-21T06:26:21.208+0000] {dag.py:4180} INFO - Setting next_dagrun for read_dataset_event to 2024-12-20 00:00:00+00:00, run_after=2024-12-21 00:00:00+00:00
[2024-12-21T06:26:21.211+0000] {logging_mixin.py:190} INFO - [2024-12-21T06:26:21.211+0000] {dag.py:4180} INFO - Setting next_dagrun for read_dataset_event_from_classic to 2024-12-20 00:00:00+00:00, run_after=2024-12-21 00:00:00+00:00
[2024-12-21T06:26:21.230+0000] {processor.py:208} INFO - Processing /home/airflow/.local/lib/python3.12/site-packages/airflow/example_dags/example_inlet_event_extra.py took 2.035 seconds
[2024-12-21T06:26:51.856+0000] {processor.py:186} INFO - Started process (PID=151) to work on /home/airflow/.local/lib/python3.12/site-packages/airflow/example_dags/example_inlet_event_extra.py
[2024-12-21T06:26:51.858+0000] {processor.py:914} INFO - Processing file /home/airflow/.local/lib/python3.12/site-packages/airflow/example_dags/example_inlet_event_extra.py for tasks to queue
[2024-12-21T06:26:51.861+0000] {logging_mixin.py:190} INFO - [2024-12-21T06:26:51.861+0000] {dagbag.py:588} INFO - Filling up the DagBag from /home/airflow/.local/lib/python3.12/site-packages/airflow/example_dags/example_inlet_event_extra.py
[2024-12-21T06:26:52.499+0000] {processor.py:925} INFO - DAG(s) 'read_dataset_event', 'read_dataset_event_from_classic' retrieved from /home/airflow/.local/lib/python3.12/site-packages/airflow/example_dags/example_inlet_event_extra.py
[2024-12-21T06:26:52.516+0000] {logging_mixin.py:190} INFO - [2024-12-21T06:26:52.516+0000] {dag.py:3239} INFO - Sync 2 DAGs
[2024-12-21T06:26:52.543+0000] {logging_mixin.py:190} INFO - [2024-12-21T06:26:52.543+0000] {dag.py:4180} INFO - Setting next_dagrun for read_dataset_event to 2024-12-20 00:00:00+00:00, run_after=2024-12-21 00:00:00+00:00
[2024-12-21T06:26:52.548+0000] {logging_mixin.py:190} INFO - [2024-12-21T06:26:52.548+0000] {dag.py:4180} INFO - Setting next_dagrun for read_dataset_event_from_classic to 2024-12-20 00:00:00+00:00, run_after=2024-12-21 00:00:00+00:00
[2024-12-21T06:26:52.563+0000] {processor.py:208} INFO - Processing /home/airflow/.local/lib/python3.12/site-packages/airflow/example_dags/example_inlet_event_extra.py took 0.713 seconds
[2024-12-21T06:27:23.459+0000] {processor.py:186} INFO - Started process (PID=214) to work on /home/airflow/.local/lib/python3.12/site-packages/airflow/example_dags/example_inlet_event_extra.py
[2024-12-21T06:27:23.459+0000] {processor.py:914} INFO - Processing file /home/airflow/.local/lib/python3.12/site-packages/airflow/example_dags/example_inlet_event_extra.py for tasks to queue
[2024-12-21T06:27:23.461+0000] {logging_mixin.py:190} INFO - [2024-12-21T06:27:23.461+0000] {dagbag.py:588} INFO - Filling up the DagBag from /home/airflow/.local/lib/python3.12/site-packages/airflow/example_dags/example_inlet_event_extra.py
[2024-12-21T06:27:24.119+0000] {processor.py:925} INFO - DAG(s) 'read_dataset_event', 'read_dataset_event_from_classic' retrieved from /home/airflow/.local/lib/python3.12/site-packages/airflow/example_dags/example_inlet_event_extra.py
[2024-12-21T06:27:24.144+0000] {logging_mixin.py:190} INFO - [2024-12-21T06:27:24.143+0000] {dag.py:3239} INFO - Sync 2 DAGs
[2024-12-21T06:27:24.172+0000] {logging_mixin.py:190} INFO - [2024-12-21T06:27:24.172+0000] {dag.py:4180} INFO - Setting next_dagrun for read_dataset_event to 2024-12-20 00:00:00+00:00, run_after=2024-12-21 00:00:00+00:00
[2024-12-21T06:27:24.178+0000] {logging_mixin.py:190} INFO - [2024-12-21T06:27:24.178+0000] {dag.py:4180} INFO - Setting next_dagrun for read_dataset_event_from_classic to 2024-12-20 00:00:00+00:00, run_after=2024-12-21 00:00:00+00:00
[2024-12-21T06:27:24.194+0000] {processor.py:208} INFO - Processing /home/airflow/.local/lib/python3.12/site-packages/airflow/example_dags/example_inlet_event_extra.py took 0.741 seconds
[2024-12-21T06:27:54.592+0000] {processor.py:186} INFO - Started process (PID=277) to work on /home/airflow/.local/lib/python3.12/site-packages/airflow/example_dags/example_inlet_event_extra.py
[2024-12-21T06:27:54.594+0000] {processor.py:914} INFO - Processing file /home/airflow/.local/lib/python3.12/site-packages/airflow/example_dags/example_inlet_event_extra.py for tasks to queue
[2024-12-21T06:27:54.596+0000] {logging_mixin.py:190} INFO - [2024-12-21T06:27:54.596+0000] {dagbag.py:588} INFO - Filling up the DagBag from /home/airflow/.local/lib/python3.12/site-packages/airflow/example_dags/example_inlet_event_extra.py
[2024-12-21T06:27:55.303+0000] {processor.py:925} INFO - DAG(s) 'read_dataset_event', 'read_dataset_event_from_classic' retrieved from /home/airflow/.local/lib/python3.12/site-packages/airflow/example_dags/example_inlet_event_extra.py
[2024-12-21T06:27:55.332+0000] {logging_mixin.py:190} INFO - [2024-12-21T06:27:55.332+0000] {dag.py:3239} INFO - Sync 2 DAGs
[2024-12-21T06:27:55.366+0000] {logging_mixin.py:190} INFO - [2024-12-21T06:27:55.365+0000] {dag.py:4180} INFO - Setting next_dagrun for read_dataset_event to 2024-12-20 00:00:00+00:00, run_after=2024-12-21 00:00:00+00:00
[2024-12-21T06:27:55.372+0000] {logging_mixin.py:190} INFO - [2024-12-21T06:27:55.371+0000] {dag.py:4180} INFO - Setting next_dagrun for read_dataset_event_from_classic to 2024-12-20 00:00:00+00:00, run_after=2024-12-21 00:00:00+00:00
[2024-12-21T06:27:55.396+0000] {processor.py:208} INFO - Processing /home/airflow/.local/lib/python3.12/site-packages/airflow/example_dags/example_inlet_event_extra.py took 0.809 seconds
[2024-12-21T06:28:25.454+0000] {processor.py:186} INFO - Started process (PID=340) to work on /home/airflow/.local/lib/python3.12/site-packages/airflow/example_dags/example_inlet_event_extra.py
[2024-12-21T06:28:25.456+0000] {processor.py:914} INFO - Processing file /home/airflow/.local/lib/python3.12/site-packages/airflow/example_dags/example_inlet_event_extra.py for tasks to queue
[2024-12-21T06:28:25.458+0000] {logging_mixin.py:190} INFO - [2024-12-21T06:28:25.457+0000] {dagbag.py:588} INFO - Filling up the DagBag from /home/airflow/.local/lib/python3.12/site-packages/airflow/example_dags/example_inlet_event_extra.py
[2024-12-21T06:28:26.057+0000] {processor.py:925} INFO - DAG(s) 'read_dataset_event_from_classic', 'read_dataset_event' retrieved from /home/airflow/.local/lib/python3.12/site-packages/airflow/example_dags/example_inlet_event_extra.py
[2024-12-21T06:28:26.074+0000] {logging_mixin.py:190} INFO - [2024-12-21T06:28:26.073+0000] {dag.py:3239} INFO - Sync 2 DAGs
[2024-12-21T06:28:26.096+0000] {logging_mixin.py:190} INFO - [2024-12-21T06:28:26.095+0000] {dag.py:4180} INFO - Setting next_dagrun for read_dataset_event to 2024-12-20 00:00:00+00:00, run_after=2024-12-21 00:00:00+00:00
[2024-12-21T06:28:26.100+0000] {logging_mixin.py:190} INFO - [2024-12-21T06:28:26.100+0000] {dag.py:4180} INFO - Setting next_dagrun for read_dataset_event_from_classic to 2024-12-20 00:00:00+00:00, run_after=2024-12-21 00:00:00+00:00
[2024-12-21T06:28:26.120+0000] {processor.py:208} INFO - Processing /home/airflow/.local/lib/python3.12/site-packages/airflow/example_dags/example_inlet_event_extra.py took 0.670 seconds
[2024-12-21T06:28:56.633+0000] {processor.py:186} INFO - Started process (PID=403) to work on /home/airflow/.local/lib/python3.12/site-packages/airflow/example_dags/example_inlet_event_extra.py
[2024-12-21T06:28:56.635+0000] {processor.py:914} INFO - Processing file /home/airflow/.local/lib/python3.12/site-packages/airflow/example_dags/example_inlet_event_extra.py for tasks to queue
[2024-12-21T06:28:56.637+0000] {logging_mixin.py:190} INFO - [2024-12-21T06:28:56.637+0000] {dagbag.py:588} INFO - Filling up the DagBag from /home/airflow/.local/lib/python3.12/site-packages/airflow/example_dags/example_inlet_event_extra.py
[2024-12-21T06:28:57.162+0000] {processor.py:925} INFO - DAG(s) 'read_dataset_event', 'read_dataset_event_from_classic' retrieved from /home/airflow/.local/lib/python3.12/site-packages/airflow/example_dags/example_inlet_event_extra.py
[2024-12-21T06:28:57.180+0000] {logging_mixin.py:190} INFO - [2024-12-21T06:28:57.179+0000] {dag.py:3239} INFO - Sync 2 DAGs
[2024-12-21T06:28:57.203+0000] {logging_mixin.py:190} INFO - [2024-12-21T06:28:57.203+0000] {dag.py:4180} INFO - Setting next_dagrun for read_dataset_event to 2024-12-20 00:00:00+00:00, run_after=2024-12-21 00:00:00+00:00
[2024-12-21T06:28:57.209+0000] {logging_mixin.py:190} INFO - [2024-12-21T06:28:57.208+0000] {dag.py:4180} INFO - Setting next_dagrun for read_dataset_event_from_classic to 2024-12-20 00:00:00+00:00, run_after=2024-12-21 00:00:00+00:00
[2024-12-21T06:28:57.231+0000] {processor.py:208} INFO - Processing /home/airflow/.local/lib/python3.12/site-packages/airflow/example_dags/example_inlet_event_extra.py took 0.603 seconds
[2024-12-21T06:29:27.360+0000] {processor.py:186} INFO - Started process (PID=466) to work on /home/airflow/.local/lib/python3.12/site-packages/airflow/example_dags/example_inlet_event_extra.py
[2024-12-21T06:29:27.361+0000] {processor.py:914} INFO - Processing file /home/airflow/.local/lib/python3.12/site-packages/airflow/example_dags/example_inlet_event_extra.py for tasks to queue
[2024-12-21T06:29:27.364+0000] {logging_mixin.py:190} INFO - [2024-12-21T06:29:27.363+0000] {dagbag.py:588} INFO - Filling up the DagBag from /home/airflow/.local/lib/python3.12/site-packages/airflow/example_dags/example_inlet_event_extra.py
[2024-12-21T06:29:27.973+0000] {processor.py:925} INFO - DAG(s) 'read_dataset_event_from_classic', 'read_dataset_event' retrieved from /home/airflow/.local/lib/python3.12/site-packages/airflow/example_dags/example_inlet_event_extra.py
[2024-12-21T06:29:27.993+0000] {logging_mixin.py:190} INFO - [2024-12-21T06:29:27.992+0000] {dag.py:3239} INFO - Sync 2 DAGs
[2024-12-21T06:29:28.018+0000] {logging_mixin.py:190} INFO - [2024-12-21T06:29:28.017+0000] {dag.py:4180} INFO - Setting next_dagrun for read_dataset_event to 2024-12-20 00:00:00+00:00, run_after=2024-12-21 00:00:00+00:00
[2024-12-21T06:29:28.023+0000] {logging_mixin.py:190} INFO - [2024-12-21T06:29:28.023+0000] {dag.py:4180} INFO - Setting next_dagrun for read_dataset_event_from_classic to 2024-12-20 00:00:00+00:00, run_after=2024-12-21 00:00:00+00:00
[2024-12-21T06:29:28.047+0000] {processor.py:208} INFO - Processing /home/airflow/.local/lib/python3.12/site-packages/airflow/example_dags/example_inlet_event_extra.py took 0.693 seconds
[2024-12-21T06:29:58.809+0000] {processor.py:186} INFO - Started process (PID=529) to work on /home/airflow/.local/lib/python3.12/site-packages/airflow/example_dags/example_inlet_event_extra.py
[2024-12-21T06:29:58.811+0000] {processor.py:914} INFO - Processing file /home/airflow/.local/lib/python3.12/site-packages/airflow/example_dags/example_inlet_event_extra.py for tasks to queue
[2024-12-21T06:29:58.812+0000] {logging_mixin.py:190} INFO - [2024-12-21T06:29:58.812+0000] {dagbag.py:588} INFO - Filling up the DagBag from /home/airflow/.local/lib/python3.12/site-packages/airflow/example_dags/example_inlet_event_extra.py
[2024-12-21T06:29:59.417+0000] {processor.py:925} INFO - DAG(s) 'read_dataset_event', 'read_dataset_event_from_classic' retrieved from /home/airflow/.local/lib/python3.12/site-packages/airflow/example_dags/example_inlet_event_extra.py
[2024-12-21T06:29:59.437+0000] {logging_mixin.py:190} INFO - [2024-12-21T06:29:59.436+0000] {dag.py:3239} INFO - Sync 2 DAGs
[2024-12-21T06:29:59.464+0000] {logging_mixin.py:190} INFO - [2024-12-21T06:29:59.463+0000] {dag.py:4180} INFO - Setting next_dagrun for read_dataset_event to 2024-12-20 00:00:00+00:00, run_after=2024-12-21 00:00:00+00:00
[2024-12-21T06:29:59.469+0000] {logging_mixin.py:190} INFO - [2024-12-21T06:29:59.469+0000] {dag.py:4180} INFO - Setting next_dagrun for read_dataset_event_from_classic to 2024-12-20 00:00:00+00:00, run_after=2024-12-21 00:00:00+00:00
[2024-12-21T06:29:59.483+0000] {processor.py:208} INFO - Processing /home/airflow/.local/lib/python3.12/site-packages/airflow/example_dags/example_inlet_event_extra.py took 0.680 seconds
[2024-12-21T06:30:30.162+0000] {processor.py:186} INFO - Started process (PID=592) to work on /home/airflow/.local/lib/python3.12/site-packages/airflow/example_dags/example_inlet_event_extra.py
[2024-12-21T06:30:30.164+0000] {processor.py:914} INFO - Processing file /home/airflow/.local/lib/python3.12/site-packages/airflow/example_dags/example_inlet_event_extra.py for tasks to queue
[2024-12-21T06:30:30.165+0000] {logging_mixin.py:190} INFO - [2024-12-21T06:30:30.165+0000] {dagbag.py:588} INFO - Filling up the DagBag from /home/airflow/.local/lib/python3.12/site-packages/airflow/example_dags/example_inlet_event_extra.py
[2024-12-21T06:30:30.891+0000] {processor.py:925} INFO - DAG(s) 'read_dataset_event', 'read_dataset_event_from_classic' retrieved from /home/airflow/.local/lib/python3.12/site-packages/airflow/example_dags/example_inlet_event_extra.py
[2024-12-21T06:30:30.915+0000] {logging_mixin.py:190} INFO - [2024-12-21T06:30:30.914+0000] {dag.py:3239} INFO - Sync 2 DAGs
[2024-12-21T06:30:30.951+0000] {logging_mixin.py:190} INFO - [2024-12-21T06:30:30.950+0000] {dag.py:4180} INFO - Setting next_dagrun for read_dataset_event to 2024-12-20 00:00:00+00:00, run_after=2024-12-21 00:00:00+00:00
[2024-12-21T06:30:30.956+0000] {logging_mixin.py:190} INFO - [2024-12-21T06:30:30.955+0000] {dag.py:4180} INFO - Setting next_dagrun for read_dataset_event_from_classic to 2024-12-20 00:00:00+00:00, run_after=2024-12-21 00:00:00+00:00
[2024-12-21T06:30:30.974+0000] {processor.py:208} INFO - Processing /home/airflow/.local/lib/python3.12/site-packages/airflow/example_dags/example_inlet_event_extra.py took 0.816 seconds
[2024-12-21T06:31:01.496+0000] {processor.py:186} INFO - Started process (PID=655) to work on /home/airflow/.local/lib/python3.12/site-packages/airflow/example_dags/example_inlet_event_extra.py
[2024-12-21T06:31:01.498+0000] {processor.py:914} INFO - Processing file /home/airflow/.local/lib/python3.12/site-packages/airflow/example_dags/example_inlet_event_extra.py for tasks to queue
[2024-12-21T06:31:01.501+0000] {logging_mixin.py:190} INFO - [2024-12-21T06:31:01.500+0000] {dagbag.py:588} INFO - Filling up the DagBag from /home/airflow/.local/lib/python3.12/site-packages/airflow/example_dags/example_inlet_event_extra.py
[2024-12-21T06:31:02.430+0000] {processor.py:925} INFO - DAG(s) 'read_dataset_event_from_classic', 'read_dataset_event' retrieved from /home/airflow/.local/lib/python3.12/site-packages/airflow/example_dags/example_inlet_event_extra.py
[2024-12-21T06:31:02.477+0000] {logging_mixin.py:190} INFO - [2024-12-21T06:31:02.477+0000] {dag.py:3239} INFO - Sync 2 DAGs
[2024-12-21T06:31:02.525+0000] {logging_mixin.py:190} INFO - [2024-12-21T06:31:02.525+0000] {dag.py:4180} INFO - Setting next_dagrun for read_dataset_event to 2024-12-20 00:00:00+00:00, run_after=2024-12-21 00:00:00+00:00
[2024-12-21T06:31:02.531+0000] {logging_mixin.py:190} INFO - [2024-12-21T06:31:02.531+0000] {dag.py:4180} INFO - Setting next_dagrun for read_dataset_event_from_classic to 2024-12-20 00:00:00+00:00, run_after=2024-12-21 00:00:00+00:00
[2024-12-21T06:31:02.548+0000] {processor.py:208} INFO - Processing /home/airflow/.local/lib/python3.12/site-packages/airflow/example_dags/example_inlet_event_extra.py took 1.062 seconds
[2024-12-21T06:31:32.640+0000] {processor.py:186} INFO - Started process (PID=718) to work on /home/airflow/.local/lib/python3.12/site-packages/airflow/example_dags/example_inlet_event_extra.py
[2024-12-21T06:31:32.641+0000] {processor.py:914} INFO - Processing file /home/airflow/.local/lib/python3.12/site-packages/airflow/example_dags/example_inlet_event_extra.py for tasks to queue
[2024-12-21T06:31:32.644+0000] {logging_mixin.py:190} INFO - [2024-12-21T06:31:32.644+0000] {dagbag.py:588} INFO - Filling up the DagBag from /home/airflow/.local/lib/python3.12/site-packages/airflow/example_dags/example_inlet_event_extra.py
[2024-12-21T06:31:33.265+0000] {processor.py:925} INFO - DAG(s) 'read_dataset_event_from_classic', 'read_dataset_event' retrieved from /home/airflow/.local/lib/python3.12/site-packages/airflow/example_dags/example_inlet_event_extra.py
[2024-12-21T06:31:33.283+0000] {logging_mixin.py:190} INFO - [2024-12-21T06:31:33.283+0000] {dag.py:3239} INFO - Sync 2 DAGs
[2024-12-21T06:31:33.313+0000] {logging_mixin.py:190} INFO - [2024-12-21T06:31:33.313+0000] {dag.py:4180} INFO - Setting next_dagrun for read_dataset_event to 2024-12-20 00:00:00+00:00, run_after=2024-12-21 00:00:00+00:00
[2024-12-21T06:31:33.318+0000] {logging_mixin.py:190} INFO - [2024-12-21T06:31:33.318+0000] {dag.py:4180} INFO - Setting next_dagrun for read_dataset_event_from_classic to 2024-12-20 00:00:00+00:00, run_after=2024-12-21 00:00:00+00:00
[2024-12-21T06:31:33.335+0000] {processor.py:208} INFO - Processing /home/airflow/.local/lib/python3.12/site-packages/airflow/example_dags/example_inlet_event_extra.py took 0.701 seconds
[2024-12-21T06:32:04.016+0000] {processor.py:186} INFO - Started process (PID=781) to work on /home/airflow/.local/lib/python3.12/site-packages/airflow/example_dags/example_inlet_event_extra.py
[2024-12-21T06:32:04.018+0000] {processor.py:914} INFO - Processing file /home/airflow/.local/lib/python3.12/site-packages/airflow/example_dags/example_inlet_event_extra.py for tasks to queue
[2024-12-21T06:32:04.019+0000] {logging_mixin.py:190} INFO - [2024-12-21T06:32:04.019+0000] {dagbag.py:588} INFO - Filling up the DagBag from /home/airflow/.local/lib/python3.12/site-packages/airflow/example_dags/example_inlet_event_extra.py
[2024-12-21T06:32:04.602+0000] {processor.py:925} INFO - DAG(s) 'read_dataset_event_from_classic', 'read_dataset_event' retrieved from /home/airflow/.local/lib/python3.12/site-packages/airflow/example_dags/example_inlet_event_extra.py
[2024-12-21T06:32:04.619+0000] {logging_mixin.py:190} INFO - [2024-12-21T06:32:04.618+0000] {dag.py:3239} INFO - Sync 2 DAGs
[2024-12-21T06:32:04.642+0000] {logging_mixin.py:190} INFO - [2024-12-21T06:32:04.642+0000] {dag.py:4180} INFO - Setting next_dagrun for read_dataset_event to 2024-12-20 00:00:00+00:00, run_after=2024-12-21 00:00:00+00:00
[2024-12-21T06:32:04.646+0000] {logging_mixin.py:190} INFO - [2024-12-21T06:32:04.646+0000] {dag.py:4180} INFO - Setting next_dagrun for read_dataset_event_from_classic to 2024-12-20 00:00:00+00:00, run_after=2024-12-21 00:00:00+00:00
[2024-12-21T06:32:04.665+0000] {processor.py:208} INFO - Processing /home/airflow/.local/lib/python3.12/site-packages/airflow/example_dags/example_inlet_event_extra.py took 0.654 seconds
[2024-12-21T06:32:34.722+0000] {processor.py:186} INFO - Started process (PID=844) to work on /home/airflow/.local/lib/python3.12/site-packages/airflow/example_dags/example_inlet_event_extra.py
[2024-12-21T06:32:34.722+0000] {processor.py:914} INFO - Processing file /home/airflow/.local/lib/python3.12/site-packages/airflow/example_dags/example_inlet_event_extra.py for tasks to queue
[2024-12-21T06:32:34.724+0000] {logging_mixin.py:190} INFO - [2024-12-21T06:32:34.724+0000] {dagbag.py:588} INFO - Filling up the DagBag from /home/airflow/.local/lib/python3.12/site-packages/airflow/example_dags/example_inlet_event_extra.py
[2024-12-21T06:32:35.308+0000] {processor.py:925} INFO - DAG(s) 'read_dataset_event_from_classic', 'read_dataset_event' retrieved from /home/airflow/.local/lib/python3.12/site-packages/airflow/example_dags/example_inlet_event_extra.py
[2024-12-21T06:32:35.327+0000] {logging_mixin.py:190} INFO - [2024-12-21T06:32:35.327+0000] {dag.py:3239} INFO - Sync 2 DAGs
[2024-12-21T06:32:35.355+0000] {logging_mixin.py:190} INFO - [2024-12-21T06:32:35.355+0000] {dag.py:4180} INFO - Setting next_dagrun for read_dataset_event to 2024-12-20 00:00:00+00:00, run_after=2024-12-21 00:00:00+00:00
[2024-12-21T06:32:35.361+0000] {logging_mixin.py:190} INFO - [2024-12-21T06:32:35.361+0000] {dag.py:4180} INFO - Setting next_dagrun for read_dataset_event_from_classic to 2024-12-20 00:00:00+00:00, run_after=2024-12-21 00:00:00+00:00
[2024-12-21T06:32:35.375+0000] {processor.py:208} INFO - Processing /home/airflow/.local/lib/python3.12/site-packages/airflow/example_dags/example_inlet_event_extra.py took 0.658 seconds
[2024-12-21T06:33:06.208+0000] {processor.py:186} INFO - Started process (PID=907) to work on /home/airflow/.local/lib/python3.12/site-packages/airflow/example_dags/example_inlet_event_extra.py
[2024-12-21T06:33:06.209+0000] {processor.py:914} INFO - Processing file /home/airflow/.local/lib/python3.12/site-packages/airflow/example_dags/example_inlet_event_extra.py for tasks to queue
[2024-12-21T06:33:06.211+0000] {logging_mixin.py:190} INFO - [2024-12-21T06:33:06.211+0000] {dagbag.py:588} INFO - Filling up the DagBag from /home/airflow/.local/lib/python3.12/site-packages/airflow/example_dags/example_inlet_event_extra.py
[2024-12-21T06:33:06.807+0000] {processor.py:925} INFO - DAG(s) 'read_dataset_event_from_classic', 'read_dataset_event' retrieved from /home/airflow/.local/lib/python3.12/site-packages/airflow/example_dags/example_inlet_event_extra.py
[2024-12-21T06:33:06.825+0000] {logging_mixin.py:190} INFO - [2024-12-21T06:33:06.825+0000] {dag.py:3239} INFO - Sync 2 DAGs
[2024-12-21T06:33:06.851+0000] {logging_mixin.py:190} INFO - [2024-12-21T06:33:06.851+0000] {dag.py:4180} INFO - Setting next_dagrun for read_dataset_event to 2024-12-20 00:00:00+00:00, run_after=2024-12-21 00:00:00+00:00
[2024-12-21T06:33:06.857+0000] {logging_mixin.py:190} INFO - [2024-12-21T06:33:06.856+0000] {dag.py:4180} INFO - Setting next_dagrun for read_dataset_event_from_classic to 2024-12-20 00:00:00+00:00, run_after=2024-12-21 00:00:00+00:00
[2024-12-21T06:33:06.878+0000] {processor.py:208} INFO - Processing /home/airflow/.local/lib/python3.12/site-packages/airflow/example_dags/example_inlet_event_extra.py took 0.676 seconds
[2024-12-21T06:33:37.737+0000] {processor.py:186} INFO - Started process (PID=970) to work on /home/airflow/.local/lib/python3.12/site-packages/airflow/example_dags/example_inlet_event_extra.py
[2024-12-21T06:33:37.739+0000] {processor.py:914} INFO - Processing file /home/airflow/.local/lib/python3.12/site-packages/airflow/example_dags/example_inlet_event_extra.py for tasks to queue
[2024-12-21T06:33:37.741+0000] {logging_mixin.py:190} INFO - [2024-12-21T06:33:37.740+0000] {dagbag.py:588} INFO - Filling up the DagBag from /home/airflow/.local/lib/python3.12/site-packages/airflow/example_dags/example_inlet_event_extra.py
[2024-12-21T06:33:38.333+0000] {processor.py:925} INFO - DAG(s) 'read_dataset_event_from_classic', 'read_dataset_event' retrieved from /home/airflow/.local/lib/python3.12/site-packages/airflow/example_dags/example_inlet_event_extra.py
[2024-12-21T06:33:38.350+0000] {logging_mixin.py:190} INFO - [2024-12-21T06:33:38.350+0000] {dag.py:3239} INFO - Sync 2 DAGs
[2024-12-21T06:33:38.373+0000] {logging_mixin.py:190} INFO - [2024-12-21T06:33:38.373+0000] {dag.py:4180} INFO - Setting next_dagrun for read_dataset_event to 2024-12-20 00:00:00+00:00, run_after=2024-12-21 00:00:00+00:00
[2024-12-21T06:33:38.378+0000] {logging_mixin.py:190} INFO - [2024-12-21T06:33:38.378+0000] {dag.py:4180} INFO - Setting next_dagrun for read_dataset_event_from_classic to 2024-12-20 00:00:00+00:00, run_after=2024-12-21 00:00:00+00:00
[2024-12-21T06:33:38.399+0000] {processor.py:208} INFO - Processing /home/airflow/.local/lib/python3.12/site-packages/airflow/example_dags/example_inlet_event_extra.py took 0.666 seconds
[2024-12-21T06:34:47.660+0000] {processor.py:186} INFO - Started process (PID=68) to work on /home/airflow/.local/lib/python3.12/site-packages/airflow/example_dags/example_inlet_event_extra.py
[2024-12-21T06:34:47.661+0000] {processor.py:914} INFO - Processing file /home/airflow/.local/lib/python3.12/site-packages/airflow/example_dags/example_inlet_event_extra.py for tasks to queue
[2024-12-21T06:34:47.664+0000] {logging_mixin.py:190} INFO - [2024-12-21T06:34:47.664+0000] {dagbag.py:588} INFO - Filling up the DagBag from /home/airflow/.local/lib/python3.12/site-packages/airflow/example_dags/example_inlet_event_extra.py
[2024-12-21T06:34:48.784+0000] {processor.py:925} INFO - DAG(s) 'read_dataset_event', 'read_dataset_event_from_classic' retrieved from /home/airflow/.local/lib/python3.12/site-packages/airflow/example_dags/example_inlet_event_extra.py
[2024-12-21T06:34:48.812+0000] {logging_mixin.py:190} INFO - [2024-12-21T06:34:48.812+0000] {dag.py:3239} INFO - Sync 2 DAGs
[2024-12-21T06:34:48.839+0000] {logging_mixin.py:190} INFO - [2024-12-21T06:34:48.838+0000] {dag.py:4180} INFO - Setting next_dagrun for read_dataset_event to 2024-12-20 00:00:00+00:00, run_after=2024-12-21 00:00:00+00:00
[2024-12-21T06:34:48.844+0000] {logging_mixin.py:190} INFO - [2024-12-21T06:34:48.844+0000] {dag.py:4180} INFO - Setting next_dagrun for read_dataset_event_from_classic to 2024-12-20 00:00:00+00:00, run_after=2024-12-21 00:00:00+00:00
[2024-12-21T06:34:48.860+0000] {processor.py:208} INFO - Processing /home/airflow/.local/lib/python3.12/site-packages/airflow/example_dags/example_inlet_event_extra.py took 1.207 seconds
[2024-12-21T06:35:19.499+0000] {processor.py:186} INFO - Started process (PID=142) to work on /home/airflow/.local/lib/python3.12/site-packages/airflow/example_dags/example_inlet_event_extra.py
[2024-12-21T06:35:19.499+0000] {processor.py:914} INFO - Processing file /home/airflow/.local/lib/python3.12/site-packages/airflow/example_dags/example_inlet_event_extra.py for tasks to queue
[2024-12-21T06:35:19.501+0000] {logging_mixin.py:190} INFO - [2024-12-21T06:35:19.501+0000] {dagbag.py:588} INFO - Filling up the DagBag from /home/airflow/.local/lib/python3.12/site-packages/airflow/example_dags/example_inlet_event_extra.py
[2024-12-21T06:35:20.144+0000] {processor.py:925} INFO - DAG(s) 'read_dataset_event', 'read_dataset_event_from_classic' retrieved from /home/airflow/.local/lib/python3.12/site-packages/airflow/example_dags/example_inlet_event_extra.py
[2024-12-21T06:35:20.165+0000] {logging_mixin.py:190} INFO - [2024-12-21T06:35:20.165+0000] {dag.py:3239} INFO - Sync 2 DAGs
[2024-12-21T06:35:20.188+0000] {logging_mixin.py:190} INFO - [2024-12-21T06:35:20.188+0000] {dag.py:4180} INFO - Setting next_dagrun for read_dataset_event to 2024-12-20 00:00:00+00:00, run_after=2024-12-21 00:00:00+00:00
[2024-12-21T06:35:20.194+0000] {logging_mixin.py:190} INFO - [2024-12-21T06:35:20.194+0000] {dag.py:4180} INFO - Setting next_dagrun for read_dataset_event_from_classic to 2024-12-20 00:00:00+00:00, run_after=2024-12-21 00:00:00+00:00
[2024-12-21T06:35:20.216+0000] {processor.py:208} INFO - Processing /home/airflow/.local/lib/python3.12/site-packages/airflow/example_dags/example_inlet_event_extra.py took 0.722 seconds
[2024-12-21T06:35:50.871+0000] {processor.py:186} INFO - Started process (PID=208) to work on /home/airflow/.local/lib/python3.12/site-packages/airflow/example_dags/example_inlet_event_extra.py
[2024-12-21T06:35:50.873+0000] {processor.py:914} INFO - Processing file /home/airflow/.local/lib/python3.12/site-packages/airflow/example_dags/example_inlet_event_extra.py for tasks to queue
[2024-12-21T06:35:50.875+0000] {logging_mixin.py:190} INFO - [2024-12-21T06:35:50.875+0000] {dagbag.py:588} INFO - Filling up the DagBag from /home/airflow/.local/lib/python3.12/site-packages/airflow/example_dags/example_inlet_event_extra.py
[2024-12-21T06:35:51.563+0000] {processor.py:925} INFO - DAG(s) 'read_dataset_event_from_classic', 'read_dataset_event' retrieved from /home/airflow/.local/lib/python3.12/site-packages/airflow/example_dags/example_inlet_event_extra.py
[2024-12-21T06:35:51.585+0000] {logging_mixin.py:190} INFO - [2024-12-21T06:35:51.584+0000] {dag.py:3239} INFO - Sync 2 DAGs
[2024-12-21T06:35:51.614+0000] {logging_mixin.py:190} INFO - [2024-12-21T06:35:51.614+0000] {dag.py:4180} INFO - Setting next_dagrun for read_dataset_event to 2024-12-20 00:00:00+00:00, run_after=2024-12-21 00:00:00+00:00
[2024-12-21T06:35:51.621+0000] {logging_mixin.py:190} INFO - [2024-12-21T06:35:51.621+0000] {dag.py:4180} INFO - Setting next_dagrun for read_dataset_event_from_classic to 2024-12-20 00:00:00+00:00, run_after=2024-12-21 00:00:00+00:00
[2024-12-21T06:35:51.637+0000] {processor.py:208} INFO - Processing /home/airflow/.local/lib/python3.12/site-packages/airflow/example_dags/example_inlet_event_extra.py took 0.772 seconds
[2024-12-21T06:36:21.830+0000] {processor.py:186} INFO - Started process (PID=277) to work on /home/airflow/.local/lib/python3.12/site-packages/airflow/example_dags/example_inlet_event_extra.py
[2024-12-21T06:36:21.831+0000] {processor.py:914} INFO - Processing file /home/airflow/.local/lib/python3.12/site-packages/airflow/example_dags/example_inlet_event_extra.py for tasks to queue
[2024-12-21T06:36:21.833+0000] {logging_mixin.py:190} INFO - [2024-12-21T06:36:21.832+0000] {dagbag.py:588} INFO - Filling up the DagBag from /home/airflow/.local/lib/python3.12/site-packages/airflow/example_dags/example_inlet_event_extra.py
[2024-12-21T06:36:22.446+0000] {processor.py:925} INFO - DAG(s) 'read_dataset_event_from_classic', 'read_dataset_event' retrieved from /home/airflow/.local/lib/python3.12/site-packages/airflow/example_dags/example_inlet_event_extra.py
[2024-12-21T06:36:22.470+0000] {logging_mixin.py:190} INFO - [2024-12-21T06:36:22.470+0000] {dag.py:3239} INFO - Sync 2 DAGs
[2024-12-21T06:36:22.506+0000] {logging_mixin.py:190} INFO - [2024-12-21T06:36:22.505+0000] {dag.py:4180} INFO - Setting next_dagrun for read_dataset_event to 2024-12-20 00:00:00+00:00, run_after=2024-12-21 00:00:00+00:00
[2024-12-21T06:36:22.511+0000] {logging_mixin.py:190} INFO - [2024-12-21T06:36:22.511+0000] {dag.py:4180} INFO - Setting next_dagrun for read_dataset_event_from_classic to 2024-12-20 00:00:00+00:00, run_after=2024-12-21 00:00:00+00:00
[2024-12-21T06:36:22.531+0000] {processor.py:208} INFO - Processing /home/airflow/.local/lib/python3.12/site-packages/airflow/example_dags/example_inlet_event_extra.py took 0.706 seconds
[2024-12-21T06:36:52.637+0000] {processor.py:186} INFO - Started process (PID=342) to work on /home/airflow/.local/lib/python3.12/site-packages/airflow/example_dags/example_inlet_event_extra.py
[2024-12-21T06:36:52.639+0000] {processor.py:914} INFO - Processing file /home/airflow/.local/lib/python3.12/site-packages/airflow/example_dags/example_inlet_event_extra.py for tasks to queue
[2024-12-21T06:36:52.643+0000] {logging_mixin.py:190} INFO - [2024-12-21T06:36:52.642+0000] {dagbag.py:588} INFO - Filling up the DagBag from /home/airflow/.local/lib/python3.12/site-packages/airflow/example_dags/example_inlet_event_extra.py
[2024-12-21T06:36:53.729+0000] {processor.py:925} INFO - DAG(s) 'read_dataset_event', 'read_dataset_event_from_classic' retrieved from /home/airflow/.local/lib/python3.12/site-packages/airflow/example_dags/example_inlet_event_extra.py
[2024-12-21T06:36:53.781+0000] {logging_mixin.py:190} INFO - [2024-12-21T06:36:53.781+0000] {dag.py:3239} INFO - Sync 2 DAGs
[2024-12-21T06:36:53.837+0000] {logging_mixin.py:190} INFO - [2024-12-21T06:36:53.836+0000] {dag.py:4180} INFO - Setting next_dagrun for read_dataset_event to 2024-12-20 00:00:00+00:00, run_after=2024-12-21 00:00:00+00:00
[2024-12-21T06:36:53.853+0000] {logging_mixin.py:190} INFO - [2024-12-21T06:36:53.852+0000] {dag.py:4180} INFO - Setting next_dagrun for read_dataset_event_from_classic to 2024-12-20 00:00:00+00:00, run_after=2024-12-21 00:00:00+00:00
[2024-12-21T06:36:53.897+0000] {processor.py:208} INFO - Processing /home/airflow/.local/lib/python3.12/site-packages/airflow/example_dags/example_inlet_event_extra.py took 1.272 seconds
[2024-12-21T06:37:24.356+0000] {processor.py:186} INFO - Started process (PID=407) to work on /home/airflow/.local/lib/python3.12/site-packages/airflow/example_dags/example_inlet_event_extra.py
[2024-12-21T06:37:24.358+0000] {processor.py:914} INFO - Processing file /home/airflow/.local/lib/python3.12/site-packages/airflow/example_dags/example_inlet_event_extra.py for tasks to queue
[2024-12-21T06:37:24.360+0000] {logging_mixin.py:190} INFO - [2024-12-21T06:37:24.360+0000] {dagbag.py:588} INFO - Filling up the DagBag from /home/airflow/.local/lib/python3.12/site-packages/airflow/example_dags/example_inlet_event_extra.py
[2024-12-21T06:37:25.093+0000] {processor.py:925} INFO - DAG(s) 'read_dataset_event', 'read_dataset_event_from_classic' retrieved from /home/airflow/.local/lib/python3.12/site-packages/airflow/example_dags/example_inlet_event_extra.py
[2024-12-21T06:37:25.112+0000] {logging_mixin.py:190} INFO - [2024-12-21T06:37:25.112+0000] {dag.py:3239} INFO - Sync 2 DAGs
[2024-12-21T06:37:25.136+0000] {logging_mixin.py:190} INFO - [2024-12-21T06:37:25.135+0000] {dag.py:4180} INFO - Setting next_dagrun for read_dataset_event to 2024-12-20 00:00:00+00:00, run_after=2024-12-21 00:00:00+00:00
[2024-12-21T06:37:25.140+0000] {logging_mixin.py:190} INFO - [2024-12-21T06:37:25.140+0000] {dag.py:4180} INFO - Setting next_dagrun for read_dataset_event_from_classic to 2024-12-20 00:00:00+00:00, run_after=2024-12-21 00:00:00+00:00
[2024-12-21T06:37:25.153+0000] {processor.py:208} INFO - Processing /home/airflow/.local/lib/python3.12/site-packages/airflow/example_dags/example_inlet_event_extra.py took 0.803 seconds
[2024-12-21T06:37:55.294+0000] {processor.py:186} INFO - Started process (PID=473) to work on /home/airflow/.local/lib/python3.12/site-packages/airflow/example_dags/example_inlet_event_extra.py
[2024-12-21T06:37:55.295+0000] {processor.py:914} INFO - Processing file /home/airflow/.local/lib/python3.12/site-packages/airflow/example_dags/example_inlet_event_extra.py for tasks to queue
[2024-12-21T06:37:55.297+0000] {logging_mixin.py:190} INFO - [2024-12-21T06:37:55.297+0000] {dagbag.py:588} INFO - Filling up the DagBag from /home/airflow/.local/lib/python3.12/site-packages/airflow/example_dags/example_inlet_event_extra.py
[2024-12-21T06:37:55.939+0000] {processor.py:925} INFO - DAG(s) 'read_dataset_event_from_classic', 'read_dataset_event' retrieved from /home/airflow/.local/lib/python3.12/site-packages/airflow/example_dags/example_inlet_event_extra.py
[2024-12-21T06:37:55.968+0000] {logging_mixin.py:190} INFO - [2024-12-21T06:37:55.968+0000] {dag.py:3239} INFO - Sync 2 DAGs
[2024-12-21T06:37:55.999+0000] {logging_mixin.py:190} INFO - [2024-12-21T06:37:55.999+0000] {dag.py:4180} INFO - Setting next_dagrun for read_dataset_event to 2024-12-20 00:00:00+00:00, run_after=2024-12-21 00:00:00+00:00
[2024-12-21T06:37:56.006+0000] {logging_mixin.py:190} INFO - [2024-12-21T06:37:56.006+0000] {dag.py:4180} INFO - Setting next_dagrun for read_dataset_event_from_classic to 2024-12-20 00:00:00+00:00, run_after=2024-12-21 00:00:00+00:00
[2024-12-21T06:37:56.024+0000] {processor.py:208} INFO - Processing /home/airflow/.local/lib/python3.12/site-packages/airflow/example_dags/example_inlet_event_extra.py took 0.735 seconds
[2024-12-21T06:38:26.719+0000] {processor.py:186} INFO - Started process (PID=537) to work on /home/airflow/.local/lib/python3.12/site-packages/airflow/example_dags/example_inlet_event_extra.py
[2024-12-21T06:38:26.720+0000] {processor.py:914} INFO - Processing file /home/airflow/.local/lib/python3.12/site-packages/airflow/example_dags/example_inlet_event_extra.py for tasks to queue
[2024-12-21T06:38:26.722+0000] {logging_mixin.py:190} INFO - [2024-12-21T06:38:26.722+0000] {dagbag.py:588} INFO - Filling up the DagBag from /home/airflow/.local/lib/python3.12/site-packages/airflow/example_dags/example_inlet_event_extra.py
[2024-12-21T06:38:27.302+0000] {processor.py:925} INFO - DAG(s) 'read_dataset_event_from_classic', 'read_dataset_event' retrieved from /home/airflow/.local/lib/python3.12/site-packages/airflow/example_dags/example_inlet_event_extra.py
[2024-12-21T06:38:27.319+0000] {logging_mixin.py:190} INFO - [2024-12-21T06:38:27.319+0000] {dag.py:3239} INFO - Sync 2 DAGs
[2024-12-21T06:38:27.343+0000] {logging_mixin.py:190} INFO - [2024-12-21T06:38:27.343+0000] {dag.py:4180} INFO - Setting next_dagrun for read_dataset_event to 2024-12-20 00:00:00+00:00, run_after=2024-12-21 00:00:00+00:00
[2024-12-21T06:38:27.347+0000] {logging_mixin.py:190} INFO - [2024-12-21T06:38:27.347+0000] {dag.py:4180} INFO - Setting next_dagrun for read_dataset_event_from_classic to 2024-12-20 00:00:00+00:00, run_after=2024-12-21 00:00:00+00:00
[2024-12-21T06:38:27.367+0000] {processor.py:208} INFO - Processing /home/airflow/.local/lib/python3.12/site-packages/airflow/example_dags/example_inlet_event_extra.py took 0.653 seconds
