[2024-12-21T06:26:26.748+0000] {processor.py:186} INFO - Started process (PID=119) to work on /home/airflow/.local/lib/python3.12/site-packages/airflow/example_dags/example_branch_python_dop_operator_3.py
[2024-12-21T06:26:26.748+0000] {processor.py:914} INFO - Processing file /home/airflow/.local/lib/python3.12/site-packages/airflow/example_dags/example_branch_python_dop_operator_3.py for tasks to queue
[2024-12-21T06:26:26.751+0000] {logging_mixin.py:190} INFO - [2024-12-21T06:26:26.750+0000] {dagbag.py:588} INFO - Filling up the DagBag from /home/airflow/.local/lib/python3.12/site-packages/airflow/example_dags/example_branch_python_dop_operator_3.py
[2024-12-21T06:26:26.762+0000] {processor.py:925} INFO - DAG(s) 'example_branch_dop_operator_v3' retrieved from /home/airflow/.local/lib/python3.12/site-packages/airflow/example_dags/example_branch_python_dop_operator_3.py
[2024-12-21T06:26:26.871+0000] {logging_mixin.py:190} INFO - [2024-12-21T06:26:26.870+0000] {override.py:1911} INFO - Created Permission View: can read on DAG:example_branch_dop_operator_v3
[2024-12-21T06:26:26.885+0000] {logging_mixin.py:190} INFO - [2024-12-21T06:26:26.884+0000] {override.py:1911} INFO - Created Permission View: can delete on DAG:example_branch_dop_operator_v3
[2024-12-21T06:26:26.892+0000] {logging_mixin.py:190} INFO - [2024-12-21T06:26:26.892+0000] {override.py:1911} INFO - Created Permission View: can edit on DAG:example_branch_dop_operator_v3
[2024-12-21T06:26:26.900+0000] {logging_mixin.py:190} INFO - [2024-12-21T06:26:26.900+0000] {override.py:1911} INFO - Created Permission View: menu access on DAG Run:example_branch_dop_operator_v3
[2024-12-21T06:26:26.906+0000] {logging_mixin.py:190} INFO - [2024-12-21T06:26:26.906+0000] {override.py:1911} INFO - Created Permission View: can read on DAG Run:example_branch_dop_operator_v3
[2024-12-21T06:26:26.913+0000] {logging_mixin.py:190} INFO - [2024-12-21T06:26:26.912+0000] {override.py:1911} INFO - Created Permission View: can create on DAG Run:example_branch_dop_operator_v3
[2024-12-21T06:26:26.919+0000] {logging_mixin.py:190} INFO - [2024-12-21T06:26:26.919+0000] {override.py:1911} INFO - Created Permission View: can delete on DAG Run:example_branch_dop_operator_v3
[2024-12-21T06:26:26.920+0000] {logging_mixin.py:190} INFO - [2024-12-21T06:26:26.919+0000] {dag.py:3239} INFO - Sync 1 DAGs
[2024-12-21T06:26:26.936+0000] {logging_mixin.py:190} INFO - [2024-12-21T06:26:26.936+0000] {dag.py:3262} INFO - Creating ORM DAG for example_branch_dop_operator_v3
[2024-12-21T06:26:26.950+0000] {logging_mixin.py:190} INFO - [2024-12-21T06:26:26.950+0000] {dag.py:4180} INFO - Setting next_dagrun for example_branch_dop_operator_v3 to 2024-12-21 06:25:00+00:00, run_after=2024-12-21 06:26:00+00:00
[2024-12-21T06:26:26.966+0000] {processor.py:208} INFO - Processing /home/airflow/.local/lib/python3.12/site-packages/airflow/example_dags/example_branch_python_dop_operator_3.py took 0.225 seconds
[2024-12-21T06:26:57.164+0000] {processor.py:186} INFO - Started process (PID=182) to work on /home/airflow/.local/lib/python3.12/site-packages/airflow/example_dags/example_branch_python_dop_operator_3.py
[2024-12-21T06:26:57.165+0000] {processor.py:914} INFO - Processing file /home/airflow/.local/lib/python3.12/site-packages/airflow/example_dags/example_branch_python_dop_operator_3.py for tasks to queue
[2024-12-21T06:26:57.166+0000] {logging_mixin.py:190} INFO - [2024-12-21T06:26:57.166+0000] {dagbag.py:588} INFO - Filling up the DagBag from /home/airflow/.local/lib/python3.12/site-packages/airflow/example_dags/example_branch_python_dop_operator_3.py
[2024-12-21T06:26:57.176+0000] {processor.py:925} INFO - DAG(s) 'example_branch_dop_operator_v3' retrieved from /home/airflow/.local/lib/python3.12/site-packages/airflow/example_dags/example_branch_python_dop_operator_3.py
[2024-12-21T06:26:57.191+0000] {logging_mixin.py:190} INFO - [2024-12-21T06:26:57.190+0000] {dag.py:3239} INFO - Sync 1 DAGs
[2024-12-21T06:26:57.213+0000] {logging_mixin.py:190} INFO - [2024-12-21T06:26:57.213+0000] {dag.py:4180} INFO - Setting next_dagrun for example_branch_dop_operator_v3 to 2024-12-21 06:25:00+00:00, run_after=2024-12-21 06:26:00+00:00
[2024-12-21T06:26:57.230+0000] {processor.py:208} INFO - Processing /home/airflow/.local/lib/python3.12/site-packages/airflow/example_dags/example_branch_python_dop_operator_3.py took 0.072 seconds
[2024-12-21T06:27:27.902+0000] {processor.py:186} INFO - Started process (PID=245) to work on /home/airflow/.local/lib/python3.12/site-packages/airflow/example_dags/example_branch_python_dop_operator_3.py
[2024-12-21T06:27:27.903+0000] {processor.py:914} INFO - Processing file /home/airflow/.local/lib/python3.12/site-packages/airflow/example_dags/example_branch_python_dop_operator_3.py for tasks to queue
[2024-12-21T06:27:27.906+0000] {logging_mixin.py:190} INFO - [2024-12-21T06:27:27.905+0000] {dagbag.py:588} INFO - Filling up the DagBag from /home/airflow/.local/lib/python3.12/site-packages/airflow/example_dags/example_branch_python_dop_operator_3.py
[2024-12-21T06:27:27.915+0000] {processor.py:925} INFO - DAG(s) 'example_branch_dop_operator_v3' retrieved from /home/airflow/.local/lib/python3.12/site-packages/airflow/example_dags/example_branch_python_dop_operator_3.py
[2024-12-21T06:27:27.933+0000] {logging_mixin.py:190} INFO - [2024-12-21T06:27:27.933+0000] {dag.py:3239} INFO - Sync 1 DAGs
[2024-12-21T06:27:27.956+0000] {logging_mixin.py:190} INFO - [2024-12-21T06:27:27.956+0000] {dag.py:4180} INFO - Setting next_dagrun for example_branch_dop_operator_v3 to 2024-12-21 06:26:00+00:00, run_after=2024-12-21 06:27:00+00:00
[2024-12-21T06:27:27.978+0000] {processor.py:208} INFO - Processing /home/airflow/.local/lib/python3.12/site-packages/airflow/example_dags/example_branch_python_dop_operator_3.py took 0.081 seconds
[2024-12-21T06:27:58.819+0000] {processor.py:186} INFO - Started process (PID=308) to work on /home/airflow/.local/lib/python3.12/site-packages/airflow/example_dags/example_branch_python_dop_operator_3.py
[2024-12-21T06:27:58.820+0000] {processor.py:914} INFO - Processing file /home/airflow/.local/lib/python3.12/site-packages/airflow/example_dags/example_branch_python_dop_operator_3.py for tasks to queue
[2024-12-21T06:27:58.822+0000] {logging_mixin.py:190} INFO - [2024-12-21T06:27:58.821+0000] {dagbag.py:588} INFO - Filling up the DagBag from /home/airflow/.local/lib/python3.12/site-packages/airflow/example_dags/example_branch_python_dop_operator_3.py
[2024-12-21T06:27:58.832+0000] {processor.py:925} INFO - DAG(s) 'example_branch_dop_operator_v3' retrieved from /home/airflow/.local/lib/python3.12/site-packages/airflow/example_dags/example_branch_python_dop_operator_3.py
[2024-12-21T06:27:58.853+0000] {logging_mixin.py:190} INFO - [2024-12-21T06:27:58.853+0000] {dag.py:3239} INFO - Sync 1 DAGs
[2024-12-21T06:27:58.888+0000] {logging_mixin.py:190} INFO - [2024-12-21T06:27:58.887+0000] {dag.py:4180} INFO - Setting next_dagrun for example_branch_dop_operator_v3 to 2024-12-21 06:26:00+00:00, run_after=2024-12-21 06:27:00+00:00
[2024-12-21T06:27:58.913+0000] {processor.py:208} INFO - Processing /home/airflow/.local/lib/python3.12/site-packages/airflow/example_dags/example_branch_python_dop_operator_3.py took 0.099 seconds
[2024-12-21T06:28:29.222+0000] {processor.py:186} INFO - Started process (PID=370) to work on /home/airflow/.local/lib/python3.12/site-packages/airflow/example_dags/example_branch_python_dop_operator_3.py
[2024-12-21T06:28:29.222+0000] {processor.py:914} INFO - Processing file /home/airflow/.local/lib/python3.12/site-packages/airflow/example_dags/example_branch_python_dop_operator_3.py for tasks to queue
[2024-12-21T06:28:29.224+0000] {logging_mixin.py:190} INFO - [2024-12-21T06:28:29.224+0000] {dagbag.py:588} INFO - Filling up the DagBag from /home/airflow/.local/lib/python3.12/site-packages/airflow/example_dags/example_branch_python_dop_operator_3.py
[2024-12-21T06:28:29.233+0000] {processor.py:925} INFO - DAG(s) 'example_branch_dop_operator_v3' retrieved from /home/airflow/.local/lib/python3.12/site-packages/airflow/example_dags/example_branch_python_dop_operator_3.py
[2024-12-21T06:28:29.249+0000] {logging_mixin.py:190} INFO - [2024-12-21T06:28:29.249+0000] {dag.py:3239} INFO - Sync 1 DAGs
[2024-12-21T06:28:29.273+0000] {logging_mixin.py:190} INFO - [2024-12-21T06:28:29.273+0000] {dag.py:4180} INFO - Setting next_dagrun for example_branch_dop_operator_v3 to 2024-12-21 06:27:00+00:00, run_after=2024-12-21 06:28:00+00:00
[2024-12-21T06:28:29.289+0000] {processor.py:208} INFO - Processing /home/airflow/.local/lib/python3.12/site-packages/airflow/example_dags/example_branch_python_dop_operator_3.py took 0.073 seconds
[2024-12-21T06:28:59.511+0000] {processor.py:186} INFO - Started process (PID=433) to work on /home/airflow/.local/lib/python3.12/site-packages/airflow/example_dags/example_branch_python_dop_operator_3.py
[2024-12-21T06:28:59.512+0000] {processor.py:914} INFO - Processing file /home/airflow/.local/lib/python3.12/site-packages/airflow/example_dags/example_branch_python_dop_operator_3.py for tasks to queue
[2024-12-21T06:28:59.514+0000] {logging_mixin.py:190} INFO - [2024-12-21T06:28:59.514+0000] {dagbag.py:588} INFO - Filling up the DagBag from /home/airflow/.local/lib/python3.12/site-packages/airflow/example_dags/example_branch_python_dop_operator_3.py
[2024-12-21T06:28:59.522+0000] {processor.py:925} INFO - DAG(s) 'example_branch_dop_operator_v3' retrieved from /home/airflow/.local/lib/python3.12/site-packages/airflow/example_dags/example_branch_python_dop_operator_3.py
[2024-12-21T06:28:59.539+0000] {logging_mixin.py:190} INFO - [2024-12-21T06:28:59.539+0000] {dag.py:3239} INFO - Sync 1 DAGs
[2024-12-21T06:28:59.560+0000] {logging_mixin.py:190} INFO - [2024-12-21T06:28:59.560+0000] {dag.py:4180} INFO - Setting next_dagrun for example_branch_dop_operator_v3 to 2024-12-21 06:27:00+00:00, run_after=2024-12-21 06:28:00+00:00
[2024-12-21T06:28:59.574+0000] {processor.py:208} INFO - Processing /home/airflow/.local/lib/python3.12/site-packages/airflow/example_dags/example_branch_python_dop_operator_3.py took 0.067 seconds
[2024-12-21T06:29:30.810+0000] {processor.py:186} INFO - Started process (PID=496) to work on /home/airflow/.local/lib/python3.12/site-packages/airflow/example_dags/example_branch_python_dop_operator_3.py
[2024-12-21T06:29:30.811+0000] {processor.py:914} INFO - Processing file /home/airflow/.local/lib/python3.12/site-packages/airflow/example_dags/example_branch_python_dop_operator_3.py for tasks to queue
[2024-12-21T06:29:30.814+0000] {logging_mixin.py:190} INFO - [2024-12-21T06:29:30.813+0000] {dagbag.py:588} INFO - Filling up the DagBag from /home/airflow/.local/lib/python3.12/site-packages/airflow/example_dags/example_branch_python_dop_operator_3.py
[2024-12-21T06:29:30.829+0000] {processor.py:925} INFO - DAG(s) 'example_branch_dop_operator_v3' retrieved from /home/airflow/.local/lib/python3.12/site-packages/airflow/example_dags/example_branch_python_dop_operator_3.py
[2024-12-21T06:29:30.855+0000] {logging_mixin.py:190} INFO - [2024-12-21T06:29:30.855+0000] {dag.py:3239} INFO - Sync 1 DAGs
[2024-12-21T06:29:30.894+0000] {logging_mixin.py:190} INFO - [2024-12-21T06:29:30.894+0000] {dag.py:4180} INFO - Setting next_dagrun for example_branch_dop_operator_v3 to 2024-12-21 06:28:00+00:00, run_after=2024-12-21 06:29:00+00:00
[2024-12-21T06:29:30.913+0000] {processor.py:208} INFO - Processing /home/airflow/.local/lib/python3.12/site-packages/airflow/example_dags/example_branch_python_dop_operator_3.py took 0.110 seconds
[2024-12-21T06:30:01.703+0000] {processor.py:186} INFO - Started process (PID=559) to work on /home/airflow/.local/lib/python3.12/site-packages/airflow/example_dags/example_branch_python_dop_operator_3.py
[2024-12-21T06:30:01.703+0000] {processor.py:914} INFO - Processing file /home/airflow/.local/lib/python3.12/site-packages/airflow/example_dags/example_branch_python_dop_operator_3.py for tasks to queue
[2024-12-21T06:30:01.705+0000] {logging_mixin.py:190} INFO - [2024-12-21T06:30:01.705+0000] {dagbag.py:588} INFO - Filling up the DagBag from /home/airflow/.local/lib/python3.12/site-packages/airflow/example_dags/example_branch_python_dop_operator_3.py
[2024-12-21T06:30:01.715+0000] {processor.py:925} INFO - DAG(s) 'example_branch_dop_operator_v3' retrieved from /home/airflow/.local/lib/python3.12/site-packages/airflow/example_dags/example_branch_python_dop_operator_3.py
[2024-12-21T06:30:01.732+0000] {logging_mixin.py:190} INFO - [2024-12-21T06:30:01.732+0000] {dag.py:3239} INFO - Sync 1 DAGs
[2024-12-21T06:30:01.756+0000] {logging_mixin.py:190} INFO - [2024-12-21T06:30:01.756+0000] {dag.py:4180} INFO - Setting next_dagrun for example_branch_dop_operator_v3 to 2024-12-21 06:29:00+00:00, run_after=2024-12-21 06:30:00+00:00
[2024-12-21T06:30:01.772+0000] {processor.py:208} INFO - Processing /home/airflow/.local/lib/python3.12/site-packages/airflow/example_dags/example_branch_python_dop_operator_3.py took 0.075 seconds
[2024-12-21T06:30:32.923+0000] {processor.py:186} INFO - Started process (PID=622) to work on /home/airflow/.local/lib/python3.12/site-packages/airflow/example_dags/example_branch_python_dop_operator_3.py
[2024-12-21T06:30:32.924+0000] {processor.py:914} INFO - Processing file /home/airflow/.local/lib/python3.12/site-packages/airflow/example_dags/example_branch_python_dop_operator_3.py for tasks to queue
[2024-12-21T06:30:32.926+0000] {logging_mixin.py:190} INFO - [2024-12-21T06:30:32.926+0000] {dagbag.py:588} INFO - Filling up the DagBag from /home/airflow/.local/lib/python3.12/site-packages/airflow/example_dags/example_branch_python_dop_operator_3.py
[2024-12-21T06:30:32.936+0000] {processor.py:925} INFO - DAG(s) 'example_branch_dop_operator_v3' retrieved from /home/airflow/.local/lib/python3.12/site-packages/airflow/example_dags/example_branch_python_dop_operator_3.py
[2024-12-21T06:30:32.953+0000] {logging_mixin.py:190} INFO - [2024-12-21T06:30:32.953+0000] {dag.py:3239} INFO - Sync 1 DAGs
[2024-12-21T06:30:32.978+0000] {logging_mixin.py:190} INFO - [2024-12-21T06:30:32.978+0000] {dag.py:4180} INFO - Setting next_dagrun for example_branch_dop_operator_v3 to 2024-12-21 06:29:00+00:00, run_after=2024-12-21 06:30:00+00:00
[2024-12-21T06:30:33.003+0000] {processor.py:208} INFO - Processing /home/airflow/.local/lib/python3.12/site-packages/airflow/example_dags/example_branch_python_dop_operator_3.py took 0.085 seconds
[2024-12-21T06:31:05.642+0000] {processor.py:186} INFO - Started process (PID=685) to work on /home/airflow/.local/lib/python3.12/site-packages/airflow/example_dags/example_branch_python_dop_operator_3.py
[2024-12-21T06:31:05.643+0000] {processor.py:914} INFO - Processing file /home/airflow/.local/lib/python3.12/site-packages/airflow/example_dags/example_branch_python_dop_operator_3.py for tasks to queue
[2024-12-21T06:31:05.645+0000] {logging_mixin.py:190} INFO - [2024-12-21T06:31:05.645+0000] {dagbag.py:588} INFO - Filling up the DagBag from /home/airflow/.local/lib/python3.12/site-packages/airflow/example_dags/example_branch_python_dop_operator_3.py
[2024-12-21T06:31:05.658+0000] {processor.py:925} INFO - DAG(s) 'example_branch_dop_operator_v3' retrieved from /home/airflow/.local/lib/python3.12/site-packages/airflow/example_dags/example_branch_python_dop_operator_3.py
[2024-12-21T06:31:05.688+0000] {logging_mixin.py:190} INFO - [2024-12-21T06:31:05.688+0000] {dag.py:3239} INFO - Sync 1 DAGs
[2024-12-21T06:31:05.725+0000] {logging_mixin.py:190} INFO - [2024-12-21T06:31:05.725+0000] {dag.py:4180} INFO - Setting next_dagrun for example_branch_dop_operator_v3 to 2024-12-21 06:30:00+00:00, run_after=2024-12-21 06:31:00+00:00
[2024-12-21T06:31:05.746+0000] {processor.py:208} INFO - Processing /home/airflow/.local/lib/python3.12/site-packages/airflow/example_dags/example_branch_python_dop_operator_3.py took 0.110 seconds
[2024-12-21T06:31:36.911+0000] {processor.py:186} INFO - Started process (PID=748) to work on /home/airflow/.local/lib/python3.12/site-packages/airflow/example_dags/example_branch_python_dop_operator_3.py
[2024-12-21T06:31:36.912+0000] {processor.py:914} INFO - Processing file /home/airflow/.local/lib/python3.12/site-packages/airflow/example_dags/example_branch_python_dop_operator_3.py for tasks to queue
[2024-12-21T06:31:36.915+0000] {logging_mixin.py:190} INFO - [2024-12-21T06:31:36.914+0000] {dagbag.py:588} INFO - Filling up the DagBag from /home/airflow/.local/lib/python3.12/site-packages/airflow/example_dags/example_branch_python_dop_operator_3.py
[2024-12-21T06:31:36.928+0000] {processor.py:925} INFO - DAG(s) 'example_branch_dop_operator_v3' retrieved from /home/airflow/.local/lib/python3.12/site-packages/airflow/example_dags/example_branch_python_dop_operator_3.py
[2024-12-21T06:31:36.952+0000] {logging_mixin.py:190} INFO - [2024-12-21T06:31:36.952+0000] {dag.py:3239} INFO - Sync 1 DAGs
[2024-12-21T06:31:36.991+0000] {logging_mixin.py:190} INFO - [2024-12-21T06:31:36.990+0000] {dag.py:4180} INFO - Setting next_dagrun for example_branch_dop_operator_v3 to 2024-12-21 06:30:00+00:00, run_after=2024-12-21 06:31:00+00:00
[2024-12-21T06:31:37.016+0000] {processor.py:208} INFO - Processing /home/airflow/.local/lib/python3.12/site-packages/airflow/example_dags/example_branch_python_dop_operator_3.py took 0.111 seconds
[2024-12-21T06:32:07.616+0000] {processor.py:186} INFO - Started process (PID=811) to work on /home/airflow/.local/lib/python3.12/site-packages/airflow/example_dags/example_branch_python_dop_operator_3.py
[2024-12-21T06:32:07.617+0000] {processor.py:914} INFO - Processing file /home/airflow/.local/lib/python3.12/site-packages/airflow/example_dags/example_branch_python_dop_operator_3.py for tasks to queue
[2024-12-21T06:32:07.619+0000] {logging_mixin.py:190} INFO - [2024-12-21T06:32:07.618+0000] {dagbag.py:588} INFO - Filling up the DagBag from /home/airflow/.local/lib/python3.12/site-packages/airflow/example_dags/example_branch_python_dop_operator_3.py
[2024-12-21T06:32:07.628+0000] {processor.py:925} INFO - DAG(s) 'example_branch_dop_operator_v3' retrieved from /home/airflow/.local/lib/python3.12/site-packages/airflow/example_dags/example_branch_python_dop_operator_3.py
[2024-12-21T06:32:07.646+0000] {logging_mixin.py:190} INFO - [2024-12-21T06:32:07.645+0000] {dag.py:3239} INFO - Sync 1 DAGs
[2024-12-21T06:32:07.667+0000] {logging_mixin.py:190} INFO - [2024-12-21T06:32:07.667+0000] {dag.py:4180} INFO - Setting next_dagrun for example_branch_dop_operator_v3 to 2024-12-21 06:31:00+00:00, run_after=2024-12-21 06:32:00+00:00
[2024-12-21T06:32:07.682+0000] {processor.py:208} INFO - Processing /home/airflow/.local/lib/python3.12/site-packages/airflow/example_dags/example_branch_python_dop_operator_3.py took 0.072 seconds
[2024-12-21T06:32:38.550+0000] {processor.py:186} INFO - Started process (PID=874) to work on /home/airflow/.local/lib/python3.12/site-packages/airflow/example_dags/example_branch_python_dop_operator_3.py
[2024-12-21T06:32:38.551+0000] {processor.py:914} INFO - Processing file /home/airflow/.local/lib/python3.12/site-packages/airflow/example_dags/example_branch_python_dop_operator_3.py for tasks to queue
[2024-12-21T06:32:38.554+0000] {logging_mixin.py:190} INFO - [2024-12-21T06:32:38.553+0000] {dagbag.py:588} INFO - Filling up the DagBag from /home/airflow/.local/lib/python3.12/site-packages/airflow/example_dags/example_branch_python_dop_operator_3.py
[2024-12-21T06:32:38.568+0000] {processor.py:925} INFO - DAG(s) 'example_branch_dop_operator_v3' retrieved from /home/airflow/.local/lib/python3.12/site-packages/airflow/example_dags/example_branch_python_dop_operator_3.py
[2024-12-21T06:32:38.593+0000] {logging_mixin.py:190} INFO - [2024-12-21T06:32:38.593+0000] {dag.py:3239} INFO - Sync 1 DAGs
[2024-12-21T06:32:38.641+0000] {logging_mixin.py:190} INFO - [2024-12-21T06:32:38.641+0000] {dag.py:4180} INFO - Setting next_dagrun for example_branch_dop_operator_v3 to 2024-12-21 06:31:00+00:00, run_after=2024-12-21 06:32:00+00:00
[2024-12-21T06:32:38.665+0000] {processor.py:208} INFO - Processing /home/airflow/.local/lib/python3.12/site-packages/airflow/example_dags/example_branch_python_dop_operator_3.py took 0.123 seconds
[2024-12-21T06:33:09.833+0000] {processor.py:186} INFO - Started process (PID=937) to work on /home/airflow/.local/lib/python3.12/site-packages/airflow/example_dags/example_branch_python_dop_operator_3.py
[2024-12-21T06:33:09.834+0000] {processor.py:914} INFO - Processing file /home/airflow/.local/lib/python3.12/site-packages/airflow/example_dags/example_branch_python_dop_operator_3.py for tasks to queue
[2024-12-21T06:33:09.837+0000] {logging_mixin.py:190} INFO - [2024-12-21T06:33:09.836+0000] {dagbag.py:588} INFO - Filling up the DagBag from /home/airflow/.local/lib/python3.12/site-packages/airflow/example_dags/example_branch_python_dop_operator_3.py
[2024-12-21T06:33:09.846+0000] {processor.py:925} INFO - DAG(s) 'example_branch_dop_operator_v3' retrieved from /home/airflow/.local/lib/python3.12/site-packages/airflow/example_dags/example_branch_python_dop_operator_3.py
[2024-12-21T06:33:09.864+0000] {logging_mixin.py:190} INFO - [2024-12-21T06:33:09.864+0000] {dag.py:3239} INFO - Sync 1 DAGs
[2024-12-21T06:33:09.891+0000] {logging_mixin.py:190} INFO - [2024-12-21T06:33:09.891+0000] {dag.py:4180} INFO - Setting next_dagrun for example_branch_dop_operator_v3 to 2024-12-21 06:32:00+00:00, run_after=2024-12-21 06:33:00+00:00
[2024-12-21T06:33:09.907+0000] {processor.py:208} INFO - Processing /home/airflow/.local/lib/python3.12/site-packages/airflow/example_dags/example_branch_python_dop_operator_3.py took 0.079 seconds
[2024-12-21T06:33:41.203+0000] {processor.py:186} INFO - Started process (PID=1000) to work on /home/airflow/.local/lib/python3.12/site-packages/airflow/example_dags/example_branch_python_dop_operator_3.py
[2024-12-21T06:33:41.204+0000] {processor.py:914} INFO - Processing file /home/airflow/.local/lib/python3.12/site-packages/airflow/example_dags/example_branch_python_dop_operator_3.py for tasks to queue
[2024-12-21T06:33:41.207+0000] {logging_mixin.py:190} INFO - [2024-12-21T06:33:41.206+0000] {dagbag.py:588} INFO - Filling up the DagBag from /home/airflow/.local/lib/python3.12/site-packages/airflow/example_dags/example_branch_python_dop_operator_3.py
[2024-12-21T06:33:41.220+0000] {processor.py:925} INFO - DAG(s) 'example_branch_dop_operator_v3' retrieved from /home/airflow/.local/lib/python3.12/site-packages/airflow/example_dags/example_branch_python_dop_operator_3.py
[2024-12-21T06:33:41.241+0000] {logging_mixin.py:190} INFO - [2024-12-21T06:33:41.241+0000] {dag.py:3239} INFO - Sync 1 DAGs
[2024-12-21T06:33:41.273+0000] {logging_mixin.py:190} INFO - [2024-12-21T06:33:41.272+0000] {dag.py:4180} INFO - Setting next_dagrun for example_branch_dop_operator_v3 to 2024-12-21 06:32:00+00:00, run_after=2024-12-21 06:33:00+00:00
[2024-12-21T06:33:41.297+0000] {processor.py:208} INFO - Processing /home/airflow/.local/lib/python3.12/site-packages/airflow/example_dags/example_branch_python_dop_operator_3.py took 0.102 seconds
[2024-12-21T06:34:52.839+0000] {processor.py:186} INFO - Started process (PID=109) to work on /home/airflow/.local/lib/python3.12/site-packages/airflow/example_dags/example_branch_python_dop_operator_3.py
[2024-12-21T06:34:52.841+0000] {processor.py:914} INFO - Processing file /home/airflow/.local/lib/python3.12/site-packages/airflow/example_dags/example_branch_python_dop_operator_3.py for tasks to queue
[2024-12-21T06:34:52.846+0000] {logging_mixin.py:190} INFO - [2024-12-21T06:34:52.845+0000] {dagbag.py:588} INFO - Filling up the DagBag from /home/airflow/.local/lib/python3.12/site-packages/airflow/example_dags/example_branch_python_dop_operator_3.py
[2024-12-21T06:34:52.870+0000] {processor.py:925} INFO - DAG(s) 'example_branch_dop_operator_v3' retrieved from /home/airflow/.local/lib/python3.12/site-packages/airflow/example_dags/example_branch_python_dop_operator_3.py
[2024-12-21T06:34:52.907+0000] {logging_mixin.py:190} INFO - [2024-12-21T06:34:52.906+0000] {dag.py:3239} INFO - Sync 1 DAGs
[2024-12-21T06:34:52.951+0000] {logging_mixin.py:190} INFO - [2024-12-21T06:34:52.951+0000] {dag.py:4180} INFO - Setting next_dagrun for example_branch_dop_operator_v3 to 2024-12-21 06:33:00+00:00, run_after=2024-12-21 06:34:00+00:00
[2024-12-21T06:34:52.970+0000] {processor.py:208} INFO - Processing /home/airflow/.local/lib/python3.12/site-packages/airflow/example_dags/example_branch_python_dop_operator_3.py took 0.144 seconds
[2024-12-21T06:35:23.985+0000] {processor.py:186} INFO - Started process (PID=174) to work on /home/airflow/.local/lib/python3.12/site-packages/airflow/example_dags/example_branch_python_dop_operator_3.py
[2024-12-21T06:35:23.986+0000] {processor.py:914} INFO - Processing file /home/airflow/.local/lib/python3.12/site-packages/airflow/example_dags/example_branch_python_dop_operator_3.py for tasks to queue
[2024-12-21T06:35:23.988+0000] {logging_mixin.py:190} INFO - [2024-12-21T06:35:23.988+0000] {dagbag.py:588} INFO - Filling up the DagBag from /home/airflow/.local/lib/python3.12/site-packages/airflow/example_dags/example_branch_python_dop_operator_3.py
[2024-12-21T06:35:24.001+0000] {processor.py:925} INFO - DAG(s) 'example_branch_dop_operator_v3' retrieved from /home/airflow/.local/lib/python3.12/site-packages/airflow/example_dags/example_branch_python_dop_operator_3.py
[2024-12-21T06:35:24.025+0000] {logging_mixin.py:190} INFO - [2024-12-21T06:35:24.025+0000] {dag.py:3239} INFO - Sync 1 DAGs
[2024-12-21T06:35:24.058+0000] {logging_mixin.py:190} INFO - [2024-12-21T06:35:24.058+0000] {dag.py:4180} INFO - Setting next_dagrun for example_branch_dop_operator_v3 to 2024-12-21 06:34:00+00:00, run_after=2024-12-21 06:35:00+00:00
[2024-12-21T06:35:24.078+0000] {processor.py:208} INFO - Processing /home/airflow/.local/lib/python3.12/site-packages/airflow/example_dags/example_branch_python_dop_operator_3.py took 0.100 seconds
[2024-12-21T06:35:54.545+0000] {processor.py:186} INFO - Started process (PID=239) to work on /home/airflow/.local/lib/python3.12/site-packages/airflow/example_dags/example_branch_python_dop_operator_3.py
[2024-12-21T06:35:54.547+0000] {processor.py:914} INFO - Processing file /home/airflow/.local/lib/python3.12/site-packages/airflow/example_dags/example_branch_python_dop_operator_3.py for tasks to queue
[2024-12-21T06:35:54.549+0000] {logging_mixin.py:190} INFO - [2024-12-21T06:35:54.549+0000] {dagbag.py:588} INFO - Filling up the DagBag from /home/airflow/.local/lib/python3.12/site-packages/airflow/example_dags/example_branch_python_dop_operator_3.py
[2024-12-21T06:35:54.560+0000] {processor.py:925} INFO - DAG(s) 'example_branch_dop_operator_v3' retrieved from /home/airflow/.local/lib/python3.12/site-packages/airflow/example_dags/example_branch_python_dop_operator_3.py
[2024-12-21T06:35:54.580+0000] {logging_mixin.py:190} INFO - [2024-12-21T06:35:54.580+0000] {dag.py:3239} INFO - Sync 1 DAGs
[2024-12-21T06:35:54.608+0000] {logging_mixin.py:190} INFO - [2024-12-21T06:35:54.607+0000] {dag.py:4180} INFO - Setting next_dagrun for example_branch_dop_operator_v3 to 2024-12-21 06:34:00+00:00, run_after=2024-12-21 06:35:00+00:00
[2024-12-21T06:35:54.633+0000] {processor.py:208} INFO - Processing /home/airflow/.local/lib/python3.12/site-packages/airflow/example_dags/example_branch_python_dop_operator_3.py took 0.093 seconds
[2024-12-21T06:36:25.065+0000] {processor.py:186} INFO - Started process (PID=307) to work on /home/airflow/.local/lib/python3.12/site-packages/airflow/example_dags/example_branch_python_dop_operator_3.py
[2024-12-21T06:36:25.066+0000] {processor.py:914} INFO - Processing file /home/airflow/.local/lib/python3.12/site-packages/airflow/example_dags/example_branch_python_dop_operator_3.py for tasks to queue
[2024-12-21T06:36:25.069+0000] {logging_mixin.py:190} INFO - [2024-12-21T06:36:25.068+0000] {dagbag.py:588} INFO - Filling up the DagBag from /home/airflow/.local/lib/python3.12/site-packages/airflow/example_dags/example_branch_python_dop_operator_3.py
[2024-12-21T06:36:25.080+0000] {processor.py:925} INFO - DAG(s) 'example_branch_dop_operator_v3' retrieved from /home/airflow/.local/lib/python3.12/site-packages/airflow/example_dags/example_branch_python_dop_operator_3.py
[2024-12-21T06:36:25.105+0000] {logging_mixin.py:190} INFO - [2024-12-21T06:36:25.104+0000] {dag.py:3239} INFO - Sync 1 DAGs
[2024-12-21T06:36:25.138+0000] {logging_mixin.py:190} INFO - [2024-12-21T06:36:25.138+0000] {dag.py:4180} INFO - Setting next_dagrun for example_branch_dop_operator_v3 to 2024-12-21 06:35:00+00:00, run_after=2024-12-21 06:36:00+00:00
[2024-12-21T06:36:25.163+0000] {processor.py:208} INFO - Processing /home/airflow/.local/lib/python3.12/site-packages/airflow/example_dags/example_branch_python_dop_operator_3.py took 0.105 seconds
[2024-12-21T06:36:57.249+0000] {processor.py:186} INFO - Started process (PID=373) to work on /home/airflow/.local/lib/python3.12/site-packages/airflow/example_dags/example_branch_python_dop_operator_3.py
[2024-12-21T06:36:57.250+0000] {processor.py:914} INFO - Processing file /home/airflow/.local/lib/python3.12/site-packages/airflow/example_dags/example_branch_python_dop_operator_3.py for tasks to queue
[2024-12-21T06:36:57.251+0000] {logging_mixin.py:190} INFO - [2024-12-21T06:36:57.251+0000] {dagbag.py:588} INFO - Filling up the DagBag from /home/airflow/.local/lib/python3.12/site-packages/airflow/example_dags/example_branch_python_dop_operator_3.py
[2024-12-21T06:36:57.261+0000] {processor.py:925} INFO - DAG(s) 'example_branch_dop_operator_v3' retrieved from /home/airflow/.local/lib/python3.12/site-packages/airflow/example_dags/example_branch_python_dop_operator_3.py
[2024-12-21T06:36:57.277+0000] {logging_mixin.py:190} INFO - [2024-12-21T06:36:57.277+0000] {dag.py:3239} INFO - Sync 1 DAGs
[2024-12-21T06:36:57.298+0000] {logging_mixin.py:190} INFO - [2024-12-21T06:36:57.298+0000] {dag.py:4180} INFO - Setting next_dagrun for example_branch_dop_operator_v3 to 2024-12-21 06:35:00+00:00, run_after=2024-12-21 06:36:00+00:00
[2024-12-21T06:36:57.311+0000] {processor.py:208} INFO - Processing /home/airflow/.local/lib/python3.12/site-packages/airflow/example_dags/example_branch_python_dop_operator_3.py took 0.067 seconds
[2024-12-21T06:37:28.554+0000] {processor.py:186} INFO - Started process (PID=438) to work on /home/airflow/.local/lib/python3.12/site-packages/airflow/example_dags/example_branch_python_dop_operator_3.py
[2024-12-21T06:37:28.554+0000] {processor.py:914} INFO - Processing file /home/airflow/.local/lib/python3.12/site-packages/airflow/example_dags/example_branch_python_dop_operator_3.py for tasks to queue
[2024-12-21T06:37:28.556+0000] {logging_mixin.py:190} INFO - [2024-12-21T06:37:28.556+0000] {dagbag.py:588} INFO - Filling up the DagBag from /home/airflow/.local/lib/python3.12/site-packages/airflow/example_dags/example_branch_python_dop_operator_3.py
[2024-12-21T06:37:28.565+0000] {processor.py:925} INFO - DAG(s) 'example_branch_dop_operator_v3' retrieved from /home/airflow/.local/lib/python3.12/site-packages/airflow/example_dags/example_branch_python_dop_operator_3.py
[2024-12-21T06:37:28.583+0000] {logging_mixin.py:190} INFO - [2024-12-21T06:37:28.583+0000] {dag.py:3239} INFO - Sync 1 DAGs
[2024-12-21T06:37:28.610+0000] {logging_mixin.py:190} INFO - [2024-12-21T06:37:28.610+0000] {dag.py:4180} INFO - Setting next_dagrun for example_branch_dop_operator_v3 to 2024-12-21 06:36:00+00:00, run_after=2024-12-21 06:37:00+00:00
[2024-12-21T06:37:28.630+0000] {processor.py:208} INFO - Processing /home/airflow/.local/lib/python3.12/site-packages/airflow/example_dags/example_branch_python_dop_operator_3.py took 0.081 seconds
[2024-12-21T06:38:00.342+0000] {processor.py:186} INFO - Started process (PID=503) to work on /home/airflow/.local/lib/python3.12/site-packages/airflow/example_dags/example_branch_python_dop_operator_3.py
[2024-12-21T06:38:00.343+0000] {processor.py:914} INFO - Processing file /home/airflow/.local/lib/python3.12/site-packages/airflow/example_dags/example_branch_python_dop_operator_3.py for tasks to queue
[2024-12-21T06:38:00.345+0000] {logging_mixin.py:190} INFO - [2024-12-21T06:38:00.345+0000] {dagbag.py:588} INFO - Filling up the DagBag from /home/airflow/.local/lib/python3.12/site-packages/airflow/example_dags/example_branch_python_dop_operator_3.py
[2024-12-21T06:38:00.356+0000] {processor.py:925} INFO - DAG(s) 'example_branch_dop_operator_v3' retrieved from /home/airflow/.local/lib/python3.12/site-packages/airflow/example_dags/example_branch_python_dop_operator_3.py
[2024-12-21T06:38:00.377+0000] {logging_mixin.py:190} INFO - [2024-12-21T06:38:00.377+0000] {dag.py:3239} INFO - Sync 1 DAGs
[2024-12-21T06:38:00.405+0000] {logging_mixin.py:190} INFO - [2024-12-21T06:38:00.405+0000] {dag.py:4180} INFO - Setting next_dagrun for example_branch_dop_operator_v3 to 2024-12-21 06:37:00+00:00, run_after=2024-12-21 06:38:00+00:00
[2024-12-21T06:38:00.424+0000] {processor.py:208} INFO - Processing /home/airflow/.local/lib/python3.12/site-packages/airflow/example_dags/example_branch_python_dop_operator_3.py took 0.087 seconds
[2024-12-21T06:38:31.869+0000] {processor.py:186} INFO - Started process (PID=568) to work on /home/airflow/.local/lib/python3.12/site-packages/airflow/example_dags/example_branch_python_dop_operator_3.py
[2024-12-21T06:38:31.870+0000] {processor.py:914} INFO - Processing file /home/airflow/.local/lib/python3.12/site-packages/airflow/example_dags/example_branch_python_dop_operator_3.py for tasks to queue
[2024-12-21T06:38:31.872+0000] {logging_mixin.py:190} INFO - [2024-12-21T06:38:31.871+0000] {dagbag.py:588} INFO - Filling up the DagBag from /home/airflow/.local/lib/python3.12/site-packages/airflow/example_dags/example_branch_python_dop_operator_3.py
[2024-12-21T06:38:31.881+0000] {processor.py:925} INFO - DAG(s) 'example_branch_dop_operator_v3' retrieved from /home/airflow/.local/lib/python3.12/site-packages/airflow/example_dags/example_branch_python_dop_operator_3.py
[2024-12-21T06:38:31.899+0000] {logging_mixin.py:190} INFO - [2024-12-21T06:38:31.898+0000] {dag.py:3239} INFO - Sync 1 DAGs
[2024-12-21T06:38:31.924+0000] {logging_mixin.py:190} INFO - [2024-12-21T06:38:31.924+0000] {dag.py:4180} INFO - Setting next_dagrun for example_branch_dop_operator_v3 to 2024-12-21 06:37:00+00:00, run_after=2024-12-21 06:38:00+00:00
[2024-12-21T06:38:31.941+0000] {processor.py:208} INFO - Processing /home/airflow/.local/lib/python3.12/site-packages/airflow/example_dags/example_branch_python_dop_operator_3.py took 0.077 seconds
[2024-12-21T06:39:02.592+0000] {processor.py:186} INFO - Started process (PID=633) to work on /home/airflow/.local/lib/python3.12/site-packages/airflow/example_dags/example_branch_python_dop_operator_3.py
[2024-12-21T06:39:02.593+0000] {processor.py:914} INFO - Processing file /home/airflow/.local/lib/python3.12/site-packages/airflow/example_dags/example_branch_python_dop_operator_3.py for tasks to queue
[2024-12-21T06:39:02.594+0000] {logging_mixin.py:190} INFO - [2024-12-21T06:39:02.594+0000] {dagbag.py:588} INFO - Filling up the DagBag from /home/airflow/.local/lib/python3.12/site-packages/airflow/example_dags/example_branch_python_dop_operator_3.py
[2024-12-21T06:39:02.604+0000] {processor.py:925} INFO - DAG(s) 'example_branch_dop_operator_v3' retrieved from /home/airflow/.local/lib/python3.12/site-packages/airflow/example_dags/example_branch_python_dop_operator_3.py
[2024-12-21T06:39:02.628+0000] {logging_mixin.py:190} INFO - [2024-12-21T06:39:02.628+0000] {dag.py:3239} INFO - Sync 1 DAGs
[2024-12-21T06:39:02.653+0000] {logging_mixin.py:190} INFO - [2024-12-21T06:39:02.653+0000] {dag.py:4180} INFO - Setting next_dagrun for example_branch_dop_operator_v3 to 2024-12-21 06:38:00+00:00, run_after=2024-12-21 06:39:00+00:00
[2024-12-21T06:39:02.670+0000] {processor.py:208} INFO - Processing /home/airflow/.local/lib/python3.12/site-packages/airflow/example_dags/example_branch_python_dop_operator_3.py took 0.083 seconds
[2024-12-21T06:39:33.412+0000] {processor.py:186} INFO - Started process (PID=699) to work on /home/airflow/.local/lib/python3.12/site-packages/airflow/example_dags/example_branch_python_dop_operator_3.py
[2024-12-21T06:39:33.414+0000] {processor.py:914} INFO - Processing file /home/airflow/.local/lib/python3.12/site-packages/airflow/example_dags/example_branch_python_dop_operator_3.py for tasks to queue
[2024-12-21T06:39:33.416+0000] {logging_mixin.py:190} INFO - [2024-12-21T06:39:33.415+0000] {dagbag.py:588} INFO - Filling up the DagBag from /home/airflow/.local/lib/python3.12/site-packages/airflow/example_dags/example_branch_python_dop_operator_3.py
[2024-12-21T06:39:33.424+0000] {processor.py:925} INFO - DAG(s) 'example_branch_dop_operator_v3' retrieved from /home/airflow/.local/lib/python3.12/site-packages/airflow/example_dags/example_branch_python_dop_operator_3.py
[2024-12-21T06:39:33.440+0000] {logging_mixin.py:190} INFO - [2024-12-21T06:39:33.440+0000] {dag.py:3239} INFO - Sync 1 DAGs
[2024-12-21T06:39:33.465+0000] {logging_mixin.py:190} INFO - [2024-12-21T06:39:33.465+0000] {dag.py:4180} INFO - Setting next_dagrun for example_branch_dop_operator_v3 to 2024-12-21 06:38:00+00:00, run_after=2024-12-21 06:39:00+00:00
[2024-12-21T06:39:33.487+0000] {processor.py:208} INFO - Processing /home/airflow/.local/lib/python3.12/site-packages/airflow/example_dags/example_branch_python_dop_operator_3.py took 0.080 seconds
[2024-12-21T06:40:04.626+0000] {processor.py:186} INFO - Started process (PID=764) to work on /home/airflow/.local/lib/python3.12/site-packages/airflow/example_dags/example_branch_python_dop_operator_3.py
[2024-12-21T06:40:04.628+0000] {processor.py:914} INFO - Processing file /home/airflow/.local/lib/python3.12/site-packages/airflow/example_dags/example_branch_python_dop_operator_3.py for tasks to queue
[2024-12-21T06:40:04.630+0000] {logging_mixin.py:190} INFO - [2024-12-21T06:40:04.630+0000] {dagbag.py:588} INFO - Filling up the DagBag from /home/airflow/.local/lib/python3.12/site-packages/airflow/example_dags/example_branch_python_dop_operator_3.py
[2024-12-21T06:40:04.646+0000] {processor.py:925} INFO - DAG(s) 'example_branch_dop_operator_v3' retrieved from /home/airflow/.local/lib/python3.12/site-packages/airflow/example_dags/example_branch_python_dop_operator_3.py
[2024-12-21T06:40:04.665+0000] {logging_mixin.py:190} INFO - [2024-12-21T06:40:04.665+0000] {dag.py:3239} INFO - Sync 1 DAGs
[2024-12-21T06:40:04.697+0000] {logging_mixin.py:190} INFO - [2024-12-21T06:40:04.696+0000] {dag.py:4180} INFO - Setting next_dagrun for example_branch_dop_operator_v3 to 2024-12-21 06:39:00+00:00, run_after=2024-12-21 06:40:00+00:00
[2024-12-21T06:40:04.721+0000] {processor.py:208} INFO - Processing /home/airflow/.local/lib/python3.12/site-packages/airflow/example_dags/example_branch_python_dop_operator_3.py took 0.103 seconds
[2024-12-21T06:40:35.413+0000] {processor.py:186} INFO - Started process (PID=829) to work on /home/airflow/.local/lib/python3.12/site-packages/airflow/example_dags/example_branch_python_dop_operator_3.py
[2024-12-21T06:40:35.414+0000] {processor.py:914} INFO - Processing file /home/airflow/.local/lib/python3.12/site-packages/airflow/example_dags/example_branch_python_dop_operator_3.py for tasks to queue
[2024-12-21T06:40:35.415+0000] {logging_mixin.py:190} INFO - [2024-12-21T06:40:35.415+0000] {dagbag.py:588} INFO - Filling up the DagBag from /home/airflow/.local/lib/python3.12/site-packages/airflow/example_dags/example_branch_python_dop_operator_3.py
[2024-12-21T06:40:35.424+0000] {processor.py:925} INFO - DAG(s) 'example_branch_dop_operator_v3' retrieved from /home/airflow/.local/lib/python3.12/site-packages/airflow/example_dags/example_branch_python_dop_operator_3.py
[2024-12-21T06:40:35.441+0000] {logging_mixin.py:190} INFO - [2024-12-21T06:40:35.441+0000] {dag.py:3239} INFO - Sync 1 DAGs
[2024-12-21T06:40:35.464+0000] {logging_mixin.py:190} INFO - [2024-12-21T06:40:35.464+0000] {dag.py:4180} INFO - Setting next_dagrun for example_branch_dop_operator_v3 to 2024-12-21 06:39:00+00:00, run_after=2024-12-21 06:40:00+00:00
[2024-12-21T06:40:35.481+0000] {processor.py:208} INFO - Processing /home/airflow/.local/lib/python3.12/site-packages/airflow/example_dags/example_branch_python_dop_operator_3.py took 0.073 seconds
[2024-12-21T06:41:06.349+0000] {processor.py:186} INFO - Started process (PID=894) to work on /home/airflow/.local/lib/python3.12/site-packages/airflow/example_dags/example_branch_python_dop_operator_3.py
[2024-12-21T06:41:06.351+0000] {processor.py:914} INFO - Processing file /home/airflow/.local/lib/python3.12/site-packages/airflow/example_dags/example_branch_python_dop_operator_3.py for tasks to queue
[2024-12-21T06:41:06.353+0000] {logging_mixin.py:190} INFO - [2024-12-21T06:41:06.353+0000] {dagbag.py:588} INFO - Filling up the DagBag from /home/airflow/.local/lib/python3.12/site-packages/airflow/example_dags/example_branch_python_dop_operator_3.py
[2024-12-21T06:41:06.364+0000] {processor.py:925} INFO - DAG(s) 'example_branch_dop_operator_v3' retrieved from /home/airflow/.local/lib/python3.12/site-packages/airflow/example_dags/example_branch_python_dop_operator_3.py
[2024-12-21T06:41:06.386+0000] {logging_mixin.py:190} INFO - [2024-12-21T06:41:06.386+0000] {dag.py:3239} INFO - Sync 1 DAGs
[2024-12-21T06:41:06.419+0000] {logging_mixin.py:190} INFO - [2024-12-21T06:41:06.418+0000] {dag.py:4180} INFO - Setting next_dagrun for example_branch_dop_operator_v3 to 2024-12-21 06:40:00+00:00, run_after=2024-12-21 06:41:00+00:00
[2024-12-21T06:41:06.440+0000] {processor.py:208} INFO - Processing /home/airflow/.local/lib/python3.12/site-packages/airflow/example_dags/example_branch_python_dop_operator_3.py took 0.097 seconds
[2024-12-21T06:41:37.721+0000] {processor.py:186} INFO - Started process (PID=959) to work on /home/airflow/.local/lib/python3.12/site-packages/airflow/example_dags/example_branch_python_dop_operator_3.py
[2024-12-21T06:41:37.721+0000] {processor.py:914} INFO - Processing file /home/airflow/.local/lib/python3.12/site-packages/airflow/example_dags/example_branch_python_dop_operator_3.py for tasks to queue
[2024-12-21T06:41:37.723+0000] {logging_mixin.py:190} INFO - [2024-12-21T06:41:37.723+0000] {dagbag.py:588} INFO - Filling up the DagBag from /home/airflow/.local/lib/python3.12/site-packages/airflow/example_dags/example_branch_python_dop_operator_3.py
[2024-12-21T06:41:37.732+0000] {processor.py:925} INFO - DAG(s) 'example_branch_dop_operator_v3' retrieved from /home/airflow/.local/lib/python3.12/site-packages/airflow/example_dags/example_branch_python_dop_operator_3.py
[2024-12-21T06:41:37.749+0000] {logging_mixin.py:190} INFO - [2024-12-21T06:41:37.748+0000] {dag.py:3239} INFO - Sync 1 DAGs
[2024-12-21T06:41:37.772+0000] {logging_mixin.py:190} INFO - [2024-12-21T06:41:37.772+0000] {dag.py:4180} INFO - Setting next_dagrun for example_branch_dop_operator_v3 to 2024-12-21 06:40:00+00:00, run_after=2024-12-21 06:41:00+00:00
[2024-12-21T06:41:37.786+0000] {processor.py:208} INFO - Processing /home/airflow/.local/lib/python3.12/site-packages/airflow/example_dags/example_branch_python_dop_operator_3.py took 0.069 seconds
[2024-12-21T06:42:09.167+0000] {processor.py:186} INFO - Started process (PID=1024) to work on /home/airflow/.local/lib/python3.12/site-packages/airflow/example_dags/example_branch_python_dop_operator_3.py
[2024-12-21T06:42:09.169+0000] {processor.py:914} INFO - Processing file /home/airflow/.local/lib/python3.12/site-packages/airflow/example_dags/example_branch_python_dop_operator_3.py for tasks to queue
[2024-12-21T06:42:09.171+0000] {logging_mixin.py:190} INFO - [2024-12-21T06:42:09.171+0000] {dagbag.py:588} INFO - Filling up the DagBag from /home/airflow/.local/lib/python3.12/site-packages/airflow/example_dags/example_branch_python_dop_operator_3.py
[2024-12-21T06:42:09.194+0000] {processor.py:925} INFO - DAG(s) 'example_branch_dop_operator_v3' retrieved from /home/airflow/.local/lib/python3.12/site-packages/airflow/example_dags/example_branch_python_dop_operator_3.py
[2024-12-21T06:42:09.223+0000] {logging_mixin.py:190} INFO - [2024-12-21T06:42:09.223+0000] {dag.py:3239} INFO - Sync 1 DAGs
[2024-12-21T06:42:09.263+0000] {logging_mixin.py:190} INFO - [2024-12-21T06:42:09.262+0000] {dag.py:4180} INFO - Setting next_dagrun for example_branch_dop_operator_v3 to 2024-12-21 06:41:00+00:00, run_after=2024-12-21 06:42:00+00:00
[2024-12-21T06:42:09.297+0000] {processor.py:208} INFO - Processing /home/airflow/.local/lib/python3.12/site-packages/airflow/example_dags/example_branch_python_dop_operator_3.py took 0.137 seconds
[2024-12-21T06:42:40.684+0000] {processor.py:186} INFO - Started process (PID=1089) to work on /home/airflow/.local/lib/python3.12/site-packages/airflow/example_dags/example_branch_python_dop_operator_3.py
[2024-12-21T06:42:40.686+0000] {processor.py:914} INFO - Processing file /home/airflow/.local/lib/python3.12/site-packages/airflow/example_dags/example_branch_python_dop_operator_3.py for tasks to queue
[2024-12-21T06:42:40.687+0000] {logging_mixin.py:190} INFO - [2024-12-21T06:42:40.687+0000] {dagbag.py:588} INFO - Filling up the DagBag from /home/airflow/.local/lib/python3.12/site-packages/airflow/example_dags/example_branch_python_dop_operator_3.py
[2024-12-21T06:42:40.696+0000] {processor.py:925} INFO - DAG(s) 'example_branch_dop_operator_v3' retrieved from /home/airflow/.local/lib/python3.12/site-packages/airflow/example_dags/example_branch_python_dop_operator_3.py
[2024-12-21T06:42:40.713+0000] {logging_mixin.py:190} INFO - [2024-12-21T06:42:40.712+0000] {dag.py:3239} INFO - Sync 1 DAGs
[2024-12-21T06:42:40.737+0000] {logging_mixin.py:190} INFO - [2024-12-21T06:42:40.736+0000] {dag.py:4180} INFO - Setting next_dagrun for example_branch_dop_operator_v3 to 2024-12-21 06:41:00+00:00, run_after=2024-12-21 06:42:00+00:00
[2024-12-21T06:42:40.752+0000] {processor.py:208} INFO - Processing /home/airflow/.local/lib/python3.12/site-packages/airflow/example_dags/example_branch_python_dop_operator_3.py took 0.073 seconds
[2024-12-21T06:43:12.264+0000] {processor.py:186} INFO - Started process (PID=1154) to work on /home/airflow/.local/lib/python3.12/site-packages/airflow/example_dags/example_branch_python_dop_operator_3.py
[2024-12-21T06:43:12.265+0000] {processor.py:914} INFO - Processing file /home/airflow/.local/lib/python3.12/site-packages/airflow/example_dags/example_branch_python_dop_operator_3.py for tasks to queue
[2024-12-21T06:43:12.268+0000] {logging_mixin.py:190} INFO - [2024-12-21T06:43:12.267+0000] {dagbag.py:588} INFO - Filling up the DagBag from /home/airflow/.local/lib/python3.12/site-packages/airflow/example_dags/example_branch_python_dop_operator_3.py
[2024-12-21T06:43:12.278+0000] {processor.py:925} INFO - DAG(s) 'example_branch_dop_operator_v3' retrieved from /home/airflow/.local/lib/python3.12/site-packages/airflow/example_dags/example_branch_python_dop_operator_3.py
[2024-12-21T06:43:12.295+0000] {logging_mixin.py:190} INFO - [2024-12-21T06:43:12.295+0000] {dag.py:3239} INFO - Sync 1 DAGs
[2024-12-21T06:43:12.320+0000] {logging_mixin.py:190} INFO - [2024-12-21T06:43:12.320+0000] {dag.py:4180} INFO - Setting next_dagrun for example_branch_dop_operator_v3 to 2024-12-21 06:42:00+00:00, run_after=2024-12-21 06:43:00+00:00
[2024-12-21T06:43:12.336+0000] {processor.py:208} INFO - Processing /home/airflow/.local/lib/python3.12/site-packages/airflow/example_dags/example_branch_python_dop_operator_3.py took 0.079 seconds
[2024-12-21T06:43:43.582+0000] {processor.py:186} INFO - Started process (PID=1219) to work on /home/airflow/.local/lib/python3.12/site-packages/airflow/example_dags/example_branch_python_dop_operator_3.py
[2024-12-21T06:43:43.583+0000] {processor.py:914} INFO - Processing file /home/airflow/.local/lib/python3.12/site-packages/airflow/example_dags/example_branch_python_dop_operator_3.py for tasks to queue
[2024-12-21T06:43:43.585+0000] {logging_mixin.py:190} INFO - [2024-12-21T06:43:43.585+0000] {dagbag.py:588} INFO - Filling up the DagBag from /home/airflow/.local/lib/python3.12/site-packages/airflow/example_dags/example_branch_python_dop_operator_3.py
[2024-12-21T06:43:43.595+0000] {processor.py:925} INFO - DAG(s) 'example_branch_dop_operator_v3' retrieved from /home/airflow/.local/lib/python3.12/site-packages/airflow/example_dags/example_branch_python_dop_operator_3.py
[2024-12-21T06:43:43.612+0000] {logging_mixin.py:190} INFO - [2024-12-21T06:43:43.611+0000] {dag.py:3239} INFO - Sync 1 DAGs
[2024-12-21T06:43:43.636+0000] {logging_mixin.py:190} INFO - [2024-12-21T06:43:43.636+0000] {dag.py:4180} INFO - Setting next_dagrun for example_branch_dop_operator_v3 to 2024-12-21 06:42:00+00:00, run_after=2024-12-21 06:43:00+00:00
[2024-12-21T06:43:43.652+0000] {processor.py:208} INFO - Processing /home/airflow/.local/lib/python3.12/site-packages/airflow/example_dags/example_branch_python_dop_operator_3.py took 0.076 seconds
[2024-12-21T06:44:14.309+0000] {processor.py:186} INFO - Started process (PID=1284) to work on /home/airflow/.local/lib/python3.12/site-packages/airflow/example_dags/example_branch_python_dop_operator_3.py
[2024-12-21T06:44:14.310+0000] {processor.py:914} INFO - Processing file /home/airflow/.local/lib/python3.12/site-packages/airflow/example_dags/example_branch_python_dop_operator_3.py for tasks to queue
[2024-12-21T06:44:14.313+0000] {logging_mixin.py:190} INFO - [2024-12-21T06:44:14.312+0000] {dagbag.py:588} INFO - Filling up the DagBag from /home/airflow/.local/lib/python3.12/site-packages/airflow/example_dags/example_branch_python_dop_operator_3.py
[2024-12-21T06:44:14.328+0000] {processor.py:925} INFO - DAG(s) 'example_branch_dop_operator_v3' retrieved from /home/airflow/.local/lib/python3.12/site-packages/airflow/example_dags/example_branch_python_dop_operator_3.py
[2024-12-21T06:44:14.347+0000] {logging_mixin.py:190} INFO - [2024-12-21T06:44:14.346+0000] {dag.py:3239} INFO - Sync 1 DAGs
[2024-12-21T06:44:14.374+0000] {logging_mixin.py:190} INFO - [2024-12-21T06:44:14.374+0000] {dag.py:4180} INFO - Setting next_dagrun for example_branch_dop_operator_v3 to 2024-12-21 06:43:00+00:00, run_after=2024-12-21 06:44:00+00:00
[2024-12-21T06:44:14.392+0000] {processor.py:208} INFO - Processing /home/airflow/.local/lib/python3.12/site-packages/airflow/example_dags/example_branch_python_dop_operator_3.py took 0.093 seconds
