[2024-12-21T06:26:24.762+0000] {processor.py:186} INFO - Started process (PID=108) to work on /home/airflow/.local/lib/python3.12/site-packages/airflow/example_dags/example_display_name.py
[2024-12-21T06:26:24.763+0000] {processor.py:914} INFO - Processing file /home/airflow/.local/lib/python3.12/site-packages/airflow/example_dags/example_display_name.py for tasks to queue
[2024-12-21T06:26:24.766+0000] {logging_mixin.py:190} INFO - [2024-12-21T06:26:24.766+0000] {dagbag.py:588} INFO - Filling up the DagBag from /home/airflow/.local/lib/python3.12/site-packages/airflow/example_dags/example_display_name.py
[2024-12-21T06:26:24.776+0000] {processor.py:925} INFO - DAG(s) 'example_display_name' retrieved from /home/airflow/.local/lib/python3.12/site-packages/airflow/example_dags/example_display_name.py
[2024-12-21T06:26:24.902+0000] {logging_mixin.py:190} INFO - [2024-12-21T06:26:24.901+0000] {override.py:1911} INFO - Created Permission View: can read on DAG:example_display_name
[2024-12-21T06:26:24.912+0000] {logging_mixin.py:190} INFO - [2024-12-21T06:26:24.912+0000] {override.py:1911} INFO - Created Permission View: can delete on DAG:example_display_name
[2024-12-21T06:26:24.919+0000] {logging_mixin.py:190} INFO - [2024-12-21T06:26:24.919+0000] {override.py:1911} INFO - Created Permission View: can edit on DAG:example_display_name
[2024-12-21T06:26:24.926+0000] {logging_mixin.py:190} INFO - [2024-12-21T06:26:24.926+0000] {override.py:1911} INFO - Created Permission View: menu access on DAG Run:example_display_name
[2024-12-21T06:26:24.933+0000] {logging_mixin.py:190} INFO - [2024-12-21T06:26:24.933+0000] {override.py:1911} INFO - Created Permission View: can read on DAG Run:example_display_name
[2024-12-21T06:26:24.939+0000] {logging_mixin.py:190} INFO - [2024-12-21T06:26:24.939+0000] {override.py:1911} INFO - Created Permission View: can create on DAG Run:example_display_name
[2024-12-21T06:26:24.946+0000] {logging_mixin.py:190} INFO - [2024-12-21T06:26:24.946+0000] {override.py:1911} INFO - Created Permission View: can delete on DAG Run:example_display_name
[2024-12-21T06:26:24.946+0000] {logging_mixin.py:190} INFO - [2024-12-21T06:26:24.946+0000] {dag.py:3239} INFO - Sync 1 DAGs
[2024-12-21T06:26:24.961+0000] {logging_mixin.py:190} INFO - [2024-12-21T06:26:24.961+0000] {dag.py:3262} INFO - Creating ORM DAG for example_display_name
[2024-12-21T06:26:24.962+0000] {logging_mixin.py:190} INFO - [2024-12-21T06:26:24.962+0000] {dag.py:4180} INFO - Setting next_dagrun for example_display_name to None, run_after=None
[2024-12-21T06:26:24.977+0000] {processor.py:208} INFO - Processing /home/airflow/.local/lib/python3.12/site-packages/airflow/example_dags/example_display_name.py took 0.222 seconds
[2024-12-21T06:26:55.029+0000] {processor.py:186} INFO - Started process (PID=171) to work on /home/airflow/.local/lib/python3.12/site-packages/airflow/example_dags/example_display_name.py
[2024-12-21T06:26:55.030+0000] {processor.py:914} INFO - Processing file /home/airflow/.local/lib/python3.12/site-packages/airflow/example_dags/example_display_name.py for tasks to queue
[2024-12-21T06:26:55.032+0000] {logging_mixin.py:190} INFO - [2024-12-21T06:26:55.031+0000] {dagbag.py:588} INFO - Filling up the DagBag from /home/airflow/.local/lib/python3.12/site-packages/airflow/example_dags/example_display_name.py
[2024-12-21T06:26:55.038+0000] {processor.py:925} INFO - DAG(s) 'example_display_name' retrieved from /home/airflow/.local/lib/python3.12/site-packages/airflow/example_dags/example_display_name.py
[2024-12-21T06:26:55.055+0000] {logging_mixin.py:190} INFO - [2024-12-21T06:26:55.054+0000] {dag.py:3239} INFO - Sync 1 DAGs
[2024-12-21T06:26:55.067+0000] {logging_mixin.py:190} INFO - [2024-12-21T06:26:55.067+0000] {dag.py:4180} INFO - Setting next_dagrun for example_display_name to None, run_after=None
[2024-12-21T06:26:55.082+0000] {processor.py:208} INFO - Processing /home/airflow/.local/lib/python3.12/site-packages/airflow/example_dags/example_display_name.py took 0.057 seconds
[2024-12-21T06:27:26.137+0000] {processor.py:186} INFO - Started process (PID=234) to work on /home/airflow/.local/lib/python3.12/site-packages/airflow/example_dags/example_display_name.py
[2024-12-21T06:27:26.138+0000] {processor.py:914} INFO - Processing file /home/airflow/.local/lib/python3.12/site-packages/airflow/example_dags/example_display_name.py for tasks to queue
[2024-12-21T06:27:26.141+0000] {logging_mixin.py:190} INFO - [2024-12-21T06:27:26.141+0000] {dagbag.py:588} INFO - Filling up the DagBag from /home/airflow/.local/lib/python3.12/site-packages/airflow/example_dags/example_display_name.py
[2024-12-21T06:27:26.150+0000] {processor.py:925} INFO - DAG(s) 'example_display_name' retrieved from /home/airflow/.local/lib/python3.12/site-packages/airflow/example_dags/example_display_name.py
[2024-12-21T06:27:26.181+0000] {logging_mixin.py:190} INFO - [2024-12-21T06:27:26.180+0000] {dag.py:3239} INFO - Sync 1 DAGs
[2024-12-21T06:27:26.198+0000] {logging_mixin.py:190} INFO - [2024-12-21T06:27:26.198+0000] {dag.py:4180} INFO - Setting next_dagrun for example_display_name to None, run_after=None
[2024-12-21T06:27:26.221+0000] {processor.py:208} INFO - Processing /home/airflow/.local/lib/python3.12/site-packages/airflow/example_dags/example_display_name.py took 0.093 seconds
[2024-12-21T06:27:57.165+0000] {processor.py:186} INFO - Started process (PID=297) to work on /home/airflow/.local/lib/python3.12/site-packages/airflow/example_dags/example_display_name.py
[2024-12-21T06:27:57.166+0000] {processor.py:914} INFO - Processing file /home/airflow/.local/lib/python3.12/site-packages/airflow/example_dags/example_display_name.py for tasks to queue
[2024-12-21T06:27:57.167+0000] {logging_mixin.py:190} INFO - [2024-12-21T06:27:57.167+0000] {dagbag.py:588} INFO - Filling up the DagBag from /home/airflow/.local/lib/python3.12/site-packages/airflow/example_dags/example_display_name.py
[2024-12-21T06:27:57.174+0000] {processor.py:925} INFO - DAG(s) 'example_display_name' retrieved from /home/airflow/.local/lib/python3.12/site-packages/airflow/example_dags/example_display_name.py
[2024-12-21T06:27:57.191+0000] {logging_mixin.py:190} INFO - [2024-12-21T06:27:57.190+0000] {dag.py:3239} INFO - Sync 1 DAGs
[2024-12-21T06:27:57.204+0000] {logging_mixin.py:190} INFO - [2024-12-21T06:27:57.204+0000] {dag.py:4180} INFO - Setting next_dagrun for example_display_name to None, run_after=None
[2024-12-21T06:27:57.219+0000] {processor.py:208} INFO - Processing /home/airflow/.local/lib/python3.12/site-packages/airflow/example_dags/example_display_name.py took 0.060 seconds
[2024-12-21T06:28:27.616+0000] {processor.py:186} INFO - Started process (PID=360) to work on /home/airflow/.local/lib/python3.12/site-packages/airflow/example_dags/example_display_name.py
[2024-12-21T06:28:27.617+0000] {processor.py:914} INFO - Processing file /home/airflow/.local/lib/python3.12/site-packages/airflow/example_dags/example_display_name.py for tasks to queue
[2024-12-21T06:28:27.618+0000] {logging_mixin.py:190} INFO - [2024-12-21T06:28:27.618+0000] {dagbag.py:588} INFO - Filling up the DagBag from /home/airflow/.local/lib/python3.12/site-packages/airflow/example_dags/example_display_name.py
[2024-12-21T06:28:27.625+0000] {processor.py:925} INFO - DAG(s) 'example_display_name' retrieved from /home/airflow/.local/lib/python3.12/site-packages/airflow/example_dags/example_display_name.py
[2024-12-21T06:28:27.640+0000] {logging_mixin.py:190} INFO - [2024-12-21T06:28:27.640+0000] {dag.py:3239} INFO - Sync 1 DAGs
[2024-12-21T06:28:27.657+0000] {logging_mixin.py:190} INFO - [2024-12-21T06:28:27.657+0000] {dag.py:4180} INFO - Setting next_dagrun for example_display_name to None, run_after=None
[2024-12-21T06:28:27.683+0000] {processor.py:208} INFO - Processing /home/airflow/.local/lib/python3.12/site-packages/airflow/example_dags/example_display_name.py took 0.072 seconds
[2024-12-21T06:28:58.582+0000] {processor.py:186} INFO - Started process (PID=422) to work on /home/airflow/.local/lib/python3.12/site-packages/airflow/example_dags/example_display_name.py
[2024-12-21T06:28:58.583+0000] {processor.py:914} INFO - Processing file /home/airflow/.local/lib/python3.12/site-packages/airflow/example_dags/example_display_name.py for tasks to queue
[2024-12-21T06:28:58.585+0000] {logging_mixin.py:190} INFO - [2024-12-21T06:28:58.585+0000] {dagbag.py:588} INFO - Filling up the DagBag from /home/airflow/.local/lib/python3.12/site-packages/airflow/example_dags/example_display_name.py
[2024-12-21T06:28:58.593+0000] {processor.py:925} INFO - DAG(s) 'example_display_name' retrieved from /home/airflow/.local/lib/python3.12/site-packages/airflow/example_dags/example_display_name.py
[2024-12-21T06:28:58.613+0000] {logging_mixin.py:190} INFO - [2024-12-21T06:28:58.613+0000] {dag.py:3239} INFO - Sync 1 DAGs
[2024-12-21T06:28:58.627+0000] {logging_mixin.py:190} INFO - [2024-12-21T06:28:58.626+0000] {dag.py:4180} INFO - Setting next_dagrun for example_display_name to None, run_after=None
[2024-12-21T06:28:58.641+0000] {processor.py:208} INFO - Processing /home/airflow/.local/lib/python3.12/site-packages/airflow/example_dags/example_display_name.py took 0.065 seconds
[2024-12-21T06:29:29.427+0000] {processor.py:186} INFO - Started process (PID=485) to work on /home/airflow/.local/lib/python3.12/site-packages/airflow/example_dags/example_display_name.py
[2024-12-21T06:29:29.428+0000] {processor.py:914} INFO - Processing file /home/airflow/.local/lib/python3.12/site-packages/airflow/example_dags/example_display_name.py for tasks to queue
[2024-12-21T06:29:29.430+0000] {logging_mixin.py:190} INFO - [2024-12-21T06:29:29.429+0000] {dagbag.py:588} INFO - Filling up the DagBag from /home/airflow/.local/lib/python3.12/site-packages/airflow/example_dags/example_display_name.py
[2024-12-21T06:29:29.436+0000] {processor.py:925} INFO - DAG(s) 'example_display_name' retrieved from /home/airflow/.local/lib/python3.12/site-packages/airflow/example_dags/example_display_name.py
[2024-12-21T06:29:29.454+0000] {logging_mixin.py:190} INFO - [2024-12-21T06:29:29.453+0000] {dag.py:3239} INFO - Sync 1 DAGs
[2024-12-21T06:29:29.469+0000] {logging_mixin.py:190} INFO - [2024-12-21T06:29:29.469+0000] {dag.py:4180} INFO - Setting next_dagrun for example_display_name to None, run_after=None
[2024-12-21T06:29:29.486+0000] {processor.py:208} INFO - Processing /home/airflow/.local/lib/python3.12/site-packages/airflow/example_dags/example_display_name.py took 0.064 seconds
[2024-12-21T06:30:00.726+0000] {processor.py:186} INFO - Started process (PID=548) to work on /home/airflow/.local/lib/python3.12/site-packages/airflow/example_dags/example_display_name.py
[2024-12-21T06:30:00.727+0000] {processor.py:914} INFO - Processing file /home/airflow/.local/lib/python3.12/site-packages/airflow/example_dags/example_display_name.py for tasks to queue
[2024-12-21T06:30:00.729+0000] {logging_mixin.py:190} INFO - [2024-12-21T06:30:00.728+0000] {dagbag.py:588} INFO - Filling up the DagBag from /home/airflow/.local/lib/python3.12/site-packages/airflow/example_dags/example_display_name.py
[2024-12-21T06:30:00.735+0000] {processor.py:925} INFO - DAG(s) 'example_display_name' retrieved from /home/airflow/.local/lib/python3.12/site-packages/airflow/example_dags/example_display_name.py
[2024-12-21T06:30:00.752+0000] {logging_mixin.py:190} INFO - [2024-12-21T06:30:00.751+0000] {dag.py:3239} INFO - Sync 1 DAGs
[2024-12-21T06:30:00.764+0000] {logging_mixin.py:190} INFO - [2024-12-21T06:30:00.764+0000] {dag.py:4180} INFO - Setting next_dagrun for example_display_name to None, run_after=None
[2024-12-21T06:30:00.780+0000] {processor.py:208} INFO - Processing /home/airflow/.local/lib/python3.12/site-packages/airflow/example_dags/example_display_name.py took 0.059 seconds
[2024-12-21T06:30:32.240+0000] {processor.py:186} INFO - Started process (PID=611) to work on /home/airflow/.local/lib/python3.12/site-packages/airflow/example_dags/example_display_name.py
[2024-12-21T06:30:32.241+0000] {processor.py:914} INFO - Processing file /home/airflow/.local/lib/python3.12/site-packages/airflow/example_dags/example_display_name.py for tasks to queue
[2024-12-21T06:30:32.243+0000] {logging_mixin.py:190} INFO - [2024-12-21T06:30:32.243+0000] {dagbag.py:588} INFO - Filling up the DagBag from /home/airflow/.local/lib/python3.12/site-packages/airflow/example_dags/example_display_name.py
[2024-12-21T06:30:32.251+0000] {processor.py:925} INFO - DAG(s) 'example_display_name' retrieved from /home/airflow/.local/lib/python3.12/site-packages/airflow/example_dags/example_display_name.py
[2024-12-21T06:30:32.269+0000] {logging_mixin.py:190} INFO - [2024-12-21T06:30:32.269+0000] {dag.py:3239} INFO - Sync 1 DAGs
[2024-12-21T06:30:32.282+0000] {logging_mixin.py:190} INFO - [2024-12-21T06:30:32.282+0000] {dag.py:4180} INFO - Setting next_dagrun for example_display_name to None, run_after=None
[2024-12-21T06:30:32.298+0000] {processor.py:208} INFO - Processing /home/airflow/.local/lib/python3.12/site-packages/airflow/example_dags/example_display_name.py took 0.063 seconds
[2024-12-21T06:31:05.009+0000] {processor.py:186} INFO - Started process (PID=675) to work on /home/airflow/.local/lib/python3.12/site-packages/airflow/example_dags/example_display_name.py
[2024-12-21T06:31:05.010+0000] {processor.py:914} INFO - Processing file /home/airflow/.local/lib/python3.12/site-packages/airflow/example_dags/example_display_name.py for tasks to queue
[2024-12-21T06:31:05.013+0000] {logging_mixin.py:190} INFO - [2024-12-21T06:31:05.012+0000] {dagbag.py:588} INFO - Filling up the DagBag from /home/airflow/.local/lib/python3.12/site-packages/airflow/example_dags/example_display_name.py
[2024-12-21T06:31:05.021+0000] {processor.py:925} INFO - DAG(s) 'example_display_name' retrieved from /home/airflow/.local/lib/python3.12/site-packages/airflow/example_dags/example_display_name.py
[2024-12-21T06:31:05.041+0000] {logging_mixin.py:190} INFO - [2024-12-21T06:31:05.041+0000] {dag.py:3239} INFO - Sync 1 DAGs
[2024-12-21T06:31:05.059+0000] {logging_mixin.py:190} INFO - [2024-12-21T06:31:05.059+0000] {dag.py:4180} INFO - Setting next_dagrun for example_display_name to None, run_after=None
[2024-12-21T06:31:05.083+0000] {processor.py:208} INFO - Processing /home/airflow/.local/lib/python3.12/site-packages/airflow/example_dags/example_display_name.py took 0.082 seconds
[2024-12-21T06:31:36.356+0000] {processor.py:186} INFO - Started process (PID=738) to work on /home/airflow/.local/lib/python3.12/site-packages/airflow/example_dags/example_display_name.py
[2024-12-21T06:31:36.357+0000] {processor.py:914} INFO - Processing file /home/airflow/.local/lib/python3.12/site-packages/airflow/example_dags/example_display_name.py for tasks to queue
[2024-12-21T06:31:36.359+0000] {logging_mixin.py:190} INFO - [2024-12-21T06:31:36.359+0000] {dagbag.py:588} INFO - Filling up the DagBag from /home/airflow/.local/lib/python3.12/site-packages/airflow/example_dags/example_display_name.py
[2024-12-21T06:31:36.369+0000] {processor.py:925} INFO - DAG(s) 'example_display_name' retrieved from /home/airflow/.local/lib/python3.12/site-packages/airflow/example_dags/example_display_name.py
[2024-12-21T06:31:36.390+0000] {logging_mixin.py:190} INFO - [2024-12-21T06:31:36.389+0000] {dag.py:3239} INFO - Sync 1 DAGs
[2024-12-21T06:31:36.405+0000] {logging_mixin.py:190} INFO - [2024-12-21T06:31:36.405+0000] {dag.py:4180} INFO - Setting next_dagrun for example_display_name to None, run_after=None
[2024-12-21T06:31:36.421+0000] {processor.py:208} INFO - Processing /home/airflow/.local/lib/python3.12/site-packages/airflow/example_dags/example_display_name.py took 0.073 seconds
[2024-12-21T06:32:07.151+0000] {processor.py:186} INFO - Started process (PID=801) to work on /home/airflow/.local/lib/python3.12/site-packages/airflow/example_dags/example_display_name.py
[2024-12-21T06:32:07.152+0000] {processor.py:914} INFO - Processing file /home/airflow/.local/lib/python3.12/site-packages/airflow/example_dags/example_display_name.py for tasks to queue
[2024-12-21T06:32:07.153+0000] {logging_mixin.py:190} INFO - [2024-12-21T06:32:07.153+0000] {dagbag.py:588} INFO - Filling up the DagBag from /home/airflow/.local/lib/python3.12/site-packages/airflow/example_dags/example_display_name.py
[2024-12-21T06:32:07.161+0000] {processor.py:925} INFO - DAG(s) 'example_display_name' retrieved from /home/airflow/.local/lib/python3.12/site-packages/airflow/example_dags/example_display_name.py
[2024-12-21T06:32:07.179+0000] {logging_mixin.py:190} INFO - [2024-12-21T06:32:07.179+0000] {dag.py:3239} INFO - Sync 1 DAGs
[2024-12-21T06:32:07.192+0000] {logging_mixin.py:190} INFO - [2024-12-21T06:32:07.192+0000] {dag.py:4180} INFO - Setting next_dagrun for example_display_name to None, run_after=None
[2024-12-21T06:32:07.209+0000] {processor.py:208} INFO - Processing /home/airflow/.local/lib/python3.12/site-packages/airflow/example_dags/example_display_name.py took 0.064 seconds
[2024-12-21T06:32:37.988+0000] {processor.py:186} INFO - Started process (PID=864) to work on /home/airflow/.local/lib/python3.12/site-packages/airflow/example_dags/example_display_name.py
[2024-12-21T06:32:37.989+0000] {processor.py:914} INFO - Processing file /home/airflow/.local/lib/python3.12/site-packages/airflow/example_dags/example_display_name.py for tasks to queue
[2024-12-21T06:32:37.991+0000] {logging_mixin.py:190} INFO - [2024-12-21T06:32:37.990+0000] {dagbag.py:588} INFO - Filling up the DagBag from /home/airflow/.local/lib/python3.12/site-packages/airflow/example_dags/example_display_name.py
[2024-12-21T06:32:38.002+0000] {processor.py:925} INFO - DAG(s) 'example_display_name' retrieved from /home/airflow/.local/lib/python3.12/site-packages/airflow/example_dags/example_display_name.py
[2024-12-21T06:32:38.022+0000] {logging_mixin.py:190} INFO - [2024-12-21T06:32:38.022+0000] {dag.py:3239} INFO - Sync 1 DAGs
[2024-12-21T06:32:38.036+0000] {logging_mixin.py:190} INFO - [2024-12-21T06:32:38.036+0000] {dag.py:4180} INFO - Setting next_dagrun for example_display_name to None, run_after=None
[2024-12-21T06:32:38.052+0000] {processor.py:208} INFO - Processing /home/airflow/.local/lib/python3.12/site-packages/airflow/example_dags/example_display_name.py took 0.069 seconds
[2024-12-21T06:33:09.370+0000] {processor.py:186} INFO - Started process (PID=927) to work on /home/airflow/.local/lib/python3.12/site-packages/airflow/example_dags/example_display_name.py
[2024-12-21T06:33:09.371+0000] {processor.py:914} INFO - Processing file /home/airflow/.local/lib/python3.12/site-packages/airflow/example_dags/example_display_name.py for tasks to queue
[2024-12-21T06:33:09.374+0000] {logging_mixin.py:190} INFO - [2024-12-21T06:33:09.373+0000] {dagbag.py:588} INFO - Filling up the DagBag from /home/airflow/.local/lib/python3.12/site-packages/airflow/example_dags/example_display_name.py
[2024-12-21T06:33:09.382+0000] {processor.py:925} INFO - DAG(s) 'example_display_name' retrieved from /home/airflow/.local/lib/python3.12/site-packages/airflow/example_dags/example_display_name.py
[2024-12-21T06:33:09.401+0000] {logging_mixin.py:190} INFO - [2024-12-21T06:33:09.401+0000] {dag.py:3239} INFO - Sync 1 DAGs
[2024-12-21T06:33:09.417+0000] {logging_mixin.py:190} INFO - [2024-12-21T06:33:09.417+0000] {dag.py:4180} INFO - Setting next_dagrun for example_display_name to None, run_after=None
[2024-12-21T06:33:09.436+0000] {processor.py:208} INFO - Processing /home/airflow/.local/lib/python3.12/site-packages/airflow/example_dags/example_display_name.py took 0.072 seconds
[2024-12-21T06:33:40.641+0000] {processor.py:186} INFO - Started process (PID=990) to work on /home/airflow/.local/lib/python3.12/site-packages/airflow/example_dags/example_display_name.py
[2024-12-21T06:33:40.642+0000] {processor.py:914} INFO - Processing file /home/airflow/.local/lib/python3.12/site-packages/airflow/example_dags/example_display_name.py for tasks to queue
[2024-12-21T06:33:40.644+0000] {logging_mixin.py:190} INFO - [2024-12-21T06:33:40.644+0000] {dagbag.py:588} INFO - Filling up the DagBag from /home/airflow/.local/lib/python3.12/site-packages/airflow/example_dags/example_display_name.py
[2024-12-21T06:33:40.651+0000] {processor.py:925} INFO - DAG(s) 'example_display_name' retrieved from /home/airflow/.local/lib/python3.12/site-packages/airflow/example_dags/example_display_name.py
[2024-12-21T06:33:40.669+0000] {logging_mixin.py:190} INFO - [2024-12-21T06:33:40.669+0000] {dag.py:3239} INFO - Sync 1 DAGs
[2024-12-21T06:33:40.682+0000] {logging_mixin.py:190} INFO - [2024-12-21T06:33:40.681+0000] {dag.py:4180} INFO - Setting next_dagrun for example_display_name to None, run_after=None
[2024-12-21T06:33:40.697+0000] {processor.py:208} INFO - Processing /home/airflow/.local/lib/python3.12/site-packages/airflow/example_dags/example_display_name.py took 0.061 seconds
[2024-12-21T06:34:51.546+0000] {processor.py:186} INFO - Started process (PID=98) to work on /home/airflow/.local/lib/python3.12/site-packages/airflow/example_dags/example_display_name.py
[2024-12-21T06:34:51.547+0000] {processor.py:914} INFO - Processing file /home/airflow/.local/lib/python3.12/site-packages/airflow/example_dags/example_display_name.py for tasks to queue
[2024-12-21T06:34:51.551+0000] {logging_mixin.py:190} INFO - [2024-12-21T06:34:51.551+0000] {dagbag.py:588} INFO - Filling up the DagBag from /home/airflow/.local/lib/python3.12/site-packages/airflow/example_dags/example_display_name.py
[2024-12-21T06:34:51.563+0000] {processor.py:925} INFO - DAG(s) 'example_display_name' retrieved from /home/airflow/.local/lib/python3.12/site-packages/airflow/example_dags/example_display_name.py
[2024-12-21T06:34:51.594+0000] {logging_mixin.py:190} INFO - [2024-12-21T06:34:51.594+0000] {dag.py:3239} INFO - Sync 1 DAGs
[2024-12-21T06:34:51.620+0000] {logging_mixin.py:190} INFO - [2024-12-21T06:34:51.619+0000] {dag.py:4180} INFO - Setting next_dagrun for example_display_name to None, run_after=None
[2024-12-21T06:34:51.644+0000] {processor.py:208} INFO - Processing /home/airflow/.local/lib/python3.12/site-packages/airflow/example_dags/example_display_name.py took 0.108 seconds
[2024-12-21T06:35:22.888+0000] {processor.py:186} INFO - Started process (PID=163) to work on /home/airflow/.local/lib/python3.12/site-packages/airflow/example_dags/example_display_name.py
[2024-12-21T06:35:22.890+0000] {processor.py:914} INFO - Processing file /home/airflow/.local/lib/python3.12/site-packages/airflow/example_dags/example_display_name.py for tasks to queue
[2024-12-21T06:35:22.893+0000] {logging_mixin.py:190} INFO - [2024-12-21T06:35:22.892+0000] {dagbag.py:588} INFO - Filling up the DagBag from /home/airflow/.local/lib/python3.12/site-packages/airflow/example_dags/example_display_name.py
[2024-12-21T06:35:22.905+0000] {processor.py:925} INFO - DAG(s) 'example_display_name' retrieved from /home/airflow/.local/lib/python3.12/site-packages/airflow/example_dags/example_display_name.py
[2024-12-21T06:35:22.932+0000] {logging_mixin.py:190} INFO - [2024-12-21T06:35:22.932+0000] {dag.py:3239} INFO - Sync 1 DAGs
[2024-12-21T06:35:22.959+0000] {logging_mixin.py:190} INFO - [2024-12-21T06:35:22.959+0000] {dag.py:4180} INFO - Setting next_dagrun for example_display_name to None, run_after=None
[2024-12-21T06:35:22.985+0000] {processor.py:208} INFO - Processing /home/airflow/.local/lib/python3.12/site-packages/airflow/example_dags/example_display_name.py took 0.107 seconds
[2024-12-21T06:35:53.232+0000] {processor.py:186} INFO - Started process (PID=228) to work on /home/airflow/.local/lib/python3.12/site-packages/airflow/example_dags/example_display_name.py
[2024-12-21T06:35:53.233+0000] {processor.py:914} INFO - Processing file /home/airflow/.local/lib/python3.12/site-packages/airflow/example_dags/example_display_name.py for tasks to queue
[2024-12-21T06:35:53.236+0000] {logging_mixin.py:190} INFO - [2024-12-21T06:35:53.235+0000] {dagbag.py:588} INFO - Filling up the DagBag from /home/airflow/.local/lib/python3.12/site-packages/airflow/example_dags/example_display_name.py
[2024-12-21T06:35:53.243+0000] {processor.py:925} INFO - DAG(s) 'example_display_name' retrieved from /home/airflow/.local/lib/python3.12/site-packages/airflow/example_dags/example_display_name.py
[2024-12-21T06:35:53.262+0000] {logging_mixin.py:190} INFO - [2024-12-21T06:35:53.261+0000] {dag.py:3239} INFO - Sync 1 DAGs
[2024-12-21T06:35:53.277+0000] {logging_mixin.py:190} INFO - [2024-12-21T06:35:53.277+0000] {dag.py:4180} INFO - Setting next_dagrun for example_display_name to None, run_after=None
[2024-12-21T06:35:53.293+0000] {processor.py:208} INFO - Processing /home/airflow/.local/lib/python3.12/site-packages/airflow/example_dags/example_display_name.py took 0.067 seconds
[2024-12-21T06:36:24.048+0000] {processor.py:186} INFO - Started process (PID=296) to work on /home/airflow/.local/lib/python3.12/site-packages/airflow/example_dags/example_display_name.py
[2024-12-21T06:36:24.049+0000] {processor.py:914} INFO - Processing file /home/airflow/.local/lib/python3.12/site-packages/airflow/example_dags/example_display_name.py for tasks to queue
[2024-12-21T06:36:24.052+0000] {logging_mixin.py:190} INFO - [2024-12-21T06:36:24.051+0000] {dagbag.py:588} INFO - Filling up the DagBag from /home/airflow/.local/lib/python3.12/site-packages/airflow/example_dags/example_display_name.py
[2024-12-21T06:36:24.061+0000] {processor.py:925} INFO - DAG(s) 'example_display_name' retrieved from /home/airflow/.local/lib/python3.12/site-packages/airflow/example_dags/example_display_name.py
[2024-12-21T06:36:24.086+0000] {logging_mixin.py:190} INFO - [2024-12-21T06:36:24.085+0000] {dag.py:3239} INFO - Sync 1 DAGs
[2024-12-21T06:36:24.104+0000] {logging_mixin.py:190} INFO - [2024-12-21T06:36:24.104+0000] {dag.py:4180} INFO - Setting next_dagrun for example_display_name to None, run_after=None
[2024-12-21T06:36:24.126+0000] {processor.py:208} INFO - Processing /home/airflow/.local/lib/python3.12/site-packages/airflow/example_dags/example_display_name.py took 0.086 seconds
[2024-12-21T06:36:55.536+0000] {processor.py:186} INFO - Started process (PID=361) to work on /home/airflow/.local/lib/python3.12/site-packages/airflow/example_dags/example_display_name.py
[2024-12-21T06:36:55.537+0000] {processor.py:914} INFO - Processing file /home/airflow/.local/lib/python3.12/site-packages/airflow/example_dags/example_display_name.py for tasks to queue
[2024-12-21T06:36:55.539+0000] {logging_mixin.py:190} INFO - [2024-12-21T06:36:55.539+0000] {dagbag.py:588} INFO - Filling up the DagBag from /home/airflow/.local/lib/python3.12/site-packages/airflow/example_dags/example_display_name.py
[2024-12-21T06:36:55.548+0000] {processor.py:925} INFO - DAG(s) 'example_display_name' retrieved from /home/airflow/.local/lib/python3.12/site-packages/airflow/example_dags/example_display_name.py
[2024-12-21T06:36:55.568+0000] {logging_mixin.py:190} INFO - [2024-12-21T06:36:55.567+0000] {dag.py:3239} INFO - Sync 1 DAGs
[2024-12-21T06:36:55.584+0000] {logging_mixin.py:190} INFO - [2024-12-21T06:36:55.584+0000] {dag.py:4180} INFO - Setting next_dagrun for example_display_name to None, run_after=None
[2024-12-21T06:36:55.605+0000] {processor.py:208} INFO - Processing /home/airflow/.local/lib/python3.12/site-packages/airflow/example_dags/example_display_name.py took 0.075 seconds
[2024-12-21T06:37:26.472+0000] {processor.py:186} INFO - Started process (PID=426) to work on /home/airflow/.local/lib/python3.12/site-packages/airflow/example_dags/example_display_name.py
[2024-12-21T06:37:26.473+0000] {processor.py:914} INFO - Processing file /home/airflow/.local/lib/python3.12/site-packages/airflow/example_dags/example_display_name.py for tasks to queue
[2024-12-21T06:37:26.475+0000] {logging_mixin.py:190} INFO - [2024-12-21T06:37:26.475+0000] {dagbag.py:588} INFO - Filling up the DagBag from /home/airflow/.local/lib/python3.12/site-packages/airflow/example_dags/example_display_name.py
[2024-12-21T06:37:26.482+0000] {processor.py:925} INFO - DAG(s) 'example_display_name' retrieved from /home/airflow/.local/lib/python3.12/site-packages/airflow/example_dags/example_display_name.py
[2024-12-21T06:37:26.497+0000] {logging_mixin.py:190} INFO - [2024-12-21T06:37:26.497+0000] {dag.py:3239} INFO - Sync 1 DAGs
[2024-12-21T06:37:26.510+0000] {logging_mixin.py:190} INFO - [2024-12-21T06:37:26.510+0000] {dag.py:4180} INFO - Setting next_dagrun for example_display_name to None, run_after=None
[2024-12-21T06:37:26.526+0000] {processor.py:208} INFO - Processing /home/airflow/.local/lib/python3.12/site-packages/airflow/example_dags/example_display_name.py took 0.058 seconds
[2024-12-21T06:37:57.668+0000] {processor.py:186} INFO - Started process (PID=491) to work on /home/airflow/.local/lib/python3.12/site-packages/airflow/example_dags/example_display_name.py
[2024-12-21T06:37:57.670+0000] {processor.py:914} INFO - Processing file /home/airflow/.local/lib/python3.12/site-packages/airflow/example_dags/example_display_name.py for tasks to queue
[2024-12-21T06:37:57.672+0000] {logging_mixin.py:190} INFO - [2024-12-21T06:37:57.672+0000] {dagbag.py:588} INFO - Filling up the DagBag from /home/airflow/.local/lib/python3.12/site-packages/airflow/example_dags/example_display_name.py
[2024-12-21T06:37:57.681+0000] {processor.py:925} INFO - DAG(s) 'example_display_name' retrieved from /home/airflow/.local/lib/python3.12/site-packages/airflow/example_dags/example_display_name.py
[2024-12-21T06:37:57.701+0000] {logging_mixin.py:190} INFO - [2024-12-21T06:37:57.701+0000] {dag.py:3239} INFO - Sync 1 DAGs
[2024-12-21T06:37:57.719+0000] {logging_mixin.py:190} INFO - [2024-12-21T06:37:57.719+0000] {dag.py:4180} INFO - Setting next_dagrun for example_display_name to None, run_after=None
[2024-12-21T06:37:57.750+0000] {processor.py:208} INFO - Processing /home/airflow/.local/lib/python3.12/site-packages/airflow/example_dags/example_display_name.py took 0.088 seconds
[2024-12-21T06:38:28.551+0000] {processor.py:186} INFO - Started process (PID=556) to work on /home/airflow/.local/lib/python3.12/site-packages/airflow/example_dags/example_display_name.py
[2024-12-21T06:38:28.552+0000] {processor.py:914} INFO - Processing file /home/airflow/.local/lib/python3.12/site-packages/airflow/example_dags/example_display_name.py for tasks to queue
[2024-12-21T06:38:28.554+0000] {logging_mixin.py:190} INFO - [2024-12-21T06:38:28.553+0000] {dagbag.py:588} INFO - Filling up the DagBag from /home/airflow/.local/lib/python3.12/site-packages/airflow/example_dags/example_display_name.py
[2024-12-21T06:38:28.560+0000] {processor.py:925} INFO - DAG(s) 'example_display_name' retrieved from /home/airflow/.local/lib/python3.12/site-packages/airflow/example_dags/example_display_name.py
[2024-12-21T06:38:28.574+0000] {logging_mixin.py:190} INFO - [2024-12-21T06:38:28.574+0000] {dag.py:3239} INFO - Sync 1 DAGs
[2024-12-21T06:38:28.585+0000] {logging_mixin.py:190} INFO - [2024-12-21T06:38:28.585+0000] {dag.py:4180} INFO - Setting next_dagrun for example_display_name to None, run_after=None
[2024-12-21T06:38:28.599+0000] {processor.py:208} INFO - Processing /home/airflow/.local/lib/python3.12/site-packages/airflow/example_dags/example_display_name.py took 0.052 seconds
[2024-12-21T06:38:59.310+0000] {processor.py:186} INFO - Started process (PID=621) to work on /home/airflow/.local/lib/python3.12/site-packages/airflow/example_dags/example_display_name.py
[2024-12-21T06:38:59.310+0000] {processor.py:914} INFO - Processing file /home/airflow/.local/lib/python3.12/site-packages/airflow/example_dags/example_display_name.py for tasks to queue
[2024-12-21T06:38:59.312+0000] {logging_mixin.py:190} INFO - [2024-12-21T06:38:59.312+0000] {dagbag.py:588} INFO - Filling up the DagBag from /home/airflow/.local/lib/python3.12/site-packages/airflow/example_dags/example_display_name.py
[2024-12-21T06:38:59.319+0000] {processor.py:925} INFO - DAG(s) 'example_display_name' retrieved from /home/airflow/.local/lib/python3.12/site-packages/airflow/example_dags/example_display_name.py
[2024-12-21T06:38:59.336+0000] {logging_mixin.py:190} INFO - [2024-12-21T06:38:59.336+0000] {dag.py:3239} INFO - Sync 1 DAGs
[2024-12-21T06:38:59.349+0000] {logging_mixin.py:190} INFO - [2024-12-21T06:38:59.349+0000] {dag.py:4180} INFO - Setting next_dagrun for example_display_name to None, run_after=None
[2024-12-21T06:38:59.365+0000] {processor.py:208} INFO - Processing /home/airflow/.local/lib/python3.12/site-packages/airflow/example_dags/example_display_name.py took 0.061 seconds
[2024-12-21T06:39:30.082+0000] {processor.py:186} INFO - Started process (PID=686) to work on /home/airflow/.local/lib/python3.12/site-packages/airflow/example_dags/example_display_name.py
[2024-12-21T06:39:30.083+0000] {processor.py:914} INFO - Processing file /home/airflow/.local/lib/python3.12/site-packages/airflow/example_dags/example_display_name.py for tasks to queue
[2024-12-21T06:39:30.087+0000] {logging_mixin.py:190} INFO - [2024-12-21T06:39:30.086+0000] {dagbag.py:588} INFO - Filling up the DagBag from /home/airflow/.local/lib/python3.12/site-packages/airflow/example_dags/example_display_name.py
[2024-12-21T06:39:30.098+0000] {processor.py:925} INFO - DAG(s) 'example_display_name' retrieved from /home/airflow/.local/lib/python3.12/site-packages/airflow/example_dags/example_display_name.py
[2024-12-21T06:39:30.125+0000] {logging_mixin.py:190} INFO - [2024-12-21T06:39:30.124+0000] {dag.py:3239} INFO - Sync 1 DAGs
[2024-12-21T06:39:30.143+0000] {logging_mixin.py:190} INFO - [2024-12-21T06:39:30.143+0000] {dag.py:4180} INFO - Setting next_dagrun for example_display_name to None, run_after=None
[2024-12-21T06:39:30.168+0000] {processor.py:208} INFO - Processing /home/airflow/.local/lib/python3.12/site-packages/airflow/example_dags/example_display_name.py took 0.093 seconds
[2024-12-21T06:40:01.006+0000] {processor.py:186} INFO - Started process (PID=751) to work on /home/airflow/.local/lib/python3.12/site-packages/airflow/example_dags/example_display_name.py
[2024-12-21T06:40:01.006+0000] {processor.py:914} INFO - Processing file /home/airflow/.local/lib/python3.12/site-packages/airflow/example_dags/example_display_name.py for tasks to queue
[2024-12-21T06:40:01.008+0000] {logging_mixin.py:190} INFO - [2024-12-21T06:40:01.008+0000] {dagbag.py:588} INFO - Filling up the DagBag from /home/airflow/.local/lib/python3.12/site-packages/airflow/example_dags/example_display_name.py
[2024-12-21T06:40:01.015+0000] {processor.py:925} INFO - DAG(s) 'example_display_name' retrieved from /home/airflow/.local/lib/python3.12/site-packages/airflow/example_dags/example_display_name.py
[2024-12-21T06:40:01.031+0000] {logging_mixin.py:190} INFO - [2024-12-21T06:40:01.031+0000] {dag.py:3239} INFO - Sync 1 DAGs
[2024-12-21T06:40:01.044+0000] {logging_mixin.py:190} INFO - [2024-12-21T06:40:01.043+0000] {dag.py:4180} INFO - Setting next_dagrun for example_display_name to None, run_after=None
[2024-12-21T06:40:01.059+0000] {processor.py:208} INFO - Processing /home/airflow/.local/lib/python3.12/site-packages/airflow/example_dags/example_display_name.py took 0.059 seconds
[2024-12-21T06:40:32.135+0000] {processor.py:186} INFO - Started process (PID=816) to work on /home/airflow/.local/lib/python3.12/site-packages/airflow/example_dags/example_display_name.py
[2024-12-21T06:40:32.136+0000] {processor.py:914} INFO - Processing file /home/airflow/.local/lib/python3.12/site-packages/airflow/example_dags/example_display_name.py for tasks to queue
[2024-12-21T06:40:32.137+0000] {logging_mixin.py:190} INFO - [2024-12-21T06:40:32.137+0000] {dagbag.py:588} INFO - Filling up the DagBag from /home/airflow/.local/lib/python3.12/site-packages/airflow/example_dags/example_display_name.py
[2024-12-21T06:40:32.144+0000] {processor.py:925} INFO - DAG(s) 'example_display_name' retrieved from /home/airflow/.local/lib/python3.12/site-packages/airflow/example_dags/example_display_name.py
[2024-12-21T06:40:32.161+0000] {logging_mixin.py:190} INFO - [2024-12-21T06:40:32.161+0000] {dag.py:3239} INFO - Sync 1 DAGs
[2024-12-21T06:40:32.174+0000] {logging_mixin.py:190} INFO - [2024-12-21T06:40:32.173+0000] {dag.py:4180} INFO - Setting next_dagrun for example_display_name to None, run_after=None
[2024-12-21T06:40:32.188+0000] {processor.py:208} INFO - Processing /home/airflow/.local/lib/python3.12/site-packages/airflow/example_dags/example_display_name.py took 0.059 seconds
[2024-12-21T06:41:03.153+0000] {processor.py:186} INFO - Started process (PID=881) to work on /home/airflow/.local/lib/python3.12/site-packages/airflow/example_dags/example_display_name.py
[2024-12-21T06:41:03.154+0000] {processor.py:914} INFO - Processing file /home/airflow/.local/lib/python3.12/site-packages/airflow/example_dags/example_display_name.py for tasks to queue
[2024-12-21T06:41:03.155+0000] {logging_mixin.py:190} INFO - [2024-12-21T06:41:03.155+0000] {dagbag.py:588} INFO - Filling up the DagBag from /home/airflow/.local/lib/python3.12/site-packages/airflow/example_dags/example_display_name.py
[2024-12-21T06:41:03.162+0000] {processor.py:925} INFO - DAG(s) 'example_display_name' retrieved from /home/airflow/.local/lib/python3.12/site-packages/airflow/example_dags/example_display_name.py
[2024-12-21T06:41:03.176+0000] {logging_mixin.py:190} INFO - [2024-12-21T06:41:03.176+0000] {dag.py:3239} INFO - Sync 1 DAGs
[2024-12-21T06:41:03.188+0000] {logging_mixin.py:190} INFO - [2024-12-21T06:41:03.187+0000] {dag.py:4180} INFO - Setting next_dagrun for example_display_name to None, run_after=None
[2024-12-21T06:41:03.201+0000] {processor.py:208} INFO - Processing /home/airflow/.local/lib/python3.12/site-packages/airflow/example_dags/example_display_name.py took 0.053 seconds
[2024-12-21T06:41:33.610+0000] {processor.py:186} INFO - Started process (PID=946) to work on /home/airflow/.local/lib/python3.12/site-packages/airflow/example_dags/example_display_name.py
[2024-12-21T06:41:33.610+0000] {processor.py:914} INFO - Processing file /home/airflow/.local/lib/python3.12/site-packages/airflow/example_dags/example_display_name.py for tasks to queue
[2024-12-21T06:41:33.612+0000] {logging_mixin.py:190} INFO - [2024-12-21T06:41:33.611+0000] {dagbag.py:588} INFO - Filling up the DagBag from /home/airflow/.local/lib/python3.12/site-packages/airflow/example_dags/example_display_name.py
[2024-12-21T06:41:33.618+0000] {processor.py:925} INFO - DAG(s) 'example_display_name' retrieved from /home/airflow/.local/lib/python3.12/site-packages/airflow/example_dags/example_display_name.py
[2024-12-21T06:41:33.632+0000] {logging_mixin.py:190} INFO - [2024-12-21T06:41:33.632+0000] {dag.py:3239} INFO - Sync 1 DAGs
[2024-12-21T06:41:33.643+0000] {logging_mixin.py:190} INFO - [2024-12-21T06:41:33.643+0000] {dag.py:4180} INFO - Setting next_dagrun for example_display_name to None, run_after=None
[2024-12-21T06:41:33.656+0000] {processor.py:208} INFO - Processing /home/airflow/.local/lib/python3.12/site-packages/airflow/example_dags/example_display_name.py took 0.051 seconds
[2024-12-21T06:42:04.773+0000] {processor.py:186} INFO - Started process (PID=1011) to work on /home/airflow/.local/lib/python3.12/site-packages/airflow/example_dags/example_display_name.py
[2024-12-21T06:42:04.774+0000] {processor.py:914} INFO - Processing file /home/airflow/.local/lib/python3.12/site-packages/airflow/example_dags/example_display_name.py for tasks to queue
[2024-12-21T06:42:04.776+0000] {logging_mixin.py:190} INFO - [2024-12-21T06:42:04.776+0000] {dagbag.py:588} INFO - Filling up the DagBag from /home/airflow/.local/lib/python3.12/site-packages/airflow/example_dags/example_display_name.py
[2024-12-21T06:42:04.782+0000] {processor.py:925} INFO - DAG(s) 'example_display_name' retrieved from /home/airflow/.local/lib/python3.12/site-packages/airflow/example_dags/example_display_name.py
[2024-12-21T06:42:04.797+0000] {logging_mixin.py:190} INFO - [2024-12-21T06:42:04.797+0000] {dag.py:3239} INFO - Sync 1 DAGs
[2024-12-21T06:42:04.808+0000] {logging_mixin.py:190} INFO - [2024-12-21T06:42:04.808+0000] {dag.py:4180} INFO - Setting next_dagrun for example_display_name to None, run_after=None
[2024-12-21T06:42:04.822+0000] {processor.py:208} INFO - Processing /home/airflow/.local/lib/python3.12/site-packages/airflow/example_dags/example_display_name.py took 0.053 seconds
[2024-12-21T06:42:36.417+0000] {processor.py:186} INFO - Started process (PID=1076) to work on /home/airflow/.local/lib/python3.12/site-packages/airflow/example_dags/example_display_name.py
[2024-12-21T06:42:36.418+0000] {processor.py:914} INFO - Processing file /home/airflow/.local/lib/python3.12/site-packages/airflow/example_dags/example_display_name.py for tasks to queue
[2024-12-21T06:42:36.420+0000] {logging_mixin.py:190} INFO - [2024-12-21T06:42:36.420+0000] {dagbag.py:588} INFO - Filling up the DagBag from /home/airflow/.local/lib/python3.12/site-packages/airflow/example_dags/example_display_name.py
[2024-12-21T06:42:36.428+0000] {processor.py:925} INFO - DAG(s) 'example_display_name' retrieved from /home/airflow/.local/lib/python3.12/site-packages/airflow/example_dags/example_display_name.py
[2024-12-21T06:42:36.446+0000] {logging_mixin.py:190} INFO - [2024-12-21T06:42:36.446+0000] {dag.py:3239} INFO - Sync 1 DAGs
[2024-12-21T06:42:36.459+0000] {logging_mixin.py:190} INFO - [2024-12-21T06:42:36.459+0000] {dag.py:4180} INFO - Setting next_dagrun for example_display_name to None, run_after=None
[2024-12-21T06:42:36.475+0000] {processor.py:208} INFO - Processing /home/airflow/.local/lib/python3.12/site-packages/airflow/example_dags/example_display_name.py took 0.064 seconds
[2024-12-21T06:43:07.906+0000] {processor.py:186} INFO - Started process (PID=1142) to work on /home/airflow/.local/lib/python3.12/site-packages/airflow/example_dags/example_display_name.py
[2024-12-21T06:43:07.907+0000] {processor.py:914} INFO - Processing file /home/airflow/.local/lib/python3.12/site-packages/airflow/example_dags/example_display_name.py for tasks to queue
[2024-12-21T06:43:07.909+0000] {logging_mixin.py:190} INFO - [2024-12-21T06:43:07.908+0000] {dagbag.py:588} INFO - Filling up the DagBag from /home/airflow/.local/lib/python3.12/site-packages/airflow/example_dags/example_display_name.py
[2024-12-21T06:43:07.917+0000] {processor.py:925} INFO - DAG(s) 'example_display_name' retrieved from /home/airflow/.local/lib/python3.12/site-packages/airflow/example_dags/example_display_name.py
[2024-12-21T06:43:07.936+0000] {logging_mixin.py:190} INFO - [2024-12-21T06:43:07.935+0000] {dag.py:3239} INFO - Sync 1 DAGs
[2024-12-21T06:43:07.950+0000] {logging_mixin.py:190} INFO - [2024-12-21T06:43:07.950+0000] {dag.py:4180} INFO - Setting next_dagrun for example_display_name to None, run_after=None
[2024-12-21T06:43:07.967+0000] {processor.py:208} INFO - Processing /home/airflow/.local/lib/python3.12/site-packages/airflow/example_dags/example_display_name.py took 0.067 seconds
[2024-12-21T06:43:38.288+0000] {processor.py:186} INFO - Started process (PID=1207) to work on /home/airflow/.local/lib/python3.12/site-packages/airflow/example_dags/example_display_name.py
[2024-12-21T06:43:38.289+0000] {processor.py:914} INFO - Processing file /home/airflow/.local/lib/python3.12/site-packages/airflow/example_dags/example_display_name.py for tasks to queue
[2024-12-21T06:43:38.290+0000] {logging_mixin.py:190} INFO - [2024-12-21T06:43:38.290+0000] {dagbag.py:588} INFO - Filling up the DagBag from /home/airflow/.local/lib/python3.12/site-packages/airflow/example_dags/example_display_name.py
[2024-12-21T06:43:38.296+0000] {processor.py:925} INFO - DAG(s) 'example_display_name' retrieved from /home/airflow/.local/lib/python3.12/site-packages/airflow/example_dags/example_display_name.py
[2024-12-21T06:43:38.312+0000] {logging_mixin.py:190} INFO - [2024-12-21T06:43:38.312+0000] {dag.py:3239} INFO - Sync 1 DAGs
[2024-12-21T06:43:38.324+0000] {logging_mixin.py:190} INFO - [2024-12-21T06:43:38.324+0000] {dag.py:4180} INFO - Setting next_dagrun for example_display_name to None, run_after=None
[2024-12-21T06:43:38.338+0000] {processor.py:208} INFO - Processing /home/airflow/.local/lib/python3.12/site-packages/airflow/example_dags/example_display_name.py took 0.055 seconds
[2024-12-21T06:44:08.774+0000] {processor.py:186} INFO - Started process (PID=1272) to work on /home/airflow/.local/lib/python3.12/site-packages/airflow/example_dags/example_display_name.py
[2024-12-21T06:44:08.775+0000] {processor.py:914} INFO - Processing file /home/airflow/.local/lib/python3.12/site-packages/airflow/example_dags/example_display_name.py for tasks to queue
[2024-12-21T06:44:08.777+0000] {logging_mixin.py:190} INFO - [2024-12-21T06:44:08.776+0000] {dagbag.py:588} INFO - Filling up the DagBag from /home/airflow/.local/lib/python3.12/site-packages/airflow/example_dags/example_display_name.py
[2024-12-21T06:44:08.784+0000] {processor.py:925} INFO - DAG(s) 'example_display_name' retrieved from /home/airflow/.local/lib/python3.12/site-packages/airflow/example_dags/example_display_name.py
[2024-12-21T06:44:08.817+0000] {logging_mixin.py:190} INFO - [2024-12-21T06:44:08.817+0000] {dag.py:3239} INFO - Sync 1 DAGs
[2024-12-21T06:44:08.838+0000] {logging_mixin.py:190} INFO - [2024-12-21T06:44:08.837+0000] {dag.py:4180} INFO - Setting next_dagrun for example_display_name to None, run_after=None
[2024-12-21T06:44:08.859+0000] {processor.py:208} INFO - Processing /home/airflow/.local/lib/python3.12/site-packages/airflow/example_dags/example_display_name.py took 0.091 seconds
[2024-12-21T06:45:46.238+0000] {processor.py:186} INFO - Started process (PID=110) to work on /home/airflow/.local/lib/python3.12/site-packages/airflow/example_dags/example_display_name.py
[2024-12-21T06:45:46.239+0000] {processor.py:914} INFO - Processing file /home/airflow/.local/lib/python3.12/site-packages/airflow/example_dags/example_display_name.py for tasks to queue
[2024-12-21T06:45:46.241+0000] {logging_mixin.py:190} INFO - [2024-12-21T06:45:46.241+0000] {dagbag.py:588} INFO - Filling up the DagBag from /home/airflow/.local/lib/python3.12/site-packages/airflow/example_dags/example_display_name.py
[2024-12-21T06:45:46.251+0000] {processor.py:925} INFO - DAG(s) 'example_display_name' retrieved from /home/airflow/.local/lib/python3.12/site-packages/airflow/example_dags/example_display_name.py
[2024-12-21T06:45:46.275+0000] {logging_mixin.py:190} INFO - [2024-12-21T06:45:46.274+0000] {dag.py:3239} INFO - Sync 1 DAGs
[2024-12-21T06:45:46.291+0000] {logging_mixin.py:190} INFO - [2024-12-21T06:45:46.291+0000] {dag.py:4180} INFO - Setting next_dagrun for example_display_name to None, run_after=None
[2024-12-21T06:45:46.312+0000] {processor.py:208} INFO - Processing /home/airflow/.local/lib/python3.12/site-packages/airflow/example_dags/example_display_name.py took 0.080 seconds
[2024-12-21T06:46:16.707+0000] {processor.py:186} INFO - Started process (PID=175) to work on /home/airflow/.local/lib/python3.12/site-packages/airflow/example_dags/example_display_name.py
[2024-12-21T06:46:16.707+0000] {processor.py:914} INFO - Processing file /home/airflow/.local/lib/python3.12/site-packages/airflow/example_dags/example_display_name.py for tasks to queue
[2024-12-21T06:46:16.710+0000] {logging_mixin.py:190} INFO - [2024-12-21T06:46:16.709+0000] {dagbag.py:588} INFO - Filling up the DagBag from /home/airflow/.local/lib/python3.12/site-packages/airflow/example_dags/example_display_name.py
[2024-12-21T06:46:16.717+0000] {processor.py:925} INFO - DAG(s) 'example_display_name' retrieved from /home/airflow/.local/lib/python3.12/site-packages/airflow/example_dags/example_display_name.py
[2024-12-21T06:46:16.736+0000] {logging_mixin.py:190} INFO - [2024-12-21T06:46:16.736+0000] {dag.py:3239} INFO - Sync 1 DAGs
[2024-12-21T06:46:16.751+0000] {logging_mixin.py:190} INFO - [2024-12-21T06:46:16.751+0000] {dag.py:4180} INFO - Setting next_dagrun for example_display_name to None, run_after=None
[2024-12-21T06:46:16.769+0000] {processor.py:208} INFO - Processing /home/airflow/.local/lib/python3.12/site-packages/airflow/example_dags/example_display_name.py took 0.068 seconds
[2024-12-21T06:46:47.257+0000] {processor.py:186} INFO - Started process (PID=239) to work on /home/airflow/.local/lib/python3.12/site-packages/airflow/example_dags/example_display_name.py
[2024-12-21T06:46:47.258+0000] {processor.py:914} INFO - Processing file /home/airflow/.local/lib/python3.12/site-packages/airflow/example_dags/example_display_name.py for tasks to queue
[2024-12-21T06:46:47.260+0000] {logging_mixin.py:190} INFO - [2024-12-21T06:46:47.260+0000] {dagbag.py:588} INFO - Filling up the DagBag from /home/airflow/.local/lib/python3.12/site-packages/airflow/example_dags/example_display_name.py
[2024-12-21T06:46:47.271+0000] {processor.py:925} INFO - DAG(s) 'example_display_name' retrieved from /home/airflow/.local/lib/python3.12/site-packages/airflow/example_dags/example_display_name.py
[2024-12-21T06:46:47.292+0000] {logging_mixin.py:190} INFO - [2024-12-21T06:46:47.291+0000] {dag.py:3239} INFO - Sync 1 DAGs
[2024-12-21T06:46:47.310+0000] {logging_mixin.py:190} INFO - [2024-12-21T06:46:47.310+0000] {dag.py:4180} INFO - Setting next_dagrun for example_display_name to None, run_after=None
[2024-12-21T06:46:47.331+0000] {processor.py:208} INFO - Processing /home/airflow/.local/lib/python3.12/site-packages/airflow/example_dags/example_display_name.py took 0.082 seconds
[2024-12-21T06:47:18.316+0000] {processor.py:186} INFO - Started process (PID=305) to work on /home/airflow/.local/lib/python3.12/site-packages/airflow/example_dags/example_display_name.py
[2024-12-21T06:47:18.317+0000] {processor.py:914} INFO - Processing file /home/airflow/.local/lib/python3.12/site-packages/airflow/example_dags/example_display_name.py for tasks to queue
[2024-12-21T06:47:18.318+0000] {logging_mixin.py:190} INFO - [2024-12-21T06:47:18.318+0000] {dagbag.py:588} INFO - Filling up the DagBag from /home/airflow/.local/lib/python3.12/site-packages/airflow/example_dags/example_display_name.py
[2024-12-21T06:47:18.326+0000] {processor.py:925} INFO - DAG(s) 'example_display_name' retrieved from /home/airflow/.local/lib/python3.12/site-packages/airflow/example_dags/example_display_name.py
[2024-12-21T06:47:18.344+0000] {logging_mixin.py:190} INFO - [2024-12-21T06:47:18.344+0000] {dag.py:3239} INFO - Sync 1 DAGs
[2024-12-21T06:47:18.357+0000] {logging_mixin.py:190} INFO - [2024-12-21T06:47:18.357+0000] {dag.py:4180} INFO - Setting next_dagrun for example_display_name to None, run_after=None
[2024-12-21T06:47:18.377+0000] {processor.py:208} INFO - Processing /home/airflow/.local/lib/python3.12/site-packages/airflow/example_dags/example_display_name.py took 0.066 seconds
[2024-12-21T06:47:49.070+0000] {processor.py:186} INFO - Started process (PID=369) to work on /home/airflow/.local/lib/python3.12/site-packages/airflow/example_dags/example_display_name.py
[2024-12-21T06:47:49.071+0000] {processor.py:914} INFO - Processing file /home/airflow/.local/lib/python3.12/site-packages/airflow/example_dags/example_display_name.py for tasks to queue
[2024-12-21T06:47:49.073+0000] {logging_mixin.py:190} INFO - [2024-12-21T06:47:49.073+0000] {dagbag.py:588} INFO - Filling up the DagBag from /home/airflow/.local/lib/python3.12/site-packages/airflow/example_dags/example_display_name.py
[2024-12-21T06:47:49.081+0000] {processor.py:925} INFO - DAG(s) 'example_display_name' retrieved from /home/airflow/.local/lib/python3.12/site-packages/airflow/example_dags/example_display_name.py
[2024-12-21T06:47:49.100+0000] {logging_mixin.py:190} INFO - [2024-12-21T06:47:49.100+0000] {dag.py:3239} INFO - Sync 1 DAGs
[2024-12-21T06:47:49.118+0000] {logging_mixin.py:190} INFO - [2024-12-21T06:47:49.118+0000] {dag.py:4180} INFO - Setting next_dagrun for example_display_name to None, run_after=None
[2024-12-21T06:47:49.135+0000] {processor.py:208} INFO - Processing /home/airflow/.local/lib/python3.12/site-packages/airflow/example_dags/example_display_name.py took 0.070 seconds
[2024-12-21T06:48:19.591+0000] {processor.py:186} INFO - Started process (PID=434) to work on /home/airflow/.local/lib/python3.12/site-packages/airflow/example_dags/example_display_name.py
[2024-12-21T06:48:19.592+0000] {processor.py:914} INFO - Processing file /home/airflow/.local/lib/python3.12/site-packages/airflow/example_dags/example_display_name.py for tasks to queue
[2024-12-21T06:48:19.594+0000] {logging_mixin.py:190} INFO - [2024-12-21T06:48:19.594+0000] {dagbag.py:588} INFO - Filling up the DagBag from /home/airflow/.local/lib/python3.12/site-packages/airflow/example_dags/example_display_name.py
[2024-12-21T06:48:19.601+0000] {processor.py:925} INFO - DAG(s) 'example_display_name' retrieved from /home/airflow/.local/lib/python3.12/site-packages/airflow/example_dags/example_display_name.py
[2024-12-21T06:48:19.619+0000] {logging_mixin.py:190} INFO - [2024-12-21T06:48:19.619+0000] {dag.py:3239} INFO - Sync 1 DAGs
[2024-12-21T06:48:19.632+0000] {logging_mixin.py:190} INFO - [2024-12-21T06:48:19.632+0000] {dag.py:4180} INFO - Setting next_dagrun for example_display_name to None, run_after=None
[2024-12-21T06:48:19.649+0000] {processor.py:208} INFO - Processing /home/airflow/.local/lib/python3.12/site-packages/airflow/example_dags/example_display_name.py took 0.062 seconds
[2024-12-21T06:48:50.644+0000] {processor.py:186} INFO - Started process (PID=498) to work on /home/airflow/.local/lib/python3.12/site-packages/airflow/example_dags/example_display_name.py
[2024-12-21T06:48:50.645+0000] {processor.py:914} INFO - Processing file /home/airflow/.local/lib/python3.12/site-packages/airflow/example_dags/example_display_name.py for tasks to queue
[2024-12-21T06:48:50.647+0000] {logging_mixin.py:190} INFO - [2024-12-21T06:48:50.647+0000] {dagbag.py:588} INFO - Filling up the DagBag from /home/airflow/.local/lib/python3.12/site-packages/airflow/example_dags/example_display_name.py
[2024-12-21T06:48:50.655+0000] {processor.py:925} INFO - DAG(s) 'example_display_name' retrieved from /home/airflow/.local/lib/python3.12/site-packages/airflow/example_dags/example_display_name.py
[2024-12-21T06:48:50.673+0000] {logging_mixin.py:190} INFO - [2024-12-21T06:48:50.673+0000] {dag.py:3239} INFO - Sync 1 DAGs
[2024-12-21T06:48:50.688+0000] {logging_mixin.py:190} INFO - [2024-12-21T06:48:50.688+0000] {dag.py:4180} INFO - Setting next_dagrun for example_display_name to None, run_after=None
[2024-12-21T06:48:50.706+0000] {processor.py:208} INFO - Processing /home/airflow/.local/lib/python3.12/site-packages/airflow/example_dags/example_display_name.py took 0.068 seconds
[2024-12-21T06:49:21.936+0000] {processor.py:186} INFO - Started process (PID=563) to work on /home/airflow/.local/lib/python3.12/site-packages/airflow/example_dags/example_display_name.py
[2024-12-21T06:49:21.938+0000] {processor.py:914} INFO - Processing file /home/airflow/.local/lib/python3.12/site-packages/airflow/example_dags/example_display_name.py for tasks to queue
[2024-12-21T06:49:21.941+0000] {logging_mixin.py:190} INFO - [2024-12-21T06:49:21.941+0000] {dagbag.py:588} INFO - Filling up the DagBag from /home/airflow/.local/lib/python3.12/site-packages/airflow/example_dags/example_display_name.py
[2024-12-21T06:49:21.954+0000] {processor.py:925} INFO - DAG(s) 'example_display_name' retrieved from /home/airflow/.local/lib/python3.12/site-packages/airflow/example_dags/example_display_name.py
[2024-12-21T06:49:21.976+0000] {logging_mixin.py:190} INFO - [2024-12-21T06:49:21.976+0000] {dag.py:3239} INFO - Sync 1 DAGs
[2024-12-21T06:49:21.993+0000] {logging_mixin.py:190} INFO - [2024-12-21T06:49:21.993+0000] {dag.py:4180} INFO - Setting next_dagrun for example_display_name to None, run_after=None
[2024-12-21T06:49:22.016+0000] {processor.py:208} INFO - Processing /home/airflow/.local/lib/python3.12/site-packages/airflow/example_dags/example_display_name.py took 0.087 seconds
[2024-12-21T06:49:52.741+0000] {processor.py:186} INFO - Started process (PID=628) to work on /home/airflow/.local/lib/python3.12/site-packages/airflow/example_dags/example_display_name.py
[2024-12-21T06:49:52.742+0000] {processor.py:914} INFO - Processing file /home/airflow/.local/lib/python3.12/site-packages/airflow/example_dags/example_display_name.py for tasks to queue
[2024-12-21T06:49:52.744+0000] {logging_mixin.py:190} INFO - [2024-12-21T06:49:52.744+0000] {dagbag.py:588} INFO - Filling up the DagBag from /home/airflow/.local/lib/python3.12/site-packages/airflow/example_dags/example_display_name.py
[2024-12-21T06:49:52.750+0000] {processor.py:925} INFO - DAG(s) 'example_display_name' retrieved from /home/airflow/.local/lib/python3.12/site-packages/airflow/example_dags/example_display_name.py
[2024-12-21T06:49:52.768+0000] {logging_mixin.py:190} INFO - [2024-12-21T06:49:52.768+0000] {dag.py:3239} INFO - Sync 1 DAGs
[2024-12-21T06:49:52.782+0000] {logging_mixin.py:190} INFO - [2024-12-21T06:49:52.782+0000] {dag.py:4180} INFO - Setting next_dagrun for example_display_name to None, run_after=None
[2024-12-21T06:49:52.801+0000] {processor.py:208} INFO - Processing /home/airflow/.local/lib/python3.12/site-packages/airflow/example_dags/example_display_name.py took 0.065 seconds
[2024-12-21T06:50:23.597+0000] {processor.py:186} INFO - Started process (PID=693) to work on /home/airflow/.local/lib/python3.12/site-packages/airflow/example_dags/example_display_name.py
[2024-12-21T06:50:23.597+0000] {processor.py:914} INFO - Processing file /home/airflow/.local/lib/python3.12/site-packages/airflow/example_dags/example_display_name.py for tasks to queue
[2024-12-21T06:50:23.599+0000] {logging_mixin.py:190} INFO - [2024-12-21T06:50:23.599+0000] {dagbag.py:588} INFO - Filling up the DagBag from /home/airflow/.local/lib/python3.12/site-packages/airflow/example_dags/example_display_name.py
[2024-12-21T06:50:23.606+0000] {processor.py:925} INFO - DAG(s) 'example_display_name' retrieved from /home/airflow/.local/lib/python3.12/site-packages/airflow/example_dags/example_display_name.py
[2024-12-21T06:50:23.622+0000] {logging_mixin.py:190} INFO - [2024-12-21T06:50:23.622+0000] {dag.py:3239} INFO - Sync 1 DAGs
[2024-12-21T06:50:23.634+0000] {logging_mixin.py:190} INFO - [2024-12-21T06:50:23.634+0000] {dag.py:4180} INFO - Setting next_dagrun for example_display_name to None, run_after=None
[2024-12-21T06:50:23.648+0000] {processor.py:208} INFO - Processing /home/airflow/.local/lib/python3.12/site-packages/airflow/example_dags/example_display_name.py took 0.056 seconds
[2024-12-21T06:50:54.931+0000] {processor.py:186} INFO - Started process (PID=758) to work on /home/airflow/.local/lib/python3.12/site-packages/airflow/example_dags/example_display_name.py
[2024-12-21T06:50:54.931+0000] {processor.py:914} INFO - Processing file /home/airflow/.local/lib/python3.12/site-packages/airflow/example_dags/example_display_name.py for tasks to queue
[2024-12-21T06:50:54.933+0000] {logging_mixin.py:190} INFO - [2024-12-21T06:50:54.933+0000] {dagbag.py:588} INFO - Filling up the DagBag from /home/airflow/.local/lib/python3.12/site-packages/airflow/example_dags/example_display_name.py
[2024-12-21T06:50:54.939+0000] {processor.py:925} INFO - DAG(s) 'example_display_name' retrieved from /home/airflow/.local/lib/python3.12/site-packages/airflow/example_dags/example_display_name.py
[2024-12-21T06:50:54.953+0000] {logging_mixin.py:190} INFO - [2024-12-21T06:50:54.953+0000] {dag.py:3239} INFO - Sync 1 DAGs
[2024-12-21T06:50:54.965+0000] {logging_mixin.py:190} INFO - [2024-12-21T06:50:54.965+0000] {dag.py:4180} INFO - Setting next_dagrun for example_display_name to None, run_after=None
[2024-12-21T06:50:54.979+0000] {processor.py:208} INFO - Processing /home/airflow/.local/lib/python3.12/site-packages/airflow/example_dags/example_display_name.py took 0.053 seconds
[2024-12-21T06:51:25.947+0000] {processor.py:186} INFO - Started process (PID=823) to work on /home/airflow/.local/lib/python3.12/site-packages/airflow/example_dags/example_display_name.py
[2024-12-21T06:51:25.948+0000] {processor.py:914} INFO - Processing file /home/airflow/.local/lib/python3.12/site-packages/airflow/example_dags/example_display_name.py for tasks to queue
[2024-12-21T06:51:25.950+0000] {logging_mixin.py:190} INFO - [2024-12-21T06:51:25.950+0000] {dagbag.py:588} INFO - Filling up the DagBag from /home/airflow/.local/lib/python3.12/site-packages/airflow/example_dags/example_display_name.py
[2024-12-21T06:51:25.959+0000] {processor.py:925} INFO - DAG(s) 'example_display_name' retrieved from /home/airflow/.local/lib/python3.12/site-packages/airflow/example_dags/example_display_name.py
[2024-12-21T06:51:25.978+0000] {logging_mixin.py:190} INFO - [2024-12-21T06:51:25.977+0000] {dag.py:3239} INFO - Sync 1 DAGs
[2024-12-21T06:51:25.993+0000] {logging_mixin.py:190} INFO - [2024-12-21T06:51:25.993+0000] {dag.py:4180} INFO - Setting next_dagrun for example_display_name to None, run_after=None
[2024-12-21T06:51:26.010+0000] {processor.py:208} INFO - Processing /home/airflow/.local/lib/python3.12/site-packages/airflow/example_dags/example_display_name.py took 0.068 seconds
[2024-12-21T06:51:56.669+0000] {processor.py:186} INFO - Started process (PID=888) to work on /home/airflow/.local/lib/python3.12/site-packages/airflow/example_dags/example_display_name.py
[2024-12-21T06:51:56.670+0000] {processor.py:914} INFO - Processing file /home/airflow/.local/lib/python3.12/site-packages/airflow/example_dags/example_display_name.py for tasks to queue
[2024-12-21T06:51:56.671+0000] {logging_mixin.py:190} INFO - [2024-12-21T06:51:56.671+0000] {dagbag.py:588} INFO - Filling up the DagBag from /home/airflow/.local/lib/python3.12/site-packages/airflow/example_dags/example_display_name.py
[2024-12-21T06:51:56.678+0000] {processor.py:925} INFO - DAG(s) 'example_display_name' retrieved from /home/airflow/.local/lib/python3.12/site-packages/airflow/example_dags/example_display_name.py
[2024-12-21T06:51:56.695+0000] {logging_mixin.py:190} INFO - [2024-12-21T06:51:56.694+0000] {dag.py:3239} INFO - Sync 1 DAGs
[2024-12-21T06:51:56.707+0000] {logging_mixin.py:190} INFO - [2024-12-21T06:51:56.707+0000] {dag.py:4180} INFO - Setting next_dagrun for example_display_name to None, run_after=None
[2024-12-21T06:51:56.726+0000] {processor.py:208} INFO - Processing /home/airflow/.local/lib/python3.12/site-packages/airflow/example_dags/example_display_name.py took 0.062 seconds
[2024-12-21T06:52:28.007+0000] {processor.py:186} INFO - Started process (PID=953) to work on /home/airflow/.local/lib/python3.12/site-packages/airflow/example_dags/example_display_name.py
[2024-12-21T06:52:28.008+0000] {processor.py:914} INFO - Processing file /home/airflow/.local/lib/python3.12/site-packages/airflow/example_dags/example_display_name.py for tasks to queue
[2024-12-21T06:52:28.011+0000] {logging_mixin.py:190} INFO - [2024-12-21T06:52:28.010+0000] {dagbag.py:588} INFO - Filling up the DagBag from /home/airflow/.local/lib/python3.12/site-packages/airflow/example_dags/example_display_name.py
[2024-12-21T06:52:28.020+0000] {processor.py:925} INFO - DAG(s) 'example_display_name' retrieved from /home/airflow/.local/lib/python3.12/site-packages/airflow/example_dags/example_display_name.py
[2024-12-21T06:52:28.041+0000] {logging_mixin.py:190} INFO - [2024-12-21T06:52:28.041+0000] {dag.py:3239} INFO - Sync 1 DAGs
[2024-12-21T06:52:28.064+0000] {logging_mixin.py:190} INFO - [2024-12-21T06:52:28.063+0000] {dag.py:4180} INFO - Setting next_dagrun for example_display_name to None, run_after=None
[2024-12-21T06:52:28.089+0000] {processor.py:208} INFO - Processing /home/airflow/.local/lib/python3.12/site-packages/airflow/example_dags/example_display_name.py took 0.088 seconds
[2024-12-21T06:52:59.325+0000] {processor.py:186} INFO - Started process (PID=1018) to work on /home/airflow/.local/lib/python3.12/site-packages/airflow/example_dags/example_display_name.py
[2024-12-21T06:52:59.326+0000] {processor.py:914} INFO - Processing file /home/airflow/.local/lib/python3.12/site-packages/airflow/example_dags/example_display_name.py for tasks to queue
[2024-12-21T06:52:59.327+0000] {logging_mixin.py:190} INFO - [2024-12-21T06:52:59.327+0000] {dagbag.py:588} INFO - Filling up the DagBag from /home/airflow/.local/lib/python3.12/site-packages/airflow/example_dags/example_display_name.py
[2024-12-21T06:52:59.334+0000] {processor.py:925} INFO - DAG(s) 'example_display_name' retrieved from /home/airflow/.local/lib/python3.12/site-packages/airflow/example_dags/example_display_name.py
[2024-12-21T06:52:59.349+0000] {logging_mixin.py:190} INFO - [2024-12-21T06:52:59.349+0000] {dag.py:3239} INFO - Sync 1 DAGs
[2024-12-21T06:52:59.360+0000] {logging_mixin.py:190} INFO - [2024-12-21T06:52:59.360+0000] {dag.py:4180} INFO - Setting next_dagrun for example_display_name to None, run_after=None
[2024-12-21T06:52:59.374+0000] {processor.py:208} INFO - Processing /home/airflow/.local/lib/python3.12/site-packages/airflow/example_dags/example_display_name.py took 0.053 seconds
[2024-12-21T06:53:30.689+0000] {processor.py:186} INFO - Started process (PID=1083) to work on /home/airflow/.local/lib/python3.12/site-packages/airflow/example_dags/example_display_name.py
[2024-12-21T06:53:30.690+0000] {processor.py:914} INFO - Processing file /home/airflow/.local/lib/python3.12/site-packages/airflow/example_dags/example_display_name.py for tasks to queue
[2024-12-21T06:53:30.692+0000] {logging_mixin.py:190} INFO - [2024-12-21T06:53:30.691+0000] {dagbag.py:588} INFO - Filling up the DagBag from /home/airflow/.local/lib/python3.12/site-packages/airflow/example_dags/example_display_name.py
[2024-12-21T06:53:30.699+0000] {processor.py:925} INFO - DAG(s) 'example_display_name' retrieved from /home/airflow/.local/lib/python3.12/site-packages/airflow/example_dags/example_display_name.py
[2024-12-21T06:53:30.716+0000] {logging_mixin.py:190} INFO - [2024-12-21T06:53:30.716+0000] {dag.py:3239} INFO - Sync 1 DAGs
[2024-12-21T06:53:30.729+0000] {logging_mixin.py:190} INFO - [2024-12-21T06:53:30.729+0000] {dag.py:4180} INFO - Setting next_dagrun for example_display_name to None, run_after=None
[2024-12-21T06:53:30.744+0000] {processor.py:208} INFO - Processing /home/airflow/.local/lib/python3.12/site-packages/airflow/example_dags/example_display_name.py took 0.061 seconds
[2024-12-21T06:54:01.588+0000] {processor.py:186} INFO - Started process (PID=1148) to work on /home/airflow/.local/lib/python3.12/site-packages/airflow/example_dags/example_display_name.py
[2024-12-21T06:54:01.589+0000] {processor.py:914} INFO - Processing file /home/airflow/.local/lib/python3.12/site-packages/airflow/example_dags/example_display_name.py for tasks to queue
[2024-12-21T06:54:01.591+0000] {logging_mixin.py:190} INFO - [2024-12-21T06:54:01.590+0000] {dagbag.py:588} INFO - Filling up the DagBag from /home/airflow/.local/lib/python3.12/site-packages/airflow/example_dags/example_display_name.py
[2024-12-21T06:54:01.598+0000] {processor.py:925} INFO - DAG(s) 'example_display_name' retrieved from /home/airflow/.local/lib/python3.12/site-packages/airflow/example_dags/example_display_name.py
[2024-12-21T06:54:01.616+0000] {logging_mixin.py:190} INFO - [2024-12-21T06:54:01.616+0000] {dag.py:3239} INFO - Sync 1 DAGs
[2024-12-21T06:54:01.630+0000] {logging_mixin.py:190} INFO - [2024-12-21T06:54:01.630+0000] {dag.py:4180} INFO - Setting next_dagrun for example_display_name to None, run_after=None
[2024-12-21T06:54:01.647+0000] {processor.py:208} INFO - Processing /home/airflow/.local/lib/python3.12/site-packages/airflow/example_dags/example_display_name.py took 0.065 seconds
[2024-12-21T06:54:32.333+0000] {processor.py:186} INFO - Started process (PID=1213) to work on /home/airflow/.local/lib/python3.12/site-packages/airflow/example_dags/example_display_name.py
[2024-12-21T06:54:32.334+0000] {processor.py:914} INFO - Processing file /home/airflow/.local/lib/python3.12/site-packages/airflow/example_dags/example_display_name.py for tasks to queue
[2024-12-21T06:54:32.336+0000] {logging_mixin.py:190} INFO - [2024-12-21T06:54:32.336+0000] {dagbag.py:588} INFO - Filling up the DagBag from /home/airflow/.local/lib/python3.12/site-packages/airflow/example_dags/example_display_name.py
[2024-12-21T06:54:32.342+0000] {processor.py:925} INFO - DAG(s) 'example_display_name' retrieved from /home/airflow/.local/lib/python3.12/site-packages/airflow/example_dags/example_display_name.py
[2024-12-21T06:54:32.357+0000] {logging_mixin.py:190} INFO - [2024-12-21T06:54:32.357+0000] {dag.py:3239} INFO - Sync 1 DAGs
[2024-12-21T06:54:32.371+0000] {logging_mixin.py:190} INFO - [2024-12-21T06:54:32.371+0000] {dag.py:4180} INFO - Setting next_dagrun for example_display_name to None, run_after=None
[2024-12-21T06:54:32.386+0000] {processor.py:208} INFO - Processing /home/airflow/.local/lib/python3.12/site-packages/airflow/example_dags/example_display_name.py took 0.058 seconds
[2024-12-21T06:55:04.124+0000] {processor.py:186} INFO - Started process (PID=1278) to work on /home/airflow/.local/lib/python3.12/site-packages/airflow/example_dags/example_display_name.py
[2024-12-21T06:55:04.125+0000] {processor.py:914} INFO - Processing file /home/airflow/.local/lib/python3.12/site-packages/airflow/example_dags/example_display_name.py for tasks to queue
[2024-12-21T06:55:04.127+0000] {logging_mixin.py:190} INFO - [2024-12-21T06:55:04.127+0000] {dagbag.py:588} INFO - Filling up the DagBag from /home/airflow/.local/lib/python3.12/site-packages/airflow/example_dags/example_display_name.py
[2024-12-21T06:55:04.139+0000] {processor.py:925} INFO - DAG(s) 'example_display_name' retrieved from /home/airflow/.local/lib/python3.12/site-packages/airflow/example_dags/example_display_name.py
[2024-12-21T06:55:04.168+0000] {logging_mixin.py:190} INFO - [2024-12-21T06:55:04.167+0000] {dag.py:3239} INFO - Sync 1 DAGs
[2024-12-21T06:55:04.193+0000] {logging_mixin.py:190} INFO - [2024-12-21T06:55:04.192+0000] {dag.py:4180} INFO - Setting next_dagrun for example_display_name to None, run_after=None
[2024-12-21T06:55:04.218+0000] {processor.py:208} INFO - Processing /home/airflow/.local/lib/python3.12/site-packages/airflow/example_dags/example_display_name.py took 0.101 seconds
[2024-12-21T06:55:34.692+0000] {processor.py:186} INFO - Started process (PID=1343) to work on /home/airflow/.local/lib/python3.12/site-packages/airflow/example_dags/example_display_name.py
[2024-12-21T06:55:34.693+0000] {processor.py:914} INFO - Processing file /home/airflow/.local/lib/python3.12/site-packages/airflow/example_dags/example_display_name.py for tasks to queue
[2024-12-21T06:55:34.695+0000] {logging_mixin.py:190} INFO - [2024-12-21T06:55:34.695+0000] {dagbag.py:588} INFO - Filling up the DagBag from /home/airflow/.local/lib/python3.12/site-packages/airflow/example_dags/example_display_name.py
[2024-12-21T06:55:34.702+0000] {processor.py:925} INFO - DAG(s) 'example_display_name' retrieved from /home/airflow/.local/lib/python3.12/site-packages/airflow/example_dags/example_display_name.py
[2024-12-21T06:55:34.719+0000] {logging_mixin.py:190} INFO - [2024-12-21T06:55:34.719+0000] {dag.py:3239} INFO - Sync 1 DAGs
[2024-12-21T06:55:34.734+0000] {logging_mixin.py:190} INFO - [2024-12-21T06:55:34.734+0000] {dag.py:4180} INFO - Setting next_dagrun for example_display_name to None, run_after=None
[2024-12-21T06:55:34.751+0000] {processor.py:208} INFO - Processing /home/airflow/.local/lib/python3.12/site-packages/airflow/example_dags/example_display_name.py took 0.064 seconds
[2024-12-21T06:56:06.192+0000] {processor.py:186} INFO - Started process (PID=1409) to work on /home/airflow/.local/lib/python3.12/site-packages/airflow/example_dags/example_display_name.py
[2024-12-21T06:56:06.192+0000] {processor.py:914} INFO - Processing file /home/airflow/.local/lib/python3.12/site-packages/airflow/example_dags/example_display_name.py for tasks to queue
[2024-12-21T06:56:06.194+0000] {logging_mixin.py:190} INFO - [2024-12-21T06:56:06.194+0000] {dagbag.py:588} INFO - Filling up the DagBag from /home/airflow/.local/lib/python3.12/site-packages/airflow/example_dags/example_display_name.py
[2024-12-21T06:56:06.201+0000] {processor.py:925} INFO - DAG(s) 'example_display_name' retrieved from /home/airflow/.local/lib/python3.12/site-packages/airflow/example_dags/example_display_name.py
[2024-12-21T06:56:06.218+0000] {logging_mixin.py:190} INFO - [2024-12-21T06:56:06.218+0000] {dag.py:3239} INFO - Sync 1 DAGs
[2024-12-21T06:56:06.231+0000] {logging_mixin.py:190} INFO - [2024-12-21T06:56:06.231+0000] {dag.py:4180} INFO - Setting next_dagrun for example_display_name to None, run_after=None
[2024-12-21T06:56:06.246+0000] {processor.py:208} INFO - Processing /home/airflow/.local/lib/python3.12/site-packages/airflow/example_dags/example_display_name.py took 0.059 seconds
[2024-12-21T06:57:21.792+0000] {processor.py:186} INFO - Started process (PID=97) to work on /home/airflow/.local/lib/python3.12/site-packages/airflow/example_dags/example_display_name.py
[2024-12-21T06:57:21.793+0000] {processor.py:914} INFO - Processing file /home/airflow/.local/lib/python3.12/site-packages/airflow/example_dags/example_display_name.py for tasks to queue
[2024-12-21T06:57:21.797+0000] {logging_mixin.py:190} INFO - [2024-12-21T06:57:21.797+0000] {dagbag.py:588} INFO - Filling up the DagBag from /home/airflow/.local/lib/python3.12/site-packages/airflow/example_dags/example_display_name.py
[2024-12-21T06:57:21.815+0000] {processor.py:925} INFO - DAG(s) 'example_display_name' retrieved from /home/airflow/.local/lib/python3.12/site-packages/airflow/example_dags/example_display_name.py
[2024-12-21T06:57:21.853+0000] {logging_mixin.py:190} INFO - [2024-12-21T06:57:21.853+0000] {dag.py:3239} INFO - Sync 1 DAGs
[2024-12-21T06:57:21.876+0000] {logging_mixin.py:190} INFO - [2024-12-21T06:57:21.875+0000] {dag.py:4180} INFO - Setting next_dagrun for example_display_name to None, run_after=None
[2024-12-21T06:57:21.903+0000] {processor.py:208} INFO - Processing /home/airflow/.local/lib/python3.12/site-packages/airflow/example_dags/example_display_name.py took 0.123 seconds
[2024-12-21T06:57:52.108+0000] {processor.py:186} INFO - Started process (PID=162) to work on /home/airflow/.local/lib/python3.12/site-packages/airflow/example_dags/example_display_name.py
[2024-12-21T06:57:52.109+0000] {processor.py:914} INFO - Processing file /home/airflow/.local/lib/python3.12/site-packages/airflow/example_dags/example_display_name.py for tasks to queue
[2024-12-21T06:57:52.111+0000] {logging_mixin.py:190} INFO - [2024-12-21T06:57:52.110+0000] {dagbag.py:588} INFO - Filling up the DagBag from /home/airflow/.local/lib/python3.12/site-packages/airflow/example_dags/example_display_name.py
[2024-12-21T06:57:52.118+0000] {processor.py:925} INFO - DAG(s) 'example_display_name' retrieved from /home/airflow/.local/lib/python3.12/site-packages/airflow/example_dags/example_display_name.py
[2024-12-21T06:57:52.138+0000] {logging_mixin.py:190} INFO - [2024-12-21T06:57:52.137+0000] {dag.py:3239} INFO - Sync 1 DAGs
[2024-12-21T06:57:52.153+0000] {logging_mixin.py:190} INFO - [2024-12-21T06:57:52.153+0000] {dag.py:4180} INFO - Setting next_dagrun for example_display_name to None, run_after=None
[2024-12-21T06:57:52.171+0000] {processor.py:208} INFO - Processing /home/airflow/.local/lib/python3.12/site-packages/airflow/example_dags/example_display_name.py took 0.068 seconds
[2024-12-21T06:58:23.142+0000] {processor.py:186} INFO - Started process (PID=227) to work on /home/airflow/.local/lib/python3.12/site-packages/airflow/example_dags/example_display_name.py
[2024-12-21T06:58:23.143+0000] {processor.py:914} INFO - Processing file /home/airflow/.local/lib/python3.12/site-packages/airflow/example_dags/example_display_name.py for tasks to queue
[2024-12-21T06:58:23.147+0000] {logging_mixin.py:190} INFO - [2024-12-21T06:58:23.146+0000] {dagbag.py:588} INFO - Filling up the DagBag from /home/airflow/.local/lib/python3.12/site-packages/airflow/example_dags/example_display_name.py
[2024-12-21T06:58:23.156+0000] {processor.py:925} INFO - DAG(s) 'example_display_name' retrieved from /home/airflow/.local/lib/python3.12/site-packages/airflow/example_dags/example_display_name.py
[2024-12-21T06:58:23.173+0000] {logging_mixin.py:190} INFO - [2024-12-21T06:58:23.173+0000] {dag.py:3239} INFO - Sync 1 DAGs
[2024-12-21T06:58:23.187+0000] {logging_mixin.py:190} INFO - [2024-12-21T06:58:23.187+0000] {dag.py:4180} INFO - Setting next_dagrun for example_display_name to None, run_after=None
[2024-12-21T06:58:23.203+0000] {processor.py:208} INFO - Processing /home/airflow/.local/lib/python3.12/site-packages/airflow/example_dags/example_display_name.py took 0.067 seconds
[2024-12-21T06:58:54.136+0000] {processor.py:186} INFO - Started process (PID=292) to work on /home/airflow/.local/lib/python3.12/site-packages/airflow/example_dags/example_display_name.py
[2024-12-21T06:58:54.136+0000] {processor.py:914} INFO - Processing file /home/airflow/.local/lib/python3.12/site-packages/airflow/example_dags/example_display_name.py for tasks to queue
[2024-12-21T06:58:54.138+0000] {logging_mixin.py:190} INFO - [2024-12-21T06:58:54.138+0000] {dagbag.py:588} INFO - Filling up the DagBag from /home/airflow/.local/lib/python3.12/site-packages/airflow/example_dags/example_display_name.py
[2024-12-21T06:58:54.144+0000] {processor.py:925} INFO - DAG(s) 'example_display_name' retrieved from /home/airflow/.local/lib/python3.12/site-packages/airflow/example_dags/example_display_name.py
[2024-12-21T06:58:54.162+0000] {logging_mixin.py:190} INFO - [2024-12-21T06:58:54.161+0000] {dag.py:3239} INFO - Sync 1 DAGs
[2024-12-21T06:58:54.176+0000] {logging_mixin.py:190} INFO - [2024-12-21T06:58:54.176+0000] {dag.py:4180} INFO - Setting next_dagrun for example_display_name to None, run_after=None
[2024-12-21T06:58:54.194+0000] {processor.py:208} INFO - Processing /home/airflow/.local/lib/python3.12/site-packages/airflow/example_dags/example_display_name.py took 0.064 seconds
[2024-12-21T06:59:24.584+0000] {processor.py:186} INFO - Started process (PID=357) to work on /home/airflow/.local/lib/python3.12/site-packages/airflow/example_dags/example_display_name.py
[2024-12-21T06:59:24.585+0000] {processor.py:914} INFO - Processing file /home/airflow/.local/lib/python3.12/site-packages/airflow/example_dags/example_display_name.py for tasks to queue
[2024-12-21T06:59:24.587+0000] {logging_mixin.py:190} INFO - [2024-12-21T06:59:24.586+0000] {dagbag.py:588} INFO - Filling up the DagBag from /home/airflow/.local/lib/python3.12/site-packages/airflow/example_dags/example_display_name.py
[2024-12-21T06:59:24.594+0000] {processor.py:925} INFO - DAG(s) 'example_display_name' retrieved from /home/airflow/.local/lib/python3.12/site-packages/airflow/example_dags/example_display_name.py
[2024-12-21T06:59:24.611+0000] {logging_mixin.py:190} INFO - [2024-12-21T06:59:24.611+0000] {dag.py:3239} INFO - Sync 1 DAGs
[2024-12-21T06:59:24.626+0000] {logging_mixin.py:190} INFO - [2024-12-21T06:59:24.626+0000] {dag.py:4180} INFO - Setting next_dagrun for example_display_name to None, run_after=None
[2024-12-21T06:59:24.643+0000] {processor.py:208} INFO - Processing /home/airflow/.local/lib/python3.12/site-packages/airflow/example_dags/example_display_name.py took 0.064 seconds
[2024-12-21T06:59:55.132+0000] {processor.py:186} INFO - Started process (PID=421) to work on /home/airflow/.local/lib/python3.12/site-packages/airflow/example_dags/example_display_name.py
[2024-12-21T06:59:55.132+0000] {processor.py:914} INFO - Processing file /home/airflow/.local/lib/python3.12/site-packages/airflow/example_dags/example_display_name.py for tasks to queue
[2024-12-21T06:59:55.134+0000] {logging_mixin.py:190} INFO - [2024-12-21T06:59:55.134+0000] {dagbag.py:588} INFO - Filling up the DagBag from /home/airflow/.local/lib/python3.12/site-packages/airflow/example_dags/example_display_name.py
[2024-12-21T06:59:55.140+0000] {processor.py:925} INFO - DAG(s) 'example_display_name' retrieved from /home/airflow/.local/lib/python3.12/site-packages/airflow/example_dags/example_display_name.py
[2024-12-21T06:59:55.160+0000] {logging_mixin.py:190} INFO - [2024-12-21T06:59:55.160+0000] {dag.py:3239} INFO - Sync 1 DAGs
[2024-12-21T06:59:55.173+0000] {logging_mixin.py:190} INFO - [2024-12-21T06:59:55.173+0000] {dag.py:4180} INFO - Setting next_dagrun for example_display_name to None, run_after=None
[2024-12-21T06:59:55.191+0000] {processor.py:208} INFO - Processing /home/airflow/.local/lib/python3.12/site-packages/airflow/example_dags/example_display_name.py took 0.063 seconds
[2024-12-21T07:00:50.214+0000] {processor.py:186} INFO - Started process (PID=103) to work on /home/airflow/.local/lib/python3.12/site-packages/airflow/example_dags/example_display_name.py
[2024-12-21T07:00:50.215+0000] {processor.py:914} INFO - Processing file /home/airflow/.local/lib/python3.12/site-packages/airflow/example_dags/example_display_name.py for tasks to queue
[2024-12-21T07:00:50.217+0000] {logging_mixin.py:190} INFO - [2024-12-21T07:00:50.216+0000] {dagbag.py:588} INFO - Filling up the DagBag from /home/airflow/.local/lib/python3.12/site-packages/airflow/example_dags/example_display_name.py
[2024-12-21T07:00:50.224+0000] {processor.py:925} INFO - DAG(s) 'example_display_name' retrieved from /home/airflow/.local/lib/python3.12/site-packages/airflow/example_dags/example_display_name.py
[2024-12-21T07:00:50.244+0000] {logging_mixin.py:190} INFO - [2024-12-21T07:00:50.244+0000] {dag.py:3239} INFO - Sync 1 DAGs
[2024-12-21T07:00:50.263+0000] {logging_mixin.py:190} INFO - [2024-12-21T07:00:50.263+0000] {dag.py:4180} INFO - Setting next_dagrun for example_display_name to None, run_after=None
[2024-12-21T07:00:50.288+0000] {processor.py:208} INFO - Processing /home/airflow/.local/lib/python3.12/site-packages/airflow/example_dags/example_display_name.py took 0.080 seconds
[2024-12-21T07:01:21.340+0000] {processor.py:186} INFO - Started process (PID=168) to work on /home/airflow/.local/lib/python3.12/site-packages/airflow/example_dags/example_display_name.py
[2024-12-21T07:01:21.341+0000] {processor.py:914} INFO - Processing file /home/airflow/.local/lib/python3.12/site-packages/airflow/example_dags/example_display_name.py for tasks to queue
[2024-12-21T07:01:21.344+0000] {logging_mixin.py:190} INFO - [2024-12-21T07:01:21.343+0000] {dagbag.py:588} INFO - Filling up the DagBag from /home/airflow/.local/lib/python3.12/site-packages/airflow/example_dags/example_display_name.py
[2024-12-21T07:01:21.352+0000] {processor.py:925} INFO - DAG(s) 'example_display_name' retrieved from /home/airflow/.local/lib/python3.12/site-packages/airflow/example_dags/example_display_name.py
[2024-12-21T07:01:21.369+0000] {logging_mixin.py:190} INFO - [2024-12-21T07:01:21.369+0000] {dag.py:3239} INFO - Sync 1 DAGs
[2024-12-21T07:01:21.382+0000] {logging_mixin.py:190} INFO - [2024-12-21T07:01:21.382+0000] {dag.py:4180} INFO - Setting next_dagrun for example_display_name to None, run_after=None
[2024-12-21T07:01:21.397+0000] {processor.py:208} INFO - Processing /home/airflow/.local/lib/python3.12/site-packages/airflow/example_dags/example_display_name.py took 0.065 seconds
[2024-12-21T07:01:52.244+0000] {processor.py:186} INFO - Started process (PID=233) to work on /home/airflow/.local/lib/python3.12/site-packages/airflow/example_dags/example_display_name.py
[2024-12-21T07:01:52.245+0000] {processor.py:914} INFO - Processing file /home/airflow/.local/lib/python3.12/site-packages/airflow/example_dags/example_display_name.py for tasks to queue
[2024-12-21T07:01:52.246+0000] {logging_mixin.py:190} INFO - [2024-12-21T07:01:52.246+0000] {dagbag.py:588} INFO - Filling up the DagBag from /home/airflow/.local/lib/python3.12/site-packages/airflow/example_dags/example_display_name.py
[2024-12-21T07:01:52.253+0000] {processor.py:925} INFO - DAG(s) 'example_display_name' retrieved from /home/airflow/.local/lib/python3.12/site-packages/airflow/example_dags/example_display_name.py
[2024-12-21T07:01:52.268+0000] {logging_mixin.py:190} INFO - [2024-12-21T07:01:52.268+0000] {dag.py:3239} INFO - Sync 1 DAGs
[2024-12-21T07:01:52.281+0000] {logging_mixin.py:190} INFO - [2024-12-21T07:01:52.280+0000] {dag.py:4180} INFO - Setting next_dagrun for example_display_name to None, run_after=None
[2024-12-21T07:01:52.297+0000] {processor.py:208} INFO - Processing /home/airflow/.local/lib/python3.12/site-packages/airflow/example_dags/example_display_name.py took 0.058 seconds
[2024-12-21T07:02:23.454+0000] {processor.py:186} INFO - Started process (PID=298) to work on /home/airflow/.local/lib/python3.12/site-packages/airflow/example_dags/example_display_name.py
[2024-12-21T07:02:23.455+0000] {processor.py:914} INFO - Processing file /home/airflow/.local/lib/python3.12/site-packages/airflow/example_dags/example_display_name.py for tasks to queue
[2024-12-21T07:02:23.458+0000] {logging_mixin.py:190} INFO - [2024-12-21T07:02:23.457+0000] {dagbag.py:588} INFO - Filling up the DagBag from /home/airflow/.local/lib/python3.12/site-packages/airflow/example_dags/example_display_name.py
[2024-12-21T07:02:23.469+0000] {processor.py:925} INFO - DAG(s) 'example_display_name' retrieved from /home/airflow/.local/lib/python3.12/site-packages/airflow/example_dags/example_display_name.py
[2024-12-21T07:02:23.495+0000] {logging_mixin.py:190} INFO - [2024-12-21T07:02:23.494+0000] {dag.py:3239} INFO - Sync 1 DAGs
[2024-12-21T07:02:23.514+0000] {logging_mixin.py:190} INFO - [2024-12-21T07:02:23.514+0000] {dag.py:4180} INFO - Setting next_dagrun for example_display_name to None, run_after=None
[2024-12-21T07:02:23.539+0000] {processor.py:208} INFO - Processing /home/airflow/.local/lib/python3.12/site-packages/airflow/example_dags/example_display_name.py took 0.095 seconds
[2024-12-21T07:02:53.606+0000] {processor.py:186} INFO - Started process (PID=362) to work on /home/airflow/.local/lib/python3.12/site-packages/airflow/example_dags/example_display_name.py
[2024-12-21T07:02:53.607+0000] {processor.py:914} INFO - Processing file /home/airflow/.local/lib/python3.12/site-packages/airflow/example_dags/example_display_name.py for tasks to queue
[2024-12-21T07:02:53.608+0000] {logging_mixin.py:190} INFO - [2024-12-21T07:02:53.608+0000] {dagbag.py:588} INFO - Filling up the DagBag from /home/airflow/.local/lib/python3.12/site-packages/airflow/example_dags/example_display_name.py
[2024-12-21T07:02:53.615+0000] {processor.py:925} INFO - DAG(s) 'example_display_name' retrieved from /home/airflow/.local/lib/python3.12/site-packages/airflow/example_dags/example_display_name.py
[2024-12-21T07:02:53.629+0000] {logging_mixin.py:190} INFO - [2024-12-21T07:02:53.629+0000] {dag.py:3239} INFO - Sync 1 DAGs
[2024-12-21T07:02:53.640+0000] {logging_mixin.py:190} INFO - [2024-12-21T07:02:53.640+0000] {dag.py:4180} INFO - Setting next_dagrun for example_display_name to None, run_after=None
[2024-12-21T07:02:53.654+0000] {processor.py:208} INFO - Processing /home/airflow/.local/lib/python3.12/site-packages/airflow/example_dags/example_display_name.py took 0.052 seconds
[2024-12-21T07:03:24.216+0000] {processor.py:186} INFO - Started process (PID=427) to work on /home/airflow/.local/lib/python3.12/site-packages/airflow/example_dags/example_display_name.py
[2024-12-21T07:03:24.217+0000] {processor.py:914} INFO - Processing file /home/airflow/.local/lib/python3.12/site-packages/airflow/example_dags/example_display_name.py for tasks to queue
[2024-12-21T07:03:24.218+0000] {logging_mixin.py:190} INFO - [2024-12-21T07:03:24.218+0000] {dagbag.py:588} INFO - Filling up the DagBag from /home/airflow/.local/lib/python3.12/site-packages/airflow/example_dags/example_display_name.py
[2024-12-21T07:03:24.225+0000] {processor.py:925} INFO - DAG(s) 'example_display_name' retrieved from /home/airflow/.local/lib/python3.12/site-packages/airflow/example_dags/example_display_name.py
[2024-12-21T07:03:24.241+0000] {logging_mixin.py:190} INFO - [2024-12-21T07:03:24.241+0000] {dag.py:3239} INFO - Sync 1 DAGs
[2024-12-21T07:03:24.254+0000] {logging_mixin.py:190} INFO - [2024-12-21T07:03:24.254+0000] {dag.py:4180} INFO - Setting next_dagrun for example_display_name to None, run_after=None
[2024-12-21T07:03:24.271+0000] {processor.py:208} INFO - Processing /home/airflow/.local/lib/python3.12/site-packages/airflow/example_dags/example_display_name.py took 0.059 seconds
