[2024-12-21T06:26:19.980+0000] {processor.py:186} INFO - Started process (PID=89) to work on /home/airflow/.local/lib/python3.12/site-packages/airflow/example_dags/example_dataset_alias_with_no_taskflow.py
[2024-12-21T06:26:19.980+0000] {processor.py:914} INFO - Processing file /home/airflow/.local/lib/python3.12/site-packages/airflow/example_dags/example_dataset_alias_with_no_taskflow.py for tasks to queue
[2024-12-21T06:26:19.983+0000] {logging_mixin.py:190} INFO - [2024-12-21T06:26:19.982+0000] {dagbag.py:588} INFO - Filling up the DagBag from /home/airflow/.local/lib/python3.12/site-packages/airflow/example_dags/example_dataset_alias_with_no_taskflow.py
[2024-12-21T06:26:20.890+0000] {processor.py:925} INFO - DAG(s) 'dataset_alias_example_alias_producer_with_no_taskflow', 'dataset_s3_bucket_producer_with_no_taskflow', 'dataset_alias_example_alias_consumer_with_no_taskflow', 'dataset_s3_bucket_consumer_with_no_taskflow' retrieved from /home/airflow/.local/lib/python3.12/site-packages/airflow/example_dags/example_dataset_alias_with_no_taskflow.py
[2024-12-21T06:26:21.041+0000] {logging_mixin.py:190} INFO - [2024-12-21T06:26:21.040+0000] {override.py:1911} INFO - Created Permission View: can read on DAG:dataset_alias_example_alias_producer_with_no_taskflow
[2024-12-21T06:26:21.053+0000] {logging_mixin.py:190} INFO - [2024-12-21T06:26:21.053+0000] {override.py:1911} INFO - Created Permission View: can delete on DAG:dataset_alias_example_alias_producer_with_no_taskflow
[2024-12-21T06:26:21.061+0000] {logging_mixin.py:190} INFO - [2024-12-21T06:26:21.060+0000] {override.py:1911} INFO - Created Permission View: can edit on DAG:dataset_alias_example_alias_producer_with_no_taskflow
[2024-12-21T06:26:21.072+0000] {logging_mixin.py:190} INFO - [2024-12-21T06:26:21.072+0000] {override.py:1911} INFO - Created Permission View: menu access on DAG Run:dataset_alias_example_alias_producer_with_no_taskflow
[2024-12-21T06:26:21.082+0000] {logging_mixin.py:190} INFO - [2024-12-21T06:26:21.081+0000] {override.py:1911} INFO - Created Permission View: can read on DAG Run:dataset_alias_example_alias_producer_with_no_taskflow
[2024-12-21T06:26:21.090+0000] {logging_mixin.py:190} INFO - [2024-12-21T06:26:21.090+0000] {override.py:1911} INFO - Created Permission View: can create on DAG Run:dataset_alias_example_alias_producer_with_no_taskflow
[2024-12-21T06:26:21.100+0000] {logging_mixin.py:190} INFO - [2024-12-21T06:26:21.100+0000] {override.py:1911} INFO - Created Permission View: can delete on DAG Run:dataset_alias_example_alias_producer_with_no_taskflow
[2024-12-21T06:26:21.117+0000] {logging_mixin.py:190} INFO - [2024-12-21T06:26:21.116+0000] {override.py:1911} INFO - Created Permission View: can read on DAG:dataset_s3_bucket_producer_with_no_taskflow
[2024-12-21T06:26:21.127+0000] {logging_mixin.py:190} INFO - [2024-12-21T06:26:21.127+0000] {override.py:1911} INFO - Created Permission View: can delete on DAG:dataset_s3_bucket_producer_with_no_taskflow
[2024-12-21T06:26:21.136+0000] {logging_mixin.py:190} INFO - [2024-12-21T06:26:21.136+0000] {override.py:1911} INFO - Created Permission View: can edit on DAG:dataset_s3_bucket_producer_with_no_taskflow
[2024-12-21T06:26:21.145+0000] {logging_mixin.py:190} INFO - [2024-12-21T06:26:21.144+0000] {override.py:1911} INFO - Created Permission View: menu access on DAG Run:dataset_s3_bucket_producer_with_no_taskflow
[2024-12-21T06:26:21.152+0000] {logging_mixin.py:190} INFO - [2024-12-21T06:26:21.151+0000] {override.py:1911} INFO - Created Permission View: can read on DAG Run:dataset_s3_bucket_producer_with_no_taskflow
[2024-12-21T06:26:21.159+0000] {logging_mixin.py:190} INFO - [2024-12-21T06:26:21.159+0000] {override.py:1911} INFO - Created Permission View: can create on DAG Run:dataset_s3_bucket_producer_with_no_taskflow
[2024-12-21T06:26:21.167+0000] {logging_mixin.py:190} INFO - [2024-12-21T06:26:21.167+0000] {override.py:1911} INFO - Created Permission View: can delete on DAG Run:dataset_s3_bucket_producer_with_no_taskflow
[2024-12-21T06:26:21.183+0000] {logging_mixin.py:190} INFO - [2024-12-21T06:26:21.182+0000] {override.py:1911} INFO - Created Permission View: can read on DAG:dataset_alias_example_alias_consumer_with_no_taskflow
[2024-12-21T06:26:21.192+0000] {logging_mixin.py:190} INFO - [2024-12-21T06:26:21.191+0000] {override.py:1911} INFO - Created Permission View: can delete on DAG:dataset_alias_example_alias_consumer_with_no_taskflow
[2024-12-21T06:26:21.201+0000] {logging_mixin.py:190} INFO - [2024-12-21T06:26:21.201+0000] {override.py:1911} INFO - Created Permission View: can edit on DAG:dataset_alias_example_alias_consumer_with_no_taskflow
[2024-12-21T06:26:21.211+0000] {logging_mixin.py:190} INFO - [2024-12-21T06:26:21.210+0000] {override.py:1911} INFO - Created Permission View: menu access on DAG Run:dataset_alias_example_alias_consumer_with_no_taskflow
[2024-12-21T06:26:21.219+0000] {logging_mixin.py:190} INFO - [2024-12-21T06:26:21.219+0000] {override.py:1911} INFO - Created Permission View: can read on DAG Run:dataset_alias_example_alias_consumer_with_no_taskflow
[2024-12-21T06:26:21.227+0000] {logging_mixin.py:190} INFO - [2024-12-21T06:26:21.227+0000] {override.py:1911} INFO - Created Permission View: can create on DAG Run:dataset_alias_example_alias_consumer_with_no_taskflow
[2024-12-21T06:26:21.236+0000] {logging_mixin.py:190} INFO - [2024-12-21T06:26:21.235+0000] {override.py:1911} INFO - Created Permission View: can delete on DAG Run:dataset_alias_example_alias_consumer_with_no_taskflow
[2024-12-21T06:26:21.252+0000] {logging_mixin.py:190} INFO - [2024-12-21T06:26:21.251+0000] {override.py:1911} INFO - Created Permission View: can read on DAG:dataset_s3_bucket_consumer_with_no_taskflow
[2024-12-21T06:26:21.260+0000] {logging_mixin.py:190} INFO - [2024-12-21T06:26:21.260+0000] {override.py:1911} INFO - Created Permission View: can delete on DAG:dataset_s3_bucket_consumer_with_no_taskflow
[2024-12-21T06:26:21.268+0000] {logging_mixin.py:190} INFO - [2024-12-21T06:26:21.268+0000] {override.py:1911} INFO - Created Permission View: can edit on DAG:dataset_s3_bucket_consumer_with_no_taskflow
[2024-12-21T06:26:21.277+0000] {logging_mixin.py:190} INFO - [2024-12-21T06:26:21.277+0000] {override.py:1911} INFO - Created Permission View: menu access on DAG Run:dataset_s3_bucket_consumer_with_no_taskflow
[2024-12-21T06:26:21.286+0000] {logging_mixin.py:190} INFO - [2024-12-21T06:26:21.285+0000] {override.py:1911} INFO - Created Permission View: can read on DAG Run:dataset_s3_bucket_consumer_with_no_taskflow
[2024-12-21T06:26:21.294+0000] {logging_mixin.py:190} INFO - [2024-12-21T06:26:21.294+0000] {override.py:1911} INFO - Created Permission View: can create on DAG Run:dataset_s3_bucket_consumer_with_no_taskflow
[2024-12-21T06:26:21.303+0000] {logging_mixin.py:190} INFO - [2024-12-21T06:26:21.303+0000] {override.py:1911} INFO - Created Permission View: can delete on DAG Run:dataset_s3_bucket_consumer_with_no_taskflow
[2024-12-21T06:26:21.304+0000] {logging_mixin.py:190} INFO - [2024-12-21T06:26:21.304+0000] {dag.py:3239} INFO - Sync 4 DAGs
[2024-12-21T06:26:21.328+0000] {logging_mixin.py:190} INFO - [2024-12-21T06:26:21.327+0000] {dag.py:3262} INFO - Creating ORM DAG for dataset_alias_example_alias_consumer_with_no_taskflow
[2024-12-21T06:26:21.329+0000] {logging_mixin.py:190} INFO - [2024-12-21T06:26:21.329+0000] {dag.py:3262} INFO - Creating ORM DAG for dataset_alias_example_alias_producer_with_no_taskflow
[2024-12-21T06:26:21.330+0000] {logging_mixin.py:190} INFO - [2024-12-21T06:26:21.330+0000] {dag.py:3262} INFO - Creating ORM DAG for dataset_s3_bucket_producer_with_no_taskflow
[2024-12-21T06:26:21.331+0000] {logging_mixin.py:190} INFO - [2024-12-21T06:26:21.331+0000] {dag.py:3262} INFO - Creating ORM DAG for dataset_s3_bucket_consumer_with_no_taskflow
[2024-12-21T06:26:21.347+0000] {logging_mixin.py:190} INFO - [2024-12-21T06:26:21.346+0000] {dag.py:4180} INFO - Setting next_dagrun for dataset_alias_example_alias_consumer_with_no_taskflow to None, run_after=None
[2024-12-21T06:26:21.348+0000] {logging_mixin.py:190} INFO - [2024-12-21T06:26:21.348+0000] {dag.py:4180} INFO - Setting next_dagrun for dataset_alias_example_alias_producer_with_no_taskflow to None, run_after=None
[2024-12-21T06:26:21.349+0000] {logging_mixin.py:190} INFO - [2024-12-21T06:26:21.349+0000] {dag.py:4180} INFO - Setting next_dagrun for dataset_s3_bucket_consumer_with_no_taskflow to None, run_after=None
[2024-12-21T06:26:21.350+0000] {logging_mixin.py:190} INFO - [2024-12-21T06:26:21.350+0000] {dag.py:4180} INFO - Setting next_dagrun for dataset_s3_bucket_producer_with_no_taskflow to None, run_after=None
[2024-12-21T06:26:21.387+0000] {processor.py:208} INFO - Processing /home/airflow/.local/lib/python3.12/site-packages/airflow/example_dags/example_dataset_alias_with_no_taskflow.py took 1.413 seconds
[2024-12-21T06:26:51.865+0000] {processor.py:186} INFO - Started process (PID=152) to work on /home/airflow/.local/lib/python3.12/site-packages/airflow/example_dags/example_dataset_alias_with_no_taskflow.py
[2024-12-21T06:26:51.866+0000] {processor.py:914} INFO - Processing file /home/airflow/.local/lib/python3.12/site-packages/airflow/example_dags/example_dataset_alias_with_no_taskflow.py for tasks to queue
[2024-12-21T06:26:51.869+0000] {logging_mixin.py:190} INFO - [2024-12-21T06:26:51.869+0000] {dagbag.py:588} INFO - Filling up the DagBag from /home/airflow/.local/lib/python3.12/site-packages/airflow/example_dags/example_dataset_alias_with_no_taskflow.py
[2024-12-21T06:26:52.507+0000] {processor.py:925} INFO - DAG(s) 'dataset_s3_bucket_consumer_with_no_taskflow', 'dataset_s3_bucket_producer_with_no_taskflow', 'dataset_alias_example_alias_consumer_with_no_taskflow', 'dataset_alias_example_alias_producer_with_no_taskflow' retrieved from /home/airflow/.local/lib/python3.12/site-packages/airflow/example_dags/example_dataset_alias_with_no_taskflow.py
[2024-12-21T06:26:52.525+0000] {logging_mixin.py:190} INFO - [2024-12-21T06:26:52.525+0000] {dag.py:3239} INFO - Sync 4 DAGs
[2024-12-21T06:26:52.549+0000] {logging_mixin.py:190} INFO - [2024-12-21T06:26:52.549+0000] {dag.py:4180} INFO - Setting next_dagrun for dataset_alias_example_alias_consumer_with_no_taskflow to None, run_after=None
[2024-12-21T06:26:52.552+0000] {logging_mixin.py:190} INFO - [2024-12-21T06:26:52.551+0000] {dag.py:4180} INFO - Setting next_dagrun for dataset_alias_example_alias_producer_with_no_taskflow to None, run_after=None
[2024-12-21T06:26:52.553+0000] {logging_mixin.py:190} INFO - [2024-12-21T06:26:52.553+0000] {dag.py:4180} INFO - Setting next_dagrun for dataset_s3_bucket_consumer_with_no_taskflow to None, run_after=None
[2024-12-21T06:26:52.554+0000] {logging_mixin.py:190} INFO - [2024-12-21T06:26:52.554+0000] {dag.py:4180} INFO - Setting next_dagrun for dataset_s3_bucket_producer_with_no_taskflow to None, run_after=None
[2024-12-21T06:26:52.574+0000] {processor.py:208} INFO - Processing /home/airflow/.local/lib/python3.12/site-packages/airflow/example_dags/example_dataset_alias_with_no_taskflow.py took 0.716 seconds
[2024-12-21T06:27:23.467+0000] {processor.py:186} INFO - Started process (PID=215) to work on /home/airflow/.local/lib/python3.12/site-packages/airflow/example_dags/example_dataset_alias_with_no_taskflow.py
[2024-12-21T06:27:23.467+0000] {processor.py:914} INFO - Processing file /home/airflow/.local/lib/python3.12/site-packages/airflow/example_dags/example_dataset_alias_with_no_taskflow.py for tasks to queue
[2024-12-21T06:27:23.469+0000] {logging_mixin.py:190} INFO - [2024-12-21T06:27:23.469+0000] {dagbag.py:588} INFO - Filling up the DagBag from /home/airflow/.local/lib/python3.12/site-packages/airflow/example_dags/example_dataset_alias_with_no_taskflow.py
[2024-12-21T06:27:24.174+0000] {processor.py:925} INFO - DAG(s) 'dataset_s3_bucket_producer_with_no_taskflow', 'dataset_s3_bucket_consumer_with_no_taskflow', 'dataset_alias_example_alias_consumer_with_no_taskflow', 'dataset_alias_example_alias_producer_with_no_taskflow' retrieved from /home/airflow/.local/lib/python3.12/site-packages/airflow/example_dags/example_dataset_alias_with_no_taskflow.py
[2024-12-21T06:27:24.196+0000] {logging_mixin.py:190} INFO - [2024-12-21T06:27:24.195+0000] {dag.py:3239} INFO - Sync 4 DAGs
[2024-12-21T06:27:24.223+0000] {logging_mixin.py:190} INFO - [2024-12-21T06:27:24.222+0000] {dag.py:4180} INFO - Setting next_dagrun for dataset_alias_example_alias_consumer_with_no_taskflow to None, run_after=None
[2024-12-21T06:27:24.225+0000] {logging_mixin.py:190} INFO - [2024-12-21T06:27:24.225+0000] {dag.py:4180} INFO - Setting next_dagrun for dataset_alias_example_alias_producer_with_no_taskflow to None, run_after=None
[2024-12-21T06:27:24.227+0000] {logging_mixin.py:190} INFO - [2024-12-21T06:27:24.227+0000] {dag.py:4180} INFO - Setting next_dagrun for dataset_s3_bucket_consumer_with_no_taskflow to None, run_after=None
[2024-12-21T06:27:24.229+0000] {logging_mixin.py:190} INFO - [2024-12-21T06:27:24.229+0000] {dag.py:4180} INFO - Setting next_dagrun for dataset_s3_bucket_producer_with_no_taskflow to None, run_after=None
[2024-12-21T06:27:24.254+0000] {processor.py:208} INFO - Processing /home/airflow/.local/lib/python3.12/site-packages/airflow/example_dags/example_dataset_alias_with_no_taskflow.py took 0.792 seconds
[2024-12-21T06:27:54.599+0000] {processor.py:186} INFO - Started process (PID=278) to work on /home/airflow/.local/lib/python3.12/site-packages/airflow/example_dags/example_dataset_alias_with_no_taskflow.py
[2024-12-21T06:27:54.600+0000] {processor.py:914} INFO - Processing file /home/airflow/.local/lib/python3.12/site-packages/airflow/example_dags/example_dataset_alias_with_no_taskflow.py for tasks to queue
[2024-12-21T06:27:54.602+0000] {logging_mixin.py:190} INFO - [2024-12-21T06:27:54.602+0000] {dagbag.py:588} INFO - Filling up the DagBag from /home/airflow/.local/lib/python3.12/site-packages/airflow/example_dags/example_dataset_alias_with_no_taskflow.py
[2024-12-21T06:27:55.213+0000] {processor.py:925} INFO - DAG(s) 'dataset_s3_bucket_consumer_with_no_taskflow', 'dataset_alias_example_alias_producer_with_no_taskflow', 'dataset_alias_example_alias_consumer_with_no_taskflow', 'dataset_s3_bucket_producer_with_no_taskflow' retrieved from /home/airflow/.local/lib/python3.12/site-packages/airflow/example_dags/example_dataset_alias_with_no_taskflow.py
[2024-12-21T06:27:55.236+0000] {logging_mixin.py:190} INFO - [2024-12-21T06:27:55.235+0000] {dag.py:3239} INFO - Sync 4 DAGs
[2024-12-21T06:27:55.261+0000] {logging_mixin.py:190} INFO - [2024-12-21T06:27:55.261+0000] {dag.py:4180} INFO - Setting next_dagrun for dataset_alias_example_alias_consumer_with_no_taskflow to None, run_after=None
[2024-12-21T06:27:55.264+0000] {logging_mixin.py:190} INFO - [2024-12-21T06:27:55.264+0000] {dag.py:4180} INFO - Setting next_dagrun for dataset_alias_example_alias_producer_with_no_taskflow to None, run_after=None
[2024-12-21T06:27:55.265+0000] {logging_mixin.py:190} INFO - [2024-12-21T06:27:55.265+0000] {dag.py:4180} INFO - Setting next_dagrun for dataset_s3_bucket_consumer_with_no_taskflow to None, run_after=None
[2024-12-21T06:27:55.266+0000] {logging_mixin.py:190} INFO - [2024-12-21T06:27:55.266+0000] {dag.py:4180} INFO - Setting next_dagrun for dataset_s3_bucket_producer_with_no_taskflow to None, run_after=None
[2024-12-21T06:27:55.295+0000] {processor.py:208} INFO - Processing /home/airflow/.local/lib/python3.12/site-packages/airflow/example_dags/example_dataset_alias_with_no_taskflow.py took 0.700 seconds
[2024-12-21T06:28:25.461+0000] {processor.py:186} INFO - Started process (PID=341) to work on /home/airflow/.local/lib/python3.12/site-packages/airflow/example_dags/example_dataset_alias_with_no_taskflow.py
[2024-12-21T06:28:25.462+0000] {processor.py:914} INFO - Processing file /home/airflow/.local/lib/python3.12/site-packages/airflow/example_dags/example_dataset_alias_with_no_taskflow.py for tasks to queue
[2024-12-21T06:28:25.463+0000] {logging_mixin.py:190} INFO - [2024-12-21T06:28:25.463+0000] {dagbag.py:588} INFO - Filling up the DagBag from /home/airflow/.local/lib/python3.12/site-packages/airflow/example_dags/example_dataset_alias_with_no_taskflow.py
[2024-12-21T06:28:26.074+0000] {processor.py:925} INFO - DAG(s) 'dataset_alias_example_alias_consumer_with_no_taskflow', 'dataset_s3_bucket_producer_with_no_taskflow', 'dataset_s3_bucket_consumer_with_no_taskflow', 'dataset_alias_example_alias_producer_with_no_taskflow' retrieved from /home/airflow/.local/lib/python3.12/site-packages/airflow/example_dags/example_dataset_alias_with_no_taskflow.py
[2024-12-21T06:28:26.100+0000] {logging_mixin.py:190} INFO - [2024-12-21T06:28:26.099+0000] {dag.py:3239} INFO - Sync 4 DAGs
[2024-12-21T06:28:26.121+0000] {logging_mixin.py:190} INFO - [2024-12-21T06:28:26.121+0000] {dag.py:4180} INFO - Setting next_dagrun for dataset_alias_example_alias_consumer_with_no_taskflow to None, run_after=None
[2024-12-21T06:28:26.123+0000] {logging_mixin.py:190} INFO - [2024-12-21T06:28:26.123+0000] {dag.py:4180} INFO - Setting next_dagrun for dataset_alias_example_alias_producer_with_no_taskflow to None, run_after=None
[2024-12-21T06:28:26.126+0000] {logging_mixin.py:190} INFO - [2024-12-21T06:28:26.126+0000] {dag.py:4180} INFO - Setting next_dagrun for dataset_s3_bucket_consumer_with_no_taskflow to None, run_after=None
[2024-12-21T06:28:26.127+0000] {logging_mixin.py:190} INFO - [2024-12-21T06:28:26.127+0000] {dag.py:4180} INFO - Setting next_dagrun for dataset_s3_bucket_producer_with_no_taskflow to None, run_after=None
[2024-12-21T06:28:26.146+0000] {processor.py:208} INFO - Processing /home/airflow/.local/lib/python3.12/site-packages/airflow/example_dags/example_dataset_alias_with_no_taskflow.py took 0.689 seconds
[2024-12-21T06:28:56.641+0000] {processor.py:186} INFO - Started process (PID=404) to work on /home/airflow/.local/lib/python3.12/site-packages/airflow/example_dags/example_dataset_alias_with_no_taskflow.py
[2024-12-21T06:28:56.642+0000] {processor.py:914} INFO - Processing file /home/airflow/.local/lib/python3.12/site-packages/airflow/example_dags/example_dataset_alias_with_no_taskflow.py for tasks to queue
[2024-12-21T06:28:56.644+0000] {logging_mixin.py:190} INFO - [2024-12-21T06:28:56.643+0000] {dagbag.py:588} INFO - Filling up the DagBag from /home/airflow/.local/lib/python3.12/site-packages/airflow/example_dags/example_dataset_alias_with_no_taskflow.py
[2024-12-21T06:28:57.176+0000] {processor.py:925} INFO - DAG(s) 'dataset_s3_bucket_producer_with_no_taskflow', 'dataset_alias_example_alias_producer_with_no_taskflow', 'dataset_s3_bucket_consumer_with_no_taskflow', 'dataset_alias_example_alias_consumer_with_no_taskflow' retrieved from /home/airflow/.local/lib/python3.12/site-packages/airflow/example_dags/example_dataset_alias_with_no_taskflow.py
[2024-12-21T06:28:57.195+0000] {logging_mixin.py:190} INFO - [2024-12-21T06:28:57.195+0000] {dag.py:3239} INFO - Sync 4 DAGs
[2024-12-21T06:28:57.219+0000] {logging_mixin.py:190} INFO - [2024-12-21T06:28:57.218+0000] {dag.py:4180} INFO - Setting next_dagrun for dataset_alias_example_alias_consumer_with_no_taskflow to None, run_after=None
[2024-12-21T06:28:57.221+0000] {logging_mixin.py:190} INFO - [2024-12-21T06:28:57.221+0000] {dag.py:4180} INFO - Setting next_dagrun for dataset_alias_example_alias_producer_with_no_taskflow to None, run_after=None
[2024-12-21T06:28:57.223+0000] {logging_mixin.py:190} INFO - [2024-12-21T06:28:57.222+0000] {dag.py:4180} INFO - Setting next_dagrun for dataset_s3_bucket_consumer_with_no_taskflow to None, run_after=None
[2024-12-21T06:28:57.224+0000] {logging_mixin.py:190} INFO - [2024-12-21T06:28:57.224+0000] {dag.py:4180} INFO - Setting next_dagrun for dataset_s3_bucket_producer_with_no_taskflow to None, run_after=None
[2024-12-21T06:28:57.247+0000] {processor.py:208} INFO - Processing /home/airflow/.local/lib/python3.12/site-packages/airflow/example_dags/example_dataset_alias_with_no_taskflow.py took 0.610 seconds
[2024-12-21T06:29:27.368+0000] {processor.py:186} INFO - Started process (PID=467) to work on /home/airflow/.local/lib/python3.12/site-packages/airflow/example_dags/example_dataset_alias_with_no_taskflow.py
[2024-12-21T06:29:27.369+0000] {processor.py:914} INFO - Processing file /home/airflow/.local/lib/python3.12/site-packages/airflow/example_dags/example_dataset_alias_with_no_taskflow.py for tasks to queue
[2024-12-21T06:29:27.371+0000] {logging_mixin.py:190} INFO - [2024-12-21T06:29:27.371+0000] {dagbag.py:588} INFO - Filling up the DagBag from /home/airflow/.local/lib/python3.12/site-packages/airflow/example_dags/example_dataset_alias_with_no_taskflow.py
[2024-12-21T06:29:27.977+0000] {processor.py:925} INFO - DAG(s) 'dataset_alias_example_alias_consumer_with_no_taskflow', 'dataset_s3_bucket_producer_with_no_taskflow', 'dataset_s3_bucket_consumer_with_no_taskflow', 'dataset_alias_example_alias_producer_with_no_taskflow' retrieved from /home/airflow/.local/lib/python3.12/site-packages/airflow/example_dags/example_dataset_alias_with_no_taskflow.py
[2024-12-21T06:29:27.998+0000] {logging_mixin.py:190} INFO - [2024-12-21T06:29:27.998+0000] {dag.py:3239} INFO - Sync 4 DAGs
[2024-12-21T06:29:28.021+0000] {logging_mixin.py:190} INFO - [2024-12-21T06:29:28.021+0000] {dag.py:4180} INFO - Setting next_dagrun for dataset_alias_example_alias_consumer_with_no_taskflow to None, run_after=None
[2024-12-21T06:29:28.024+0000] {logging_mixin.py:190} INFO - [2024-12-21T06:29:28.024+0000] {dag.py:4180} INFO - Setting next_dagrun for dataset_alias_example_alias_producer_with_no_taskflow to None, run_after=None
[2024-12-21T06:29:28.026+0000] {logging_mixin.py:190} INFO - [2024-12-21T06:29:28.026+0000] {dag.py:4180} INFO - Setting next_dagrun for dataset_s3_bucket_consumer_with_no_taskflow to None, run_after=None
[2024-12-21T06:29:28.027+0000] {logging_mixin.py:190} INFO - [2024-12-21T06:29:28.027+0000] {dag.py:4180} INFO - Setting next_dagrun for dataset_s3_bucket_producer_with_no_taskflow to None, run_after=None
[2024-12-21T06:29:28.049+0000] {processor.py:208} INFO - Processing /home/airflow/.local/lib/python3.12/site-packages/airflow/example_dags/example_dataset_alias_with_no_taskflow.py took 0.686 seconds
[2024-12-21T06:29:58.818+0000] {processor.py:186} INFO - Started process (PID=530) to work on /home/airflow/.local/lib/python3.12/site-packages/airflow/example_dags/example_dataset_alias_with_no_taskflow.py
[2024-12-21T06:29:58.819+0000] {processor.py:914} INFO - Processing file /home/airflow/.local/lib/python3.12/site-packages/airflow/example_dags/example_dataset_alias_with_no_taskflow.py for tasks to queue
[2024-12-21T06:29:58.822+0000] {logging_mixin.py:190} INFO - [2024-12-21T06:29:58.821+0000] {dagbag.py:588} INFO - Filling up the DagBag from /home/airflow/.local/lib/python3.12/site-packages/airflow/example_dags/example_dataset_alias_with_no_taskflow.py
[2024-12-21T06:29:59.446+0000] {processor.py:925} INFO - DAG(s) 'dataset_s3_bucket_producer_with_no_taskflow', 'dataset_alias_example_alias_consumer_with_no_taskflow', 'dataset_s3_bucket_consumer_with_no_taskflow', 'dataset_alias_example_alias_producer_with_no_taskflow' retrieved from /home/airflow/.local/lib/python3.12/site-packages/airflow/example_dags/example_dataset_alias_with_no_taskflow.py
[2024-12-21T06:29:59.468+0000] {logging_mixin.py:190} INFO - [2024-12-21T06:29:59.467+0000] {dag.py:3239} INFO - Sync 4 DAGs
[2024-12-21T06:29:59.490+0000] {logging_mixin.py:190} INFO - [2024-12-21T06:29:59.489+0000] {dag.py:4180} INFO - Setting next_dagrun for dataset_alias_example_alias_consumer_with_no_taskflow to None, run_after=None
[2024-12-21T06:29:59.492+0000] {logging_mixin.py:190} INFO - [2024-12-21T06:29:59.492+0000] {dag.py:4180} INFO - Setting next_dagrun for dataset_alias_example_alias_producer_with_no_taskflow to None, run_after=None
[2024-12-21T06:29:59.493+0000] {logging_mixin.py:190} INFO - [2024-12-21T06:29:59.493+0000] {dag.py:4180} INFO - Setting next_dagrun for dataset_s3_bucket_consumer_with_no_taskflow to None, run_after=None
[2024-12-21T06:29:59.495+0000] {logging_mixin.py:190} INFO - [2024-12-21T06:29:59.494+0000] {dag.py:4180} INFO - Setting next_dagrun for dataset_s3_bucket_producer_with_no_taskflow to None, run_after=None
[2024-12-21T06:29:59.514+0000] {processor.py:208} INFO - Processing /home/airflow/.local/lib/python3.12/site-packages/airflow/example_dags/example_dataset_alias_with_no_taskflow.py took 0.702 seconds
[2024-12-21T06:30:30.169+0000] {processor.py:186} INFO - Started process (PID=593) to work on /home/airflow/.local/lib/python3.12/site-packages/airflow/example_dags/example_dataset_alias_with_no_taskflow.py
[2024-12-21T06:30:30.170+0000] {processor.py:914} INFO - Processing file /home/airflow/.local/lib/python3.12/site-packages/airflow/example_dags/example_dataset_alias_with_no_taskflow.py for tasks to queue
[2024-12-21T06:30:30.172+0000] {logging_mixin.py:190} INFO - [2024-12-21T06:30:30.171+0000] {dagbag.py:588} INFO - Filling up the DagBag from /home/airflow/.local/lib/python3.12/site-packages/airflow/example_dags/example_dataset_alias_with_no_taskflow.py
[2024-12-21T06:30:30.855+0000] {processor.py:925} INFO - DAG(s) 'dataset_s3_bucket_consumer_with_no_taskflow', 'dataset_alias_example_alias_consumer_with_no_taskflow', 'dataset_s3_bucket_producer_with_no_taskflow', 'dataset_alias_example_alias_producer_with_no_taskflow' retrieved from /home/airflow/.local/lib/python3.12/site-packages/airflow/example_dags/example_dataset_alias_with_no_taskflow.py
[2024-12-21T06:30:30.891+0000] {logging_mixin.py:190} INFO - [2024-12-21T06:30:30.890+0000] {dag.py:3239} INFO - Sync 4 DAGs
[2024-12-21T06:30:30.921+0000] {logging_mixin.py:190} INFO - [2024-12-21T06:30:30.921+0000] {dag.py:4180} INFO - Setting next_dagrun for dataset_alias_example_alias_consumer_with_no_taskflow to None, run_after=None
[2024-12-21T06:30:30.924+0000] {logging_mixin.py:190} INFO - [2024-12-21T06:30:30.923+0000] {dag.py:4180} INFO - Setting next_dagrun for dataset_alias_example_alias_producer_with_no_taskflow to None, run_after=None
[2024-12-21T06:30:30.925+0000] {logging_mixin.py:190} INFO - [2024-12-21T06:30:30.925+0000] {dag.py:4180} INFO - Setting next_dagrun for dataset_s3_bucket_consumer_with_no_taskflow to None, run_after=None
[2024-12-21T06:30:30.926+0000] {logging_mixin.py:190} INFO - [2024-12-21T06:30:30.926+0000] {dag.py:4180} INFO - Setting next_dagrun for dataset_s3_bucket_producer_with_no_taskflow to None, run_after=None
[2024-12-21T06:30:30.952+0000] {processor.py:208} INFO - Processing /home/airflow/.local/lib/python3.12/site-packages/airflow/example_dags/example_dataset_alias_with_no_taskflow.py took 0.787 seconds
[2024-12-21T06:31:01.508+0000] {processor.py:186} INFO - Started process (PID=656) to work on /home/airflow/.local/lib/python3.12/site-packages/airflow/example_dags/example_dataset_alias_with_no_taskflow.py
[2024-12-21T06:31:01.509+0000] {processor.py:914} INFO - Processing file /home/airflow/.local/lib/python3.12/site-packages/airflow/example_dags/example_dataset_alias_with_no_taskflow.py for tasks to queue
[2024-12-21T06:31:01.511+0000] {logging_mixin.py:190} INFO - [2024-12-21T06:31:01.510+0000] {dagbag.py:588} INFO - Filling up the DagBag from /home/airflow/.local/lib/python3.12/site-packages/airflow/example_dags/example_dataset_alias_with_no_taskflow.py
[2024-12-21T06:31:02.421+0000] {processor.py:925} INFO - DAG(s) 'dataset_alias_example_alias_consumer_with_no_taskflow', 'dataset_s3_bucket_producer_with_no_taskflow', 'dataset_s3_bucket_consumer_with_no_taskflow', 'dataset_alias_example_alias_producer_with_no_taskflow' retrieved from /home/airflow/.local/lib/python3.12/site-packages/airflow/example_dags/example_dataset_alias_with_no_taskflow.py
[2024-12-21T06:31:02.471+0000] {logging_mixin.py:190} INFO - [2024-12-21T06:31:02.471+0000] {dag.py:3239} INFO - Sync 4 DAGs
[2024-12-21T06:31:02.510+0000] {logging_mixin.py:190} INFO - [2024-12-21T06:31:02.510+0000] {dag.py:4180} INFO - Setting next_dagrun for dataset_alias_example_alias_consumer_with_no_taskflow to None, run_after=None
[2024-12-21T06:31:02.514+0000] {logging_mixin.py:190} INFO - [2024-12-21T06:31:02.513+0000] {dag.py:4180} INFO - Setting next_dagrun for dataset_alias_example_alias_producer_with_no_taskflow to None, run_after=None
[2024-12-21T06:31:02.515+0000] {logging_mixin.py:190} INFO - [2024-12-21T06:31:02.515+0000] {dag.py:4180} INFO - Setting next_dagrun for dataset_s3_bucket_consumer_with_no_taskflow to None, run_after=None
[2024-12-21T06:31:02.518+0000] {logging_mixin.py:190} INFO - [2024-12-21T06:31:02.517+0000] {dag.py:4180} INFO - Setting next_dagrun for dataset_s3_bucket_producer_with_no_taskflow to None, run_after=None
[2024-12-21T06:31:02.548+0000] {processor.py:208} INFO - Processing /home/airflow/.local/lib/python3.12/site-packages/airflow/example_dags/example_dataset_alias_with_no_taskflow.py took 1.049 seconds
[2024-12-21T06:31:32.647+0000] {processor.py:186} INFO - Started process (PID=719) to work on /home/airflow/.local/lib/python3.12/site-packages/airflow/example_dags/example_dataset_alias_with_no_taskflow.py
[2024-12-21T06:31:32.647+0000] {processor.py:914} INFO - Processing file /home/airflow/.local/lib/python3.12/site-packages/airflow/example_dags/example_dataset_alias_with_no_taskflow.py for tasks to queue
[2024-12-21T06:31:32.649+0000] {logging_mixin.py:190} INFO - [2024-12-21T06:31:32.649+0000] {dagbag.py:588} INFO - Filling up the DagBag from /home/airflow/.local/lib/python3.12/site-packages/airflow/example_dags/example_dataset_alias_with_no_taskflow.py
[2024-12-21T06:31:33.271+0000] {processor.py:925} INFO - DAG(s) 'dataset_s3_bucket_producer_with_no_taskflow', 'dataset_alias_example_alias_producer_with_no_taskflow', 'dataset_alias_example_alias_consumer_with_no_taskflow', 'dataset_s3_bucket_consumer_with_no_taskflow' retrieved from /home/airflow/.local/lib/python3.12/site-packages/airflow/example_dags/example_dataset_alias_with_no_taskflow.py
[2024-12-21T06:31:33.296+0000] {logging_mixin.py:190} INFO - [2024-12-21T06:31:33.295+0000] {dag.py:3239} INFO - Sync 4 DAGs
[2024-12-21T06:31:33.320+0000] {logging_mixin.py:190} INFO - [2024-12-21T06:31:33.320+0000] {dag.py:4180} INFO - Setting next_dagrun for dataset_alias_example_alias_consumer_with_no_taskflow to None, run_after=None
[2024-12-21T06:31:33.322+0000] {logging_mixin.py:190} INFO - [2024-12-21T06:31:33.322+0000] {dag.py:4180} INFO - Setting next_dagrun for dataset_alias_example_alias_producer_with_no_taskflow to None, run_after=None
[2024-12-21T06:31:33.324+0000] {logging_mixin.py:190} INFO - [2024-12-21T06:31:33.323+0000] {dag.py:4180} INFO - Setting next_dagrun for dataset_s3_bucket_consumer_with_no_taskflow to None, run_after=None
[2024-12-21T06:31:33.325+0000] {logging_mixin.py:190} INFO - [2024-12-21T06:31:33.325+0000] {dag.py:4180} INFO - Setting next_dagrun for dataset_s3_bucket_producer_with_no_taskflow to None, run_after=None
[2024-12-21T06:31:33.348+0000] {processor.py:208} INFO - Processing /home/airflow/.local/lib/python3.12/site-packages/airflow/example_dags/example_dataset_alias_with_no_taskflow.py took 0.707 seconds
[2024-12-21T06:32:04.023+0000] {processor.py:186} INFO - Started process (PID=782) to work on /home/airflow/.local/lib/python3.12/site-packages/airflow/example_dags/example_dataset_alias_with_no_taskflow.py
[2024-12-21T06:32:04.024+0000] {processor.py:914} INFO - Processing file /home/airflow/.local/lib/python3.12/site-packages/airflow/example_dags/example_dataset_alias_with_no_taskflow.py for tasks to queue
[2024-12-21T06:32:04.025+0000] {logging_mixin.py:190} INFO - [2024-12-21T06:32:04.025+0000] {dagbag.py:588} INFO - Filling up the DagBag from /home/airflow/.local/lib/python3.12/site-packages/airflow/example_dags/example_dataset_alias_with_no_taskflow.py
[2024-12-21T06:32:04.624+0000] {processor.py:925} INFO - DAG(s) 'dataset_s3_bucket_producer_with_no_taskflow', 'dataset_alias_example_alias_producer_with_no_taskflow', 'dataset_s3_bucket_consumer_with_no_taskflow', 'dataset_alias_example_alias_consumer_with_no_taskflow' retrieved from /home/airflow/.local/lib/python3.12/site-packages/airflow/example_dags/example_dataset_alias_with_no_taskflow.py
[2024-12-21T06:32:04.643+0000] {logging_mixin.py:190} INFO - [2024-12-21T06:32:04.642+0000] {dag.py:3239} INFO - Sync 4 DAGs
[2024-12-21T06:32:04.663+0000] {logging_mixin.py:190} INFO - [2024-12-21T06:32:04.663+0000] {dag.py:4180} INFO - Setting next_dagrun for dataset_alias_example_alias_consumer_with_no_taskflow to None, run_after=None
[2024-12-21T06:32:04.665+0000] {logging_mixin.py:190} INFO - [2024-12-21T06:32:04.665+0000] {dag.py:4180} INFO - Setting next_dagrun for dataset_alias_example_alias_producer_with_no_taskflow to None, run_after=None
[2024-12-21T06:32:04.666+0000] {logging_mixin.py:190} INFO - [2024-12-21T06:32:04.666+0000] {dag.py:4180} INFO - Setting next_dagrun for dataset_s3_bucket_consumer_with_no_taskflow to None, run_after=None
[2024-12-21T06:32:04.667+0000] {logging_mixin.py:190} INFO - [2024-12-21T06:32:04.667+0000] {dag.py:4180} INFO - Setting next_dagrun for dataset_s3_bucket_producer_with_no_taskflow to None, run_after=None
[2024-12-21T06:32:04.685+0000] {processor.py:208} INFO - Processing /home/airflow/.local/lib/python3.12/site-packages/airflow/example_dags/example_dataset_alias_with_no_taskflow.py took 0.666 seconds
[2024-12-21T06:32:34.731+0000] {processor.py:186} INFO - Started process (PID=845) to work on /home/airflow/.local/lib/python3.12/site-packages/airflow/example_dags/example_dataset_alias_with_no_taskflow.py
[2024-12-21T06:32:34.731+0000] {processor.py:914} INFO - Processing file /home/airflow/.local/lib/python3.12/site-packages/airflow/example_dags/example_dataset_alias_with_no_taskflow.py for tasks to queue
[2024-12-21T06:32:34.733+0000] {logging_mixin.py:190} INFO - [2024-12-21T06:32:34.733+0000] {dagbag.py:588} INFO - Filling up the DagBag from /home/airflow/.local/lib/python3.12/site-packages/airflow/example_dags/example_dataset_alias_with_no_taskflow.py
[2024-12-21T06:32:35.437+0000] {processor.py:925} INFO - DAG(s) 'dataset_s3_bucket_producer_with_no_taskflow', 'dataset_alias_example_alias_producer_with_no_taskflow', 'dataset_s3_bucket_consumer_with_no_taskflow', 'dataset_alias_example_alias_consumer_with_no_taskflow' retrieved from /home/airflow/.local/lib/python3.12/site-packages/airflow/example_dags/example_dataset_alias_with_no_taskflow.py
[2024-12-21T06:32:35.458+0000] {logging_mixin.py:190} INFO - [2024-12-21T06:32:35.458+0000] {dag.py:3239} INFO - Sync 4 DAGs
[2024-12-21T06:32:35.484+0000] {logging_mixin.py:190} INFO - [2024-12-21T06:32:35.484+0000] {dag.py:4180} INFO - Setting next_dagrun for dataset_alias_example_alias_consumer_with_no_taskflow to None, run_after=None
[2024-12-21T06:32:35.487+0000] {logging_mixin.py:190} INFO - [2024-12-21T06:32:35.486+0000] {dag.py:4180} INFO - Setting next_dagrun for dataset_alias_example_alias_producer_with_no_taskflow to None, run_after=None
[2024-12-21T06:32:35.488+0000] {logging_mixin.py:190} INFO - [2024-12-21T06:32:35.488+0000] {dag.py:4180} INFO - Setting next_dagrun for dataset_s3_bucket_consumer_with_no_taskflow to None, run_after=None
[2024-12-21T06:32:35.489+0000] {logging_mixin.py:190} INFO - [2024-12-21T06:32:35.489+0000] {dag.py:4180} INFO - Setting next_dagrun for dataset_s3_bucket_producer_with_no_taskflow to None, run_after=None
[2024-12-21T06:32:35.510+0000] {processor.py:208} INFO - Processing /home/airflow/.local/lib/python3.12/site-packages/airflow/example_dags/example_dataset_alias_with_no_taskflow.py took 0.785 seconds
[2024-12-21T06:33:06.215+0000] {processor.py:186} INFO - Started process (PID=908) to work on /home/airflow/.local/lib/python3.12/site-packages/airflow/example_dags/example_dataset_alias_with_no_taskflow.py
[2024-12-21T06:33:06.216+0000] {processor.py:914} INFO - Processing file /home/airflow/.local/lib/python3.12/site-packages/airflow/example_dags/example_dataset_alias_with_no_taskflow.py for tasks to queue
[2024-12-21T06:33:06.218+0000] {logging_mixin.py:190} INFO - [2024-12-21T06:33:06.218+0000] {dagbag.py:588} INFO - Filling up the DagBag from /home/airflow/.local/lib/python3.12/site-packages/airflow/example_dags/example_dataset_alias_with_no_taskflow.py
[2024-12-21T06:33:06.810+0000] {processor.py:925} INFO - DAG(s) 'dataset_alias_example_alias_consumer_with_no_taskflow', 'dataset_s3_bucket_consumer_with_no_taskflow', 'dataset_alias_example_alias_producer_with_no_taskflow', 'dataset_s3_bucket_producer_with_no_taskflow' retrieved from /home/airflow/.local/lib/python3.12/site-packages/airflow/example_dags/example_dataset_alias_with_no_taskflow.py
[2024-12-21T06:33:06.828+0000] {logging_mixin.py:190} INFO - [2024-12-21T06:33:06.828+0000] {dag.py:3239} INFO - Sync 4 DAGs
[2024-12-21T06:33:06.850+0000] {logging_mixin.py:190} INFO - [2024-12-21T06:33:06.849+0000] {dag.py:4180} INFO - Setting next_dagrun for dataset_alias_example_alias_consumer_with_no_taskflow to None, run_after=None
[2024-12-21T06:33:06.852+0000] {logging_mixin.py:190} INFO - [2024-12-21T06:33:06.852+0000] {dag.py:4180} INFO - Setting next_dagrun for dataset_alias_example_alias_producer_with_no_taskflow to None, run_after=None
[2024-12-21T06:33:06.853+0000] {logging_mixin.py:190} INFO - [2024-12-21T06:33:06.853+0000] {dag.py:4180} INFO - Setting next_dagrun for dataset_s3_bucket_consumer_with_no_taskflow to None, run_after=None
[2024-12-21T06:33:06.854+0000] {logging_mixin.py:190} INFO - [2024-12-21T06:33:06.854+0000] {dag.py:4180} INFO - Setting next_dagrun for dataset_s3_bucket_producer_with_no_taskflow to None, run_after=None
[2024-12-21T06:33:06.879+0000] {processor.py:208} INFO - Processing /home/airflow/.local/lib/python3.12/site-packages/airflow/example_dags/example_dataset_alias_with_no_taskflow.py took 0.668 seconds
[2024-12-21T06:33:37.745+0000] {processor.py:186} INFO - Started process (PID=971) to work on /home/airflow/.local/lib/python3.12/site-packages/airflow/example_dags/example_dataset_alias_with_no_taskflow.py
[2024-12-21T06:33:37.745+0000] {processor.py:914} INFO - Processing file /home/airflow/.local/lib/python3.12/site-packages/airflow/example_dags/example_dataset_alias_with_no_taskflow.py for tasks to queue
[2024-12-21T06:33:37.747+0000] {logging_mixin.py:190} INFO - [2024-12-21T06:33:37.747+0000] {dagbag.py:588} INFO - Filling up the DagBag from /home/airflow/.local/lib/python3.12/site-packages/airflow/example_dags/example_dataset_alias_with_no_taskflow.py
[2024-12-21T06:33:38.330+0000] {processor.py:925} INFO - DAG(s) 'dataset_s3_bucket_producer_with_no_taskflow', 'dataset_alias_example_alias_consumer_with_no_taskflow', 'dataset_alias_example_alias_producer_with_no_taskflow', 'dataset_s3_bucket_consumer_with_no_taskflow' retrieved from /home/airflow/.local/lib/python3.12/site-packages/airflow/example_dags/example_dataset_alias_with_no_taskflow.py
[2024-12-21T06:33:38.352+0000] {logging_mixin.py:190} INFO - [2024-12-21T06:33:38.352+0000] {dag.py:3239} INFO - Sync 4 DAGs
[2024-12-21T06:33:38.375+0000] {logging_mixin.py:190} INFO - [2024-12-21T06:33:38.374+0000] {dag.py:4180} INFO - Setting next_dagrun for dataset_alias_example_alias_consumer_with_no_taskflow to None, run_after=None
[2024-12-21T06:33:38.377+0000] {logging_mixin.py:190} INFO - [2024-12-21T06:33:38.377+0000] {dag.py:4180} INFO - Setting next_dagrun for dataset_alias_example_alias_producer_with_no_taskflow to None, run_after=None
[2024-12-21T06:33:38.380+0000] {logging_mixin.py:190} INFO - [2024-12-21T06:33:38.380+0000] {dag.py:4180} INFO - Setting next_dagrun for dataset_s3_bucket_consumer_with_no_taskflow to None, run_after=None
[2024-12-21T06:33:38.381+0000] {logging_mixin.py:190} INFO - [2024-12-21T06:33:38.381+0000] {dag.py:4180} INFO - Setting next_dagrun for dataset_s3_bucket_producer_with_no_taskflow to None, run_after=None
[2024-12-21T06:33:38.400+0000] {processor.py:208} INFO - Processing /home/airflow/.local/lib/python3.12/site-packages/airflow/example_dags/example_dataset_alias_with_no_taskflow.py took 0.660 seconds
[2024-12-21T06:34:48.745+0000] {processor.py:186} INFO - Started process (PID=79) to work on /home/airflow/.local/lib/python3.12/site-packages/airflow/example_dags/example_dataset_alias_with_no_taskflow.py
[2024-12-21T06:34:48.747+0000] {processor.py:914} INFO - Processing file /home/airflow/.local/lib/python3.12/site-packages/airflow/example_dags/example_dataset_alias_with_no_taskflow.py for tasks to queue
[2024-12-21T06:34:48.749+0000] {logging_mixin.py:190} INFO - [2024-12-21T06:34:48.749+0000] {dagbag.py:588} INFO - Filling up the DagBag from /home/airflow/.local/lib/python3.12/site-packages/airflow/example_dags/example_dataset_alias_with_no_taskflow.py
[2024-12-21T06:34:49.412+0000] {processor.py:925} INFO - DAG(s) 'dataset_s3_bucket_consumer_with_no_taskflow', 'dataset_alias_example_alias_consumer_with_no_taskflow', 'dataset_s3_bucket_producer_with_no_taskflow', 'dataset_alias_example_alias_producer_with_no_taskflow' retrieved from /home/airflow/.local/lib/python3.12/site-packages/airflow/example_dags/example_dataset_alias_with_no_taskflow.py
[2024-12-21T06:34:49.439+0000] {logging_mixin.py:190} INFO - [2024-12-21T06:34:49.439+0000] {dag.py:3239} INFO - Sync 4 DAGs
[2024-12-21T06:34:49.463+0000] {logging_mixin.py:190} INFO - [2024-12-21T06:34:49.463+0000] {dag.py:4180} INFO - Setting next_dagrun for dataset_alias_example_alias_consumer_with_no_taskflow to None, run_after=None
[2024-12-21T06:34:49.466+0000] {logging_mixin.py:190} INFO - [2024-12-21T06:34:49.465+0000] {dag.py:4180} INFO - Setting next_dagrun for dataset_alias_example_alias_producer_with_no_taskflow to None, run_after=None
[2024-12-21T06:34:49.467+0000] {logging_mixin.py:190} INFO - [2024-12-21T06:34:49.467+0000] {dag.py:4180} INFO - Setting next_dagrun for dataset_s3_bucket_consumer_with_no_taskflow to None, run_after=None
[2024-12-21T06:34:49.468+0000] {logging_mixin.py:190} INFO - [2024-12-21T06:34:49.468+0000] {dag.py:4180} INFO - Setting next_dagrun for dataset_s3_bucket_producer_with_no_taskflow to None, run_after=None
[2024-12-21T06:34:49.496+0000] {processor.py:208} INFO - Processing /home/airflow/.local/lib/python3.12/site-packages/airflow/example_dags/example_dataset_alias_with_no_taskflow.py took 0.757 seconds
