[2024-12-21T06:26:18.918+0000] {processor.py:186} INFO - Started process (PID=77) to work on /home/airflow/.local/lib/python3.12/site-packages/airflow/example_dags/example_latest_only.py
[2024-12-21T06:26:18.919+0000] {processor.py:914} INFO - Processing file /home/airflow/.local/lib/python3.12/site-packages/airflow/example_dags/example_latest_only.py for tasks to queue
[2024-12-21T06:26:18.921+0000] {logging_mixin.py:190} INFO - [2024-12-21T06:26:18.921+0000] {dagbag.py:588} INFO - Filling up the DagBag from /home/airflow/.local/lib/python3.12/site-packages/airflow/example_dags/example_latest_only.py
[2024-12-21T06:26:18.929+0000] {processor.py:925} INFO - DAG(s) 'latest_only' retrieved from /home/airflow/.local/lib/python3.12/site-packages/airflow/example_dags/example_latest_only.py
[2024-12-21T06:26:19.063+0000] {logging_mixin.py:190} INFO - [2024-12-21T06:26:19.062+0000] {override.py:1911} INFO - Created Permission View: can read on DAG:latest_only
[2024-12-21T06:26:19.073+0000] {logging_mixin.py:190} INFO - [2024-12-21T06:26:19.073+0000] {override.py:1911} INFO - Created Permission View: can delete on DAG:latest_only
[2024-12-21T06:26:19.081+0000] {logging_mixin.py:190} INFO - [2024-12-21T06:26:19.080+0000] {override.py:1911} INFO - Created Permission View: can edit on DAG:latest_only
[2024-12-21T06:26:19.089+0000] {logging_mixin.py:190} INFO - [2024-12-21T06:26:19.089+0000] {override.py:1911} INFO - Created Permission View: menu access on DAG Run:latest_only
[2024-12-21T06:26:19.097+0000] {logging_mixin.py:190} INFO - [2024-12-21T06:26:19.097+0000] {override.py:1911} INFO - Created Permission View: can read on DAG Run:latest_only
[2024-12-21T06:26:19.105+0000] {logging_mixin.py:190} INFO - [2024-12-21T06:26:19.104+0000] {override.py:1911} INFO - Created Permission View: can create on DAG Run:latest_only
[2024-12-21T06:26:19.113+0000] {logging_mixin.py:190} INFO - [2024-12-21T06:26:19.112+0000] {override.py:1911} INFO - Created Permission View: can delete on DAG Run:latest_only
[2024-12-21T06:26:19.114+0000] {logging_mixin.py:190} INFO - [2024-12-21T06:26:19.113+0000] {dag.py:3239} INFO - Sync 1 DAGs
[2024-12-21T06:26:19.133+0000] {logging_mixin.py:190} INFO - [2024-12-21T06:26:19.133+0000] {dag.py:3262} INFO - Creating ORM DAG for latest_only
[2024-12-21T06:26:19.145+0000] {logging_mixin.py:190} INFO - [2024-12-21T06:26:19.145+0000] {dag.py:4180} INFO - Setting next_dagrun for latest_only to 2024-12-21 00:00:00+00:00, run_after=2024-12-21 04:00:00+00:00
[2024-12-21T06:26:19.167+0000] {processor.py:208} INFO - Processing /home/airflow/.local/lib/python3.12/site-packages/airflow/example_dags/example_latest_only.py took 0.255 seconds
[2024-12-21T06:26:49.596+0000] {processor.py:186} INFO - Started process (PID=146) to work on /home/airflow/.local/lib/python3.12/site-packages/airflow/example_dags/example_latest_only.py
[2024-12-21T06:26:49.597+0000] {processor.py:914} INFO - Processing file /home/airflow/.local/lib/python3.12/site-packages/airflow/example_dags/example_latest_only.py for tasks to queue
[2024-12-21T06:26:49.600+0000] {logging_mixin.py:190} INFO - [2024-12-21T06:26:49.599+0000] {dagbag.py:588} INFO - Filling up the DagBag from /home/airflow/.local/lib/python3.12/site-packages/airflow/example_dags/example_latest_only.py
[2024-12-21T06:26:49.607+0000] {processor.py:925} INFO - DAG(s) 'latest_only' retrieved from /home/airflow/.local/lib/python3.12/site-packages/airflow/example_dags/example_latest_only.py
[2024-12-21T06:26:49.629+0000] {logging_mixin.py:190} INFO - [2024-12-21T06:26:49.629+0000] {dag.py:3239} INFO - Sync 1 DAGs
[2024-12-21T06:26:49.664+0000] {logging_mixin.py:190} INFO - [2024-12-21T06:26:49.663+0000] {dag.py:4180} INFO - Setting next_dagrun for latest_only to 2024-12-21 00:00:00+00:00, run_after=2024-12-21 04:00:00+00:00
[2024-12-21T06:26:49.688+0000] {processor.py:208} INFO - Processing /home/airflow/.local/lib/python3.12/site-packages/airflow/example_dags/example_latest_only.py took 0.097 seconds
[2024-12-21T06:27:20.248+0000] {processor.py:186} INFO - Started process (PID=209) to work on /home/airflow/.local/lib/python3.12/site-packages/airflow/example_dags/example_latest_only.py
[2024-12-21T06:27:20.249+0000] {processor.py:914} INFO - Processing file /home/airflow/.local/lib/python3.12/site-packages/airflow/example_dags/example_latest_only.py for tasks to queue
[2024-12-21T06:27:20.251+0000] {logging_mixin.py:190} INFO - [2024-12-21T06:27:20.251+0000] {dagbag.py:588} INFO - Filling up the DagBag from /home/airflow/.local/lib/python3.12/site-packages/airflow/example_dags/example_latest_only.py
[2024-12-21T06:27:20.257+0000] {processor.py:925} INFO - DAG(s) 'latest_only' retrieved from /home/airflow/.local/lib/python3.12/site-packages/airflow/example_dags/example_latest_only.py
[2024-12-21T06:27:20.274+0000] {logging_mixin.py:190} INFO - [2024-12-21T06:27:20.274+0000] {dag.py:3239} INFO - Sync 1 DAGs
[2024-12-21T06:27:20.296+0000] {logging_mixin.py:190} INFO - [2024-12-21T06:27:20.296+0000] {dag.py:4180} INFO - Setting next_dagrun for latest_only to 2024-12-21 00:00:00+00:00, run_after=2024-12-21 04:00:00+00:00
[2024-12-21T06:27:20.311+0000] {processor.py:208} INFO - Processing /home/airflow/.local/lib/python3.12/site-packages/airflow/example_dags/example_latest_only.py took 0.068 seconds
[2024-12-21T06:27:51.190+0000] {processor.py:186} INFO - Started process (PID=272) to work on /home/airflow/.local/lib/python3.12/site-packages/airflow/example_dags/example_latest_only.py
[2024-12-21T06:27:51.191+0000] {processor.py:914} INFO - Processing file /home/airflow/.local/lib/python3.12/site-packages/airflow/example_dags/example_latest_only.py for tasks to queue
[2024-12-21T06:27:51.193+0000] {logging_mixin.py:190} INFO - [2024-12-21T06:27:51.192+0000] {dagbag.py:588} INFO - Filling up the DagBag from /home/airflow/.local/lib/python3.12/site-packages/airflow/example_dags/example_latest_only.py
[2024-12-21T06:27:51.200+0000] {processor.py:925} INFO - DAG(s) 'latest_only' retrieved from /home/airflow/.local/lib/python3.12/site-packages/airflow/example_dags/example_latest_only.py
[2024-12-21T06:27:51.219+0000] {logging_mixin.py:190} INFO - [2024-12-21T06:27:51.219+0000] {dag.py:3239} INFO - Sync 1 DAGs
[2024-12-21T06:27:51.256+0000] {logging_mixin.py:190} INFO - [2024-12-21T06:27:51.256+0000] {dag.py:4180} INFO - Setting next_dagrun for latest_only to 2024-12-21 00:00:00+00:00, run_after=2024-12-21 04:00:00+00:00
[2024-12-21T06:27:51.281+0000] {processor.py:208} INFO - Processing /home/airflow/.local/lib/python3.12/site-packages/airflow/example_dags/example_latest_only.py took 0.097 seconds
[2024-12-21T06:28:22.059+0000] {processor.py:186} INFO - Started process (PID=335) to work on /home/airflow/.local/lib/python3.12/site-packages/airflow/example_dags/example_latest_only.py
[2024-12-21T06:28:22.060+0000] {processor.py:914} INFO - Processing file /home/airflow/.local/lib/python3.12/site-packages/airflow/example_dags/example_latest_only.py for tasks to queue
[2024-12-21T06:28:22.062+0000] {logging_mixin.py:190} INFO - [2024-12-21T06:28:22.061+0000] {dagbag.py:588} INFO - Filling up the DagBag from /home/airflow/.local/lib/python3.12/site-packages/airflow/example_dags/example_latest_only.py
[2024-12-21T06:28:22.068+0000] {processor.py:925} INFO - DAG(s) 'latest_only' retrieved from /home/airflow/.local/lib/python3.12/site-packages/airflow/example_dags/example_latest_only.py
[2024-12-21T06:28:22.086+0000] {logging_mixin.py:190} INFO - [2024-12-21T06:28:22.086+0000] {dag.py:3239} INFO - Sync 1 DAGs
[2024-12-21T06:28:22.113+0000] {logging_mixin.py:190} INFO - [2024-12-21T06:28:22.113+0000] {dag.py:4180} INFO - Setting next_dagrun for latest_only to 2024-12-21 00:00:00+00:00, run_after=2024-12-21 04:00:00+00:00
[2024-12-21T06:28:22.131+0000] {processor.py:208} INFO - Processing /home/airflow/.local/lib/python3.12/site-packages/airflow/example_dags/example_latest_only.py took 0.077 seconds
[2024-12-21T06:28:52.409+0000] {processor.py:186} INFO - Started process (PID=398) to work on /home/airflow/.local/lib/python3.12/site-packages/airflow/example_dags/example_latest_only.py
[2024-12-21T06:28:52.410+0000] {processor.py:914} INFO - Processing file /home/airflow/.local/lib/python3.12/site-packages/airflow/example_dags/example_latest_only.py for tasks to queue
[2024-12-21T06:28:52.412+0000] {logging_mixin.py:190} INFO - [2024-12-21T06:28:52.411+0000] {dagbag.py:588} INFO - Filling up the DagBag from /home/airflow/.local/lib/python3.12/site-packages/airflow/example_dags/example_latest_only.py
[2024-12-21T06:28:52.418+0000] {processor.py:925} INFO - DAG(s) 'latest_only' retrieved from /home/airflow/.local/lib/python3.12/site-packages/airflow/example_dags/example_latest_only.py
[2024-12-21T06:28:52.435+0000] {logging_mixin.py:190} INFO - [2024-12-21T06:28:52.435+0000] {dag.py:3239} INFO - Sync 1 DAGs
[2024-12-21T06:28:52.458+0000] {logging_mixin.py:190} INFO - [2024-12-21T06:28:52.458+0000] {dag.py:4180} INFO - Setting next_dagrun for latest_only to 2024-12-21 00:00:00+00:00, run_after=2024-12-21 04:00:00+00:00
[2024-12-21T06:28:52.472+0000] {processor.py:208} INFO - Processing /home/airflow/.local/lib/python3.12/site-packages/airflow/example_dags/example_latest_only.py took 0.068 seconds
[2024-12-21T06:29:23.015+0000] {processor.py:186} INFO - Started process (PID=461) to work on /home/airflow/.local/lib/python3.12/site-packages/airflow/example_dags/example_latest_only.py
[2024-12-21T06:29:23.015+0000] {processor.py:914} INFO - Processing file /home/airflow/.local/lib/python3.12/site-packages/airflow/example_dags/example_latest_only.py for tasks to queue
[2024-12-21T06:29:23.017+0000] {logging_mixin.py:190} INFO - [2024-12-21T06:29:23.017+0000] {dagbag.py:588} INFO - Filling up the DagBag from /home/airflow/.local/lib/python3.12/site-packages/airflow/example_dags/example_latest_only.py
[2024-12-21T06:29:23.023+0000] {processor.py:925} INFO - DAG(s) 'latest_only' retrieved from /home/airflow/.local/lib/python3.12/site-packages/airflow/example_dags/example_latest_only.py
[2024-12-21T06:29:23.038+0000] {logging_mixin.py:190} INFO - [2024-12-21T06:29:23.038+0000] {dag.py:3239} INFO - Sync 1 DAGs
[2024-12-21T06:29:23.057+0000] {logging_mixin.py:190} INFO - [2024-12-21T06:29:23.056+0000] {dag.py:4180} INFO - Setting next_dagrun for latest_only to 2024-12-21 00:00:00+00:00, run_after=2024-12-21 04:00:00+00:00
[2024-12-21T06:29:23.070+0000] {processor.py:208} INFO - Processing /home/airflow/.local/lib/python3.12/site-packages/airflow/example_dags/example_latest_only.py took 0.061 seconds
[2024-12-21T06:29:53.582+0000] {processor.py:186} INFO - Started process (PID=524) to work on /home/airflow/.local/lib/python3.12/site-packages/airflow/example_dags/example_latest_only.py
[2024-12-21T06:29:53.583+0000] {processor.py:914} INFO - Processing file /home/airflow/.local/lib/python3.12/site-packages/airflow/example_dags/example_latest_only.py for tasks to queue
[2024-12-21T06:29:53.585+0000] {logging_mixin.py:190} INFO - [2024-12-21T06:29:53.585+0000] {dagbag.py:588} INFO - Filling up the DagBag from /home/airflow/.local/lib/python3.12/site-packages/airflow/example_dags/example_latest_only.py
[2024-12-21T06:29:53.591+0000] {processor.py:925} INFO - DAG(s) 'latest_only' retrieved from /home/airflow/.local/lib/python3.12/site-packages/airflow/example_dags/example_latest_only.py
[2024-12-21T06:29:53.608+0000] {logging_mixin.py:190} INFO - [2024-12-21T06:29:53.607+0000] {dag.py:3239} INFO - Sync 1 DAGs
[2024-12-21T06:29:53.629+0000] {logging_mixin.py:190} INFO - [2024-12-21T06:29:53.629+0000] {dag.py:4180} INFO - Setting next_dagrun for latest_only to 2024-12-21 00:00:00+00:00, run_after=2024-12-21 04:00:00+00:00
[2024-12-21T06:29:53.647+0000] {processor.py:208} INFO - Processing /home/airflow/.local/lib/python3.12/site-packages/airflow/example_dags/example_latest_only.py took 0.070 seconds
[2024-12-21T06:30:23.903+0000] {processor.py:186} INFO - Started process (PID=587) to work on /home/airflow/.local/lib/python3.12/site-packages/airflow/example_dags/example_latest_only.py
[2024-12-21T06:30:23.904+0000] {processor.py:914} INFO - Processing file /home/airflow/.local/lib/python3.12/site-packages/airflow/example_dags/example_latest_only.py for tasks to queue
[2024-12-21T06:30:23.906+0000] {logging_mixin.py:190} INFO - [2024-12-21T06:30:23.905+0000] {dagbag.py:588} INFO - Filling up the DagBag from /home/airflow/.local/lib/python3.12/site-packages/airflow/example_dags/example_latest_only.py
[2024-12-21T06:30:23.912+0000] {processor.py:925} INFO - DAG(s) 'latest_only' retrieved from /home/airflow/.local/lib/python3.12/site-packages/airflow/example_dags/example_latest_only.py
[2024-12-21T06:30:23.930+0000] {logging_mixin.py:190} INFO - [2024-12-21T06:30:23.930+0000] {dag.py:3239} INFO - Sync 1 DAGs
[2024-12-21T06:30:23.953+0000] {logging_mixin.py:190} INFO - [2024-12-21T06:30:23.953+0000] {dag.py:4180} INFO - Setting next_dagrun for latest_only to 2024-12-21 00:00:00+00:00, run_after=2024-12-21 04:00:00+00:00
[2024-12-21T06:30:23.968+0000] {processor.py:208} INFO - Processing /home/airflow/.local/lib/python3.12/site-packages/airflow/example_dags/example_latest_only.py took 0.069 seconds
[2024-12-21T06:30:54.186+0000] {processor.py:186} INFO - Started process (PID=650) to work on /home/airflow/.local/lib/python3.12/site-packages/airflow/example_dags/example_latest_only.py
[2024-12-21T06:30:54.186+0000] {processor.py:914} INFO - Processing file /home/airflow/.local/lib/python3.12/site-packages/airflow/example_dags/example_latest_only.py for tasks to queue
[2024-12-21T06:30:54.188+0000] {logging_mixin.py:190} INFO - [2024-12-21T06:30:54.188+0000] {dagbag.py:588} INFO - Filling up the DagBag from /home/airflow/.local/lib/python3.12/site-packages/airflow/example_dags/example_latest_only.py
[2024-12-21T06:30:54.194+0000] {processor.py:925} INFO - DAG(s) 'latest_only' retrieved from /home/airflow/.local/lib/python3.12/site-packages/airflow/example_dags/example_latest_only.py
[2024-12-21T06:30:54.213+0000] {logging_mixin.py:190} INFO - [2024-12-21T06:30:54.213+0000] {dag.py:3239} INFO - Sync 1 DAGs
[2024-12-21T06:30:54.236+0000] {logging_mixin.py:190} INFO - [2024-12-21T06:30:54.235+0000] {dag.py:4180} INFO - Setting next_dagrun for latest_only to 2024-12-21 00:00:00+00:00, run_after=2024-12-21 04:00:00+00:00
[2024-12-21T06:30:54.253+0000] {processor.py:208} INFO - Processing /home/airflow/.local/lib/python3.12/site-packages/airflow/example_dags/example_latest_only.py took 0.073 seconds
[2024-12-21T06:31:24.356+0000] {processor.py:186} INFO - Started process (PID=713) to work on /home/airflow/.local/lib/python3.12/site-packages/airflow/example_dags/example_latest_only.py
[2024-12-21T06:31:24.356+0000] {processor.py:914} INFO - Processing file /home/airflow/.local/lib/python3.12/site-packages/airflow/example_dags/example_latest_only.py for tasks to queue
[2024-12-21T06:31:24.358+0000] {logging_mixin.py:190} INFO - [2024-12-21T06:31:24.357+0000] {dagbag.py:588} INFO - Filling up the DagBag from /home/airflow/.local/lib/python3.12/site-packages/airflow/example_dags/example_latest_only.py
[2024-12-21T06:31:24.363+0000] {processor.py:925} INFO - DAG(s) 'latest_only' retrieved from /home/airflow/.local/lib/python3.12/site-packages/airflow/example_dags/example_latest_only.py
[2024-12-21T06:31:24.379+0000] {logging_mixin.py:190} INFO - [2024-12-21T06:31:24.379+0000] {dag.py:3239} INFO - Sync 1 DAGs
[2024-12-21T06:31:24.399+0000] {logging_mixin.py:190} INFO - [2024-12-21T06:31:24.399+0000] {dag.py:4180} INFO - Setting next_dagrun for latest_only to 2024-12-21 00:00:00+00:00, run_after=2024-12-21 04:00:00+00:00
[2024-12-21T06:31:24.415+0000] {processor.py:208} INFO - Processing /home/airflow/.local/lib/python3.12/site-packages/airflow/example_dags/example_latest_only.py took 0.064 seconds
[2024-12-21T06:31:54.622+0000] {processor.py:186} INFO - Started process (PID=776) to work on /home/airflow/.local/lib/python3.12/site-packages/airflow/example_dags/example_latest_only.py
[2024-12-21T06:31:54.623+0000] {processor.py:914} INFO - Processing file /home/airflow/.local/lib/python3.12/site-packages/airflow/example_dags/example_latest_only.py for tasks to queue
[2024-12-21T06:31:54.625+0000] {logging_mixin.py:190} INFO - [2024-12-21T06:31:54.624+0000] {dagbag.py:588} INFO - Filling up the DagBag from /home/airflow/.local/lib/python3.12/site-packages/airflow/example_dags/example_latest_only.py
[2024-12-21T06:31:54.632+0000] {processor.py:925} INFO - DAG(s) 'latest_only' retrieved from /home/airflow/.local/lib/python3.12/site-packages/airflow/example_dags/example_latest_only.py
[2024-12-21T06:31:54.656+0000] {logging_mixin.py:190} INFO - [2024-12-21T06:31:54.656+0000] {dag.py:3239} INFO - Sync 1 DAGs
[2024-12-21T06:31:54.691+0000] {logging_mixin.py:190} INFO - [2024-12-21T06:31:54.691+0000] {dag.py:4180} INFO - Setting next_dagrun for latest_only to 2024-12-21 00:00:00+00:00, run_after=2024-12-21 04:00:00+00:00
[2024-12-21T06:31:54.718+0000] {processor.py:208} INFO - Processing /home/airflow/.local/lib/python3.12/site-packages/airflow/example_dags/example_latest_only.py took 0.101 seconds
[2024-12-21T06:32:25.459+0000] {processor.py:186} INFO - Started process (PID=839) to work on /home/airflow/.local/lib/python3.12/site-packages/airflow/example_dags/example_latest_only.py
[2024-12-21T06:32:25.459+0000] {processor.py:914} INFO - Processing file /home/airflow/.local/lib/python3.12/site-packages/airflow/example_dags/example_latest_only.py for tasks to queue
[2024-12-21T06:32:25.461+0000] {logging_mixin.py:190} INFO - [2024-12-21T06:32:25.461+0000] {dagbag.py:588} INFO - Filling up the DagBag from /home/airflow/.local/lib/python3.12/site-packages/airflow/example_dags/example_latest_only.py
[2024-12-21T06:32:25.467+0000] {processor.py:925} INFO - DAG(s) 'latest_only' retrieved from /home/airflow/.local/lib/python3.12/site-packages/airflow/example_dags/example_latest_only.py
[2024-12-21T06:32:25.483+0000] {logging_mixin.py:190} INFO - [2024-12-21T06:32:25.483+0000] {dag.py:3239} INFO - Sync 1 DAGs
[2024-12-21T06:32:25.507+0000] {logging_mixin.py:190} INFO - [2024-12-21T06:32:25.506+0000] {dag.py:4180} INFO - Setting next_dagrun for latest_only to 2024-12-21 00:00:00+00:00, run_after=2024-12-21 04:00:00+00:00
[2024-12-21T06:32:25.529+0000] {processor.py:208} INFO - Processing /home/airflow/.local/lib/python3.12/site-packages/airflow/example_dags/example_latest_only.py took 0.077 seconds
[2024-12-21T06:32:55.952+0000] {processor.py:186} INFO - Started process (PID=902) to work on /home/airflow/.local/lib/python3.12/site-packages/airflow/example_dags/example_latest_only.py
[2024-12-21T06:32:55.953+0000] {processor.py:914} INFO - Processing file /home/airflow/.local/lib/python3.12/site-packages/airflow/example_dags/example_latest_only.py for tasks to queue
[2024-12-21T06:32:55.955+0000] {logging_mixin.py:190} INFO - [2024-12-21T06:32:55.954+0000] {dagbag.py:588} INFO - Filling up the DagBag from /home/airflow/.local/lib/python3.12/site-packages/airflow/example_dags/example_latest_only.py
[2024-12-21T06:32:55.961+0000] {processor.py:925} INFO - DAG(s) 'latest_only' retrieved from /home/airflow/.local/lib/python3.12/site-packages/airflow/example_dags/example_latest_only.py
[2024-12-21T06:32:55.980+0000] {logging_mixin.py:190} INFO - [2024-12-21T06:32:55.980+0000] {dag.py:3239} INFO - Sync 1 DAGs
[2024-12-21T06:32:56.003+0000] {logging_mixin.py:190} INFO - [2024-12-21T06:32:56.003+0000] {dag.py:4180} INFO - Setting next_dagrun for latest_only to 2024-12-21 00:00:00+00:00, run_after=2024-12-21 04:00:00+00:00
[2024-12-21T06:32:56.020+0000] {processor.py:208} INFO - Processing /home/airflow/.local/lib/python3.12/site-packages/airflow/example_dags/example_latest_only.py took 0.074 seconds
[2024-12-21T06:33:26.471+0000] {processor.py:186} INFO - Started process (PID=965) to work on /home/airflow/.local/lib/python3.12/site-packages/airflow/example_dags/example_latest_only.py
[2024-12-21T06:33:26.472+0000] {processor.py:914} INFO - Processing file /home/airflow/.local/lib/python3.12/site-packages/airflow/example_dags/example_latest_only.py for tasks to queue
[2024-12-21T06:33:26.473+0000] {logging_mixin.py:190} INFO - [2024-12-21T06:33:26.473+0000] {dagbag.py:588} INFO - Filling up the DagBag from /home/airflow/.local/lib/python3.12/site-packages/airflow/example_dags/example_latest_only.py
[2024-12-21T06:33:26.480+0000] {processor.py:925} INFO - DAG(s) 'latest_only' retrieved from /home/airflow/.local/lib/python3.12/site-packages/airflow/example_dags/example_latest_only.py
[2024-12-21T06:33:26.496+0000] {logging_mixin.py:190} INFO - [2024-12-21T06:33:26.496+0000] {dag.py:3239} INFO - Sync 1 DAGs
[2024-12-21T06:33:26.523+0000] {logging_mixin.py:190} INFO - [2024-12-21T06:33:26.522+0000] {dag.py:4180} INFO - Setting next_dagrun for latest_only to 2024-12-21 00:00:00+00:00, run_after=2024-12-21 04:00:00+00:00
[2024-12-21T06:33:26.545+0000] {processor.py:208} INFO - Processing /home/airflow/.local/lib/python3.12/site-packages/airflow/example_dags/example_latest_only.py took 0.079 seconds
[2024-12-21T06:33:57.181+0000] {processor.py:186} INFO - Started process (PID=1028) to work on /home/airflow/.local/lib/python3.12/site-packages/airflow/example_dags/example_latest_only.py
[2024-12-21T06:33:57.182+0000] {processor.py:914} INFO - Processing file /home/airflow/.local/lib/python3.12/site-packages/airflow/example_dags/example_latest_only.py for tasks to queue
[2024-12-21T06:33:57.184+0000] {logging_mixin.py:190} INFO - [2024-12-21T06:33:57.183+0000] {dagbag.py:588} INFO - Filling up the DagBag from /home/airflow/.local/lib/python3.12/site-packages/airflow/example_dags/example_latest_only.py
[2024-12-21T06:33:57.190+0000] {processor.py:925} INFO - DAG(s) 'latest_only' retrieved from /home/airflow/.local/lib/python3.12/site-packages/airflow/example_dags/example_latest_only.py
[2024-12-21T06:33:57.207+0000] {logging_mixin.py:190} INFO - [2024-12-21T06:33:57.206+0000] {dag.py:3239} INFO - Sync 1 DAGs
[2024-12-21T06:33:57.229+0000] {logging_mixin.py:190} INFO - [2024-12-21T06:33:57.228+0000] {dag.py:4180} INFO - Setting next_dagrun for latest_only to 2024-12-21 00:00:00+00:00, run_after=2024-12-21 04:00:00+00:00
[2024-12-21T06:33:57.244+0000] {processor.py:208} INFO - Processing /home/airflow/.local/lib/python3.12/site-packages/airflow/example_dags/example_latest_only.py took 0.068 seconds
[2024-12-21T06:34:47.509+0000] {processor.py:186} INFO - Started process (PID=66) to work on /home/airflow/.local/lib/python3.12/site-packages/airflow/example_dags/example_latest_only.py
[2024-12-21T06:34:47.510+0000] {processor.py:914} INFO - Processing file /home/airflow/.local/lib/python3.12/site-packages/airflow/example_dags/example_latest_only.py for tasks to queue
[2024-12-21T06:34:47.513+0000] {logging_mixin.py:190} INFO - [2024-12-21T06:34:47.513+0000] {dagbag.py:588} INFO - Filling up the DagBag from /home/airflow/.local/lib/python3.12/site-packages/airflow/example_dags/example_latest_only.py
[2024-12-21T06:34:47.524+0000] {processor.py:925} INFO - DAG(s) 'latest_only' retrieved from /home/airflow/.local/lib/python3.12/site-packages/airflow/example_dags/example_latest_only.py
[2024-12-21T06:34:47.561+0000] {logging_mixin.py:190} INFO - [2024-12-21T06:34:47.561+0000] {dag.py:3239} INFO - Sync 1 DAGs
[2024-12-21T06:34:47.593+0000] {logging_mixin.py:190} INFO - [2024-12-21T06:34:47.593+0000] {dag.py:4180} INFO - Setting next_dagrun for latest_only to 2024-12-21 00:00:00+00:00, run_after=2024-12-21 04:00:00+00:00
[2024-12-21T06:34:47.615+0000] {processor.py:208} INFO - Processing /home/airflow/.local/lib/python3.12/site-packages/airflow/example_dags/example_latest_only.py took 0.115 seconds
[2024-12-21T06:35:18.297+0000] {processor.py:186} INFO - Started process (PID=138) to work on /home/airflow/.local/lib/python3.12/site-packages/airflow/example_dags/example_latest_only.py
[2024-12-21T06:35:18.298+0000] {processor.py:914} INFO - Processing file /home/airflow/.local/lib/python3.12/site-packages/airflow/example_dags/example_latest_only.py for tasks to queue
[2024-12-21T06:35:18.300+0000] {logging_mixin.py:190} INFO - [2024-12-21T06:35:18.299+0000] {dagbag.py:588} INFO - Filling up the DagBag from /home/airflow/.local/lib/python3.12/site-packages/airflow/example_dags/example_latest_only.py
[2024-12-21T06:35:18.306+0000] {processor.py:925} INFO - DAG(s) 'latest_only' retrieved from /home/airflow/.local/lib/python3.12/site-packages/airflow/example_dags/example_latest_only.py
[2024-12-21T06:35:18.324+0000] {logging_mixin.py:190} INFO - [2024-12-21T06:35:18.324+0000] {dag.py:3239} INFO - Sync 1 DAGs
[2024-12-21T06:35:18.344+0000] {logging_mixin.py:190} INFO - [2024-12-21T06:35:18.344+0000] {dag.py:4180} INFO - Setting next_dagrun for latest_only to 2024-12-21 00:00:00+00:00, run_after=2024-12-21 04:00:00+00:00
[2024-12-21T06:35:18.361+0000] {processor.py:208} INFO - Processing /home/airflow/.local/lib/python3.12/site-packages/airflow/example_dags/example_latest_only.py took 0.070 seconds
[2024-12-21T06:35:49.522+0000] {processor.py:186} INFO - Started process (PID=203) to work on /home/airflow/.local/lib/python3.12/site-packages/airflow/example_dags/example_latest_only.py
[2024-12-21T06:35:49.523+0000] {processor.py:914} INFO - Processing file /home/airflow/.local/lib/python3.12/site-packages/airflow/example_dags/example_latest_only.py for tasks to queue
[2024-12-21T06:35:49.526+0000] {logging_mixin.py:190} INFO - [2024-12-21T06:35:49.525+0000] {dagbag.py:588} INFO - Filling up the DagBag from /home/airflow/.local/lib/python3.12/site-packages/airflow/example_dags/example_latest_only.py
[2024-12-21T06:35:49.535+0000] {processor.py:925} INFO - DAG(s) 'latest_only' retrieved from /home/airflow/.local/lib/python3.12/site-packages/airflow/example_dags/example_latest_only.py
[2024-12-21T06:35:49.558+0000] {logging_mixin.py:190} INFO - [2024-12-21T06:35:49.557+0000] {dag.py:3239} INFO - Sync 1 DAGs
[2024-12-21T06:35:49.586+0000] {logging_mixin.py:190} INFO - [2024-12-21T06:35:49.586+0000] {dag.py:4180} INFO - Setting next_dagrun for latest_only to 2024-12-21 00:00:00+00:00, run_after=2024-12-21 04:00:00+00:00
[2024-12-21T06:35:49.608+0000] {processor.py:208} INFO - Processing /home/airflow/.local/lib/python3.12/site-packages/airflow/example_dags/example_latest_only.py took 0.093 seconds
[2024-12-21T06:36:20.425+0000] {processor.py:186} INFO - Started process (PID=272) to work on /home/airflow/.local/lib/python3.12/site-packages/airflow/example_dags/example_latest_only.py
[2024-12-21T06:36:20.426+0000] {processor.py:914} INFO - Processing file /home/airflow/.local/lib/python3.12/site-packages/airflow/example_dags/example_latest_only.py for tasks to queue
[2024-12-21T06:36:20.428+0000] {logging_mixin.py:190} INFO - [2024-12-21T06:36:20.428+0000] {dagbag.py:588} INFO - Filling up the DagBag from /home/airflow/.local/lib/python3.12/site-packages/airflow/example_dags/example_latest_only.py
[2024-12-21T06:36:20.434+0000] {processor.py:925} INFO - DAG(s) 'latest_only' retrieved from /home/airflow/.local/lib/python3.12/site-packages/airflow/example_dags/example_latest_only.py
[2024-12-21T06:36:20.452+0000] {logging_mixin.py:190} INFO - [2024-12-21T06:36:20.452+0000] {dag.py:3239} INFO - Sync 1 DAGs
[2024-12-21T06:36:20.475+0000] {logging_mixin.py:190} INFO - [2024-12-21T06:36:20.475+0000] {dag.py:4180} INFO - Setting next_dagrun for latest_only to 2024-12-21 00:00:00+00:00, run_after=2024-12-21 04:00:00+00:00
[2024-12-21T06:36:20.493+0000] {processor.py:208} INFO - Processing /home/airflow/.local/lib/python3.12/site-packages/airflow/example_dags/example_latest_only.py took 0.073 seconds
[2024-12-21T06:36:51.155+0000] {processor.py:186} INFO - Started process (PID=337) to work on /home/airflow/.local/lib/python3.12/site-packages/airflow/example_dags/example_latest_only.py
[2024-12-21T06:36:51.156+0000] {processor.py:914} INFO - Processing file /home/airflow/.local/lib/python3.12/site-packages/airflow/example_dags/example_latest_only.py for tasks to queue
[2024-12-21T06:36:51.159+0000] {logging_mixin.py:190} INFO - [2024-12-21T06:36:51.158+0000] {dagbag.py:588} INFO - Filling up the DagBag from /home/airflow/.local/lib/python3.12/site-packages/airflow/example_dags/example_latest_only.py
[2024-12-21T06:36:51.166+0000] {processor.py:925} INFO - DAG(s) 'latest_only' retrieved from /home/airflow/.local/lib/python3.12/site-packages/airflow/example_dags/example_latest_only.py
[2024-12-21T06:36:51.186+0000] {logging_mixin.py:190} INFO - [2024-12-21T06:36:51.186+0000] {dag.py:3239} INFO - Sync 1 DAGs
[2024-12-21T06:36:51.213+0000] {logging_mixin.py:190} INFO - [2024-12-21T06:36:51.213+0000] {dag.py:4180} INFO - Setting next_dagrun for latest_only to 2024-12-21 00:00:00+00:00, run_after=2024-12-21 04:00:00+00:00
[2024-12-21T06:36:51.240+0000] {processor.py:208} INFO - Processing /home/airflow/.local/lib/python3.12/site-packages/airflow/example_dags/example_latest_only.py took 0.094 seconds
[2024-12-21T06:37:22.083+0000] {processor.py:186} INFO - Started process (PID=402) to work on /home/airflow/.local/lib/python3.12/site-packages/airflow/example_dags/example_latest_only.py
[2024-12-21T06:37:22.084+0000] {processor.py:914} INFO - Processing file /home/airflow/.local/lib/python3.12/site-packages/airflow/example_dags/example_latest_only.py for tasks to queue
[2024-12-21T06:37:22.087+0000] {logging_mixin.py:190} INFO - [2024-12-21T06:37:22.086+0000] {dagbag.py:588} INFO - Filling up the DagBag from /home/airflow/.local/lib/python3.12/site-packages/airflow/example_dags/example_latest_only.py
[2024-12-21T06:37:22.096+0000] {processor.py:925} INFO - DAG(s) 'latest_only' retrieved from /home/airflow/.local/lib/python3.12/site-packages/airflow/example_dags/example_latest_only.py
[2024-12-21T06:37:22.117+0000] {logging_mixin.py:190} INFO - [2024-12-21T06:37:22.117+0000] {dag.py:3239} INFO - Sync 1 DAGs
[2024-12-21T06:37:22.142+0000] {logging_mixin.py:190} INFO - [2024-12-21T06:37:22.142+0000] {dag.py:4180} INFO - Setting next_dagrun for latest_only to 2024-12-21 00:00:00+00:00, run_after=2024-12-21 04:00:00+00:00
[2024-12-21T06:37:22.159+0000] {processor.py:208} INFO - Processing /home/airflow/.local/lib/python3.12/site-packages/airflow/example_dags/example_latest_only.py took 0.084 seconds
[2024-12-21T06:37:52.836+0000] {processor.py:186} INFO - Started process (PID=467) to work on /home/airflow/.local/lib/python3.12/site-packages/airflow/example_dags/example_latest_only.py
[2024-12-21T06:37:52.841+0000] {processor.py:914} INFO - Processing file /home/airflow/.local/lib/python3.12/site-packages/airflow/example_dags/example_latest_only.py for tasks to queue
[2024-12-21T06:37:52.844+0000] {logging_mixin.py:190} INFO - [2024-12-21T06:37:52.844+0000] {dagbag.py:588} INFO - Filling up the DagBag from /home/airflow/.local/lib/python3.12/site-packages/airflow/example_dags/example_latest_only.py
[2024-12-21T06:37:52.858+0000] {processor.py:925} INFO - DAG(s) 'latest_only' retrieved from /home/airflow/.local/lib/python3.12/site-packages/airflow/example_dags/example_latest_only.py
[2024-12-21T06:37:52.885+0000] {logging_mixin.py:190} INFO - [2024-12-21T06:37:52.885+0000] {dag.py:3239} INFO - Sync 1 DAGs
[2024-12-21T06:37:52.921+0000] {logging_mixin.py:190} INFO - [2024-12-21T06:37:52.921+0000] {dag.py:4180} INFO - Setting next_dagrun for latest_only to 2024-12-21 00:00:00+00:00, run_after=2024-12-21 04:00:00+00:00
[2024-12-21T06:37:52.955+0000] {processor.py:208} INFO - Processing /home/airflow/.local/lib/python3.12/site-packages/airflow/example_dags/example_latest_only.py took 0.128 seconds
[2024-12-21T06:38:23.490+0000] {processor.py:186} INFO - Started process (PID=532) to work on /home/airflow/.local/lib/python3.12/site-packages/airflow/example_dags/example_latest_only.py
[2024-12-21T06:38:23.491+0000] {processor.py:914} INFO - Processing file /home/airflow/.local/lib/python3.12/site-packages/airflow/example_dags/example_latest_only.py for tasks to queue
[2024-12-21T06:38:23.493+0000] {logging_mixin.py:190} INFO - [2024-12-21T06:38:23.493+0000] {dagbag.py:588} INFO - Filling up the DagBag from /home/airflow/.local/lib/python3.12/site-packages/airflow/example_dags/example_latest_only.py
[2024-12-21T06:38:23.499+0000] {processor.py:925} INFO - DAG(s) 'latest_only' retrieved from /home/airflow/.local/lib/python3.12/site-packages/airflow/example_dags/example_latest_only.py
[2024-12-21T06:38:23.521+0000] {logging_mixin.py:190} INFO - [2024-12-21T06:38:23.521+0000] {dag.py:3239} INFO - Sync 1 DAGs
[2024-12-21T06:38:23.541+0000] {logging_mixin.py:190} INFO - [2024-12-21T06:38:23.541+0000] {dag.py:4180} INFO - Setting next_dagrun for latest_only to 2024-12-21 00:00:00+00:00, run_after=2024-12-21 04:00:00+00:00
[2024-12-21T06:38:23.557+0000] {processor.py:208} INFO - Processing /home/airflow/.local/lib/python3.12/site-packages/airflow/example_dags/example_latest_only.py took 0.072 seconds
[2024-12-21T06:38:54.113+0000] {processor.py:186} INFO - Started process (PID=597) to work on /home/airflow/.local/lib/python3.12/site-packages/airflow/example_dags/example_latest_only.py
[2024-12-21T06:38:54.114+0000] {processor.py:914} INFO - Processing file /home/airflow/.local/lib/python3.12/site-packages/airflow/example_dags/example_latest_only.py for tasks to queue
[2024-12-21T06:38:54.115+0000] {logging_mixin.py:190} INFO - [2024-12-21T06:38:54.115+0000] {dagbag.py:588} INFO - Filling up the DagBag from /home/airflow/.local/lib/python3.12/site-packages/airflow/example_dags/example_latest_only.py
[2024-12-21T06:38:54.122+0000] {processor.py:925} INFO - DAG(s) 'latest_only' retrieved from /home/airflow/.local/lib/python3.12/site-packages/airflow/example_dags/example_latest_only.py
[2024-12-21T06:38:54.137+0000] {logging_mixin.py:190} INFO - [2024-12-21T06:38:54.137+0000] {dag.py:3239} INFO - Sync 1 DAGs
[2024-12-21T06:38:54.156+0000] {logging_mixin.py:190} INFO - [2024-12-21T06:38:54.155+0000] {dag.py:4180} INFO - Setting next_dagrun for latest_only to 2024-12-21 00:00:00+00:00, run_after=2024-12-21 04:00:00+00:00
[2024-12-21T06:38:54.169+0000] {processor.py:208} INFO - Processing /home/airflow/.local/lib/python3.12/site-packages/airflow/example_dags/example_latest_only.py took 0.061 seconds
[2024-12-21T06:39:24.794+0000] {processor.py:186} INFO - Started process (PID=662) to work on /home/airflow/.local/lib/python3.12/site-packages/airflow/example_dags/example_latest_only.py
[2024-12-21T06:39:24.795+0000] {processor.py:914} INFO - Processing file /home/airflow/.local/lib/python3.12/site-packages/airflow/example_dags/example_latest_only.py for tasks to queue
[2024-12-21T06:39:24.798+0000] {logging_mixin.py:190} INFO - [2024-12-21T06:39:24.798+0000] {dagbag.py:588} INFO - Filling up the DagBag from /home/airflow/.local/lib/python3.12/site-packages/airflow/example_dags/example_latest_only.py
[2024-12-21T06:39:24.805+0000] {processor.py:925} INFO - DAG(s) 'latest_only' retrieved from /home/airflow/.local/lib/python3.12/site-packages/airflow/example_dags/example_latest_only.py
[2024-12-21T06:39:24.824+0000] {logging_mixin.py:190} INFO - [2024-12-21T06:39:24.824+0000] {dag.py:3239} INFO - Sync 1 DAGs
[2024-12-21T06:39:24.852+0000] {logging_mixin.py:190} INFO - [2024-12-21T06:39:24.851+0000] {dag.py:4180} INFO - Setting next_dagrun for latest_only to 2024-12-21 00:00:00+00:00, run_after=2024-12-21 04:00:00+00:00
[2024-12-21T06:39:24.870+0000] {processor.py:208} INFO - Processing /home/airflow/.local/lib/python3.12/site-packages/airflow/example_dags/example_latest_only.py took 0.083 seconds
[2024-12-21T06:39:55.586+0000] {processor.py:186} INFO - Started process (PID=727) to work on /home/airflow/.local/lib/python3.12/site-packages/airflow/example_dags/example_latest_only.py
[2024-12-21T06:39:55.587+0000] {processor.py:914} INFO - Processing file /home/airflow/.local/lib/python3.12/site-packages/airflow/example_dags/example_latest_only.py for tasks to queue
[2024-12-21T06:39:55.589+0000] {logging_mixin.py:190} INFO - [2024-12-21T06:39:55.588+0000] {dagbag.py:588} INFO - Filling up the DagBag from /home/airflow/.local/lib/python3.12/site-packages/airflow/example_dags/example_latest_only.py
[2024-12-21T06:39:55.596+0000] {processor.py:925} INFO - DAG(s) 'latest_only' retrieved from /home/airflow/.local/lib/python3.12/site-packages/airflow/example_dags/example_latest_only.py
[2024-12-21T06:39:55.613+0000] {logging_mixin.py:190} INFO - [2024-12-21T06:39:55.613+0000] {dag.py:3239} INFO - Sync 1 DAGs
[2024-12-21T06:39:55.634+0000] {logging_mixin.py:190} INFO - [2024-12-21T06:39:55.634+0000] {dag.py:4180} INFO - Setting next_dagrun for latest_only to 2024-12-21 00:00:00+00:00, run_after=2024-12-21 04:00:00+00:00
[2024-12-21T06:39:55.649+0000] {processor.py:208} INFO - Processing /home/airflow/.local/lib/python3.12/site-packages/airflow/example_dags/example_latest_only.py took 0.068 seconds
[2024-12-21T06:40:25.953+0000] {processor.py:186} INFO - Started process (PID=792) to work on /home/airflow/.local/lib/python3.12/site-packages/airflow/example_dags/example_latest_only.py
[2024-12-21T06:40:25.954+0000] {processor.py:914} INFO - Processing file /home/airflow/.local/lib/python3.12/site-packages/airflow/example_dags/example_latest_only.py for tasks to queue
[2024-12-21T06:40:25.955+0000] {logging_mixin.py:190} INFO - [2024-12-21T06:40:25.955+0000] {dagbag.py:588} INFO - Filling up the DagBag from /home/airflow/.local/lib/python3.12/site-packages/airflow/example_dags/example_latest_only.py
[2024-12-21T06:40:25.961+0000] {processor.py:925} INFO - DAG(s) 'latest_only' retrieved from /home/airflow/.local/lib/python3.12/site-packages/airflow/example_dags/example_latest_only.py
[2024-12-21T06:40:25.976+0000] {logging_mixin.py:190} INFO - [2024-12-21T06:40:25.975+0000] {dag.py:3239} INFO - Sync 1 DAGs
[2024-12-21T06:40:25.992+0000] {logging_mixin.py:190} INFO - [2024-12-21T06:40:25.992+0000] {dag.py:4180} INFO - Setting next_dagrun for latest_only to 2024-12-21 00:00:00+00:00, run_after=2024-12-21 04:00:00+00:00
[2024-12-21T06:40:26.006+0000] {processor.py:208} INFO - Processing /home/airflow/.local/lib/python3.12/site-packages/airflow/example_dags/example_latest_only.py took 0.057 seconds
[2024-12-21T06:40:56.594+0000] {processor.py:186} INFO - Started process (PID=857) to work on /home/airflow/.local/lib/python3.12/site-packages/airflow/example_dags/example_latest_only.py
[2024-12-21T06:40:56.594+0000] {processor.py:914} INFO - Processing file /home/airflow/.local/lib/python3.12/site-packages/airflow/example_dags/example_latest_only.py for tasks to queue
[2024-12-21T06:40:56.596+0000] {logging_mixin.py:190} INFO - [2024-12-21T06:40:56.596+0000] {dagbag.py:588} INFO - Filling up the DagBag from /home/airflow/.local/lib/python3.12/site-packages/airflow/example_dags/example_latest_only.py
[2024-12-21T06:40:56.602+0000] {processor.py:925} INFO - DAG(s) 'latest_only' retrieved from /home/airflow/.local/lib/python3.12/site-packages/airflow/example_dags/example_latest_only.py
[2024-12-21T06:40:56.617+0000] {logging_mixin.py:190} INFO - [2024-12-21T06:40:56.617+0000] {dag.py:3239} INFO - Sync 1 DAGs
[2024-12-21T06:40:56.636+0000] {logging_mixin.py:190} INFO - [2024-12-21T06:40:56.636+0000] {dag.py:4180} INFO - Setting next_dagrun for latest_only to 2024-12-21 00:00:00+00:00, run_after=2024-12-21 04:00:00+00:00
[2024-12-21T06:40:56.650+0000] {processor.py:208} INFO - Processing /home/airflow/.local/lib/python3.12/site-packages/airflow/example_dags/example_latest_only.py took 0.061 seconds
[2024-12-21T06:41:27.644+0000] {processor.py:186} INFO - Started process (PID=922) to work on /home/airflow/.local/lib/python3.12/site-packages/airflow/example_dags/example_latest_only.py
[2024-12-21T06:41:27.645+0000] {processor.py:914} INFO - Processing file /home/airflow/.local/lib/python3.12/site-packages/airflow/example_dags/example_latest_only.py for tasks to queue
[2024-12-21T06:41:27.646+0000] {logging_mixin.py:190} INFO - [2024-12-21T06:41:27.646+0000] {dagbag.py:588} INFO - Filling up the DagBag from /home/airflow/.local/lib/python3.12/site-packages/airflow/example_dags/example_latest_only.py
[2024-12-21T06:41:27.652+0000] {processor.py:925} INFO - DAG(s) 'latest_only' retrieved from /home/airflow/.local/lib/python3.12/site-packages/airflow/example_dags/example_latest_only.py
[2024-12-21T06:41:27.668+0000] {logging_mixin.py:190} INFO - [2024-12-21T06:41:27.668+0000] {dag.py:3239} INFO - Sync 1 DAGs
[2024-12-21T06:41:27.689+0000] {logging_mixin.py:190} INFO - [2024-12-21T06:41:27.688+0000] {dag.py:4180} INFO - Setting next_dagrun for latest_only to 2024-12-21 00:00:00+00:00, run_after=2024-12-21 04:00:00+00:00
[2024-12-21T06:41:27.706+0000] {processor.py:208} INFO - Processing /home/airflow/.local/lib/python3.12/site-packages/airflow/example_dags/example_latest_only.py took 0.066 seconds
[2024-12-21T06:41:57.811+0000] {processor.py:186} INFO - Started process (PID=987) to work on /home/airflow/.local/lib/python3.12/site-packages/airflow/example_dags/example_latest_only.py
[2024-12-21T06:41:57.812+0000] {processor.py:914} INFO - Processing file /home/airflow/.local/lib/python3.12/site-packages/airflow/example_dags/example_latest_only.py for tasks to queue
[2024-12-21T06:41:57.814+0000] {logging_mixin.py:190} INFO - [2024-12-21T06:41:57.813+0000] {dagbag.py:588} INFO - Filling up the DagBag from /home/airflow/.local/lib/python3.12/site-packages/airflow/example_dags/example_latest_only.py
[2024-12-21T06:41:57.820+0000] {processor.py:925} INFO - DAG(s) 'latest_only' retrieved from /home/airflow/.local/lib/python3.12/site-packages/airflow/example_dags/example_latest_only.py
[2024-12-21T06:41:57.836+0000] {logging_mixin.py:190} INFO - [2024-12-21T06:41:57.836+0000] {dag.py:3239} INFO - Sync 1 DAGs
[2024-12-21T06:41:57.857+0000] {logging_mixin.py:190} INFO - [2024-12-21T06:41:57.856+0000] {dag.py:4180} INFO - Setting next_dagrun for latest_only to 2024-12-21 00:00:00+00:00, run_after=2024-12-21 04:00:00+00:00
[2024-12-21T06:41:57.872+0000] {processor.py:208} INFO - Processing /home/airflow/.local/lib/python3.12/site-packages/airflow/example_dags/example_latest_only.py took 0.065 seconds
[2024-12-21T06:42:28.618+0000] {processor.py:186} INFO - Started process (PID=1052) to work on /home/airflow/.local/lib/python3.12/site-packages/airflow/example_dags/example_latest_only.py
[2024-12-21T06:42:28.619+0000] {processor.py:914} INFO - Processing file /home/airflow/.local/lib/python3.12/site-packages/airflow/example_dags/example_latest_only.py for tasks to queue
[2024-12-21T06:42:28.621+0000] {logging_mixin.py:190} INFO - [2024-12-21T06:42:28.620+0000] {dagbag.py:588} INFO - Filling up the DagBag from /home/airflow/.local/lib/python3.12/site-packages/airflow/example_dags/example_latest_only.py
[2024-12-21T06:42:28.627+0000] {processor.py:925} INFO - DAG(s) 'latest_only' retrieved from /home/airflow/.local/lib/python3.12/site-packages/airflow/example_dags/example_latest_only.py
[2024-12-21T06:42:28.645+0000] {logging_mixin.py:190} INFO - [2024-12-21T06:42:28.645+0000] {dag.py:3239} INFO - Sync 1 DAGs
[2024-12-21T06:42:28.670+0000] {logging_mixin.py:190} INFO - [2024-12-21T06:42:28.669+0000] {dag.py:4180} INFO - Setting next_dagrun for latest_only to 2024-12-21 00:00:00+00:00, run_after=2024-12-21 04:00:00+00:00
[2024-12-21T06:42:28.689+0000] {processor.py:208} INFO - Processing /home/airflow/.local/lib/python3.12/site-packages/airflow/example_dags/example_latest_only.py took 0.076 seconds
[2024-12-21T06:42:58.818+0000] {processor.py:186} INFO - Started process (PID=1117) to work on /home/airflow/.local/lib/python3.12/site-packages/airflow/example_dags/example_latest_only.py
[2024-12-21T06:42:58.818+0000] {processor.py:914} INFO - Processing file /home/airflow/.local/lib/python3.12/site-packages/airflow/example_dags/example_latest_only.py for tasks to queue
[2024-12-21T06:42:58.820+0000] {logging_mixin.py:190} INFO - [2024-12-21T06:42:58.820+0000] {dagbag.py:588} INFO - Filling up the DagBag from /home/airflow/.local/lib/python3.12/site-packages/airflow/example_dags/example_latest_only.py
[2024-12-21T06:42:58.826+0000] {processor.py:925} INFO - DAG(s) 'latest_only' retrieved from /home/airflow/.local/lib/python3.12/site-packages/airflow/example_dags/example_latest_only.py
[2024-12-21T06:42:58.842+0000] {logging_mixin.py:190} INFO - [2024-12-21T06:42:58.842+0000] {dag.py:3239} INFO - Sync 1 DAGs
[2024-12-21T06:42:58.864+0000] {logging_mixin.py:190} INFO - [2024-12-21T06:42:58.863+0000] {dag.py:4180} INFO - Setting next_dagrun for latest_only to 2024-12-21 00:00:00+00:00, run_after=2024-12-21 04:00:00+00:00
[2024-12-21T06:42:58.882+0000] {processor.py:208} INFO - Processing /home/airflow/.local/lib/python3.12/site-packages/airflow/example_dags/example_latest_only.py took 0.069 seconds
[2024-12-21T06:43:29.424+0000] {processor.py:186} INFO - Started process (PID=1182) to work on /home/airflow/.local/lib/python3.12/site-packages/airflow/example_dags/example_latest_only.py
[2024-12-21T06:43:29.425+0000] {processor.py:914} INFO - Processing file /home/airflow/.local/lib/python3.12/site-packages/airflow/example_dags/example_latest_only.py for tasks to queue
[2024-12-21T06:43:29.427+0000] {logging_mixin.py:190} INFO - [2024-12-21T06:43:29.427+0000] {dagbag.py:588} INFO - Filling up the DagBag from /home/airflow/.local/lib/python3.12/site-packages/airflow/example_dags/example_latest_only.py
[2024-12-21T06:43:29.434+0000] {processor.py:925} INFO - DAG(s) 'latest_only' retrieved from /home/airflow/.local/lib/python3.12/site-packages/airflow/example_dags/example_latest_only.py
[2024-12-21T06:43:29.454+0000] {logging_mixin.py:190} INFO - [2024-12-21T06:43:29.454+0000] {dag.py:3239} INFO - Sync 1 DAGs
[2024-12-21T06:43:29.480+0000] {logging_mixin.py:190} INFO - [2024-12-21T06:43:29.479+0000] {dag.py:4180} INFO - Setting next_dagrun for latest_only to 2024-12-21 00:00:00+00:00, run_after=2024-12-21 04:00:00+00:00
[2024-12-21T06:43:29.498+0000] {processor.py:208} INFO - Processing /home/airflow/.local/lib/python3.12/site-packages/airflow/example_dags/example_latest_only.py took 0.080 seconds
[2024-12-21T06:43:59.816+0000] {processor.py:186} INFO - Started process (PID=1247) to work on /home/airflow/.local/lib/python3.12/site-packages/airflow/example_dags/example_latest_only.py
[2024-12-21T06:43:59.816+0000] {processor.py:914} INFO - Processing file /home/airflow/.local/lib/python3.12/site-packages/airflow/example_dags/example_latest_only.py for tasks to queue
[2024-12-21T06:43:59.820+0000] {logging_mixin.py:190} INFO - [2024-12-21T06:43:59.819+0000] {dagbag.py:588} INFO - Filling up the DagBag from /home/airflow/.local/lib/python3.12/site-packages/airflow/example_dags/example_latest_only.py
[2024-12-21T06:43:59.829+0000] {processor.py:925} INFO - DAG(s) 'latest_only' retrieved from /home/airflow/.local/lib/python3.12/site-packages/airflow/example_dags/example_latest_only.py
[2024-12-21T06:43:59.851+0000] {logging_mixin.py:190} INFO - [2024-12-21T06:43:59.851+0000] {dag.py:3239} INFO - Sync 1 DAGs
[2024-12-21T06:43:59.880+0000] {logging_mixin.py:190} INFO - [2024-12-21T06:43:59.879+0000] {dag.py:4180} INFO - Setting next_dagrun for latest_only to 2024-12-21 00:00:00+00:00, run_after=2024-12-21 04:00:00+00:00
[2024-12-21T06:43:59.902+0000] {processor.py:208} INFO - Processing /home/airflow/.local/lib/python3.12/site-packages/airflow/example_dags/example_latest_only.py took 0.094 seconds
