[2024-12-21T06:26:21.715+0000] {processor.py:186} INFO - Started process (PID=92) to work on /home/airflow/.local/lib/python3.12/site-packages/airflow/example_dags/example_python_operator.py
[2024-12-21T06:26:21.716+0000] {processor.py:914} INFO - Processing file /home/airflow/.local/lib/python3.12/site-packages/airflow/example_dags/example_python_operator.py for tasks to queue
[2024-12-21T06:26:21.718+0000] {logging_mixin.py:190} INFO - [2024-12-21T06:26:21.717+0000] {dagbag.py:588} INFO - Filling up the DagBag from /home/airflow/.local/lib/python3.12/site-packages/airflow/example_dags/example_python_operator.py
[2024-12-21T06:26:21.735+0000] {processor.py:925} INFO - DAG(s) 'example_python_operator' retrieved from /home/airflow/.local/lib/python3.12/site-packages/airflow/example_dags/example_python_operator.py
[2024-12-21T06:26:21.847+0000] {logging_mixin.py:190} INFO - [2024-12-21T06:26:21.847+0000] {override.py:1911} INFO - Created Permission View: can read on DAG:example_python_operator
[2024-12-21T06:26:21.857+0000] {logging_mixin.py:190} INFO - [2024-12-21T06:26:21.856+0000] {override.py:1911} INFO - Created Permission View: can delete on DAG:example_python_operator
[2024-12-21T06:26:21.863+0000] {logging_mixin.py:190} INFO - [2024-12-21T06:26:21.862+0000] {override.py:1911} INFO - Created Permission View: can edit on DAG:example_python_operator
[2024-12-21T06:26:21.869+0000] {logging_mixin.py:190} INFO - [2024-12-21T06:26:21.869+0000] {override.py:1911} INFO - Created Permission View: menu access on DAG Run:example_python_operator
[2024-12-21T06:26:21.875+0000] {logging_mixin.py:190} INFO - [2024-12-21T06:26:21.875+0000] {override.py:1911} INFO - Created Permission View: can read on DAG Run:example_python_operator
[2024-12-21T06:26:21.881+0000] {logging_mixin.py:190} INFO - [2024-12-21T06:26:21.881+0000] {override.py:1911} INFO - Created Permission View: can create on DAG Run:example_python_operator
[2024-12-21T06:26:21.887+0000] {logging_mixin.py:190} INFO - [2024-12-21T06:26:21.886+0000] {override.py:1911} INFO - Created Permission View: can delete on DAG Run:example_python_operator
[2024-12-21T06:26:21.887+0000] {logging_mixin.py:190} INFO - [2024-12-21T06:26:21.887+0000] {dag.py:3239} INFO - Sync 1 DAGs
[2024-12-21T06:26:21.900+0000] {logging_mixin.py:190} INFO - [2024-12-21T06:26:21.899+0000] {dag.py:3262} INFO - Creating ORM DAG for example_python_operator
[2024-12-21T06:26:21.900+0000] {logging_mixin.py:190} INFO - [2024-12-21T06:26:21.900+0000] {dag.py:4180} INFO - Setting next_dagrun for example_python_operator to None, run_after=None
[2024-12-21T06:26:21.919+0000] {processor.py:208} INFO - Processing /home/airflow/.local/lib/python3.12/site-packages/airflow/example_dags/example_python_operator.py took 0.212 seconds
[2024-12-21T06:26:52.716+0000] {processor.py:186} INFO - Started process (PID=155) to work on /home/airflow/.local/lib/python3.12/site-packages/airflow/example_dags/example_python_operator.py
[2024-12-21T06:26:52.717+0000] {processor.py:914} INFO - Processing file /home/airflow/.local/lib/python3.12/site-packages/airflow/example_dags/example_python_operator.py for tasks to queue
[2024-12-21T06:26:52.719+0000] {logging_mixin.py:190} INFO - [2024-12-21T06:26:52.719+0000] {dagbag.py:588} INFO - Filling up the DagBag from /home/airflow/.local/lib/python3.12/site-packages/airflow/example_dags/example_python_operator.py
[2024-12-21T06:26:52.733+0000] {processor.py:925} INFO - DAG(s) 'example_python_operator' retrieved from /home/airflow/.local/lib/python3.12/site-packages/airflow/example_dags/example_python_operator.py
[2024-12-21T06:26:52.754+0000] {logging_mixin.py:190} INFO - [2024-12-21T06:26:52.754+0000] {dag.py:3239} INFO - Sync 1 DAGs
[2024-12-21T06:26:52.767+0000] {logging_mixin.py:190} INFO - [2024-12-21T06:26:52.767+0000] {dag.py:4180} INFO - Setting next_dagrun for example_python_operator to None, run_after=None
[2024-12-21T06:26:52.785+0000] {processor.py:208} INFO - Processing /home/airflow/.local/lib/python3.12/site-packages/airflow/example_dags/example_python_operator.py took 0.074 seconds
[2024-12-21T06:27:24.459+0000] {processor.py:186} INFO - Started process (PID=218) to work on /home/airflow/.local/lib/python3.12/site-packages/airflow/example_dags/example_python_operator.py
[2024-12-21T06:27:24.498+0000] {processor.py:914} INFO - Processing file /home/airflow/.local/lib/python3.12/site-packages/airflow/example_dags/example_python_operator.py for tasks to queue
[2024-12-21T06:27:24.501+0000] {logging_mixin.py:190} INFO - [2024-12-21T06:27:24.501+0000] {dagbag.py:588} INFO - Filling up the DagBag from /home/airflow/.local/lib/python3.12/site-packages/airflow/example_dags/example_python_operator.py
[2024-12-21T06:27:24.514+0000] {processor.py:925} INFO - DAG(s) 'example_python_operator' retrieved from /home/airflow/.local/lib/python3.12/site-packages/airflow/example_dags/example_python_operator.py
[2024-12-21T06:27:24.537+0000] {logging_mixin.py:190} INFO - [2024-12-21T06:27:24.536+0000] {dag.py:3239} INFO - Sync 1 DAGs
[2024-12-21T06:27:24.552+0000] {logging_mixin.py:190} INFO - [2024-12-21T06:27:24.552+0000] {dag.py:4180} INFO - Setting next_dagrun for example_python_operator to None, run_after=None
[2024-12-21T06:27:24.584+0000] {processor.py:208} INFO - Processing /home/airflow/.local/lib/python3.12/site-packages/airflow/example_dags/example_python_operator.py took 0.130 seconds
[2024-12-21T06:27:55.503+0000] {processor.py:186} INFO - Started process (PID=281) to work on /home/airflow/.local/lib/python3.12/site-packages/airflow/example_dags/example_python_operator.py
[2024-12-21T06:27:55.504+0000] {processor.py:914} INFO - Processing file /home/airflow/.local/lib/python3.12/site-packages/airflow/example_dags/example_python_operator.py for tasks to queue
[2024-12-21T06:27:55.506+0000] {logging_mixin.py:190} INFO - [2024-12-21T06:27:55.506+0000] {dagbag.py:588} INFO - Filling up the DagBag from /home/airflow/.local/lib/python3.12/site-packages/airflow/example_dags/example_python_operator.py
[2024-12-21T06:27:55.518+0000] {processor.py:925} INFO - DAG(s) 'example_python_operator' retrieved from /home/airflow/.local/lib/python3.12/site-packages/airflow/example_dags/example_python_operator.py
[2024-12-21T06:27:55.539+0000] {logging_mixin.py:190} INFO - [2024-12-21T06:27:55.539+0000] {dag.py:3239} INFO - Sync 1 DAGs
[2024-12-21T06:27:55.553+0000] {logging_mixin.py:190} INFO - [2024-12-21T06:27:55.553+0000] {dag.py:4180} INFO - Setting next_dagrun for example_python_operator to None, run_after=None
[2024-12-21T06:27:55.578+0000] {processor.py:208} INFO - Processing /home/airflow/.local/lib/python3.12/site-packages/airflow/example_dags/example_python_operator.py took 0.081 seconds
[2024-12-21T06:28:26.188+0000] {processor.py:186} INFO - Started process (PID=343) to work on /home/airflow/.local/lib/python3.12/site-packages/airflow/example_dags/example_python_operator.py
[2024-12-21T06:28:26.189+0000] {processor.py:914} INFO - Processing file /home/airflow/.local/lib/python3.12/site-packages/airflow/example_dags/example_python_operator.py for tasks to queue
[2024-12-21T06:28:26.191+0000] {logging_mixin.py:190} INFO - [2024-12-21T06:28:26.191+0000] {dagbag.py:588} INFO - Filling up the DagBag from /home/airflow/.local/lib/python3.12/site-packages/airflow/example_dags/example_python_operator.py
[2024-12-21T06:28:26.207+0000] {processor.py:925} INFO - DAG(s) 'example_python_operator' retrieved from /home/airflow/.local/lib/python3.12/site-packages/airflow/example_dags/example_python_operator.py
[2024-12-21T06:28:26.243+0000] {logging_mixin.py:190} INFO - [2024-12-21T06:28:26.242+0000] {dag.py:3239} INFO - Sync 1 DAGs
[2024-12-21T06:28:26.260+0000] {logging_mixin.py:190} INFO - [2024-12-21T06:28:26.260+0000] {dag.py:4180} INFO - Setting next_dagrun for example_python_operator to None, run_after=None
[2024-12-21T06:28:26.287+0000] {processor.py:208} INFO - Processing /home/airflow/.local/lib/python3.12/site-packages/airflow/example_dags/example_python_operator.py took 0.105 seconds
[2024-12-21T06:28:57.289+0000] {processor.py:186} INFO - Started process (PID=406) to work on /home/airflow/.local/lib/python3.12/site-packages/airflow/example_dags/example_python_operator.py
[2024-12-21T06:28:57.291+0000] {processor.py:914} INFO - Processing file /home/airflow/.local/lib/python3.12/site-packages/airflow/example_dags/example_python_operator.py for tasks to queue
[2024-12-21T06:28:57.294+0000] {logging_mixin.py:190} INFO - [2024-12-21T06:28:57.294+0000] {dagbag.py:588} INFO - Filling up the DagBag from /home/airflow/.local/lib/python3.12/site-packages/airflow/example_dags/example_python_operator.py
[2024-12-21T06:28:57.313+0000] {processor.py:925} INFO - DAG(s) 'example_python_operator' retrieved from /home/airflow/.local/lib/python3.12/site-packages/airflow/example_dags/example_python_operator.py
[2024-12-21T06:28:57.335+0000] {logging_mixin.py:190} INFO - [2024-12-21T06:28:57.335+0000] {dag.py:3239} INFO - Sync 1 DAGs
[2024-12-21T06:28:57.348+0000] {logging_mixin.py:190} INFO - [2024-12-21T06:28:57.347+0000] {dag.py:4180} INFO - Setting next_dagrun for example_python_operator to None, run_after=None
[2024-12-21T06:28:57.363+0000] {processor.py:208} INFO - Processing /home/airflow/.local/lib/python3.12/site-packages/airflow/example_dags/example_python_operator.py took 0.083 seconds
[2024-12-21T06:29:28.227+0000] {processor.py:186} INFO - Started process (PID=469) to work on /home/airflow/.local/lib/python3.12/site-packages/airflow/example_dags/example_python_operator.py
[2024-12-21T06:29:28.228+0000] {processor.py:914} INFO - Processing file /home/airflow/.local/lib/python3.12/site-packages/airflow/example_dags/example_python_operator.py for tasks to queue
[2024-12-21T06:29:28.231+0000] {logging_mixin.py:190} INFO - [2024-12-21T06:29:28.230+0000] {dagbag.py:588} INFO - Filling up the DagBag from /home/airflow/.local/lib/python3.12/site-packages/airflow/example_dags/example_python_operator.py
[2024-12-21T06:29:28.243+0000] {processor.py:925} INFO - DAG(s) 'example_python_operator' retrieved from /home/airflow/.local/lib/python3.12/site-packages/airflow/example_dags/example_python_operator.py
[2024-12-21T06:29:28.267+0000] {logging_mixin.py:190} INFO - [2024-12-21T06:29:28.267+0000] {dag.py:3239} INFO - Sync 1 DAGs
[2024-12-21T06:29:28.282+0000] {logging_mixin.py:190} INFO - [2024-12-21T06:29:28.282+0000] {dag.py:4180} INFO - Setting next_dagrun for example_python_operator to None, run_after=None
[2024-12-21T06:29:28.301+0000] {processor.py:208} INFO - Processing /home/airflow/.local/lib/python3.12/site-packages/airflow/example_dags/example_python_operator.py took 0.079 seconds
[2024-12-21T06:29:59.547+0000] {processor.py:186} INFO - Started process (PID=532) to work on /home/airflow/.local/lib/python3.12/site-packages/airflow/example_dags/example_python_operator.py
[2024-12-21T06:29:59.548+0000] {processor.py:914} INFO - Processing file /home/airflow/.local/lib/python3.12/site-packages/airflow/example_dags/example_python_operator.py for tasks to queue
[2024-12-21T06:29:59.550+0000] {logging_mixin.py:190} INFO - [2024-12-21T06:29:59.550+0000] {dagbag.py:588} INFO - Filling up the DagBag from /home/airflow/.local/lib/python3.12/site-packages/airflow/example_dags/example_python_operator.py
[2024-12-21T06:29:59.561+0000] {processor.py:925} INFO - DAG(s) 'example_python_operator' retrieved from /home/airflow/.local/lib/python3.12/site-packages/airflow/example_dags/example_python_operator.py
[2024-12-21T06:29:59.581+0000] {logging_mixin.py:190} INFO - [2024-12-21T06:29:59.581+0000] {dag.py:3239} INFO - Sync 1 DAGs
[2024-12-21T06:29:59.597+0000] {logging_mixin.py:190} INFO - [2024-12-21T06:29:59.597+0000] {dag.py:4180} INFO - Setting next_dagrun for example_python_operator to None, run_after=None
[2024-12-21T06:29:59.617+0000] {processor.py:208} INFO - Processing /home/airflow/.local/lib/python3.12/site-packages/airflow/example_dags/example_python_operator.py took 0.074 seconds
[2024-12-21T06:30:31.020+0000] {processor.py:186} INFO - Started process (PID=595) to work on /home/airflow/.local/lib/python3.12/site-packages/airflow/example_dags/example_python_operator.py
[2024-12-21T06:30:31.021+0000] {processor.py:914} INFO - Processing file /home/airflow/.local/lib/python3.12/site-packages/airflow/example_dags/example_python_operator.py for tasks to queue
[2024-12-21T06:30:31.023+0000] {logging_mixin.py:190} INFO - [2024-12-21T06:30:31.023+0000] {dagbag.py:588} INFO - Filling up the DagBag from /home/airflow/.local/lib/python3.12/site-packages/airflow/example_dags/example_python_operator.py
[2024-12-21T06:30:31.035+0000] {processor.py:925} INFO - DAG(s) 'example_python_operator' retrieved from /home/airflow/.local/lib/python3.12/site-packages/airflow/example_dags/example_python_operator.py
[2024-12-21T06:30:31.055+0000] {logging_mixin.py:190} INFO - [2024-12-21T06:30:31.055+0000] {dag.py:3239} INFO - Sync 1 DAGs
[2024-12-21T06:30:31.067+0000] {logging_mixin.py:190} INFO - [2024-12-21T06:30:31.067+0000] {dag.py:4180} INFO - Setting next_dagrun for example_python_operator to None, run_after=None
[2024-12-21T06:30:31.092+0000] {processor.py:208} INFO - Processing /home/airflow/.local/lib/python3.12/site-packages/airflow/example_dags/example_python_operator.py took 0.078 seconds
[2024-12-21T06:31:02.832+0000] {processor.py:186} INFO - Started process (PID=658) to work on /home/airflow/.local/lib/python3.12/site-packages/airflow/example_dags/example_python_operator.py
[2024-12-21T06:31:02.835+0000] {processor.py:914} INFO - Processing file /home/airflow/.local/lib/python3.12/site-packages/airflow/example_dags/example_python_operator.py for tasks to queue
[2024-12-21T06:31:02.839+0000] {logging_mixin.py:190} INFO - [2024-12-21T06:31:02.838+0000] {dagbag.py:588} INFO - Filling up the DagBag from /home/airflow/.local/lib/python3.12/site-packages/airflow/example_dags/example_python_operator.py
[2024-12-21T06:31:02.862+0000] {processor.py:925} INFO - DAG(s) 'example_python_operator' retrieved from /home/airflow/.local/lib/python3.12/site-packages/airflow/example_dags/example_python_operator.py
[2024-12-21T06:31:02.890+0000] {logging_mixin.py:190} INFO - [2024-12-21T06:31:02.890+0000] {dag.py:3239} INFO - Sync 1 DAGs
[2024-12-21T06:31:02.906+0000] {logging_mixin.py:190} INFO - [2024-12-21T06:31:02.906+0000] {dag.py:4180} INFO - Setting next_dagrun for example_python_operator to None, run_after=None
[2024-12-21T06:31:02.925+0000] {processor.py:208} INFO - Processing /home/airflow/.local/lib/python3.12/site-packages/airflow/example_dags/example_python_operator.py took 0.103 seconds
[2024-12-21T06:31:33.529+0000] {processor.py:186} INFO - Started process (PID=721) to work on /home/airflow/.local/lib/python3.12/site-packages/airflow/example_dags/example_python_operator.py
[2024-12-21T06:31:33.530+0000] {processor.py:914} INFO - Processing file /home/airflow/.local/lib/python3.12/site-packages/airflow/example_dags/example_python_operator.py for tasks to queue
[2024-12-21T06:31:33.532+0000] {logging_mixin.py:190} INFO - [2024-12-21T06:31:33.531+0000] {dagbag.py:588} INFO - Filling up the DagBag from /home/airflow/.local/lib/python3.12/site-packages/airflow/example_dags/example_python_operator.py
[2024-12-21T06:31:33.545+0000] {processor.py:925} INFO - DAG(s) 'example_python_operator' retrieved from /home/airflow/.local/lib/python3.12/site-packages/airflow/example_dags/example_python_operator.py
[2024-12-21T06:31:33.574+0000] {logging_mixin.py:190} INFO - [2024-12-21T06:31:33.574+0000] {dag.py:3239} INFO - Sync 1 DAGs
[2024-12-21T06:31:33.592+0000] {logging_mixin.py:190} INFO - [2024-12-21T06:31:33.591+0000] {dag.py:4180} INFO - Setting next_dagrun for example_python_operator to None, run_after=None
[2024-12-21T06:31:33.618+0000] {processor.py:208} INFO - Processing /home/airflow/.local/lib/python3.12/site-packages/airflow/example_dags/example_python_operator.py took 0.094 seconds
[2024-12-21T06:32:04.717+0000] {processor.py:186} INFO - Started process (PID=784) to work on /home/airflow/.local/lib/python3.12/site-packages/airflow/example_dags/example_python_operator.py
[2024-12-21T06:32:04.717+0000] {processor.py:914} INFO - Processing file /home/airflow/.local/lib/python3.12/site-packages/airflow/example_dags/example_python_operator.py for tasks to queue
[2024-12-21T06:32:04.719+0000] {logging_mixin.py:190} INFO - [2024-12-21T06:32:04.719+0000] {dagbag.py:588} INFO - Filling up the DagBag from /home/airflow/.local/lib/python3.12/site-packages/airflow/example_dags/example_python_operator.py
[2024-12-21T06:32:04.730+0000] {processor.py:925} INFO - DAG(s) 'example_python_operator' retrieved from /home/airflow/.local/lib/python3.12/site-packages/airflow/example_dags/example_python_operator.py
[2024-12-21T06:32:04.748+0000] {logging_mixin.py:190} INFO - [2024-12-21T06:32:04.748+0000] {dag.py:3239} INFO - Sync 1 DAGs
[2024-12-21T06:32:04.762+0000] {logging_mixin.py:190} INFO - [2024-12-21T06:32:04.762+0000] {dag.py:4180} INFO - Setting next_dagrun for example_python_operator to None, run_after=None
[2024-12-21T06:32:04.782+0000] {processor.py:208} INFO - Processing /home/airflow/.local/lib/python3.12/site-packages/airflow/example_dags/example_python_operator.py took 0.070 seconds
[2024-12-21T06:32:35.520+0000] {processor.py:186} INFO - Started process (PID=847) to work on /home/airflow/.local/lib/python3.12/site-packages/airflow/example_dags/example_python_operator.py
[2024-12-21T06:32:35.521+0000] {processor.py:914} INFO - Processing file /home/airflow/.local/lib/python3.12/site-packages/airflow/example_dags/example_python_operator.py for tasks to queue
[2024-12-21T06:32:35.523+0000] {logging_mixin.py:190} INFO - [2024-12-21T06:32:35.523+0000] {dagbag.py:588} INFO - Filling up the DagBag from /home/airflow/.local/lib/python3.12/site-packages/airflow/example_dags/example_python_operator.py
[2024-12-21T06:32:35.534+0000] {processor.py:925} INFO - DAG(s) 'example_python_operator' retrieved from /home/airflow/.local/lib/python3.12/site-packages/airflow/example_dags/example_python_operator.py
[2024-12-21T06:32:35.553+0000] {logging_mixin.py:190} INFO - [2024-12-21T06:32:35.553+0000] {dag.py:3239} INFO - Sync 1 DAGs
[2024-12-21T06:32:35.566+0000] {logging_mixin.py:190} INFO - [2024-12-21T06:32:35.565+0000] {dag.py:4180} INFO - Setting next_dagrun for example_python_operator to None, run_after=None
[2024-12-21T06:32:35.581+0000] {processor.py:208} INFO - Processing /home/airflow/.local/lib/python3.12/site-packages/airflow/example_dags/example_python_operator.py took 0.066 seconds
[2024-12-21T06:33:06.915+0000] {processor.py:186} INFO - Started process (PID=910) to work on /home/airflow/.local/lib/python3.12/site-packages/airflow/example_dags/example_python_operator.py
[2024-12-21T06:33:06.916+0000] {processor.py:914} INFO - Processing file /home/airflow/.local/lib/python3.12/site-packages/airflow/example_dags/example_python_operator.py for tasks to queue
[2024-12-21T06:33:06.918+0000] {logging_mixin.py:190} INFO - [2024-12-21T06:33:06.917+0000] {dagbag.py:588} INFO - Filling up the DagBag from /home/airflow/.local/lib/python3.12/site-packages/airflow/example_dags/example_python_operator.py
[2024-12-21T06:33:06.928+0000] {processor.py:925} INFO - DAG(s) 'example_python_operator' retrieved from /home/airflow/.local/lib/python3.12/site-packages/airflow/example_dags/example_python_operator.py
[2024-12-21T06:33:06.946+0000] {logging_mixin.py:190} INFO - [2024-12-21T06:33:06.946+0000] {dag.py:3239} INFO - Sync 1 DAGs
[2024-12-21T06:33:06.959+0000] {logging_mixin.py:190} INFO - [2024-12-21T06:33:06.959+0000] {dag.py:4180} INFO - Setting next_dagrun for example_python_operator to None, run_after=None
[2024-12-21T06:33:06.973+0000] {processor.py:208} INFO - Processing /home/airflow/.local/lib/python3.12/site-packages/airflow/example_dags/example_python_operator.py took 0.063 seconds
[2024-12-21T06:33:38.539+0000] {processor.py:186} INFO - Started process (PID=973) to work on /home/airflow/.local/lib/python3.12/site-packages/airflow/example_dags/example_python_operator.py
[2024-12-21T06:33:38.540+0000] {processor.py:914} INFO - Processing file /home/airflow/.local/lib/python3.12/site-packages/airflow/example_dags/example_python_operator.py for tasks to queue
[2024-12-21T06:33:38.542+0000] {logging_mixin.py:190} INFO - [2024-12-21T06:33:38.542+0000] {dagbag.py:588} INFO - Filling up the DagBag from /home/airflow/.local/lib/python3.12/site-packages/airflow/example_dags/example_python_operator.py
[2024-12-21T06:33:38.553+0000] {processor.py:925} INFO - DAG(s) 'example_python_operator' retrieved from /home/airflow/.local/lib/python3.12/site-packages/airflow/example_dags/example_python_operator.py
[2024-12-21T06:33:38.572+0000] {logging_mixin.py:190} INFO - [2024-12-21T06:33:38.572+0000] {dag.py:3239} INFO - Sync 1 DAGs
[2024-12-21T06:33:38.586+0000] {logging_mixin.py:190} INFO - [2024-12-21T06:33:38.586+0000] {dag.py:4180} INFO - Setting next_dagrun for example_python_operator to None, run_after=None
[2024-12-21T06:33:38.603+0000] {processor.py:208} INFO - Processing /home/airflow/.local/lib/python3.12/site-packages/airflow/example_dags/example_python_operator.py took 0.068 seconds
[2024-12-21T06:34:49.692+0000] {processor.py:186} INFO - Started process (PID=82) to work on /home/airflow/.local/lib/python3.12/site-packages/airflow/example_dags/example_python_operator.py
[2024-12-21T06:34:49.693+0000] {processor.py:914} INFO - Processing file /home/airflow/.local/lib/python3.12/site-packages/airflow/example_dags/example_python_operator.py for tasks to queue
[2024-12-21T06:34:49.695+0000] {logging_mixin.py:190} INFO - [2024-12-21T06:34:49.695+0000] {dagbag.py:588} INFO - Filling up the DagBag from /home/airflow/.local/lib/python3.12/site-packages/airflow/example_dags/example_python_operator.py
[2024-12-21T06:34:49.710+0000] {processor.py:925} INFO - DAG(s) 'example_python_operator' retrieved from /home/airflow/.local/lib/python3.12/site-packages/airflow/example_dags/example_python_operator.py
[2024-12-21T06:34:49.856+0000] {logging_mixin.py:190} INFO - [2024-12-21T06:34:49.856+0000] {dag.py:3239} INFO - Sync 1 DAGs
[2024-12-21T06:34:49.874+0000] {logging_mixin.py:190} INFO - [2024-12-21T06:34:49.874+0000] {dag.py:4180} INFO - Setting next_dagrun for example_python_operator to None, run_after=None
[2024-12-21T06:34:49.907+0000] {processor.py:208} INFO - Processing /home/airflow/.local/lib/python3.12/site-packages/airflow/example_dags/example_python_operator.py took 0.221 seconds
[2024-12-21T06:35:20.709+0000] {processor.py:186} INFO - Started process (PID=147) to work on /home/airflow/.local/lib/python3.12/site-packages/airflow/example_dags/example_python_operator.py
[2024-12-21T06:35:20.710+0000] {processor.py:914} INFO - Processing file /home/airflow/.local/lib/python3.12/site-packages/airflow/example_dags/example_python_operator.py for tasks to queue
[2024-12-21T06:35:20.713+0000] {logging_mixin.py:190} INFO - [2024-12-21T06:35:20.712+0000] {dagbag.py:588} INFO - Filling up the DagBag from /home/airflow/.local/lib/python3.12/site-packages/airflow/example_dags/example_python_operator.py
[2024-12-21T06:35:20.729+0000] {processor.py:925} INFO - DAG(s) 'example_python_operator' retrieved from /home/airflow/.local/lib/python3.12/site-packages/airflow/example_dags/example_python_operator.py
[2024-12-21T06:35:20.757+0000] {logging_mixin.py:190} INFO - [2024-12-21T06:35:20.757+0000] {dag.py:3239} INFO - Sync 1 DAGs
[2024-12-21T06:35:20.776+0000] {logging_mixin.py:190} INFO - [2024-12-21T06:35:20.775+0000] {dag.py:4180} INFO - Setting next_dagrun for example_python_operator to None, run_after=None
[2024-12-21T06:35:20.800+0000] {processor.py:208} INFO - Processing /home/airflow/.local/lib/python3.12/site-packages/airflow/example_dags/example_python_operator.py took 0.099 seconds
[2024-12-21T06:35:51.674+0000] {processor.py:186} INFO - Started process (PID=211) to work on /home/airflow/.local/lib/python3.12/site-packages/airflow/example_dags/example_python_operator.py
[2024-12-21T06:35:51.675+0000] {processor.py:914} INFO - Processing file /home/airflow/.local/lib/python3.12/site-packages/airflow/example_dags/example_python_operator.py for tasks to queue
[2024-12-21T06:35:51.677+0000] {logging_mixin.py:190} INFO - [2024-12-21T06:35:51.676+0000] {dagbag.py:588} INFO - Filling up the DagBag from /home/airflow/.local/lib/python3.12/site-packages/airflow/example_dags/example_python_operator.py
[2024-12-21T06:35:51.687+0000] {processor.py:925} INFO - DAG(s) 'example_python_operator' retrieved from /home/airflow/.local/lib/python3.12/site-packages/airflow/example_dags/example_python_operator.py
[2024-12-21T06:35:51.707+0000] {logging_mixin.py:190} INFO - [2024-12-21T06:35:51.707+0000] {dag.py:3239} INFO - Sync 1 DAGs
[2024-12-21T06:35:51.722+0000] {logging_mixin.py:190} INFO - [2024-12-21T06:35:51.722+0000] {dag.py:4180} INFO - Setting next_dagrun for example_python_operator to None, run_after=None
[2024-12-21T06:35:51.745+0000] {processor.py:208} INFO - Processing /home/airflow/.local/lib/python3.12/site-packages/airflow/example_dags/example_python_operator.py took 0.076 seconds
[2024-12-21T06:36:22.628+0000] {processor.py:186} INFO - Started process (PID=280) to work on /home/airflow/.local/lib/python3.12/site-packages/airflow/example_dags/example_python_operator.py
[2024-12-21T06:36:22.629+0000] {processor.py:914} INFO - Processing file /home/airflow/.local/lib/python3.12/site-packages/airflow/example_dags/example_python_operator.py for tasks to queue
[2024-12-21T06:36:22.631+0000] {logging_mixin.py:190} INFO - [2024-12-21T06:36:22.630+0000] {dagbag.py:588} INFO - Filling up the DagBag from /home/airflow/.local/lib/python3.12/site-packages/airflow/example_dags/example_python_operator.py
[2024-12-21T06:36:22.643+0000] {processor.py:925} INFO - DAG(s) 'example_python_operator' retrieved from /home/airflow/.local/lib/python3.12/site-packages/airflow/example_dags/example_python_operator.py
[2024-12-21T06:36:22.665+0000] {logging_mixin.py:190} INFO - [2024-12-21T06:36:22.664+0000] {dag.py:3239} INFO - Sync 1 DAGs
[2024-12-21T06:36:22.683+0000] {logging_mixin.py:190} INFO - [2024-12-21T06:36:22.682+0000] {dag.py:4180} INFO - Setting next_dagrun for example_python_operator to None, run_after=None
[2024-12-21T06:36:22.706+0000] {processor.py:208} INFO - Processing /home/airflow/.local/lib/python3.12/site-packages/airflow/example_dags/example_python_operator.py took 0.084 seconds
[2024-12-21T06:36:54.359+0000] {processor.py:186} INFO - Started process (PID=346) to work on /home/airflow/.local/lib/python3.12/site-packages/airflow/example_dags/example_python_operator.py
[2024-12-21T06:36:54.361+0000] {processor.py:914} INFO - Processing file /home/airflow/.local/lib/python3.12/site-packages/airflow/example_dags/example_python_operator.py for tasks to queue
[2024-12-21T06:36:54.364+0000] {logging_mixin.py:190} INFO - [2024-12-21T06:36:54.364+0000] {dagbag.py:588} INFO - Filling up the DagBag from /home/airflow/.local/lib/python3.12/site-packages/airflow/example_dags/example_python_operator.py
[2024-12-21T06:36:54.382+0000] {processor.py:925} INFO - DAG(s) 'example_python_operator' retrieved from /home/airflow/.local/lib/python3.12/site-packages/airflow/example_dags/example_python_operator.py
[2024-12-21T06:36:54.412+0000] {logging_mixin.py:190} INFO - [2024-12-21T06:36:54.412+0000] {dag.py:3239} INFO - Sync 1 DAGs
[2024-12-21T06:36:54.433+0000] {logging_mixin.py:190} INFO - [2024-12-21T06:36:54.432+0000] {dag.py:4180} INFO - Setting next_dagrun for example_python_operator to None, run_after=None
[2024-12-21T06:36:54.463+0000] {processor.py:208} INFO - Processing /home/airflow/.local/lib/python3.12/site-packages/airflow/example_dags/example_python_operator.py took 0.113 seconds
[2024-12-21T06:37:25.310+0000] {processor.py:186} INFO - Started process (PID=411) to work on /home/airflow/.local/lib/python3.12/site-packages/airflow/example_dags/example_python_operator.py
[2024-12-21T06:37:25.311+0000] {processor.py:914} INFO - Processing file /home/airflow/.local/lib/python3.12/site-packages/airflow/example_dags/example_python_operator.py for tasks to queue
[2024-12-21T06:37:25.313+0000] {logging_mixin.py:190} INFO - [2024-12-21T06:37:25.313+0000] {dagbag.py:588} INFO - Filling up the DagBag from /home/airflow/.local/lib/python3.12/site-packages/airflow/example_dags/example_python_operator.py
[2024-12-21T06:37:25.326+0000] {processor.py:925} INFO - DAG(s) 'example_python_operator' retrieved from /home/airflow/.local/lib/python3.12/site-packages/airflow/example_dags/example_python_operator.py
[2024-12-21T06:37:25.349+0000] {logging_mixin.py:190} INFO - [2024-12-21T06:37:25.349+0000] {dag.py:3239} INFO - Sync 1 DAGs
[2024-12-21T06:37:25.364+0000] {logging_mixin.py:190} INFO - [2024-12-21T06:37:25.364+0000] {dag.py:4180} INFO - Setting next_dagrun for example_python_operator to None, run_after=None
[2024-12-21T06:37:25.389+0000] {processor.py:208} INFO - Processing /home/airflow/.local/lib/python3.12/site-packages/airflow/example_dags/example_python_operator.py took 0.084 seconds
[2024-12-21T06:37:56.067+0000] {processor.py:186} INFO - Started process (PID=475) to work on /home/airflow/.local/lib/python3.12/site-packages/airflow/example_dags/example_python_operator.py
[2024-12-21T06:37:56.068+0000] {processor.py:914} INFO - Processing file /home/airflow/.local/lib/python3.12/site-packages/airflow/example_dags/example_python_operator.py for tasks to queue
[2024-12-21T06:37:56.070+0000] {logging_mixin.py:190} INFO - [2024-12-21T06:37:56.070+0000] {dagbag.py:588} INFO - Filling up the DagBag from /home/airflow/.local/lib/python3.12/site-packages/airflow/example_dags/example_python_operator.py
[2024-12-21T06:37:56.083+0000] {processor.py:925} INFO - DAG(s) 'example_python_operator' retrieved from /home/airflow/.local/lib/python3.12/site-packages/airflow/example_dags/example_python_operator.py
[2024-12-21T06:37:56.106+0000] {logging_mixin.py:190} INFO - [2024-12-21T06:37:56.106+0000] {dag.py:3239} INFO - Sync 1 DAGs
[2024-12-21T06:37:56.121+0000] {logging_mixin.py:190} INFO - [2024-12-21T06:37:56.121+0000] {dag.py:4180} INFO - Setting next_dagrun for example_python_operator to None, run_after=None
[2024-12-21T06:37:56.140+0000] {processor.py:208} INFO - Processing /home/airflow/.local/lib/python3.12/site-packages/airflow/example_dags/example_python_operator.py took 0.078 seconds
[2024-12-21T06:38:27.416+0000] {processor.py:186} INFO - Started process (PID=540) to work on /home/airflow/.local/lib/python3.12/site-packages/airflow/example_dags/example_python_operator.py
[2024-12-21T06:38:27.417+0000] {processor.py:914} INFO - Processing file /home/airflow/.local/lib/python3.12/site-packages/airflow/example_dags/example_python_operator.py for tasks to queue
[2024-12-21T06:38:27.418+0000] {logging_mixin.py:190} INFO - [2024-12-21T06:38:27.418+0000] {dagbag.py:588} INFO - Filling up the DagBag from /home/airflow/.local/lib/python3.12/site-packages/airflow/example_dags/example_python_operator.py
[2024-12-21T06:38:27.428+0000] {processor.py:925} INFO - DAG(s) 'example_python_operator' retrieved from /home/airflow/.local/lib/python3.12/site-packages/airflow/example_dags/example_python_operator.py
[2024-12-21T06:38:27.448+0000] {logging_mixin.py:190} INFO - [2024-12-21T06:38:27.447+0000] {dag.py:3239} INFO - Sync 1 DAGs
[2024-12-21T06:38:27.461+0000] {logging_mixin.py:190} INFO - [2024-12-21T06:38:27.460+0000] {dag.py:4180} INFO - Setting next_dagrun for example_python_operator to None, run_after=None
[2024-12-21T06:38:27.475+0000] {processor.py:208} INFO - Processing /home/airflow/.local/lib/python3.12/site-packages/airflow/example_dags/example_python_operator.py took 0.064 seconds
[2024-12-21T06:38:58.154+0000] {processor.py:186} INFO - Started process (PID=605) to work on /home/airflow/.local/lib/python3.12/site-packages/airflow/example_dags/example_python_operator.py
[2024-12-21T06:38:58.155+0000] {processor.py:914} INFO - Processing file /home/airflow/.local/lib/python3.12/site-packages/airflow/example_dags/example_python_operator.py for tasks to queue
[2024-12-21T06:38:58.157+0000] {logging_mixin.py:190} INFO - [2024-12-21T06:38:58.156+0000] {dagbag.py:588} INFO - Filling up the DagBag from /home/airflow/.local/lib/python3.12/site-packages/airflow/example_dags/example_python_operator.py
[2024-12-21T06:38:58.168+0000] {processor.py:925} INFO - DAG(s) 'example_python_operator' retrieved from /home/airflow/.local/lib/python3.12/site-packages/airflow/example_dags/example_python_operator.py
[2024-12-21T06:38:58.187+0000] {logging_mixin.py:190} INFO - [2024-12-21T06:38:58.187+0000] {dag.py:3239} INFO - Sync 1 DAGs
[2024-12-21T06:38:58.201+0000] {logging_mixin.py:190} INFO - [2024-12-21T06:38:58.201+0000] {dag.py:4180} INFO - Setting next_dagrun for example_python_operator to None, run_after=None
[2024-12-21T06:38:58.217+0000] {processor.py:208} INFO - Processing /home/airflow/.local/lib/python3.12/site-packages/airflow/example_dags/example_python_operator.py took 0.068 seconds
[2024-12-21T06:39:29.030+0000] {processor.py:186} INFO - Started process (PID=670) to work on /home/airflow/.local/lib/python3.12/site-packages/airflow/example_dags/example_python_operator.py
[2024-12-21T06:39:29.030+0000] {processor.py:914} INFO - Processing file /home/airflow/.local/lib/python3.12/site-packages/airflow/example_dags/example_python_operator.py for tasks to queue
[2024-12-21T06:39:29.032+0000] {logging_mixin.py:190} INFO - [2024-12-21T06:39:29.032+0000] {dagbag.py:588} INFO - Filling up the DagBag from /home/airflow/.local/lib/python3.12/site-packages/airflow/example_dags/example_python_operator.py
[2024-12-21T06:39:29.041+0000] {processor.py:925} INFO - DAG(s) 'example_python_operator' retrieved from /home/airflow/.local/lib/python3.12/site-packages/airflow/example_dags/example_python_operator.py
[2024-12-21T06:39:29.059+0000] {logging_mixin.py:190} INFO - [2024-12-21T06:39:29.058+0000] {dag.py:3239} INFO - Sync 1 DAGs
[2024-12-21T06:39:29.070+0000] {logging_mixin.py:190} INFO - [2024-12-21T06:39:29.070+0000] {dag.py:4180} INFO - Setting next_dagrun for example_python_operator to None, run_after=None
[2024-12-21T06:39:29.086+0000] {processor.py:208} INFO - Processing /home/airflow/.local/lib/python3.12/site-packages/airflow/example_dags/example_python_operator.py took 0.061 seconds
[2024-12-21T06:39:59.859+0000] {processor.py:186} INFO - Started process (PID=735) to work on /home/airflow/.local/lib/python3.12/site-packages/airflow/example_dags/example_python_operator.py
[2024-12-21T06:39:59.860+0000] {processor.py:914} INFO - Processing file /home/airflow/.local/lib/python3.12/site-packages/airflow/example_dags/example_python_operator.py for tasks to queue
[2024-12-21T06:39:59.862+0000] {logging_mixin.py:190} INFO - [2024-12-21T06:39:59.862+0000] {dagbag.py:588} INFO - Filling up the DagBag from /home/airflow/.local/lib/python3.12/site-packages/airflow/example_dags/example_python_operator.py
[2024-12-21T06:39:59.877+0000] {processor.py:925} INFO - DAG(s) 'example_python_operator' retrieved from /home/airflow/.local/lib/python3.12/site-packages/airflow/example_dags/example_python_operator.py
[2024-12-21T06:39:59.898+0000] {logging_mixin.py:190} INFO - [2024-12-21T06:39:59.898+0000] {dag.py:3239} INFO - Sync 1 DAGs
[2024-12-21T06:39:59.913+0000] {logging_mixin.py:190} INFO - [2024-12-21T06:39:59.913+0000] {dag.py:4180} INFO - Setting next_dagrun for example_python_operator to None, run_after=None
[2024-12-21T06:39:59.929+0000] {processor.py:208} INFO - Processing /home/airflow/.local/lib/python3.12/site-packages/airflow/example_dags/example_python_operator.py took 0.076 seconds
[2024-12-21T06:40:30.983+0000] {processor.py:186} INFO - Started process (PID=800) to work on /home/airflow/.local/lib/python3.12/site-packages/airflow/example_dags/example_python_operator.py
[2024-12-21T06:40:30.984+0000] {processor.py:914} INFO - Processing file /home/airflow/.local/lib/python3.12/site-packages/airflow/example_dags/example_python_operator.py for tasks to queue
[2024-12-21T06:40:30.986+0000] {logging_mixin.py:190} INFO - [2024-12-21T06:40:30.986+0000] {dagbag.py:588} INFO - Filling up the DagBag from /home/airflow/.local/lib/python3.12/site-packages/airflow/example_dags/example_python_operator.py
[2024-12-21T06:40:30.997+0000] {processor.py:925} INFO - DAG(s) 'example_python_operator' retrieved from /home/airflow/.local/lib/python3.12/site-packages/airflow/example_dags/example_python_operator.py
[2024-12-21T06:40:31.017+0000] {logging_mixin.py:190} INFO - [2024-12-21T06:40:31.017+0000] {dag.py:3239} INFO - Sync 1 DAGs
[2024-12-21T06:40:31.029+0000] {logging_mixin.py:190} INFO - [2024-12-21T06:40:31.029+0000] {dag.py:4180} INFO - Setting next_dagrun for example_python_operator to None, run_after=None
[2024-12-21T06:40:31.044+0000] {processor.py:208} INFO - Processing /home/airflow/.local/lib/python3.12/site-packages/airflow/example_dags/example_python_operator.py took 0.069 seconds
[2024-12-21T06:41:01.739+0000] {processor.py:186} INFO - Started process (PID=865) to work on /home/airflow/.local/lib/python3.12/site-packages/airflow/example_dags/example_python_operator.py
[2024-12-21T06:41:01.740+0000] {processor.py:914} INFO - Processing file /home/airflow/.local/lib/python3.12/site-packages/airflow/example_dags/example_python_operator.py for tasks to queue
[2024-12-21T06:41:01.742+0000] {logging_mixin.py:190} INFO - [2024-12-21T06:41:01.742+0000] {dagbag.py:588} INFO - Filling up the DagBag from /home/airflow/.local/lib/python3.12/site-packages/airflow/example_dags/example_python_operator.py
[2024-12-21T06:41:01.754+0000] {processor.py:925} INFO - DAG(s) 'example_python_operator' retrieved from /home/airflow/.local/lib/python3.12/site-packages/airflow/example_dags/example_python_operator.py
[2024-12-21T06:41:01.775+0000] {logging_mixin.py:190} INFO - [2024-12-21T06:41:01.775+0000] {dag.py:3239} INFO - Sync 1 DAGs
[2024-12-21T06:41:01.789+0000] {logging_mixin.py:190} INFO - [2024-12-21T06:41:01.788+0000] {dag.py:4180} INFO - Setting next_dagrun for example_python_operator to None, run_after=None
[2024-12-21T06:41:01.806+0000] {processor.py:208} INFO - Processing /home/airflow/.local/lib/python3.12/site-packages/airflow/example_dags/example_python_operator.py took 0.072 seconds
[2024-12-21T06:41:32.486+0000] {processor.py:186} INFO - Started process (PID=930) to work on /home/airflow/.local/lib/python3.12/site-packages/airflow/example_dags/example_python_operator.py
[2024-12-21T06:41:32.487+0000] {processor.py:914} INFO - Processing file /home/airflow/.local/lib/python3.12/site-packages/airflow/example_dags/example_python_operator.py for tasks to queue
[2024-12-21T06:41:32.489+0000] {logging_mixin.py:190} INFO - [2024-12-21T06:41:32.488+0000] {dagbag.py:588} INFO - Filling up the DagBag from /home/airflow/.local/lib/python3.12/site-packages/airflow/example_dags/example_python_operator.py
[2024-12-21T06:41:32.499+0000] {processor.py:925} INFO - DAG(s) 'example_python_operator' retrieved from /home/airflow/.local/lib/python3.12/site-packages/airflow/example_dags/example_python_operator.py
[2024-12-21T06:41:32.517+0000] {logging_mixin.py:190} INFO - [2024-12-21T06:41:32.517+0000] {dag.py:3239} INFO - Sync 1 DAGs
[2024-12-21T06:41:32.529+0000] {logging_mixin.py:190} INFO - [2024-12-21T06:41:32.529+0000] {dag.py:4180} INFO - Setting next_dagrun for example_python_operator to None, run_after=None
[2024-12-21T06:41:32.542+0000] {processor.py:208} INFO - Processing /home/airflow/.local/lib/python3.12/site-packages/airflow/example_dags/example_python_operator.py took 0.060 seconds
[2024-12-21T06:42:03.777+0000] {processor.py:186} INFO - Started process (PID=995) to work on /home/airflow/.local/lib/python3.12/site-packages/airflow/example_dags/example_python_operator.py
[2024-12-21T06:42:03.777+0000] {processor.py:914} INFO - Processing file /home/airflow/.local/lib/python3.12/site-packages/airflow/example_dags/example_python_operator.py for tasks to queue
[2024-12-21T06:42:03.780+0000] {logging_mixin.py:190} INFO - [2024-12-21T06:42:03.779+0000] {dagbag.py:588} INFO - Filling up the DagBag from /home/airflow/.local/lib/python3.12/site-packages/airflow/example_dags/example_python_operator.py
[2024-12-21T06:42:03.793+0000] {processor.py:925} INFO - DAG(s) 'example_python_operator' retrieved from /home/airflow/.local/lib/python3.12/site-packages/airflow/example_dags/example_python_operator.py
[2024-12-21T06:42:03.814+0000] {logging_mixin.py:190} INFO - [2024-12-21T06:42:03.814+0000] {dag.py:3239} INFO - Sync 1 DAGs
[2024-12-21T06:42:03.827+0000] {logging_mixin.py:190} INFO - [2024-12-21T06:42:03.826+0000] {dag.py:4180} INFO - Setting next_dagrun for example_python_operator to None, run_after=None
[2024-12-21T06:42:03.842+0000] {processor.py:208} INFO - Processing /home/airflow/.local/lib/python3.12/site-packages/airflow/example_dags/example_python_operator.py took 0.071 seconds
[2024-12-21T06:42:34.676+0000] {processor.py:186} INFO - Started process (PID=1060) to work on /home/airflow/.local/lib/python3.12/site-packages/airflow/example_dags/example_python_operator.py
[2024-12-21T06:42:34.677+0000] {processor.py:914} INFO - Processing file /home/airflow/.local/lib/python3.12/site-packages/airflow/example_dags/example_python_operator.py for tasks to queue
[2024-12-21T06:42:34.679+0000] {logging_mixin.py:190} INFO - [2024-12-21T06:42:34.679+0000] {dagbag.py:588} INFO - Filling up the DagBag from /home/airflow/.local/lib/python3.12/site-packages/airflow/example_dags/example_python_operator.py
[2024-12-21T06:42:34.695+0000] {processor.py:925} INFO - DAG(s) 'example_python_operator' retrieved from /home/airflow/.local/lib/python3.12/site-packages/airflow/example_dags/example_python_operator.py
[2024-12-21T06:42:34.721+0000] {logging_mixin.py:190} INFO - [2024-12-21T06:42:34.720+0000] {dag.py:3239} INFO - Sync 1 DAGs
[2024-12-21T06:42:34.736+0000] {logging_mixin.py:190} INFO - [2024-12-21T06:42:34.736+0000] {dag.py:4180} INFO - Setting next_dagrun for example_python_operator to None, run_after=None
[2024-12-21T06:42:34.756+0000] {processor.py:208} INFO - Processing /home/airflow/.local/lib/python3.12/site-packages/airflow/example_dags/example_python_operator.py took 0.087 seconds
[2024-12-21T06:43:05.948+0000] {processor.py:186} INFO - Started process (PID=1125) to work on /home/airflow/.local/lib/python3.12/site-packages/airflow/example_dags/example_python_operator.py
[2024-12-21T06:43:05.949+0000] {processor.py:914} INFO - Processing file /home/airflow/.local/lib/python3.12/site-packages/airflow/example_dags/example_python_operator.py for tasks to queue
[2024-12-21T06:43:05.951+0000] {logging_mixin.py:190} INFO - [2024-12-21T06:43:05.951+0000] {dagbag.py:588} INFO - Filling up the DagBag from /home/airflow/.local/lib/python3.12/site-packages/airflow/example_dags/example_python_operator.py
[2024-12-21T06:43:05.964+0000] {processor.py:925} INFO - DAG(s) 'example_python_operator' retrieved from /home/airflow/.local/lib/python3.12/site-packages/airflow/example_dags/example_python_operator.py
[2024-12-21T06:43:05.987+0000] {logging_mixin.py:190} INFO - [2024-12-21T06:43:05.987+0000] {dag.py:3239} INFO - Sync 1 DAGs
[2024-12-21T06:43:06.002+0000] {logging_mixin.py:190} INFO - [2024-12-21T06:43:06.002+0000] {dag.py:4180} INFO - Setting next_dagrun for example_python_operator to None, run_after=None
[2024-12-21T06:43:06.019+0000] {processor.py:208} INFO - Processing /home/airflow/.local/lib/python3.12/site-packages/airflow/example_dags/example_python_operator.py took 0.079 seconds
[2024-12-21T06:43:36.654+0000] {processor.py:186} INFO - Started process (PID=1190) to work on /home/airflow/.local/lib/python3.12/site-packages/airflow/example_dags/example_python_operator.py
[2024-12-21T06:43:36.654+0000] {processor.py:914} INFO - Processing file /home/airflow/.local/lib/python3.12/site-packages/airflow/example_dags/example_python_operator.py for tasks to queue
[2024-12-21T06:43:36.656+0000] {logging_mixin.py:190} INFO - [2024-12-21T06:43:36.656+0000] {dagbag.py:588} INFO - Filling up the DagBag from /home/airflow/.local/lib/python3.12/site-packages/airflow/example_dags/example_python_operator.py
[2024-12-21T06:43:36.668+0000] {processor.py:925} INFO - DAG(s) 'example_python_operator' retrieved from /home/airflow/.local/lib/python3.12/site-packages/airflow/example_dags/example_python_operator.py
[2024-12-21T06:43:36.688+0000] {logging_mixin.py:190} INFO - [2024-12-21T06:43:36.688+0000] {dag.py:3239} INFO - Sync 1 DAGs
[2024-12-21T06:43:36.701+0000] {logging_mixin.py:190} INFO - [2024-12-21T06:43:36.701+0000] {dag.py:4180} INFO - Setting next_dagrun for example_python_operator to None, run_after=None
[2024-12-21T06:43:36.717+0000] {processor.py:208} INFO - Processing /home/airflow/.local/lib/python3.12/site-packages/airflow/example_dags/example_python_operator.py took 0.069 seconds
[2024-12-21T06:44:07.266+0000] {processor.py:186} INFO - Started process (PID=1254) to work on /home/airflow/.local/lib/python3.12/site-packages/airflow/example_dags/example_python_operator.py
[2024-12-21T06:44:07.267+0000] {processor.py:914} INFO - Processing file /home/airflow/.local/lib/python3.12/site-packages/airflow/example_dags/example_python_operator.py for tasks to queue
[2024-12-21T06:44:07.269+0000] {logging_mixin.py:190} INFO - [2024-12-21T06:44:07.269+0000] {dagbag.py:588} INFO - Filling up the DagBag from /home/airflow/.local/lib/python3.12/site-packages/airflow/example_dags/example_python_operator.py
[2024-12-21T06:44:07.280+0000] {processor.py:925} INFO - DAG(s) 'example_python_operator' retrieved from /home/airflow/.local/lib/python3.12/site-packages/airflow/example_dags/example_python_operator.py
[2024-12-21T06:44:07.299+0000] {logging_mixin.py:190} INFO - [2024-12-21T06:44:07.299+0000] {dag.py:3239} INFO - Sync 1 DAGs
[2024-12-21T06:44:07.312+0000] {logging_mixin.py:190} INFO - [2024-12-21T06:44:07.312+0000] {dag.py:4180} INFO - Setting next_dagrun for example_python_operator to None, run_after=None
[2024-12-21T06:44:07.328+0000] {processor.py:208} INFO - Processing /home/airflow/.local/lib/python3.12/site-packages/airflow/example_dags/example_python_operator.py took 0.066 seconds
[2024-12-21T06:45:44.363+0000] {processor.py:186} INFO - Started process (PID=94) to work on /home/airflow/.local/lib/python3.12/site-packages/airflow/example_dags/example_python_operator.py
[2024-12-21T06:45:44.364+0000] {processor.py:914} INFO - Processing file /home/airflow/.local/lib/python3.12/site-packages/airflow/example_dags/example_python_operator.py for tasks to queue
[2024-12-21T06:45:44.366+0000] {logging_mixin.py:190} INFO - [2024-12-21T06:45:44.365+0000] {dagbag.py:588} INFO - Filling up the DagBag from /home/airflow/.local/lib/python3.12/site-packages/airflow/example_dags/example_python_operator.py
[2024-12-21T06:45:44.381+0000] {processor.py:925} INFO - DAG(s) 'example_python_operator' retrieved from /home/airflow/.local/lib/python3.12/site-packages/airflow/example_dags/example_python_operator.py
[2024-12-21T06:45:44.516+0000] {logging_mixin.py:190} INFO - [2024-12-21T06:45:44.516+0000] {dag.py:3239} INFO - Sync 1 DAGs
[2024-12-21T06:45:44.531+0000] {logging_mixin.py:190} INFO - [2024-12-21T06:45:44.530+0000] {dag.py:4180} INFO - Setting next_dagrun for example_python_operator to None, run_after=None
[2024-12-21T06:45:44.549+0000] {processor.py:208} INFO - Processing /home/airflow/.local/lib/python3.12/site-packages/airflow/example_dags/example_python_operator.py took 0.193 seconds
[2024-12-21T06:46:14.934+0000] {processor.py:186} INFO - Started process (PID=158) to work on /home/airflow/.local/lib/python3.12/site-packages/airflow/example_dags/example_python_operator.py
[2024-12-21T06:46:14.935+0000] {processor.py:914} INFO - Processing file /home/airflow/.local/lib/python3.12/site-packages/airflow/example_dags/example_python_operator.py for tasks to queue
[2024-12-21T06:46:14.937+0000] {logging_mixin.py:190} INFO - [2024-12-21T06:46:14.936+0000] {dagbag.py:588} INFO - Filling up the DagBag from /home/airflow/.local/lib/python3.12/site-packages/airflow/example_dags/example_python_operator.py
[2024-12-21T06:46:14.948+0000] {processor.py:925} INFO - DAG(s) 'example_python_operator' retrieved from /home/airflow/.local/lib/python3.12/site-packages/airflow/example_dags/example_python_operator.py
[2024-12-21T06:46:14.966+0000] {logging_mixin.py:190} INFO - [2024-12-21T06:46:14.966+0000] {dag.py:3239} INFO - Sync 1 DAGs
[2024-12-21T06:46:14.979+0000] {logging_mixin.py:190} INFO - [2024-12-21T06:46:14.978+0000] {dag.py:4180} INFO - Setting next_dagrun for example_python_operator to None, run_after=None
[2024-12-21T06:46:14.994+0000] {processor.py:208} INFO - Processing /home/airflow/.local/lib/python3.12/site-packages/airflow/example_dags/example_python_operator.py took 0.064 seconds
[2024-12-21T06:46:45.731+0000] {processor.py:186} INFO - Started process (PID=223) to work on /home/airflow/.local/lib/python3.12/site-packages/airflow/example_dags/example_python_operator.py
[2024-12-21T06:46:45.732+0000] {processor.py:914} INFO - Processing file /home/airflow/.local/lib/python3.12/site-packages/airflow/example_dags/example_python_operator.py for tasks to queue
[2024-12-21T06:46:45.734+0000] {logging_mixin.py:190} INFO - [2024-12-21T06:46:45.734+0000] {dagbag.py:588} INFO - Filling up the DagBag from /home/airflow/.local/lib/python3.12/site-packages/airflow/example_dags/example_python_operator.py
[2024-12-21T06:46:45.749+0000] {processor.py:925} INFO - DAG(s) 'example_python_operator' retrieved from /home/airflow/.local/lib/python3.12/site-packages/airflow/example_dags/example_python_operator.py
[2024-12-21T06:46:45.772+0000] {logging_mixin.py:190} INFO - [2024-12-21T06:46:45.772+0000] {dag.py:3239} INFO - Sync 1 DAGs
[2024-12-21T06:46:45.787+0000] {logging_mixin.py:190} INFO - [2024-12-21T06:46:45.787+0000] {dag.py:4180} INFO - Setting next_dagrun for example_python_operator to None, run_after=None
[2024-12-21T06:46:45.806+0000] {processor.py:208} INFO - Processing /home/airflow/.local/lib/python3.12/site-packages/airflow/example_dags/example_python_operator.py took 0.081 seconds
[2024-12-21T06:47:16.913+0000] {processor.py:186} INFO - Started process (PID=288) to work on /home/airflow/.local/lib/python3.12/site-packages/airflow/example_dags/example_python_operator.py
[2024-12-21T06:47:16.914+0000] {processor.py:914} INFO - Processing file /home/airflow/.local/lib/python3.12/site-packages/airflow/example_dags/example_python_operator.py for tasks to queue
[2024-12-21T06:47:16.916+0000] {logging_mixin.py:190} INFO - [2024-12-21T06:47:16.915+0000] {dagbag.py:588} INFO - Filling up the DagBag from /home/airflow/.local/lib/python3.12/site-packages/airflow/example_dags/example_python_operator.py
[2024-12-21T06:47:16.928+0000] {processor.py:925} INFO - DAG(s) 'example_python_operator' retrieved from /home/airflow/.local/lib/python3.12/site-packages/airflow/example_dags/example_python_operator.py
[2024-12-21T06:47:16.950+0000] {logging_mixin.py:190} INFO - [2024-12-21T06:47:16.950+0000] {dag.py:3239} INFO - Sync 1 DAGs
[2024-12-21T06:47:16.965+0000] {logging_mixin.py:190} INFO - [2024-12-21T06:47:16.965+0000] {dag.py:4180} INFO - Setting next_dagrun for example_python_operator to None, run_after=None
[2024-12-21T06:47:16.989+0000] {processor.py:208} INFO - Processing /home/airflow/.local/lib/python3.12/site-packages/airflow/example_dags/example_python_operator.py took 0.083 seconds
[2024-12-21T06:47:47.714+0000] {processor.py:186} INFO - Started process (PID=353) to work on /home/airflow/.local/lib/python3.12/site-packages/airflow/example_dags/example_python_operator.py
[2024-12-21T06:47:47.715+0000] {processor.py:914} INFO - Processing file /home/airflow/.local/lib/python3.12/site-packages/airflow/example_dags/example_python_operator.py for tasks to queue
[2024-12-21T06:47:47.719+0000] {logging_mixin.py:190} INFO - [2024-12-21T06:47:47.719+0000] {dagbag.py:588} INFO - Filling up the DagBag from /home/airflow/.local/lib/python3.12/site-packages/airflow/example_dags/example_python_operator.py
[2024-12-21T06:47:47.741+0000] {processor.py:925} INFO - DAG(s) 'example_python_operator' retrieved from /home/airflow/.local/lib/python3.12/site-packages/airflow/example_dags/example_python_operator.py
[2024-12-21T06:47:47.783+0000] {logging_mixin.py:190} INFO - [2024-12-21T06:47:47.782+0000] {dag.py:3239} INFO - Sync 1 DAGs
[2024-12-21T06:47:47.811+0000] {logging_mixin.py:190} INFO - [2024-12-21T06:47:47.811+0000] {dag.py:4180} INFO - Setting next_dagrun for example_python_operator to None, run_after=None
[2024-12-21T06:47:47.842+0000] {processor.py:208} INFO - Processing /home/airflow/.local/lib/python3.12/site-packages/airflow/example_dags/example_python_operator.py took 0.137 seconds
[2024-12-21T06:48:18.782+0000] {processor.py:186} INFO - Started process (PID=418) to work on /home/airflow/.local/lib/python3.12/site-packages/airflow/example_dags/example_python_operator.py
[2024-12-21T06:48:18.782+0000] {processor.py:914} INFO - Processing file /home/airflow/.local/lib/python3.12/site-packages/airflow/example_dags/example_python_operator.py for tasks to queue
[2024-12-21T06:48:18.784+0000] {logging_mixin.py:190} INFO - [2024-12-21T06:48:18.784+0000] {dagbag.py:588} INFO - Filling up the DagBag from /home/airflow/.local/lib/python3.12/site-packages/airflow/example_dags/example_python_operator.py
[2024-12-21T06:48:18.795+0000] {processor.py:925} INFO - DAG(s) 'example_python_operator' retrieved from /home/airflow/.local/lib/python3.12/site-packages/airflow/example_dags/example_python_operator.py
[2024-12-21T06:48:18.813+0000] {logging_mixin.py:190} INFO - [2024-12-21T06:48:18.813+0000] {dag.py:3239} INFO - Sync 1 DAGs
[2024-12-21T06:48:18.825+0000] {logging_mixin.py:190} INFO - [2024-12-21T06:48:18.825+0000] {dag.py:4180} INFO - Setting next_dagrun for example_python_operator to None, run_after=None
[2024-12-21T06:48:18.840+0000] {processor.py:208} INFO - Processing /home/airflow/.local/lib/python3.12/site-packages/airflow/example_dags/example_python_operator.py took 0.063 seconds
[2024-12-21T06:48:49.678+0000] {processor.py:186} INFO - Started process (PID=483) to work on /home/airflow/.local/lib/python3.12/site-packages/airflow/example_dags/example_python_operator.py
[2024-12-21T06:48:49.679+0000] {processor.py:914} INFO - Processing file /home/airflow/.local/lib/python3.12/site-packages/airflow/example_dags/example_python_operator.py for tasks to queue
[2024-12-21T06:48:49.681+0000] {logging_mixin.py:190} INFO - [2024-12-21T06:48:49.681+0000] {dagbag.py:588} INFO - Filling up the DagBag from /home/airflow/.local/lib/python3.12/site-packages/airflow/example_dags/example_python_operator.py
[2024-12-21T06:48:49.694+0000] {processor.py:925} INFO - DAG(s) 'example_python_operator' retrieved from /home/airflow/.local/lib/python3.12/site-packages/airflow/example_dags/example_python_operator.py
[2024-12-21T06:48:49.716+0000] {logging_mixin.py:190} INFO - [2024-12-21T06:48:49.716+0000] {dag.py:3239} INFO - Sync 1 DAGs
[2024-12-21T06:48:49.734+0000] {logging_mixin.py:190} INFO - [2024-12-21T06:48:49.733+0000] {dag.py:4180} INFO - Setting next_dagrun for example_python_operator to None, run_after=None
[2024-12-21T06:48:49.752+0000] {processor.py:208} INFO - Processing /home/airflow/.local/lib/python3.12/site-packages/airflow/example_dags/example_python_operator.py took 0.080 seconds
[2024-12-21T06:49:21.102+0000] {processor.py:186} INFO - Started process (PID=548) to work on /home/airflow/.local/lib/python3.12/site-packages/airflow/example_dags/example_python_operator.py
[2024-12-21T06:49:21.103+0000] {processor.py:914} INFO - Processing file /home/airflow/.local/lib/python3.12/site-packages/airflow/example_dags/example_python_operator.py for tasks to queue
[2024-12-21T06:49:21.104+0000] {logging_mixin.py:190} INFO - [2024-12-21T06:49:21.104+0000] {dagbag.py:588} INFO - Filling up the DagBag from /home/airflow/.local/lib/python3.12/site-packages/airflow/example_dags/example_python_operator.py
[2024-12-21T06:49:21.114+0000] {processor.py:925} INFO - DAG(s) 'example_python_operator' retrieved from /home/airflow/.local/lib/python3.12/site-packages/airflow/example_dags/example_python_operator.py
[2024-12-21T06:49:21.131+0000] {logging_mixin.py:190} INFO - [2024-12-21T06:49:21.131+0000] {dag.py:3239} INFO - Sync 1 DAGs
[2024-12-21T06:49:21.142+0000] {logging_mixin.py:190} INFO - [2024-12-21T06:49:21.142+0000] {dag.py:4180} INFO - Setting next_dagrun for example_python_operator to None, run_after=None
[2024-12-21T06:49:21.155+0000] {processor.py:208} INFO - Processing /home/airflow/.local/lib/python3.12/site-packages/airflow/example_dags/example_python_operator.py took 0.058 seconds
[2024-12-21T06:49:52.028+0000] {processor.py:186} INFO - Started process (PID=613) to work on /home/airflow/.local/lib/python3.12/site-packages/airflow/example_dags/example_python_operator.py
[2024-12-21T06:49:52.029+0000] {processor.py:914} INFO - Processing file /home/airflow/.local/lib/python3.12/site-packages/airflow/example_dags/example_python_operator.py for tasks to queue
[2024-12-21T06:49:52.030+0000] {logging_mixin.py:190} INFO - [2024-12-21T06:49:52.030+0000] {dagbag.py:588} INFO - Filling up the DagBag from /home/airflow/.local/lib/python3.12/site-packages/airflow/example_dags/example_python_operator.py
[2024-12-21T06:49:52.041+0000] {processor.py:925} INFO - DAG(s) 'example_python_operator' retrieved from /home/airflow/.local/lib/python3.12/site-packages/airflow/example_dags/example_python_operator.py
[2024-12-21T06:49:52.059+0000] {logging_mixin.py:190} INFO - [2024-12-21T06:49:52.059+0000] {dag.py:3239} INFO - Sync 1 DAGs
[2024-12-21T06:49:52.072+0000] {logging_mixin.py:190} INFO - [2024-12-21T06:49:52.072+0000] {dag.py:4180} INFO - Setting next_dagrun for example_python_operator to None, run_after=None
[2024-12-21T06:49:52.087+0000] {processor.py:208} INFO - Processing /home/airflow/.local/lib/python3.12/site-packages/airflow/example_dags/example_python_operator.py took 0.063 seconds
[2024-12-21T06:50:22.794+0000] {processor.py:186} INFO - Started process (PID=678) to work on /home/airflow/.local/lib/python3.12/site-packages/airflow/example_dags/example_python_operator.py
[2024-12-21T06:50:22.795+0000] {processor.py:914} INFO - Processing file /home/airflow/.local/lib/python3.12/site-packages/airflow/example_dags/example_python_operator.py for tasks to queue
[2024-12-21T06:50:22.797+0000] {logging_mixin.py:190} INFO - [2024-12-21T06:50:22.797+0000] {dagbag.py:588} INFO - Filling up the DagBag from /home/airflow/.local/lib/python3.12/site-packages/airflow/example_dags/example_python_operator.py
[2024-12-21T06:50:22.809+0000] {processor.py:925} INFO - DAG(s) 'example_python_operator' retrieved from /home/airflow/.local/lib/python3.12/site-packages/airflow/example_dags/example_python_operator.py
[2024-12-21T06:50:22.830+0000] {logging_mixin.py:190} INFO - [2024-12-21T06:50:22.830+0000] {dag.py:3239} INFO - Sync 1 DAGs
[2024-12-21T06:50:22.847+0000] {logging_mixin.py:190} INFO - [2024-12-21T06:50:22.847+0000] {dag.py:4180} INFO - Setting next_dagrun for example_python_operator to None, run_after=None
[2024-12-21T06:50:22.868+0000] {processor.py:208} INFO - Processing /home/airflow/.local/lib/python3.12/site-packages/airflow/example_dags/example_python_operator.py took 0.079 seconds
[2024-12-21T06:50:54.080+0000] {processor.py:186} INFO - Started process (PID=743) to work on /home/airflow/.local/lib/python3.12/site-packages/airflow/example_dags/example_python_operator.py
[2024-12-21T06:50:54.080+0000] {processor.py:914} INFO - Processing file /home/airflow/.local/lib/python3.12/site-packages/airflow/example_dags/example_python_operator.py for tasks to queue
[2024-12-21T06:50:54.082+0000] {logging_mixin.py:190} INFO - [2024-12-21T06:50:54.082+0000] {dagbag.py:588} INFO - Filling up the DagBag from /home/airflow/.local/lib/python3.12/site-packages/airflow/example_dags/example_python_operator.py
[2024-12-21T06:50:54.094+0000] {processor.py:925} INFO - DAG(s) 'example_python_operator' retrieved from /home/airflow/.local/lib/python3.12/site-packages/airflow/example_dags/example_python_operator.py
[2024-12-21T06:50:54.113+0000] {logging_mixin.py:190} INFO - [2024-12-21T06:50:54.113+0000] {dag.py:3239} INFO - Sync 1 DAGs
[2024-12-21T06:50:54.127+0000] {logging_mixin.py:190} INFO - [2024-12-21T06:50:54.126+0000] {dag.py:4180} INFO - Setting next_dagrun for example_python_operator to None, run_after=None
[2024-12-21T06:50:54.143+0000] {processor.py:208} INFO - Processing /home/airflow/.local/lib/python3.12/site-packages/airflow/example_dags/example_python_operator.py took 0.068 seconds
[2024-12-21T06:51:25.183+0000] {processor.py:186} INFO - Started process (PID=808) to work on /home/airflow/.local/lib/python3.12/site-packages/airflow/example_dags/example_python_operator.py
[2024-12-21T06:51:25.184+0000] {processor.py:914} INFO - Processing file /home/airflow/.local/lib/python3.12/site-packages/airflow/example_dags/example_python_operator.py for tasks to queue
[2024-12-21T06:51:25.186+0000] {logging_mixin.py:190} INFO - [2024-12-21T06:51:25.185+0000] {dagbag.py:588} INFO - Filling up the DagBag from /home/airflow/.local/lib/python3.12/site-packages/airflow/example_dags/example_python_operator.py
[2024-12-21T06:51:25.197+0000] {processor.py:925} INFO - DAG(s) 'example_python_operator' retrieved from /home/airflow/.local/lib/python3.12/site-packages/airflow/example_dags/example_python_operator.py
[2024-12-21T06:51:25.215+0000] {logging_mixin.py:190} INFO - [2024-12-21T06:51:25.215+0000] {dag.py:3239} INFO - Sync 1 DAGs
[2024-12-21T06:51:25.229+0000] {logging_mixin.py:190} INFO - [2024-12-21T06:51:25.229+0000] {dag.py:4180} INFO - Setting next_dagrun for example_python_operator to None, run_after=None
[2024-12-21T06:51:25.243+0000] {processor.py:208} INFO - Processing /home/airflow/.local/lib/python3.12/site-packages/airflow/example_dags/example_python_operator.py took 0.065 seconds
[2024-12-21T06:51:55.760+0000] {processor.py:186} INFO - Started process (PID=873) to work on /home/airflow/.local/lib/python3.12/site-packages/airflow/example_dags/example_python_operator.py
[2024-12-21T06:51:55.760+0000] {processor.py:914} INFO - Processing file /home/airflow/.local/lib/python3.12/site-packages/airflow/example_dags/example_python_operator.py for tasks to queue
[2024-12-21T06:51:55.762+0000] {logging_mixin.py:190} INFO - [2024-12-21T06:51:55.762+0000] {dagbag.py:588} INFO - Filling up the DagBag from /home/airflow/.local/lib/python3.12/site-packages/airflow/example_dags/example_python_operator.py
[2024-12-21T06:51:55.773+0000] {processor.py:925} INFO - DAG(s) 'example_python_operator' retrieved from /home/airflow/.local/lib/python3.12/site-packages/airflow/example_dags/example_python_operator.py
[2024-12-21T06:51:55.792+0000] {logging_mixin.py:190} INFO - [2024-12-21T06:51:55.792+0000] {dag.py:3239} INFO - Sync 1 DAGs
[2024-12-21T06:51:55.806+0000] {logging_mixin.py:190} INFO - [2024-12-21T06:51:55.806+0000] {dag.py:4180} INFO - Setting next_dagrun for example_python_operator to None, run_after=None
[2024-12-21T06:51:55.821+0000] {processor.py:208} INFO - Processing /home/airflow/.local/lib/python3.12/site-packages/airflow/example_dags/example_python_operator.py took 0.066 seconds
[2024-12-21T06:52:27.103+0000] {processor.py:186} INFO - Started process (PID=938) to work on /home/airflow/.local/lib/python3.12/site-packages/airflow/example_dags/example_python_operator.py
[2024-12-21T06:52:27.104+0000] {processor.py:914} INFO - Processing file /home/airflow/.local/lib/python3.12/site-packages/airflow/example_dags/example_python_operator.py for tasks to queue
[2024-12-21T06:52:27.106+0000] {logging_mixin.py:190} INFO - [2024-12-21T06:52:27.106+0000] {dagbag.py:588} INFO - Filling up the DagBag from /home/airflow/.local/lib/python3.12/site-packages/airflow/example_dags/example_python_operator.py
[2024-12-21T06:52:27.119+0000] {processor.py:925} INFO - DAG(s) 'example_python_operator' retrieved from /home/airflow/.local/lib/python3.12/site-packages/airflow/example_dags/example_python_operator.py
[2024-12-21T06:52:27.139+0000] {logging_mixin.py:190} INFO - [2024-12-21T06:52:27.139+0000] {dag.py:3239} INFO - Sync 1 DAGs
[2024-12-21T06:52:27.153+0000] {logging_mixin.py:190} INFO - [2024-12-21T06:52:27.153+0000] {dag.py:4180} INFO - Setting next_dagrun for example_python_operator to None, run_after=None
[2024-12-21T06:52:27.170+0000] {processor.py:208} INFO - Processing /home/airflow/.local/lib/python3.12/site-packages/airflow/example_dags/example_python_operator.py took 0.072 seconds
[2024-12-21T06:52:58.498+0000] {processor.py:186} INFO - Started process (PID=1003) to work on /home/airflow/.local/lib/python3.12/site-packages/airflow/example_dags/example_python_operator.py
[2024-12-21T06:52:58.499+0000] {processor.py:914} INFO - Processing file /home/airflow/.local/lib/python3.12/site-packages/airflow/example_dags/example_python_operator.py for tasks to queue
[2024-12-21T06:52:58.500+0000] {logging_mixin.py:190} INFO - [2024-12-21T06:52:58.500+0000] {dagbag.py:588} INFO - Filling up the DagBag from /home/airflow/.local/lib/python3.12/site-packages/airflow/example_dags/example_python_operator.py
[2024-12-21T06:52:58.510+0000] {processor.py:925} INFO - DAG(s) 'example_python_operator' retrieved from /home/airflow/.local/lib/python3.12/site-packages/airflow/example_dags/example_python_operator.py
[2024-12-21T06:52:58.531+0000] {logging_mixin.py:190} INFO - [2024-12-21T06:52:58.531+0000] {dag.py:3239} INFO - Sync 1 DAGs
[2024-12-21T06:52:58.545+0000] {logging_mixin.py:190} INFO - [2024-12-21T06:52:58.545+0000] {dag.py:4180} INFO - Setting next_dagrun for example_python_operator to None, run_after=None
[2024-12-21T06:52:58.562+0000] {processor.py:208} INFO - Processing /home/airflow/.local/lib/python3.12/site-packages/airflow/example_dags/example_python_operator.py took 0.068 seconds
[2024-12-21T06:53:29.845+0000] {processor.py:186} INFO - Started process (PID=1068) to work on /home/airflow/.local/lib/python3.12/site-packages/airflow/example_dags/example_python_operator.py
[2024-12-21T06:53:29.846+0000] {processor.py:914} INFO - Processing file /home/airflow/.local/lib/python3.12/site-packages/airflow/example_dags/example_python_operator.py for tasks to queue
[2024-12-21T06:53:29.847+0000] {logging_mixin.py:190} INFO - [2024-12-21T06:53:29.847+0000] {dagbag.py:588} INFO - Filling up the DagBag from /home/airflow/.local/lib/python3.12/site-packages/airflow/example_dags/example_python_operator.py
[2024-12-21T06:53:29.858+0000] {processor.py:925} INFO - DAG(s) 'example_python_operator' retrieved from /home/airflow/.local/lib/python3.12/site-packages/airflow/example_dags/example_python_operator.py
[2024-12-21T06:53:29.877+0000] {logging_mixin.py:190} INFO - [2024-12-21T06:53:29.877+0000] {dag.py:3239} INFO - Sync 1 DAGs
[2024-12-21T06:53:29.890+0000] {logging_mixin.py:190} INFO - [2024-12-21T06:53:29.890+0000] {dag.py:4180} INFO - Setting next_dagrun for example_python_operator to None, run_after=None
[2024-12-21T06:53:29.904+0000] {processor.py:208} INFO - Processing /home/airflow/.local/lib/python3.12/site-packages/airflow/example_dags/example_python_operator.py took 0.064 seconds
[2024-12-21T06:54:00.685+0000] {processor.py:186} INFO - Started process (PID=1133) to work on /home/airflow/.local/lib/python3.12/site-packages/airflow/example_dags/example_python_operator.py
[2024-12-21T06:54:00.686+0000] {processor.py:914} INFO - Processing file /home/airflow/.local/lib/python3.12/site-packages/airflow/example_dags/example_python_operator.py for tasks to queue
[2024-12-21T06:54:00.687+0000] {logging_mixin.py:190} INFO - [2024-12-21T06:54:00.687+0000] {dagbag.py:588} INFO - Filling up the DagBag from /home/airflow/.local/lib/python3.12/site-packages/airflow/example_dags/example_python_operator.py
[2024-12-21T06:54:00.697+0000] {processor.py:925} INFO - DAG(s) 'example_python_operator' retrieved from /home/airflow/.local/lib/python3.12/site-packages/airflow/example_dags/example_python_operator.py
[2024-12-21T06:54:00.716+0000] {logging_mixin.py:190} INFO - [2024-12-21T06:54:00.716+0000] {dag.py:3239} INFO - Sync 1 DAGs
[2024-12-21T06:54:00.729+0000] {logging_mixin.py:190} INFO - [2024-12-21T06:54:00.728+0000] {dag.py:4180} INFO - Setting next_dagrun for example_python_operator to None, run_after=None
[2024-12-21T06:54:00.744+0000] {processor.py:208} INFO - Processing /home/airflow/.local/lib/python3.12/site-packages/airflow/example_dags/example_python_operator.py took 0.064 seconds
[2024-12-21T06:54:31.416+0000] {processor.py:186} INFO - Started process (PID=1198) to work on /home/airflow/.local/lib/python3.12/site-packages/airflow/example_dags/example_python_operator.py
[2024-12-21T06:54:31.418+0000] {processor.py:914} INFO - Processing file /home/airflow/.local/lib/python3.12/site-packages/airflow/example_dags/example_python_operator.py for tasks to queue
[2024-12-21T06:54:31.420+0000] {logging_mixin.py:190} INFO - [2024-12-21T06:54:31.420+0000] {dagbag.py:588} INFO - Filling up the DagBag from /home/airflow/.local/lib/python3.12/site-packages/airflow/example_dags/example_python_operator.py
[2024-12-21T06:54:31.433+0000] {processor.py:925} INFO - DAG(s) 'example_python_operator' retrieved from /home/airflow/.local/lib/python3.12/site-packages/airflow/example_dags/example_python_operator.py
[2024-12-21T06:54:31.455+0000] {logging_mixin.py:190} INFO - [2024-12-21T06:54:31.455+0000] {dag.py:3239} INFO - Sync 1 DAGs
[2024-12-21T06:54:31.470+0000] {logging_mixin.py:190} INFO - [2024-12-21T06:54:31.470+0000] {dag.py:4180} INFO - Setting next_dagrun for example_python_operator to None, run_after=None
[2024-12-21T06:54:31.496+0000] {processor.py:208} INFO - Processing /home/airflow/.local/lib/python3.12/site-packages/airflow/example_dags/example_python_operator.py took 0.085 seconds
[2024-12-21T06:55:02.983+0000] {processor.py:186} INFO - Started process (PID=1263) to work on /home/airflow/.local/lib/python3.12/site-packages/airflow/example_dags/example_python_operator.py
[2024-12-21T06:55:02.984+0000] {processor.py:914} INFO - Processing file /home/airflow/.local/lib/python3.12/site-packages/airflow/example_dags/example_python_operator.py for tasks to queue
[2024-12-21T06:55:02.986+0000] {logging_mixin.py:190} INFO - [2024-12-21T06:55:02.986+0000] {dagbag.py:588} INFO - Filling up the DagBag from /home/airflow/.local/lib/python3.12/site-packages/airflow/example_dags/example_python_operator.py
[2024-12-21T06:55:02.998+0000] {processor.py:925} INFO - DAG(s) 'example_python_operator' retrieved from /home/airflow/.local/lib/python3.12/site-packages/airflow/example_dags/example_python_operator.py
[2024-12-21T06:55:03.022+0000] {logging_mixin.py:190} INFO - [2024-12-21T06:55:03.021+0000] {dag.py:3239} INFO - Sync 1 DAGs
[2024-12-21T06:55:03.038+0000] {logging_mixin.py:190} INFO - [2024-12-21T06:55:03.038+0000] {dag.py:4180} INFO - Setting next_dagrun for example_python_operator to None, run_after=None
[2024-12-21T06:55:03.058+0000] {processor.py:208} INFO - Processing /home/airflow/.local/lib/python3.12/site-packages/airflow/example_dags/example_python_operator.py took 0.079 seconds
[2024-12-21T06:55:33.918+0000] {processor.py:186} INFO - Started process (PID=1328) to work on /home/airflow/.local/lib/python3.12/site-packages/airflow/example_dags/example_python_operator.py
[2024-12-21T06:55:33.919+0000] {processor.py:914} INFO - Processing file /home/airflow/.local/lib/python3.12/site-packages/airflow/example_dags/example_python_operator.py for tasks to queue
[2024-12-21T06:55:33.921+0000] {logging_mixin.py:190} INFO - [2024-12-21T06:55:33.921+0000] {dagbag.py:588} INFO - Filling up the DagBag from /home/airflow/.local/lib/python3.12/site-packages/airflow/example_dags/example_python_operator.py
[2024-12-21T06:55:33.933+0000] {processor.py:925} INFO - DAG(s) 'example_python_operator' retrieved from /home/airflow/.local/lib/python3.12/site-packages/airflow/example_dags/example_python_operator.py
[2024-12-21T06:55:33.953+0000] {logging_mixin.py:190} INFO - [2024-12-21T06:55:33.953+0000] {dag.py:3239} INFO - Sync 1 DAGs
[2024-12-21T06:55:33.967+0000] {logging_mixin.py:190} INFO - [2024-12-21T06:55:33.967+0000] {dag.py:4180} INFO - Setting next_dagrun for example_python_operator to None, run_after=None
[2024-12-21T06:55:33.983+0000] {processor.py:208} INFO - Processing /home/airflow/.local/lib/python3.12/site-packages/airflow/example_dags/example_python_operator.py took 0.070 seconds
[2024-12-21T06:56:05.313+0000] {processor.py:186} INFO - Started process (PID=1394) to work on /home/airflow/.local/lib/python3.12/site-packages/airflow/example_dags/example_python_operator.py
[2024-12-21T06:56:05.314+0000] {processor.py:914} INFO - Processing file /home/airflow/.local/lib/python3.12/site-packages/airflow/example_dags/example_python_operator.py for tasks to queue
[2024-12-21T06:56:05.317+0000] {logging_mixin.py:190} INFO - [2024-12-21T06:56:05.316+0000] {dagbag.py:588} INFO - Filling up the DagBag from /home/airflow/.local/lib/python3.12/site-packages/airflow/example_dags/example_python_operator.py
[2024-12-21T06:56:05.329+0000] {processor.py:925} INFO - DAG(s) 'example_python_operator' retrieved from /home/airflow/.local/lib/python3.12/site-packages/airflow/example_dags/example_python_operator.py
[2024-12-21T06:56:05.351+0000] {logging_mixin.py:190} INFO - [2024-12-21T06:56:05.351+0000] {dag.py:3239} INFO - Sync 1 DAGs
[2024-12-21T06:56:05.366+0000] {logging_mixin.py:190} INFO - [2024-12-21T06:56:05.366+0000] {dag.py:4180} INFO - Setting next_dagrun for example_python_operator to None, run_after=None
[2024-12-21T06:56:05.389+0000] {processor.py:208} INFO - Processing /home/airflow/.local/lib/python3.12/site-packages/airflow/example_dags/example_python_operator.py took 0.081 seconds
[2024-12-21T06:57:19.756+0000] {processor.py:186} INFO - Started process (PID=81) to work on /home/airflow/.local/lib/python3.12/site-packages/airflow/example_dags/example_python_operator.py
[2024-12-21T06:57:19.758+0000] {processor.py:914} INFO - Processing file /home/airflow/.local/lib/python3.12/site-packages/airflow/example_dags/example_python_operator.py for tasks to queue
[2024-12-21T06:57:19.761+0000] {logging_mixin.py:190} INFO - [2024-12-21T06:57:19.760+0000] {dagbag.py:588} INFO - Filling up the DagBag from /home/airflow/.local/lib/python3.12/site-packages/airflow/example_dags/example_python_operator.py
[2024-12-21T06:57:19.780+0000] {processor.py:925} INFO - DAG(s) 'example_python_operator' retrieved from /home/airflow/.local/lib/python3.12/site-packages/airflow/example_dags/example_python_operator.py
[2024-12-21T06:57:19.976+0000] {logging_mixin.py:190} INFO - [2024-12-21T06:57:19.976+0000] {dag.py:3239} INFO - Sync 1 DAGs
[2024-12-21T06:57:19.994+0000] {logging_mixin.py:190} INFO - [2024-12-21T06:57:19.994+0000] {dag.py:4180} INFO - Setting next_dagrun for example_python_operator to None, run_after=None
[2024-12-21T06:57:20.016+0000] {processor.py:208} INFO - Processing /home/airflow/.local/lib/python3.12/site-packages/airflow/example_dags/example_python_operator.py took 0.268 seconds
[2024-12-21T06:57:50.898+0000] {processor.py:186} INFO - Started process (PID=147) to work on /home/airflow/.local/lib/python3.12/site-packages/airflow/example_dags/example_python_operator.py
[2024-12-21T06:57:50.898+0000] {processor.py:914} INFO - Processing file /home/airflow/.local/lib/python3.12/site-packages/airflow/example_dags/example_python_operator.py for tasks to queue
[2024-12-21T06:57:50.900+0000] {logging_mixin.py:190} INFO - [2024-12-21T06:57:50.900+0000] {dagbag.py:588} INFO - Filling up the DagBag from /home/airflow/.local/lib/python3.12/site-packages/airflow/example_dags/example_python_operator.py
[2024-12-21T06:57:50.913+0000] {processor.py:925} INFO - DAG(s) 'example_python_operator' retrieved from /home/airflow/.local/lib/python3.12/site-packages/airflow/example_dags/example_python_operator.py
[2024-12-21T06:57:50.933+0000] {logging_mixin.py:190} INFO - [2024-12-21T06:57:50.933+0000] {dag.py:3239} INFO - Sync 1 DAGs
[2024-12-21T06:57:50.947+0000] {logging_mixin.py:190} INFO - [2024-12-21T06:57:50.947+0000] {dag.py:4180} INFO - Setting next_dagrun for example_python_operator to None, run_after=None
[2024-12-21T06:57:50.972+0000] {processor.py:208} INFO - Processing /home/airflow/.local/lib/python3.12/site-packages/airflow/example_dags/example_python_operator.py took 0.079 seconds
[2024-12-21T06:58:21.699+0000] {processor.py:186} INFO - Started process (PID=211) to work on /home/airflow/.local/lib/python3.12/site-packages/airflow/example_dags/example_python_operator.py
[2024-12-21T06:58:21.700+0000] {processor.py:914} INFO - Processing file /home/airflow/.local/lib/python3.12/site-packages/airflow/example_dags/example_python_operator.py for tasks to queue
[2024-12-21T06:58:21.702+0000] {logging_mixin.py:190} INFO - [2024-12-21T06:58:21.701+0000] {dagbag.py:588} INFO - Filling up the DagBag from /home/airflow/.local/lib/python3.12/site-packages/airflow/example_dags/example_python_operator.py
[2024-12-21T06:58:21.720+0000] {processor.py:925} INFO - DAG(s) 'example_python_operator' retrieved from /home/airflow/.local/lib/python3.12/site-packages/airflow/example_dags/example_python_operator.py
[2024-12-21T06:58:21.743+0000] {logging_mixin.py:190} INFO - [2024-12-21T06:58:21.743+0000] {dag.py:3239} INFO - Sync 1 DAGs
[2024-12-21T06:58:21.761+0000] {logging_mixin.py:190} INFO - [2024-12-21T06:58:21.761+0000] {dag.py:4180} INFO - Setting next_dagrun for example_python_operator to None, run_after=None
[2024-12-21T06:58:21.779+0000] {processor.py:208} INFO - Processing /home/airflow/.local/lib/python3.12/site-packages/airflow/example_dags/example_python_operator.py took 0.085 seconds
[2024-12-21T06:58:52.745+0000] {processor.py:186} INFO - Started process (PID=276) to work on /home/airflow/.local/lib/python3.12/site-packages/airflow/example_dags/example_python_operator.py
[2024-12-21T06:58:52.746+0000] {processor.py:914} INFO - Processing file /home/airflow/.local/lib/python3.12/site-packages/airflow/example_dags/example_python_operator.py for tasks to queue
[2024-12-21T06:58:52.749+0000] {logging_mixin.py:190} INFO - [2024-12-21T06:58:52.749+0000] {dagbag.py:588} INFO - Filling up the DagBag from /home/airflow/.local/lib/python3.12/site-packages/airflow/example_dags/example_python_operator.py
[2024-12-21T06:58:52.769+0000] {processor.py:925} INFO - DAG(s) 'example_python_operator' retrieved from /home/airflow/.local/lib/python3.12/site-packages/airflow/example_dags/example_python_operator.py
[2024-12-21T06:58:52.794+0000] {logging_mixin.py:190} INFO - [2024-12-21T06:58:52.794+0000] {dag.py:3239} INFO - Sync 1 DAGs
[2024-12-21T06:58:52.809+0000] {logging_mixin.py:190} INFO - [2024-12-21T06:58:52.808+0000] {dag.py:4180} INFO - Setting next_dagrun for example_python_operator to None, run_after=None
[2024-12-21T06:58:52.826+0000] {processor.py:208} INFO - Processing /home/airflow/.local/lib/python3.12/site-packages/airflow/example_dags/example_python_operator.py took 0.090 seconds
[2024-12-21T06:59:23.199+0000] {processor.py:186} INFO - Started process (PID=340) to work on /home/airflow/.local/lib/python3.12/site-packages/airflow/example_dags/example_python_operator.py
[2024-12-21T06:59:23.200+0000] {processor.py:914} INFO - Processing file /home/airflow/.local/lib/python3.12/site-packages/airflow/example_dags/example_python_operator.py for tasks to queue
[2024-12-21T06:59:23.201+0000] {logging_mixin.py:190} INFO - [2024-12-21T06:59:23.201+0000] {dagbag.py:588} INFO - Filling up the DagBag from /home/airflow/.local/lib/python3.12/site-packages/airflow/example_dags/example_python_operator.py
[2024-12-21T06:59:23.211+0000] {processor.py:925} INFO - DAG(s) 'example_python_operator' retrieved from /home/airflow/.local/lib/python3.12/site-packages/airflow/example_dags/example_python_operator.py
[2024-12-21T06:59:23.229+0000] {logging_mixin.py:190} INFO - [2024-12-21T06:59:23.229+0000] {dag.py:3239} INFO - Sync 1 DAGs
[2024-12-21T06:59:23.241+0000] {logging_mixin.py:190} INFO - [2024-12-21T06:59:23.240+0000] {dag.py:4180} INFO - Setting next_dagrun for example_python_operator to None, run_after=None
[2024-12-21T06:59:23.255+0000] {processor.py:208} INFO - Processing /home/airflow/.local/lib/python3.12/site-packages/airflow/example_dags/example_python_operator.py took 0.060 seconds
