[2024-12-21T06:26:22.192+0000] {processor.py:186} INFO - Started process (PID=94) to work on /home/airflow/.local/lib/python3.12/site-packages/airflow/example_dags/example_short_circuit_operator.py
[2024-12-21T06:26:22.193+0000] {processor.py:914} INFO - Processing file /home/airflow/.local/lib/python3.12/site-packages/airflow/example_dags/example_short_circuit_operator.py for tasks to queue
[2024-12-21T06:26:22.195+0000] {logging_mixin.py:190} INFO - [2024-12-21T06:26:22.194+0000] {dagbag.py:588} INFO - Filling up the DagBag from /home/airflow/.local/lib/python3.12/site-packages/airflow/example_dags/example_short_circuit_operator.py
[2024-12-21T06:26:22.207+0000] {processor.py:925} INFO - DAG(s) 'example_short_circuit_operator' retrieved from /home/airflow/.local/lib/python3.12/site-packages/airflow/example_dags/example_short_circuit_operator.py
[2024-12-21T06:26:22.335+0000] {logging_mixin.py:190} INFO - [2024-12-21T06:26:22.334+0000] {override.py:1911} INFO - Created Permission View: can read on DAG:example_short_circuit_operator
[2024-12-21T06:26:22.348+0000] {logging_mixin.py:190} INFO - [2024-12-21T06:26:22.348+0000] {override.py:1911} INFO - Created Permission View: can delete on DAG:example_short_circuit_operator
[2024-12-21T06:26:22.356+0000] {logging_mixin.py:190} INFO - [2024-12-21T06:26:22.356+0000] {override.py:1911} INFO - Created Permission View: can edit on DAG:example_short_circuit_operator
[2024-12-21T06:26:22.365+0000] {logging_mixin.py:190} INFO - [2024-12-21T06:26:22.365+0000] {override.py:1911} INFO - Created Permission View: menu access on DAG Run:example_short_circuit_operator
[2024-12-21T06:26:22.373+0000] {logging_mixin.py:190} INFO - [2024-12-21T06:26:22.373+0000] {override.py:1911} INFO - Created Permission View: can read on DAG Run:example_short_circuit_operator
[2024-12-21T06:26:22.380+0000] {logging_mixin.py:190} INFO - [2024-12-21T06:26:22.380+0000] {override.py:1911} INFO - Created Permission View: can create on DAG Run:example_short_circuit_operator
[2024-12-21T06:26:22.386+0000] {logging_mixin.py:190} INFO - [2024-12-21T06:26:22.386+0000] {override.py:1911} INFO - Created Permission View: can delete on DAG Run:example_short_circuit_operator
[2024-12-21T06:26:22.386+0000] {logging_mixin.py:190} INFO - [2024-12-21T06:26:22.386+0000] {dag.py:3239} INFO - Sync 1 DAGs
[2024-12-21T06:26:22.400+0000] {logging_mixin.py:190} INFO - [2024-12-21T06:26:22.400+0000] {dag.py:3262} INFO - Creating ORM DAG for example_short_circuit_operator
[2024-12-21T06:26:22.400+0000] {logging_mixin.py:190} INFO - [2024-12-21T06:26:22.400+0000] {dag.py:4180} INFO - Setting next_dagrun for example_short_circuit_operator to None, run_after=None
[2024-12-21T06:26:22.415+0000] {processor.py:208} INFO - Processing /home/airflow/.local/lib/python3.12/site-packages/airflow/example_dags/example_short_circuit_operator.py took 0.229 seconds
[2024-12-21T06:26:52.913+0000] {processor.py:186} INFO - Started process (PID=157) to work on /home/airflow/.local/lib/python3.12/site-packages/airflow/example_dags/example_short_circuit_operator.py
[2024-12-21T06:26:52.913+0000] {processor.py:914} INFO - Processing file /home/airflow/.local/lib/python3.12/site-packages/airflow/example_dags/example_short_circuit_operator.py for tasks to queue
[2024-12-21T06:26:52.915+0000] {logging_mixin.py:190} INFO - [2024-12-21T06:26:52.915+0000] {dagbag.py:588} INFO - Filling up the DagBag from /home/airflow/.local/lib/python3.12/site-packages/airflow/example_dags/example_short_circuit_operator.py
[2024-12-21T06:26:52.924+0000] {processor.py:925} INFO - DAG(s) 'example_short_circuit_operator' retrieved from /home/airflow/.local/lib/python3.12/site-packages/airflow/example_dags/example_short_circuit_operator.py
[2024-12-21T06:26:52.945+0000] {logging_mixin.py:190} INFO - [2024-12-21T06:26:52.945+0000] {dag.py:3239} INFO - Sync 1 DAGs
[2024-12-21T06:26:52.959+0000] {logging_mixin.py:190} INFO - [2024-12-21T06:26:52.959+0000] {dag.py:4180} INFO - Setting next_dagrun for example_short_circuit_operator to None, run_after=None
[2024-12-21T06:26:52.974+0000] {processor.py:208} INFO - Processing /home/airflow/.local/lib/python3.12/site-packages/airflow/example_dags/example_short_circuit_operator.py took 0.067 seconds
[2024-12-21T06:27:24.746+0000] {processor.py:186} INFO - Started process (PID=220) to work on /home/airflow/.local/lib/python3.12/site-packages/airflow/example_dags/example_short_circuit_operator.py
[2024-12-21T06:27:24.747+0000] {processor.py:914} INFO - Processing file /home/airflow/.local/lib/python3.12/site-packages/airflow/example_dags/example_short_circuit_operator.py for tasks to queue
[2024-12-21T06:27:24.748+0000] {logging_mixin.py:190} INFO - [2024-12-21T06:27:24.748+0000] {dagbag.py:588} INFO - Filling up the DagBag from /home/airflow/.local/lib/python3.12/site-packages/airflow/example_dags/example_short_circuit_operator.py
[2024-12-21T06:27:24.757+0000] {processor.py:925} INFO - DAG(s) 'example_short_circuit_operator' retrieved from /home/airflow/.local/lib/python3.12/site-packages/airflow/example_dags/example_short_circuit_operator.py
[2024-12-21T06:27:24.779+0000] {logging_mixin.py:190} INFO - [2024-12-21T06:27:24.779+0000] {dag.py:3239} INFO - Sync 1 DAGs
[2024-12-21T06:27:24.793+0000] {logging_mixin.py:190} INFO - [2024-12-21T06:27:24.793+0000] {dag.py:4180} INFO - Setting next_dagrun for example_short_circuit_operator to None, run_after=None
[2024-12-21T06:27:24.811+0000] {processor.py:208} INFO - Processing /home/airflow/.local/lib/python3.12/site-packages/airflow/example_dags/example_short_circuit_operator.py took 0.070 seconds
[2024-12-21T06:27:55.694+0000] {processor.py:186} INFO - Started process (PID=283) to work on /home/airflow/.local/lib/python3.12/site-packages/airflow/example_dags/example_short_circuit_operator.py
[2024-12-21T06:27:55.695+0000] {processor.py:914} INFO - Processing file /home/airflow/.local/lib/python3.12/site-packages/airflow/example_dags/example_short_circuit_operator.py for tasks to queue
[2024-12-21T06:27:55.697+0000] {logging_mixin.py:190} INFO - [2024-12-21T06:27:55.697+0000] {dagbag.py:588} INFO - Filling up the DagBag from /home/airflow/.local/lib/python3.12/site-packages/airflow/example_dags/example_short_circuit_operator.py
[2024-12-21T06:27:55.705+0000] {processor.py:925} INFO - DAG(s) 'example_short_circuit_operator' retrieved from /home/airflow/.local/lib/python3.12/site-packages/airflow/example_dags/example_short_circuit_operator.py
[2024-12-21T06:27:55.736+0000] {logging_mixin.py:190} INFO - [2024-12-21T06:27:55.736+0000] {dag.py:3239} INFO - Sync 1 DAGs
[2024-12-21T06:27:55.758+0000] {logging_mixin.py:190} INFO - [2024-12-21T06:27:55.758+0000] {dag.py:4180} INFO - Setting next_dagrun for example_short_circuit_operator to None, run_after=None
[2024-12-21T06:27:55.787+0000] {processor.py:208} INFO - Processing /home/airflow/.local/lib/python3.12/site-packages/airflow/example_dags/example_short_circuit_operator.py took 0.098 seconds
[2024-12-21T06:28:26.332+0000] {processor.py:186} INFO - Started process (PID=345) to work on /home/airflow/.local/lib/python3.12/site-packages/airflow/example_dags/example_short_circuit_operator.py
[2024-12-21T06:28:26.333+0000] {processor.py:914} INFO - Processing file /home/airflow/.local/lib/python3.12/site-packages/airflow/example_dags/example_short_circuit_operator.py for tasks to queue
[2024-12-21T06:28:26.335+0000] {logging_mixin.py:190} INFO - [2024-12-21T06:28:26.335+0000] {dagbag.py:588} INFO - Filling up the DagBag from /home/airflow/.local/lib/python3.12/site-packages/airflow/example_dags/example_short_circuit_operator.py
[2024-12-21T06:28:26.350+0000] {processor.py:925} INFO - DAG(s) 'example_short_circuit_operator' retrieved from /home/airflow/.local/lib/python3.12/site-packages/airflow/example_dags/example_short_circuit_operator.py
[2024-12-21T06:28:26.376+0000] {logging_mixin.py:190} INFO - [2024-12-21T06:28:26.375+0000] {dag.py:3239} INFO - Sync 1 DAGs
[2024-12-21T06:28:26.392+0000] {logging_mixin.py:190} INFO - [2024-12-21T06:28:26.391+0000] {dag.py:4180} INFO - Setting next_dagrun for example_short_circuit_operator to None, run_after=None
[2024-12-21T06:28:26.407+0000] {processor.py:208} INFO - Processing /home/airflow/.local/lib/python3.12/site-packages/airflow/example_dags/example_short_circuit_operator.py took 0.081 seconds
[2024-12-21T06:28:57.466+0000] {processor.py:186} INFO - Started process (PID=408) to work on /home/airflow/.local/lib/python3.12/site-packages/airflow/example_dags/example_short_circuit_operator.py
[2024-12-21T06:28:57.466+0000] {processor.py:914} INFO - Processing file /home/airflow/.local/lib/python3.12/site-packages/airflow/example_dags/example_short_circuit_operator.py for tasks to queue
[2024-12-21T06:28:57.468+0000] {logging_mixin.py:190} INFO - [2024-12-21T06:28:57.468+0000] {dagbag.py:588} INFO - Filling up the DagBag from /home/airflow/.local/lib/python3.12/site-packages/airflow/example_dags/example_short_circuit_operator.py
[2024-12-21T06:28:57.476+0000] {processor.py:925} INFO - DAG(s) 'example_short_circuit_operator' retrieved from /home/airflow/.local/lib/python3.12/site-packages/airflow/example_dags/example_short_circuit_operator.py
[2024-12-21T06:28:57.495+0000] {logging_mixin.py:190} INFO - [2024-12-21T06:28:57.495+0000] {dag.py:3239} INFO - Sync 1 DAGs
[2024-12-21T06:28:57.507+0000] {logging_mixin.py:190} INFO - [2024-12-21T06:28:57.507+0000] {dag.py:4180} INFO - Setting next_dagrun for example_short_circuit_operator to None, run_after=None
[2024-12-21T06:28:57.522+0000] {processor.py:208} INFO - Processing /home/airflow/.local/lib/python3.12/site-packages/airflow/example_dags/example_short_circuit_operator.py took 0.061 seconds
[2024-12-21T06:29:28.335+0000] {processor.py:186} INFO - Started process (PID=471) to work on /home/airflow/.local/lib/python3.12/site-packages/airflow/example_dags/example_short_circuit_operator.py
[2024-12-21T06:29:28.336+0000] {processor.py:914} INFO - Processing file /home/airflow/.local/lib/python3.12/site-packages/airflow/example_dags/example_short_circuit_operator.py for tasks to queue
[2024-12-21T06:29:28.338+0000] {logging_mixin.py:190} INFO - [2024-12-21T06:29:28.338+0000] {dagbag.py:588} INFO - Filling up the DagBag from /home/airflow/.local/lib/python3.12/site-packages/airflow/example_dags/example_short_circuit_operator.py
[2024-12-21T06:29:28.348+0000] {processor.py:925} INFO - DAG(s) 'example_short_circuit_operator' retrieved from /home/airflow/.local/lib/python3.12/site-packages/airflow/example_dags/example_short_circuit_operator.py
[2024-12-21T06:29:28.373+0000] {logging_mixin.py:190} INFO - [2024-12-21T06:29:28.373+0000] {dag.py:3239} INFO - Sync 1 DAGs
[2024-12-21T06:29:28.390+0000] {logging_mixin.py:190} INFO - [2024-12-21T06:29:28.390+0000] {dag.py:4180} INFO - Setting next_dagrun for example_short_circuit_operator to None, run_after=None
[2024-12-21T06:29:28.410+0000] {processor.py:208} INFO - Processing /home/airflow/.local/lib/python3.12/site-packages/airflow/example_dags/example_short_circuit_operator.py took 0.082 seconds
[2024-12-21T06:29:59.645+0000] {processor.py:186} INFO - Started process (PID=534) to work on /home/airflow/.local/lib/python3.12/site-packages/airflow/example_dags/example_short_circuit_operator.py
[2024-12-21T06:29:59.646+0000] {processor.py:914} INFO - Processing file /home/airflow/.local/lib/python3.12/site-packages/airflow/example_dags/example_short_circuit_operator.py for tasks to queue
[2024-12-21T06:29:59.648+0000] {logging_mixin.py:190} INFO - [2024-12-21T06:29:59.647+0000] {dagbag.py:588} INFO - Filling up the DagBag from /home/airflow/.local/lib/python3.12/site-packages/airflow/example_dags/example_short_circuit_operator.py
[2024-12-21T06:29:59.656+0000] {processor.py:925} INFO - DAG(s) 'example_short_circuit_operator' retrieved from /home/airflow/.local/lib/python3.12/site-packages/airflow/example_dags/example_short_circuit_operator.py
[2024-12-21T06:29:59.676+0000] {logging_mixin.py:190} INFO - [2024-12-21T06:29:59.676+0000] {dag.py:3239} INFO - Sync 1 DAGs
[2024-12-21T06:29:59.690+0000] {logging_mixin.py:190} INFO - [2024-12-21T06:29:59.690+0000] {dag.py:4180} INFO - Setting next_dagrun for example_short_circuit_operator to None, run_after=None
[2024-12-21T06:29:59.706+0000] {processor.py:208} INFO - Processing /home/airflow/.local/lib/python3.12/site-packages/airflow/example_dags/example_short_circuit_operator.py took 0.066 seconds
[2024-12-21T06:30:31.222+0000] {processor.py:186} INFO - Started process (PID=597) to work on /home/airflow/.local/lib/python3.12/site-packages/airflow/example_dags/example_short_circuit_operator.py
[2024-12-21T06:30:31.222+0000] {processor.py:914} INFO - Processing file /home/airflow/.local/lib/python3.12/site-packages/airflow/example_dags/example_short_circuit_operator.py for tasks to queue
[2024-12-21T06:30:31.224+0000] {logging_mixin.py:190} INFO - [2024-12-21T06:30:31.224+0000] {dagbag.py:588} INFO - Filling up the DagBag from /home/airflow/.local/lib/python3.12/site-packages/airflow/example_dags/example_short_circuit_operator.py
[2024-12-21T06:30:31.232+0000] {processor.py:925} INFO - DAG(s) 'example_short_circuit_operator' retrieved from /home/airflow/.local/lib/python3.12/site-packages/airflow/example_dags/example_short_circuit_operator.py
[2024-12-21T06:30:31.252+0000] {logging_mixin.py:190} INFO - [2024-12-21T06:30:31.252+0000] {dag.py:3239} INFO - Sync 1 DAGs
[2024-12-21T06:30:31.265+0000] {logging_mixin.py:190} INFO - [2024-12-21T06:30:31.265+0000] {dag.py:4180} INFO - Setting next_dagrun for example_short_circuit_operator to None, run_after=None
[2024-12-21T06:30:31.281+0000] {processor.py:208} INFO - Processing /home/airflow/.local/lib/python3.12/site-packages/airflow/example_dags/example_short_circuit_operator.py took 0.065 seconds
[2024-12-21T06:31:02.954+0000] {processor.py:186} INFO - Started process (PID=660) to work on /home/airflow/.local/lib/python3.12/site-packages/airflow/example_dags/example_short_circuit_operator.py
[2024-12-21T06:31:02.954+0000] {processor.py:914} INFO - Processing file /home/airflow/.local/lib/python3.12/site-packages/airflow/example_dags/example_short_circuit_operator.py for tasks to queue
[2024-12-21T06:31:02.956+0000] {logging_mixin.py:190} INFO - [2024-12-21T06:31:02.956+0000] {dagbag.py:588} INFO - Filling up the DagBag from /home/airflow/.local/lib/python3.12/site-packages/airflow/example_dags/example_short_circuit_operator.py
[2024-12-21T06:31:02.964+0000] {processor.py:925} INFO - DAG(s) 'example_short_circuit_operator' retrieved from /home/airflow/.local/lib/python3.12/site-packages/airflow/example_dags/example_short_circuit_operator.py
[2024-12-21T06:31:02.992+0000] {logging_mixin.py:190} INFO - [2024-12-21T06:31:02.992+0000] {dag.py:3239} INFO - Sync 1 DAGs
[2024-12-21T06:31:03.021+0000] {logging_mixin.py:190} INFO - [2024-12-21T06:31:03.021+0000] {dag.py:4180} INFO - Setting next_dagrun for example_short_circuit_operator to None, run_after=None
[2024-12-21T06:31:03.064+0000] {processor.py:208} INFO - Processing /home/airflow/.local/lib/python3.12/site-packages/airflow/example_dags/example_short_circuit_operator.py took 0.116 seconds
[2024-12-21T06:31:33.657+0000] {processor.py:186} INFO - Started process (PID=723) to work on /home/airflow/.local/lib/python3.12/site-packages/airflow/example_dags/example_short_circuit_operator.py
[2024-12-21T06:31:33.659+0000] {processor.py:914} INFO - Processing file /home/airflow/.local/lib/python3.12/site-packages/airflow/example_dags/example_short_circuit_operator.py for tasks to queue
[2024-12-21T06:31:33.661+0000] {logging_mixin.py:190} INFO - [2024-12-21T06:31:33.661+0000] {dagbag.py:588} INFO - Filling up the DagBag from /home/airflow/.local/lib/python3.12/site-packages/airflow/example_dags/example_short_circuit_operator.py
[2024-12-21T06:31:33.671+0000] {processor.py:925} INFO - DAG(s) 'example_short_circuit_operator' retrieved from /home/airflow/.local/lib/python3.12/site-packages/airflow/example_dags/example_short_circuit_operator.py
[2024-12-21T06:31:33.699+0000] {logging_mixin.py:190} INFO - [2024-12-21T06:31:33.698+0000] {dag.py:3239} INFO - Sync 1 DAGs
[2024-12-21T06:31:33.717+0000] {logging_mixin.py:190} INFO - [2024-12-21T06:31:33.716+0000] {dag.py:4180} INFO - Setting next_dagrun for example_short_circuit_operator to None, run_after=None
[2024-12-21T06:31:33.743+0000] {processor.py:208} INFO - Processing /home/airflow/.local/lib/python3.12/site-packages/airflow/example_dags/example_short_circuit_operator.py took 0.095 seconds
[2024-12-21T06:32:04.882+0000] {processor.py:186} INFO - Started process (PID=786) to work on /home/airflow/.local/lib/python3.12/site-packages/airflow/example_dags/example_short_circuit_operator.py
[2024-12-21T06:32:04.883+0000] {processor.py:914} INFO - Processing file /home/airflow/.local/lib/python3.12/site-packages/airflow/example_dags/example_short_circuit_operator.py for tasks to queue
[2024-12-21T06:32:04.884+0000] {logging_mixin.py:190} INFO - [2024-12-21T06:32:04.884+0000] {dagbag.py:588} INFO - Filling up the DagBag from /home/airflow/.local/lib/python3.12/site-packages/airflow/example_dags/example_short_circuit_operator.py
[2024-12-21T06:32:04.892+0000] {processor.py:925} INFO - DAG(s) 'example_short_circuit_operator' retrieved from /home/airflow/.local/lib/python3.12/site-packages/airflow/example_dags/example_short_circuit_operator.py
[2024-12-21T06:32:04.912+0000] {logging_mixin.py:190} INFO - [2024-12-21T06:32:04.912+0000] {dag.py:3239} INFO - Sync 1 DAGs
[2024-12-21T06:32:04.925+0000] {logging_mixin.py:190} INFO - [2024-12-21T06:32:04.925+0000] {dag.py:4180} INFO - Setting next_dagrun for example_short_circuit_operator to None, run_after=None
[2024-12-21T06:32:04.941+0000] {processor.py:208} INFO - Processing /home/airflow/.local/lib/python3.12/site-packages/airflow/example_dags/example_short_circuit_operator.py took 0.064 seconds
[2024-12-21T06:32:35.609+0000] {processor.py:186} INFO - Started process (PID=849) to work on /home/airflow/.local/lib/python3.12/site-packages/airflow/example_dags/example_short_circuit_operator.py
[2024-12-21T06:32:35.655+0000] {processor.py:914} INFO - Processing file /home/airflow/.local/lib/python3.12/site-packages/airflow/example_dags/example_short_circuit_operator.py for tasks to queue
[2024-12-21T06:32:35.656+0000] {logging_mixin.py:190} INFO - [2024-12-21T06:32:35.656+0000] {dagbag.py:588} INFO - Filling up the DagBag from /home/airflow/.local/lib/python3.12/site-packages/airflow/example_dags/example_short_circuit_operator.py
[2024-12-21T06:32:35.663+0000] {processor.py:925} INFO - DAG(s) 'example_short_circuit_operator' retrieved from /home/airflow/.local/lib/python3.12/site-packages/airflow/example_dags/example_short_circuit_operator.py
[2024-12-21T06:32:35.680+0000] {logging_mixin.py:190} INFO - [2024-12-21T06:32:35.680+0000] {dag.py:3239} INFO - Sync 1 DAGs
[2024-12-21T06:32:35.691+0000] {logging_mixin.py:190} INFO - [2024-12-21T06:32:35.691+0000] {dag.py:4180} INFO - Setting next_dagrun for example_short_circuit_operator to None, run_after=None
[2024-12-21T06:32:35.713+0000] {processor.py:208} INFO - Processing /home/airflow/.local/lib/python3.12/site-packages/airflow/example_dags/example_short_circuit_operator.py took 0.109 seconds
[2024-12-21T06:33:07.011+0000] {processor.py:186} INFO - Started process (PID=912) to work on /home/airflow/.local/lib/python3.12/site-packages/airflow/example_dags/example_short_circuit_operator.py
[2024-12-21T06:33:07.011+0000] {processor.py:914} INFO - Processing file /home/airflow/.local/lib/python3.12/site-packages/airflow/example_dags/example_short_circuit_operator.py for tasks to queue
[2024-12-21T06:33:07.013+0000] {logging_mixin.py:190} INFO - [2024-12-21T06:33:07.013+0000] {dagbag.py:588} INFO - Filling up the DagBag from /home/airflow/.local/lib/python3.12/site-packages/airflow/example_dags/example_short_circuit_operator.py
[2024-12-21T06:33:07.020+0000] {processor.py:925} INFO - DAG(s) 'example_short_circuit_operator' retrieved from /home/airflow/.local/lib/python3.12/site-packages/airflow/example_dags/example_short_circuit_operator.py
[2024-12-21T06:33:07.039+0000] {logging_mixin.py:190} INFO - [2024-12-21T06:33:07.039+0000] {dag.py:3239} INFO - Sync 1 DAGs
[2024-12-21T06:33:07.051+0000] {logging_mixin.py:190} INFO - [2024-12-21T06:33:07.051+0000] {dag.py:4180} INFO - Setting next_dagrun for example_short_circuit_operator to None, run_after=None
[2024-12-21T06:33:07.066+0000] {processor.py:208} INFO - Processing /home/airflow/.local/lib/python3.12/site-packages/airflow/example_dags/example_short_circuit_operator.py took 0.061 seconds
[2024-12-21T06:33:38.628+0000] {processor.py:186} INFO - Started process (PID=975) to work on /home/airflow/.local/lib/python3.12/site-packages/airflow/example_dags/example_short_circuit_operator.py
[2024-12-21T06:33:38.628+0000] {processor.py:914} INFO - Processing file /home/airflow/.local/lib/python3.12/site-packages/airflow/example_dags/example_short_circuit_operator.py for tasks to queue
[2024-12-21T06:33:38.630+0000] {logging_mixin.py:190} INFO - [2024-12-21T06:33:38.630+0000] {dagbag.py:588} INFO - Filling up the DagBag from /home/airflow/.local/lib/python3.12/site-packages/airflow/example_dags/example_short_circuit_operator.py
[2024-12-21T06:33:38.637+0000] {processor.py:925} INFO - DAG(s) 'example_short_circuit_operator' retrieved from /home/airflow/.local/lib/python3.12/site-packages/airflow/example_dags/example_short_circuit_operator.py
[2024-12-21T06:33:38.657+0000] {logging_mixin.py:190} INFO - [2024-12-21T06:33:38.656+0000] {dag.py:3239} INFO - Sync 1 DAGs
[2024-12-21T06:33:38.670+0000] {logging_mixin.py:190} INFO - [2024-12-21T06:33:38.670+0000] {dag.py:4180} INFO - Setting next_dagrun for example_short_circuit_operator to None, run_after=None
[2024-12-21T06:33:38.685+0000] {processor.py:208} INFO - Processing /home/airflow/.local/lib/python3.12/site-packages/airflow/example_dags/example_short_circuit_operator.py took 0.062 seconds
[2024-12-21T06:34:49.960+0000] {processor.py:186} INFO - Started process (PID=84) to work on /home/airflow/.local/lib/python3.12/site-packages/airflow/example_dags/example_short_circuit_operator.py
[2024-12-21T06:34:49.961+0000] {processor.py:914} INFO - Processing file /home/airflow/.local/lib/python3.12/site-packages/airflow/example_dags/example_short_circuit_operator.py for tasks to queue
[2024-12-21T06:34:49.964+0000] {logging_mixin.py:190} INFO - [2024-12-21T06:34:49.963+0000] {dagbag.py:588} INFO - Filling up the DagBag from /home/airflow/.local/lib/python3.12/site-packages/airflow/example_dags/example_short_circuit_operator.py
[2024-12-21T06:34:49.977+0000] {processor.py:925} INFO - DAG(s) 'example_short_circuit_operator' retrieved from /home/airflow/.local/lib/python3.12/site-packages/airflow/example_dags/example_short_circuit_operator.py
[2024-12-21T06:34:50.028+0000] {logging_mixin.py:190} INFO - [2024-12-21T06:34:50.027+0000] {dag.py:3239} INFO - Sync 1 DAGs
[2024-12-21T06:34:50.047+0000] {logging_mixin.py:190} INFO - [2024-12-21T06:34:50.047+0000] {dag.py:4180} INFO - Setting next_dagrun for example_short_circuit_operator to None, run_after=None
[2024-12-21T06:34:50.069+0000] {processor.py:208} INFO - Processing /home/airflow/.local/lib/python3.12/site-packages/airflow/example_dags/example_short_circuit_operator.py took 0.117 seconds
[2024-12-21T06:35:20.936+0000] {processor.py:186} INFO - Started process (PID=149) to work on /home/airflow/.local/lib/python3.12/site-packages/airflow/example_dags/example_short_circuit_operator.py
[2024-12-21T06:35:20.936+0000] {processor.py:914} INFO - Processing file /home/airflow/.local/lib/python3.12/site-packages/airflow/example_dags/example_short_circuit_operator.py for tasks to queue
[2024-12-21T06:35:20.938+0000] {logging_mixin.py:190} INFO - [2024-12-21T06:35:20.938+0000] {dagbag.py:588} INFO - Filling up the DagBag from /home/airflow/.local/lib/python3.12/site-packages/airflow/example_dags/example_short_circuit_operator.py
[2024-12-21T06:35:20.946+0000] {processor.py:925} INFO - DAG(s) 'example_short_circuit_operator' retrieved from /home/airflow/.local/lib/python3.12/site-packages/airflow/example_dags/example_short_circuit_operator.py
[2024-12-21T06:35:20.968+0000] {logging_mixin.py:190} INFO - [2024-12-21T06:35:20.968+0000] {dag.py:3239} INFO - Sync 1 DAGs
[2024-12-21T06:35:20.982+0000] {logging_mixin.py:190} INFO - [2024-12-21T06:35:20.981+0000] {dag.py:4180} INFO - Setting next_dagrun for example_short_circuit_operator to None, run_after=None
[2024-12-21T06:35:20.997+0000] {processor.py:208} INFO - Processing /home/airflow/.local/lib/python3.12/site-packages/airflow/example_dags/example_short_circuit_operator.py took 0.067 seconds
[2024-12-21T06:35:52.427+0000] {processor.py:186} INFO - Started process (PID=214) to work on /home/airflow/.local/lib/python3.12/site-packages/airflow/example_dags/example_short_circuit_operator.py
[2024-12-21T06:35:52.427+0000] {processor.py:914} INFO - Processing file /home/airflow/.local/lib/python3.12/site-packages/airflow/example_dags/example_short_circuit_operator.py for tasks to queue
[2024-12-21T06:35:52.429+0000] {logging_mixin.py:190} INFO - [2024-12-21T06:35:52.429+0000] {dagbag.py:588} INFO - Filling up the DagBag from /home/airflow/.local/lib/python3.12/site-packages/airflow/example_dags/example_short_circuit_operator.py
[2024-12-21T06:35:52.437+0000] {processor.py:925} INFO - DAG(s) 'example_short_circuit_operator' retrieved from /home/airflow/.local/lib/python3.12/site-packages/airflow/example_dags/example_short_circuit_operator.py
[2024-12-21T06:35:52.457+0000] {logging_mixin.py:190} INFO - [2024-12-21T06:35:52.457+0000] {dag.py:3239} INFO - Sync 1 DAGs
[2024-12-21T06:35:52.470+0000] {logging_mixin.py:190} INFO - [2024-12-21T06:35:52.470+0000] {dag.py:4180} INFO - Setting next_dagrun for example_short_circuit_operator to None, run_after=None
[2024-12-21T06:35:52.486+0000] {processor.py:208} INFO - Processing /home/airflow/.local/lib/python3.12/site-packages/airflow/example_dags/example_short_circuit_operator.py took 0.064 seconds
[2024-12-21T06:36:22.846+0000] {processor.py:186} INFO - Started process (PID=283) to work on /home/airflow/.local/lib/python3.12/site-packages/airflow/example_dags/example_short_circuit_operator.py
[2024-12-21T06:36:22.847+0000] {processor.py:914} INFO - Processing file /home/airflow/.local/lib/python3.12/site-packages/airflow/example_dags/example_short_circuit_operator.py for tasks to queue
[2024-12-21T06:36:22.850+0000] {logging_mixin.py:190} INFO - [2024-12-21T06:36:22.849+0000] {dagbag.py:588} INFO - Filling up the DagBag from /home/airflow/.local/lib/python3.12/site-packages/airflow/example_dags/example_short_circuit_operator.py
[2024-12-21T06:36:22.861+0000] {processor.py:925} INFO - DAG(s) 'example_short_circuit_operator' retrieved from /home/airflow/.local/lib/python3.12/site-packages/airflow/example_dags/example_short_circuit_operator.py
[2024-12-21T06:36:22.886+0000] {logging_mixin.py:190} INFO - [2024-12-21T06:36:22.886+0000] {dag.py:3239} INFO - Sync 1 DAGs
[2024-12-21T06:36:22.906+0000] {logging_mixin.py:190} INFO - [2024-12-21T06:36:22.906+0000] {dag.py:4180} INFO - Setting next_dagrun for example_short_circuit_operator to None, run_after=None
[2024-12-21T06:36:22.929+0000] {processor.py:208} INFO - Processing /home/airflow/.local/lib/python3.12/site-packages/airflow/example_dags/example_short_circuit_operator.py took 0.088 seconds
[2024-12-21T06:36:54.612+0000] {processor.py:186} INFO - Started process (PID=348) to work on /home/airflow/.local/lib/python3.12/site-packages/airflow/example_dags/example_short_circuit_operator.py
[2024-12-21T06:36:54.613+0000] {processor.py:914} INFO - Processing file /home/airflow/.local/lib/python3.12/site-packages/airflow/example_dags/example_short_circuit_operator.py for tasks to queue
[2024-12-21T06:36:54.615+0000] {logging_mixin.py:190} INFO - [2024-12-21T06:36:54.614+0000] {dagbag.py:588} INFO - Filling up the DagBag from /home/airflow/.local/lib/python3.12/site-packages/airflow/example_dags/example_short_circuit_operator.py
[2024-12-21T06:36:54.624+0000] {processor.py:925} INFO - DAG(s) 'example_short_circuit_operator' retrieved from /home/airflow/.local/lib/python3.12/site-packages/airflow/example_dags/example_short_circuit_operator.py
[2024-12-21T06:36:54.648+0000] {logging_mixin.py:190} INFO - [2024-12-21T06:36:54.647+0000] {dag.py:3239} INFO - Sync 1 DAGs
[2024-12-21T06:36:54.663+0000] {logging_mixin.py:190} INFO - [2024-12-21T06:36:54.663+0000] {dag.py:4180} INFO - Setting next_dagrun for example_short_circuit_operator to None, run_after=None
[2024-12-21T06:36:54.681+0000] {processor.py:208} INFO - Processing /home/airflow/.local/lib/python3.12/site-packages/airflow/example_dags/example_short_circuit_operator.py took 0.076 seconds
[2024-12-21T06:37:25.532+0000] {processor.py:186} INFO - Started process (PID=413) to work on /home/airflow/.local/lib/python3.12/site-packages/airflow/example_dags/example_short_circuit_operator.py
[2024-12-21T06:37:25.533+0000] {processor.py:914} INFO - Processing file /home/airflow/.local/lib/python3.12/site-packages/airflow/example_dags/example_short_circuit_operator.py for tasks to queue
[2024-12-21T06:37:25.536+0000] {logging_mixin.py:190} INFO - [2024-12-21T06:37:25.535+0000] {dagbag.py:588} INFO - Filling up the DagBag from /home/airflow/.local/lib/python3.12/site-packages/airflow/example_dags/example_short_circuit_operator.py
[2024-12-21T06:37:25.545+0000] {processor.py:925} INFO - DAG(s) 'example_short_circuit_operator' retrieved from /home/airflow/.local/lib/python3.12/site-packages/airflow/example_dags/example_short_circuit_operator.py
[2024-12-21T06:37:25.569+0000] {logging_mixin.py:190} INFO - [2024-12-21T06:37:25.569+0000] {dag.py:3239} INFO - Sync 1 DAGs
[2024-12-21T06:37:25.583+0000] {logging_mixin.py:190} INFO - [2024-12-21T06:37:25.583+0000] {dag.py:4180} INFO - Setting next_dagrun for example_short_circuit_operator to None, run_after=None
[2024-12-21T06:37:25.601+0000] {processor.py:208} INFO - Processing /home/airflow/.local/lib/python3.12/site-packages/airflow/example_dags/example_short_circuit_operator.py took 0.075 seconds
[2024-12-21T06:37:56.174+0000] {processor.py:186} INFO - Started process (PID=477) to work on /home/airflow/.local/lib/python3.12/site-packages/airflow/example_dags/example_short_circuit_operator.py
[2024-12-21T06:37:56.175+0000] {processor.py:914} INFO - Processing file /home/airflow/.local/lib/python3.12/site-packages/airflow/example_dags/example_short_circuit_operator.py for tasks to queue
[2024-12-21T06:37:56.178+0000] {logging_mixin.py:190} INFO - [2024-12-21T06:37:56.177+0000] {dagbag.py:588} INFO - Filling up the DagBag from /home/airflow/.local/lib/python3.12/site-packages/airflow/example_dags/example_short_circuit_operator.py
[2024-12-21T06:37:56.190+0000] {processor.py:925} INFO - DAG(s) 'example_short_circuit_operator' retrieved from /home/airflow/.local/lib/python3.12/site-packages/airflow/example_dags/example_short_circuit_operator.py
[2024-12-21T06:37:56.219+0000] {logging_mixin.py:190} INFO - [2024-12-21T06:37:56.219+0000] {dag.py:3239} INFO - Sync 1 DAGs
[2024-12-21T06:37:56.237+0000] {logging_mixin.py:190} INFO - [2024-12-21T06:37:56.237+0000] {dag.py:4180} INFO - Setting next_dagrun for example_short_circuit_operator to None, run_after=None
[2024-12-21T06:37:56.256+0000] {processor.py:208} INFO - Processing /home/airflow/.local/lib/python3.12/site-packages/airflow/example_dags/example_short_circuit_operator.py took 0.090 seconds
[2024-12-21T06:38:27.579+0000] {processor.py:186} INFO - Started process (PID=542) to work on /home/airflow/.local/lib/python3.12/site-packages/airflow/example_dags/example_short_circuit_operator.py
[2024-12-21T06:38:27.580+0000] {processor.py:914} INFO - Processing file /home/airflow/.local/lib/python3.12/site-packages/airflow/example_dags/example_short_circuit_operator.py for tasks to queue
[2024-12-21T06:38:27.582+0000] {logging_mixin.py:190} INFO - [2024-12-21T06:38:27.582+0000] {dagbag.py:588} INFO - Filling up the DagBag from /home/airflow/.local/lib/python3.12/site-packages/airflow/example_dags/example_short_circuit_operator.py
[2024-12-21T06:38:27.589+0000] {processor.py:925} INFO - DAG(s) 'example_short_circuit_operator' retrieved from /home/airflow/.local/lib/python3.12/site-packages/airflow/example_dags/example_short_circuit_operator.py
[2024-12-21T06:38:27.609+0000] {logging_mixin.py:190} INFO - [2024-12-21T06:38:27.609+0000] {dag.py:3239} INFO - Sync 1 DAGs
[2024-12-21T06:38:27.623+0000] {logging_mixin.py:190} INFO - [2024-12-21T06:38:27.623+0000] {dag.py:4180} INFO - Setting next_dagrun for example_short_circuit_operator to None, run_after=None
[2024-12-21T06:38:27.639+0000] {processor.py:208} INFO - Processing /home/airflow/.local/lib/python3.12/site-packages/airflow/example_dags/example_short_circuit_operator.py took 0.064 seconds
[2024-12-21T06:38:58.308+0000] {processor.py:186} INFO - Started process (PID=607) to work on /home/airflow/.local/lib/python3.12/site-packages/airflow/example_dags/example_short_circuit_operator.py
[2024-12-21T06:38:58.309+0000] {processor.py:914} INFO - Processing file /home/airflow/.local/lib/python3.12/site-packages/airflow/example_dags/example_short_circuit_operator.py for tasks to queue
[2024-12-21T06:38:58.310+0000] {logging_mixin.py:190} INFO - [2024-12-21T06:38:58.310+0000] {dagbag.py:588} INFO - Filling up the DagBag from /home/airflow/.local/lib/python3.12/site-packages/airflow/example_dags/example_short_circuit_operator.py
[2024-12-21T06:38:58.318+0000] {processor.py:925} INFO - DAG(s) 'example_short_circuit_operator' retrieved from /home/airflow/.local/lib/python3.12/site-packages/airflow/example_dags/example_short_circuit_operator.py
[2024-12-21T06:38:58.339+0000] {logging_mixin.py:190} INFO - [2024-12-21T06:38:58.339+0000] {dag.py:3239} INFO - Sync 1 DAGs
[2024-12-21T06:38:58.353+0000] {logging_mixin.py:190} INFO - [2024-12-21T06:38:58.353+0000] {dag.py:4180} INFO - Setting next_dagrun for example_short_circuit_operator to None, run_after=None
[2024-12-21T06:38:58.370+0000] {processor.py:208} INFO - Processing /home/airflow/.local/lib/python3.12/site-packages/airflow/example_dags/example_short_circuit_operator.py took 0.067 seconds
[2024-12-21T06:39:29.113+0000] {processor.py:186} INFO - Started process (PID=672) to work on /home/airflow/.local/lib/python3.12/site-packages/airflow/example_dags/example_short_circuit_operator.py
[2024-12-21T06:39:29.113+0000] {processor.py:914} INFO - Processing file /home/airflow/.local/lib/python3.12/site-packages/airflow/example_dags/example_short_circuit_operator.py for tasks to queue
[2024-12-21T06:39:29.115+0000] {logging_mixin.py:190} INFO - [2024-12-21T06:39:29.115+0000] {dagbag.py:588} INFO - Filling up the DagBag from /home/airflow/.local/lib/python3.12/site-packages/airflow/example_dags/example_short_circuit_operator.py
[2024-12-21T06:39:29.122+0000] {processor.py:925} INFO - DAG(s) 'example_short_circuit_operator' retrieved from /home/airflow/.local/lib/python3.12/site-packages/airflow/example_dags/example_short_circuit_operator.py
[2024-12-21T06:39:29.142+0000] {logging_mixin.py:190} INFO - [2024-12-21T06:39:29.142+0000] {dag.py:3239} INFO - Sync 1 DAGs
[2024-12-21T06:39:29.155+0000] {logging_mixin.py:190} INFO - [2024-12-21T06:39:29.155+0000] {dag.py:4180} INFO - Setting next_dagrun for example_short_circuit_operator to None, run_after=None
[2024-12-21T06:39:29.170+0000] {processor.py:208} INFO - Processing /home/airflow/.local/lib/python3.12/site-packages/airflow/example_dags/example_short_circuit_operator.py took 0.062 seconds
[2024-12-21T06:39:59.955+0000] {processor.py:186} INFO - Started process (PID=737) to work on /home/airflow/.local/lib/python3.12/site-packages/airflow/example_dags/example_short_circuit_operator.py
[2024-12-21T06:39:59.956+0000] {processor.py:914} INFO - Processing file /home/airflow/.local/lib/python3.12/site-packages/airflow/example_dags/example_short_circuit_operator.py for tasks to queue
[2024-12-21T06:39:59.958+0000] {logging_mixin.py:190} INFO - [2024-12-21T06:39:59.957+0000] {dagbag.py:588} INFO - Filling up the DagBag from /home/airflow/.local/lib/python3.12/site-packages/airflow/example_dags/example_short_circuit_operator.py
[2024-12-21T06:39:59.965+0000] {processor.py:925} INFO - DAG(s) 'example_short_circuit_operator' retrieved from /home/airflow/.local/lib/python3.12/site-packages/airflow/example_dags/example_short_circuit_operator.py
[2024-12-21T06:39:59.982+0000] {logging_mixin.py:190} INFO - [2024-12-21T06:39:59.982+0000] {dag.py:3239} INFO - Sync 1 DAGs
[2024-12-21T06:39:59.994+0000] {logging_mixin.py:190} INFO - [2024-12-21T06:39:59.994+0000] {dag.py:4180} INFO - Setting next_dagrun for example_short_circuit_operator to None, run_after=None
[2024-12-21T06:40:00.008+0000] {processor.py:208} INFO - Processing /home/airflow/.local/lib/python3.12/site-packages/airflow/example_dags/example_short_circuit_operator.py took 0.057 seconds
[2024-12-21T06:40:31.071+0000] {processor.py:186} INFO - Started process (PID=802) to work on /home/airflow/.local/lib/python3.12/site-packages/airflow/example_dags/example_short_circuit_operator.py
[2024-12-21T06:40:31.072+0000] {processor.py:914} INFO - Processing file /home/airflow/.local/lib/python3.12/site-packages/airflow/example_dags/example_short_circuit_operator.py for tasks to queue
[2024-12-21T06:40:31.073+0000] {logging_mixin.py:190} INFO - [2024-12-21T06:40:31.073+0000] {dagbag.py:588} INFO - Filling up the DagBag from /home/airflow/.local/lib/python3.12/site-packages/airflow/example_dags/example_short_circuit_operator.py
[2024-12-21T06:40:31.080+0000] {processor.py:925} INFO - DAG(s) 'example_short_circuit_operator' retrieved from /home/airflow/.local/lib/python3.12/site-packages/airflow/example_dags/example_short_circuit_operator.py
[2024-12-21T06:40:31.103+0000] {logging_mixin.py:190} INFO - [2024-12-21T06:40:31.102+0000] {dag.py:3239} INFO - Sync 1 DAGs
[2024-12-21T06:40:31.115+0000] {logging_mixin.py:190} INFO - [2024-12-21T06:40:31.115+0000] {dag.py:4180} INFO - Setting next_dagrun for example_short_circuit_operator to None, run_after=None
[2024-12-21T06:40:31.136+0000] {processor.py:208} INFO - Processing /home/airflow/.local/lib/python3.12/site-packages/airflow/example_dags/example_short_circuit_operator.py took 0.070 seconds
[2024-12-21T06:41:01.833+0000] {processor.py:186} INFO - Started process (PID=867) to work on /home/airflow/.local/lib/python3.12/site-packages/airflow/example_dags/example_short_circuit_operator.py
[2024-12-21T06:41:01.834+0000] {processor.py:914} INFO - Processing file /home/airflow/.local/lib/python3.12/site-packages/airflow/example_dags/example_short_circuit_operator.py for tasks to queue
[2024-12-21T06:41:01.836+0000] {logging_mixin.py:190} INFO - [2024-12-21T06:41:01.836+0000] {dagbag.py:588} INFO - Filling up the DagBag from /home/airflow/.local/lib/python3.12/site-packages/airflow/example_dags/example_short_circuit_operator.py
[2024-12-21T06:41:01.843+0000] {processor.py:925} INFO - DAG(s) 'example_short_circuit_operator' retrieved from /home/airflow/.local/lib/python3.12/site-packages/airflow/example_dags/example_short_circuit_operator.py
[2024-12-21T06:41:01.865+0000] {logging_mixin.py:190} INFO - [2024-12-21T06:41:01.864+0000] {dag.py:3239} INFO - Sync 1 DAGs
[2024-12-21T06:41:01.880+0000] {logging_mixin.py:190} INFO - [2024-12-21T06:41:01.880+0000] {dag.py:4180} INFO - Setting next_dagrun for example_short_circuit_operator to None, run_after=None
[2024-12-21T06:41:01.896+0000] {processor.py:208} INFO - Processing /home/airflow/.local/lib/python3.12/site-packages/airflow/example_dags/example_short_circuit_operator.py took 0.067 seconds
[2024-12-21T06:41:32.631+0000] {processor.py:186} INFO - Started process (PID=932) to work on /home/airflow/.local/lib/python3.12/site-packages/airflow/example_dags/example_short_circuit_operator.py
[2024-12-21T06:41:32.631+0000] {processor.py:914} INFO - Processing file /home/airflow/.local/lib/python3.12/site-packages/airflow/example_dags/example_short_circuit_operator.py for tasks to queue
[2024-12-21T06:41:32.633+0000] {logging_mixin.py:190} INFO - [2024-12-21T06:41:32.633+0000] {dagbag.py:588} INFO - Filling up the DagBag from /home/airflow/.local/lib/python3.12/site-packages/airflow/example_dags/example_short_circuit_operator.py
[2024-12-21T06:41:32.640+0000] {processor.py:925} INFO - DAG(s) 'example_short_circuit_operator' retrieved from /home/airflow/.local/lib/python3.12/site-packages/airflow/example_dags/example_short_circuit_operator.py
[2024-12-21T06:41:32.659+0000] {logging_mixin.py:190} INFO - [2024-12-21T06:41:32.658+0000] {dag.py:3239} INFO - Sync 1 DAGs
[2024-12-21T06:41:32.671+0000] {logging_mixin.py:190} INFO - [2024-12-21T06:41:32.671+0000] {dag.py:4180} INFO - Setting next_dagrun for example_short_circuit_operator to None, run_after=None
[2024-12-21T06:41:32.686+0000] {processor.py:208} INFO - Processing /home/airflow/.local/lib/python3.12/site-packages/airflow/example_dags/example_short_circuit_operator.py took 0.060 seconds
[2024-12-21T06:42:03.870+0000] {processor.py:186} INFO - Started process (PID=997) to work on /home/airflow/.local/lib/python3.12/site-packages/airflow/example_dags/example_short_circuit_operator.py
[2024-12-21T06:42:03.871+0000] {processor.py:914} INFO - Processing file /home/airflow/.local/lib/python3.12/site-packages/airflow/example_dags/example_short_circuit_operator.py for tasks to queue
[2024-12-21T06:42:03.873+0000] {logging_mixin.py:190} INFO - [2024-12-21T06:42:03.873+0000] {dagbag.py:588} INFO - Filling up the DagBag from /home/airflow/.local/lib/python3.12/site-packages/airflow/example_dags/example_short_circuit_operator.py
[2024-12-21T06:42:03.880+0000] {processor.py:925} INFO - DAG(s) 'example_short_circuit_operator' retrieved from /home/airflow/.local/lib/python3.12/site-packages/airflow/example_dags/example_short_circuit_operator.py
[2024-12-21T06:42:03.900+0000] {logging_mixin.py:190} INFO - [2024-12-21T06:42:03.900+0000] {dag.py:3239} INFO - Sync 1 DAGs
[2024-12-21T06:42:03.912+0000] {logging_mixin.py:190} INFO - [2024-12-21T06:42:03.912+0000] {dag.py:4180} INFO - Setting next_dagrun for example_short_circuit_operator to None, run_after=None
[2024-12-21T06:42:03.925+0000] {processor.py:208} INFO - Processing /home/airflow/.local/lib/python3.12/site-packages/airflow/example_dags/example_short_circuit_operator.py took 0.060 seconds
[2024-12-21T06:42:34.882+0000] {processor.py:186} INFO - Started process (PID=1062) to work on /home/airflow/.local/lib/python3.12/site-packages/airflow/example_dags/example_short_circuit_operator.py
[2024-12-21T06:42:34.883+0000] {processor.py:914} INFO - Processing file /home/airflow/.local/lib/python3.12/site-packages/airflow/example_dags/example_short_circuit_operator.py for tasks to queue
[2024-12-21T06:42:34.885+0000] {logging_mixin.py:190} INFO - [2024-12-21T06:42:34.884+0000] {dagbag.py:588} INFO - Filling up the DagBag from /home/airflow/.local/lib/python3.12/site-packages/airflow/example_dags/example_short_circuit_operator.py
[2024-12-21T06:42:34.894+0000] {processor.py:925} INFO - DAG(s) 'example_short_circuit_operator' retrieved from /home/airflow/.local/lib/python3.12/site-packages/airflow/example_dags/example_short_circuit_operator.py
[2024-12-21T06:42:34.926+0000] {logging_mixin.py:190} INFO - [2024-12-21T06:42:34.926+0000] {dag.py:3239} INFO - Sync 1 DAGs
[2024-12-21T06:42:34.948+0000] {logging_mixin.py:190} INFO - [2024-12-21T06:42:34.947+0000] {dag.py:4180} INFO - Setting next_dagrun for example_short_circuit_operator to None, run_after=None
[2024-12-21T06:42:34.977+0000] {processor.py:208} INFO - Processing /home/airflow/.local/lib/python3.12/site-packages/airflow/example_dags/example_short_circuit_operator.py took 0.102 seconds
[2024-12-21T06:43:06.168+0000] {processor.py:186} INFO - Started process (PID=1127) to work on /home/airflow/.local/lib/python3.12/site-packages/airflow/example_dags/example_short_circuit_operator.py
[2024-12-21T06:43:06.169+0000] {processor.py:914} INFO - Processing file /home/airflow/.local/lib/python3.12/site-packages/airflow/example_dags/example_short_circuit_operator.py for tasks to queue
[2024-12-21T06:43:06.172+0000] {logging_mixin.py:190} INFO - [2024-12-21T06:43:06.171+0000] {dagbag.py:588} INFO - Filling up the DagBag from /home/airflow/.local/lib/python3.12/site-packages/airflow/example_dags/example_short_circuit_operator.py
[2024-12-21T06:43:06.182+0000] {processor.py:925} INFO - DAG(s) 'example_short_circuit_operator' retrieved from /home/airflow/.local/lib/python3.12/site-packages/airflow/example_dags/example_short_circuit_operator.py
[2024-12-21T06:43:06.211+0000] {logging_mixin.py:190} INFO - [2024-12-21T06:43:06.211+0000] {dag.py:3239} INFO - Sync 1 DAGs
[2024-12-21T06:43:06.232+0000] {logging_mixin.py:190} INFO - [2024-12-21T06:43:06.232+0000] {dag.py:4180} INFO - Setting next_dagrun for example_short_circuit_operator to None, run_after=None
[2024-12-21T06:43:06.263+0000] {processor.py:208} INFO - Processing /home/airflow/.local/lib/python3.12/site-packages/airflow/example_dags/example_short_circuit_operator.py took 0.102 seconds
[2024-12-21T06:43:36.831+0000] {processor.py:186} INFO - Started process (PID=1192) to work on /home/airflow/.local/lib/python3.12/site-packages/airflow/example_dags/example_short_circuit_operator.py
[2024-12-21T06:43:36.831+0000] {processor.py:914} INFO - Processing file /home/airflow/.local/lib/python3.12/site-packages/airflow/example_dags/example_short_circuit_operator.py for tasks to queue
[2024-12-21T06:43:36.833+0000] {logging_mixin.py:190} INFO - [2024-12-21T06:43:36.833+0000] {dagbag.py:588} INFO - Filling up the DagBag from /home/airflow/.local/lib/python3.12/site-packages/airflow/example_dags/example_short_circuit_operator.py
[2024-12-21T06:43:36.841+0000] {processor.py:925} INFO - DAG(s) 'example_short_circuit_operator' retrieved from /home/airflow/.local/lib/python3.12/site-packages/airflow/example_dags/example_short_circuit_operator.py
[2024-12-21T06:43:36.863+0000] {logging_mixin.py:190} INFO - [2024-12-21T06:43:36.863+0000] {dag.py:3239} INFO - Sync 1 DAGs
[2024-12-21T06:43:36.877+0000] {logging_mixin.py:190} INFO - [2024-12-21T06:43:36.876+0000] {dag.py:4180} INFO - Setting next_dagrun for example_short_circuit_operator to None, run_after=None
[2024-12-21T06:43:36.891+0000] {processor.py:208} INFO - Processing /home/airflow/.local/lib/python3.12/site-packages/airflow/example_dags/example_short_circuit_operator.py took 0.066 seconds
[2024-12-21T06:44:07.445+0000] {processor.py:186} INFO - Started process (PID=1256) to work on /home/airflow/.local/lib/python3.12/site-packages/airflow/example_dags/example_short_circuit_operator.py
[2024-12-21T06:44:07.446+0000] {processor.py:914} INFO - Processing file /home/airflow/.local/lib/python3.12/site-packages/airflow/example_dags/example_short_circuit_operator.py for tasks to queue
[2024-12-21T06:44:07.447+0000] {logging_mixin.py:190} INFO - [2024-12-21T06:44:07.447+0000] {dagbag.py:588} INFO - Filling up the DagBag from /home/airflow/.local/lib/python3.12/site-packages/airflow/example_dags/example_short_circuit_operator.py
[2024-12-21T06:44:07.455+0000] {processor.py:925} INFO - DAG(s) 'example_short_circuit_operator' retrieved from /home/airflow/.local/lib/python3.12/site-packages/airflow/example_dags/example_short_circuit_operator.py
[2024-12-21T06:44:07.476+0000] {logging_mixin.py:190} INFO - [2024-12-21T06:44:07.476+0000] {dag.py:3239} INFO - Sync 1 DAGs
[2024-12-21T06:44:07.491+0000] {logging_mixin.py:190} INFO - [2024-12-21T06:44:07.491+0000] {dag.py:4180} INFO - Setting next_dagrun for example_short_circuit_operator to None, run_after=None
[2024-12-21T06:44:07.509+0000] {processor.py:208} INFO - Processing /home/airflow/.local/lib/python3.12/site-packages/airflow/example_dags/example_short_circuit_operator.py took 0.069 seconds
