[2024-12-21T06:26:24.013+0000] {processor.py:186} INFO - Started process (PID=103) to work on /home/airflow/.local/lib/python3.12/site-packages/airflow/example_dags/example_subdag_operator.py
[2024-12-21T06:26:24.013+0000] {processor.py:914} INFO - Processing file /home/airflow/.local/lib/python3.12/site-packages/airflow/example_dags/example_subdag_operator.py for tasks to queue
[2024-12-21T06:26:24.016+0000] {logging_mixin.py:190} INFO - [2024-12-21T06:26:24.015+0000] {dagbag.py:588} INFO - Filling up the DagBag from /home/airflow/.local/lib/python3.12/site-packages/airflow/example_dags/example_subdag_operator.py
[2024-12-21T06:26:24.047+0000] {processor.py:925} INFO - DAG(s) 'example_subdag_operator.section-1', 'example_subdag_operator.section-2', 'example_subdag_operator' retrieved from /home/airflow/.local/lib/python3.12/site-packages/airflow/example_dags/example_subdag_operator.py
[2024-12-21T06:26:24.159+0000] {logging_mixin.py:190} INFO - [2024-12-21T06:26:24.158+0000] {override.py:1911} INFO - Created Permission View: can read on DAG:example_subdag_operator
[2024-12-21T06:26:24.168+0000] {logging_mixin.py:190} INFO - [2024-12-21T06:26:24.168+0000] {override.py:1911} INFO - Created Permission View: can delete on DAG:example_subdag_operator
[2024-12-21T06:26:24.174+0000] {logging_mixin.py:190} INFO - [2024-12-21T06:26:24.174+0000] {override.py:1911} INFO - Created Permission View: can edit on DAG:example_subdag_operator
[2024-12-21T06:26:24.181+0000] {logging_mixin.py:190} INFO - [2024-12-21T06:26:24.180+0000] {override.py:1911} INFO - Created Permission View: menu access on DAG Run:example_subdag_operator
[2024-12-21T06:26:24.186+0000] {logging_mixin.py:190} INFO - [2024-12-21T06:26:24.186+0000] {override.py:1911} INFO - Created Permission View: can read on DAG Run:example_subdag_operator
[2024-12-21T06:26:24.192+0000] {logging_mixin.py:190} INFO - [2024-12-21T06:26:24.192+0000] {override.py:1911} INFO - Created Permission View: can create on DAG Run:example_subdag_operator
[2024-12-21T06:26:24.198+0000] {logging_mixin.py:190} INFO - [2024-12-21T06:26:24.197+0000] {override.py:1911} INFO - Created Permission View: can delete on DAG Run:example_subdag_operator
[2024-12-21T06:26:24.198+0000] {logging_mixin.py:190} INFO - [2024-12-21T06:26:24.198+0000] {dag.py:3239} INFO - Sync 3 DAGs
[2024-12-21T06:26:24.210+0000] {logging_mixin.py:190} INFO - [2024-12-21T06:26:24.210+0000] {dag.py:3262} INFO - Creating ORM DAG for example_subdag_operator.section-1
[2024-12-21T06:26:24.211+0000] {logging_mixin.py:190} INFO - [2024-12-21T06:26:24.211+0000] {dag.py:3262} INFO - Creating ORM DAG for example_subdag_operator.section-2
[2024-12-21T06:26:24.212+0000] {logging_mixin.py:190} INFO - [2024-12-21T06:26:24.212+0000] {dag.py:3262} INFO - Creating ORM DAG for example_subdag_operator
[2024-12-21T06:26:24.227+0000] {logging_mixin.py:190} INFO - [2024-12-21T06:26:24.227+0000] {dag.py:4180} INFO - Setting next_dagrun for example_subdag_operator to 2022-01-01 00:00:00+00:00, run_after=2022-01-01 00:00:00+00:00
[2024-12-21T06:26:24.228+0000] {logging_mixin.py:190} INFO - [2024-12-21T06:26:24.228+0000] {dag.py:4180} INFO - Setting next_dagrun for example_subdag_operator.section-1 to None, run_after=None
[2024-12-21T06:26:24.229+0000] {logging_mixin.py:190} INFO - [2024-12-21T06:26:24.229+0000] {dag.py:4180} INFO - Setting next_dagrun for example_subdag_operator.section-2 to None, run_after=None
[2024-12-21T06:26:24.237+0000] {logging_mixin.py:190} INFO - [2024-12-21T06:26:24.237+0000] {dag.py:3239} INFO - Sync 2 DAGs
[2024-12-21T06:26:24.243+0000] {logging_mixin.py:190} INFO - [2024-12-21T06:26:24.242+0000] {dag.py:4180} INFO - Setting next_dagrun for example_subdag_operator.section-1 to None, run_after=None
[2024-12-21T06:26:24.245+0000] {logging_mixin.py:190} INFO - [2024-12-21T06:26:24.245+0000] {dag.py:4180} INFO - Setting next_dagrun for example_subdag_operator.section-2 to None, run_after=None
[2024-12-21T06:26:24.257+0000] {processor.py:208} INFO - Processing /home/airflow/.local/lib/python3.12/site-packages/airflow/example_dags/example_subdag_operator.py took 0.251 seconds
[2024-12-21T06:26:54.691+0000] {processor.py:186} INFO - Started process (PID=166) to work on /home/airflow/.local/lib/python3.12/site-packages/airflow/example_dags/example_subdag_operator.py
[2024-12-21T06:26:54.691+0000] {processor.py:914} INFO - Processing file /home/airflow/.local/lib/python3.12/site-packages/airflow/example_dags/example_subdag_operator.py for tasks to queue
[2024-12-21T06:26:54.693+0000] {logging_mixin.py:190} INFO - [2024-12-21T06:26:54.693+0000] {dagbag.py:588} INFO - Filling up the DagBag from /home/airflow/.local/lib/python3.12/site-packages/airflow/example_dags/example_subdag_operator.py
[2024-12-21T06:26:54.714+0000] {processor.py:925} INFO - DAG(s) 'example_subdag_operator.section-1', 'example_subdag_operator.section-2', 'example_subdag_operator' retrieved from /home/airflow/.local/lib/python3.12/site-packages/airflow/example_dags/example_subdag_operator.py
[2024-12-21T06:26:54.726+0000] {logging_mixin.py:190} INFO - [2024-12-21T06:26:54.726+0000] {dag.py:3239} INFO - Sync 3 DAGs
[2024-12-21T06:26:54.747+0000] {logging_mixin.py:190} INFO - [2024-12-21T06:26:54.747+0000] {dag.py:4180} INFO - Setting next_dagrun for example_subdag_operator to 2022-01-01 00:00:00+00:00, run_after=2022-01-01 00:00:00+00:00
[2024-12-21T06:26:54.750+0000] {logging_mixin.py:190} INFO - [2024-12-21T06:26:54.750+0000] {dag.py:4180} INFO - Setting next_dagrun for example_subdag_operator.section-1 to None, run_after=None
[2024-12-21T06:26:54.751+0000] {logging_mixin.py:190} INFO - [2024-12-21T06:26:54.751+0000] {dag.py:4180} INFO - Setting next_dagrun for example_subdag_operator.section-2 to None, run_after=None
[2024-12-21T06:26:54.756+0000] {logging_mixin.py:190} INFO - [2024-12-21T06:26:54.756+0000] {dag.py:3239} INFO - Sync 2 DAGs
[2024-12-21T06:26:54.761+0000] {logging_mixin.py:190} INFO - [2024-12-21T06:26:54.761+0000] {dag.py:4180} INFO - Setting next_dagrun for example_subdag_operator.section-1 to None, run_after=None
[2024-12-21T06:26:54.761+0000] {logging_mixin.py:190} INFO - [2024-12-21T06:26:54.761+0000] {dag.py:4180} INFO - Setting next_dagrun for example_subdag_operator.section-2 to None, run_after=None
[2024-12-21T06:26:54.776+0000] {processor.py:208} INFO - Processing /home/airflow/.local/lib/python3.12/site-packages/airflow/example_dags/example_subdag_operator.py took 0.090 seconds
[2024-12-21T06:27:25.623+0000] {processor.py:186} INFO - Started process (PID=229) to work on /home/airflow/.local/lib/python3.12/site-packages/airflow/example_dags/example_subdag_operator.py
[2024-12-21T06:27:25.625+0000] {processor.py:914} INFO - Processing file /home/airflow/.local/lib/python3.12/site-packages/airflow/example_dags/example_subdag_operator.py for tasks to queue
[2024-12-21T06:27:25.627+0000] {logging_mixin.py:190} INFO - [2024-12-21T06:27:25.626+0000] {dagbag.py:588} INFO - Filling up the DagBag from /home/airflow/.local/lib/python3.12/site-packages/airflow/example_dags/example_subdag_operator.py
[2024-12-21T06:27:25.660+0000] {processor.py:925} INFO - DAG(s) 'example_subdag_operator.section-1', 'example_subdag_operator.section-2', 'example_subdag_operator' retrieved from /home/airflow/.local/lib/python3.12/site-packages/airflow/example_dags/example_subdag_operator.py
[2024-12-21T06:27:25.688+0000] {logging_mixin.py:190} INFO - [2024-12-21T06:27:25.688+0000] {dag.py:3239} INFO - Sync 3 DAGs
[2024-12-21T06:27:25.730+0000] {logging_mixin.py:190} INFO - [2024-12-21T06:27:25.730+0000] {dag.py:4180} INFO - Setting next_dagrun for example_subdag_operator to 2022-01-01 00:00:00+00:00, run_after=2022-01-01 00:00:00+00:00
[2024-12-21T06:27:25.736+0000] {logging_mixin.py:190} INFO - [2024-12-21T06:27:25.735+0000] {dag.py:4180} INFO - Setting next_dagrun for example_subdag_operator.section-1 to None, run_after=None
[2024-12-21T06:27:25.738+0000] {logging_mixin.py:190} INFO - [2024-12-21T06:27:25.738+0000] {dag.py:4180} INFO - Setting next_dagrun for example_subdag_operator.section-2 to None, run_after=None
[2024-12-21T06:27:25.751+0000] {logging_mixin.py:190} INFO - [2024-12-21T06:27:25.750+0000] {dag.py:3239} INFO - Sync 2 DAGs
[2024-12-21T06:27:25.765+0000] {logging_mixin.py:190} INFO - [2024-12-21T06:27:25.765+0000] {dag.py:4180} INFO - Setting next_dagrun for example_subdag_operator.section-1 to None, run_after=None
[2024-12-21T06:27:25.766+0000] {logging_mixin.py:190} INFO - [2024-12-21T06:27:25.765+0000] {dag.py:4180} INFO - Setting next_dagrun for example_subdag_operator.section-2 to None, run_after=None
[2024-12-21T06:27:25.792+0000] {processor.py:208} INFO - Processing /home/airflow/.local/lib/python3.12/site-packages/airflow/example_dags/example_subdag_operator.py took 0.177 seconds
[2024-12-21T06:27:56.631+0000] {processor.py:186} INFO - Started process (PID=292) to work on /home/airflow/.local/lib/python3.12/site-packages/airflow/example_dags/example_subdag_operator.py
[2024-12-21T06:27:56.632+0000] {processor.py:914} INFO - Processing file /home/airflow/.local/lib/python3.12/site-packages/airflow/example_dags/example_subdag_operator.py for tasks to queue
[2024-12-21T06:27:56.634+0000] {logging_mixin.py:190} INFO - [2024-12-21T06:27:56.633+0000] {dagbag.py:588} INFO - Filling up the DagBag from /home/airflow/.local/lib/python3.12/site-packages/airflow/example_dags/example_subdag_operator.py
[2024-12-21T06:27:56.659+0000] {processor.py:925} INFO - DAG(s) 'example_subdag_operator.section-1', 'example_subdag_operator.section-2', 'example_subdag_operator' retrieved from /home/airflow/.local/lib/python3.12/site-packages/airflow/example_dags/example_subdag_operator.py
[2024-12-21T06:27:56.673+0000] {logging_mixin.py:190} INFO - [2024-12-21T06:27:56.673+0000] {dag.py:3239} INFO - Sync 3 DAGs
[2024-12-21T06:27:56.697+0000] {logging_mixin.py:190} INFO - [2024-12-21T06:27:56.696+0000] {dag.py:4180} INFO - Setting next_dagrun for example_subdag_operator to 2022-01-01 00:00:00+00:00, run_after=2022-01-01 00:00:00+00:00
[2024-12-21T06:27:56.700+0000] {logging_mixin.py:190} INFO - [2024-12-21T06:27:56.700+0000] {dag.py:4180} INFO - Setting next_dagrun for example_subdag_operator.section-1 to None, run_after=None
[2024-12-21T06:27:56.701+0000] {logging_mixin.py:190} INFO - [2024-12-21T06:27:56.701+0000] {dag.py:4180} INFO - Setting next_dagrun for example_subdag_operator.section-2 to None, run_after=None
[2024-12-21T06:27:56.709+0000] {logging_mixin.py:190} INFO - [2024-12-21T06:27:56.709+0000] {dag.py:3239} INFO - Sync 2 DAGs
[2024-12-21T06:27:56.715+0000] {logging_mixin.py:190} INFO - [2024-12-21T06:27:56.715+0000] {dag.py:4180} INFO - Setting next_dagrun for example_subdag_operator.section-1 to None, run_after=None
[2024-12-21T06:27:56.715+0000] {logging_mixin.py:190} INFO - [2024-12-21T06:27:56.715+0000] {dag.py:4180} INFO - Setting next_dagrun for example_subdag_operator.section-2 to None, run_after=None
[2024-12-21T06:27:56.734+0000] {processor.py:208} INFO - Processing /home/airflow/.local/lib/python3.12/site-packages/airflow/example_dags/example_subdag_operator.py took 0.109 seconds
[2024-12-21T06:28:27.084+0000] {processor.py:186} INFO - Started process (PID=354) to work on /home/airflow/.local/lib/python3.12/site-packages/airflow/example_dags/example_subdag_operator.py
[2024-12-21T06:28:27.085+0000] {processor.py:914} INFO - Processing file /home/airflow/.local/lib/python3.12/site-packages/airflow/example_dags/example_subdag_operator.py for tasks to queue
[2024-12-21T06:28:27.087+0000] {logging_mixin.py:190} INFO - [2024-12-21T06:28:27.087+0000] {dagbag.py:588} INFO - Filling up the DagBag from /home/airflow/.local/lib/python3.12/site-packages/airflow/example_dags/example_subdag_operator.py
[2024-12-21T06:28:27.123+0000] {processor.py:925} INFO - DAG(s) 'example_subdag_operator.section-1', 'example_subdag_operator.section-2', 'example_subdag_operator' retrieved from /home/airflow/.local/lib/python3.12/site-packages/airflow/example_dags/example_subdag_operator.py
[2024-12-21T06:28:27.146+0000] {logging_mixin.py:190} INFO - [2024-12-21T06:28:27.146+0000] {dag.py:3239} INFO - Sync 3 DAGs
[2024-12-21T06:28:27.173+0000] {logging_mixin.py:190} INFO - [2024-12-21T06:28:27.173+0000] {dag.py:4180} INFO - Setting next_dagrun for example_subdag_operator to 2022-01-01 00:00:00+00:00, run_after=2022-01-01 00:00:00+00:00
[2024-12-21T06:28:27.177+0000] {logging_mixin.py:190} INFO - [2024-12-21T06:28:27.176+0000] {dag.py:4180} INFO - Setting next_dagrun for example_subdag_operator.section-1 to None, run_after=None
[2024-12-21T06:28:27.178+0000] {logging_mixin.py:190} INFO - [2024-12-21T06:28:27.178+0000] {dag.py:4180} INFO - Setting next_dagrun for example_subdag_operator.section-2 to None, run_after=None
[2024-12-21T06:28:27.185+0000] {logging_mixin.py:190} INFO - [2024-12-21T06:28:27.185+0000] {dag.py:3239} INFO - Sync 2 DAGs
[2024-12-21T06:28:27.190+0000] {logging_mixin.py:190} INFO - [2024-12-21T06:28:27.190+0000] {dag.py:4180} INFO - Setting next_dagrun for example_subdag_operator.section-1 to None, run_after=None
[2024-12-21T06:28:27.190+0000] {logging_mixin.py:190} INFO - [2024-12-21T06:28:27.190+0000] {dag.py:4180} INFO - Setting next_dagrun for example_subdag_operator.section-2 to None, run_after=None
[2024-12-21T06:28:27.200+0000] {processor.py:208} INFO - Processing /home/airflow/.local/lib/python3.12/site-packages/airflow/example_dags/example_subdag_operator.py took 0.123 seconds
[2024-12-21T06:28:58.185+0000] {processor.py:186} INFO - Started process (PID=417) to work on /home/airflow/.local/lib/python3.12/site-packages/airflow/example_dags/example_subdag_operator.py
[2024-12-21T06:28:58.187+0000] {processor.py:914} INFO - Processing file /home/airflow/.local/lib/python3.12/site-packages/airflow/example_dags/example_subdag_operator.py for tasks to queue
[2024-12-21T06:28:58.190+0000] {logging_mixin.py:190} INFO - [2024-12-21T06:28:58.189+0000] {dagbag.py:588} INFO - Filling up the DagBag from /home/airflow/.local/lib/python3.12/site-packages/airflow/example_dags/example_subdag_operator.py
[2024-12-21T06:28:58.219+0000] {processor.py:925} INFO - DAG(s) 'example_subdag_operator.section-1', 'example_subdag_operator.section-2', 'example_subdag_operator' retrieved from /home/airflow/.local/lib/python3.12/site-packages/airflow/example_dags/example_subdag_operator.py
[2024-12-21T06:28:58.234+0000] {logging_mixin.py:190} INFO - [2024-12-21T06:28:58.233+0000] {dag.py:3239} INFO - Sync 3 DAGs
[2024-12-21T06:28:58.262+0000] {logging_mixin.py:190} INFO - [2024-12-21T06:28:58.262+0000] {dag.py:4180} INFO - Setting next_dagrun for example_subdag_operator to 2022-01-01 00:00:00+00:00, run_after=2022-01-01 00:00:00+00:00
[2024-12-21T06:28:58.265+0000] {logging_mixin.py:190} INFO - [2024-12-21T06:28:58.265+0000] {dag.py:4180} INFO - Setting next_dagrun for example_subdag_operator.section-1 to None, run_after=None
[2024-12-21T06:28:58.267+0000] {logging_mixin.py:190} INFO - [2024-12-21T06:28:58.266+0000] {dag.py:4180} INFO - Setting next_dagrun for example_subdag_operator.section-2 to None, run_after=None
[2024-12-21T06:28:58.272+0000] {logging_mixin.py:190} INFO - [2024-12-21T06:28:58.272+0000] {dag.py:3239} INFO - Sync 2 DAGs
[2024-12-21T06:28:58.276+0000] {logging_mixin.py:190} INFO - [2024-12-21T06:28:58.276+0000] {dag.py:4180} INFO - Setting next_dagrun for example_subdag_operator.section-1 to None, run_after=None
[2024-12-21T06:28:58.277+0000] {logging_mixin.py:190} INFO - [2024-12-21T06:28:58.277+0000] {dag.py:4180} INFO - Setting next_dagrun for example_subdag_operator.section-2 to None, run_after=None
[2024-12-21T06:28:58.292+0000] {processor.py:208} INFO - Processing /home/airflow/.local/lib/python3.12/site-packages/airflow/example_dags/example_subdag_operator.py took 0.117 seconds
[2024-12-21T06:29:28.936+0000] {processor.py:186} INFO - Started process (PID=480) to work on /home/airflow/.local/lib/python3.12/site-packages/airflow/example_dags/example_subdag_operator.py
[2024-12-21T06:29:28.937+0000] {processor.py:914} INFO - Processing file /home/airflow/.local/lib/python3.12/site-packages/airflow/example_dags/example_subdag_operator.py for tasks to queue
[2024-12-21T06:29:28.939+0000] {logging_mixin.py:190} INFO - [2024-12-21T06:29:28.939+0000] {dagbag.py:588} INFO - Filling up the DagBag from /home/airflow/.local/lib/python3.12/site-packages/airflow/example_dags/example_subdag_operator.py
[2024-12-21T06:29:28.963+0000] {processor.py:925} INFO - DAG(s) 'example_subdag_operator.section-1', 'example_subdag_operator.section-2', 'example_subdag_operator' retrieved from /home/airflow/.local/lib/python3.12/site-packages/airflow/example_dags/example_subdag_operator.py
[2024-12-21T06:29:28.977+0000] {logging_mixin.py:190} INFO - [2024-12-21T06:29:28.977+0000] {dag.py:3239} INFO - Sync 3 DAGs
[2024-12-21T06:29:28.998+0000] {logging_mixin.py:190} INFO - [2024-12-21T06:29:28.998+0000] {dag.py:4180} INFO - Setting next_dagrun for example_subdag_operator to 2022-01-01 00:00:00+00:00, run_after=2022-01-01 00:00:00+00:00
[2024-12-21T06:29:29.002+0000] {logging_mixin.py:190} INFO - [2024-12-21T06:29:29.001+0000] {dag.py:4180} INFO - Setting next_dagrun for example_subdag_operator.section-1 to None, run_after=None
[2024-12-21T06:29:29.003+0000] {logging_mixin.py:190} INFO - [2024-12-21T06:29:29.003+0000] {dag.py:4180} INFO - Setting next_dagrun for example_subdag_operator.section-2 to None, run_after=None
[2024-12-21T06:29:29.009+0000] {logging_mixin.py:190} INFO - [2024-12-21T06:29:29.009+0000] {dag.py:3239} INFO - Sync 2 DAGs
[2024-12-21T06:29:29.014+0000] {logging_mixin.py:190} INFO - [2024-12-21T06:29:29.014+0000] {dag.py:4180} INFO - Setting next_dagrun for example_subdag_operator.section-1 to None, run_after=None
[2024-12-21T06:29:29.014+0000] {logging_mixin.py:190} INFO - [2024-12-21T06:29:29.014+0000] {dag.py:4180} INFO - Setting next_dagrun for example_subdag_operator.section-2 to None, run_after=None
[2024-12-21T06:29:29.029+0000] {processor.py:208} INFO - Processing /home/airflow/.local/lib/python3.12/site-packages/airflow/example_dags/example_subdag_operator.py took 0.099 seconds
[2024-12-21T06:30:00.276+0000] {processor.py:186} INFO - Started process (PID=543) to work on /home/airflow/.local/lib/python3.12/site-packages/airflow/example_dags/example_subdag_operator.py
[2024-12-21T06:30:00.277+0000] {processor.py:914} INFO - Processing file /home/airflow/.local/lib/python3.12/site-packages/airflow/example_dags/example_subdag_operator.py for tasks to queue
[2024-12-21T06:30:00.279+0000] {logging_mixin.py:190} INFO - [2024-12-21T06:30:00.278+0000] {dagbag.py:588} INFO - Filling up the DagBag from /home/airflow/.local/lib/python3.12/site-packages/airflow/example_dags/example_subdag_operator.py
[2024-12-21T06:30:00.303+0000] {processor.py:925} INFO - DAG(s) 'example_subdag_operator.section-1', 'example_subdag_operator.section-2', 'example_subdag_operator' retrieved from /home/airflow/.local/lib/python3.12/site-packages/airflow/example_dags/example_subdag_operator.py
[2024-12-21T06:30:00.317+0000] {logging_mixin.py:190} INFO - [2024-12-21T06:30:00.317+0000] {dag.py:3239} INFO - Sync 3 DAGs
[2024-12-21T06:30:00.342+0000] {logging_mixin.py:190} INFO - [2024-12-21T06:30:00.342+0000] {dag.py:4180} INFO - Setting next_dagrun for example_subdag_operator to 2022-01-01 00:00:00+00:00, run_after=2022-01-01 00:00:00+00:00
[2024-12-21T06:30:00.346+0000] {logging_mixin.py:190} INFO - [2024-12-21T06:30:00.346+0000] {dag.py:4180} INFO - Setting next_dagrun for example_subdag_operator.section-1 to None, run_after=None
[2024-12-21T06:30:00.347+0000] {logging_mixin.py:190} INFO - [2024-12-21T06:30:00.347+0000] {dag.py:4180} INFO - Setting next_dagrun for example_subdag_operator.section-2 to None, run_after=None
[2024-12-21T06:30:00.354+0000] {logging_mixin.py:190} INFO - [2024-12-21T06:30:00.353+0000] {dag.py:3239} INFO - Sync 2 DAGs
[2024-12-21T06:30:00.360+0000] {logging_mixin.py:190} INFO - [2024-12-21T06:30:00.359+0000] {dag.py:4180} INFO - Setting next_dagrun for example_subdag_operator.section-1 to None, run_after=None
[2024-12-21T06:30:00.360+0000] {logging_mixin.py:190} INFO - [2024-12-21T06:30:00.360+0000] {dag.py:4180} INFO - Setting next_dagrun for example_subdag_operator.section-2 to None, run_after=None
[2024-12-21T06:30:00.376+0000] {processor.py:208} INFO - Processing /home/airflow/.local/lib/python3.12/site-packages/airflow/example_dags/example_subdag_operator.py took 0.106 seconds
[2024-12-21T06:30:31.706+0000] {processor.py:186} INFO - Started process (PID=606) to work on /home/airflow/.local/lib/python3.12/site-packages/airflow/example_dags/example_subdag_operator.py
[2024-12-21T06:30:31.707+0000] {processor.py:914} INFO - Processing file /home/airflow/.local/lib/python3.12/site-packages/airflow/example_dags/example_subdag_operator.py for tasks to queue
[2024-12-21T06:30:31.709+0000] {logging_mixin.py:190} INFO - [2024-12-21T06:30:31.709+0000] {dagbag.py:588} INFO - Filling up the DagBag from /home/airflow/.local/lib/python3.12/site-packages/airflow/example_dags/example_subdag_operator.py
[2024-12-21T06:30:31.733+0000] {processor.py:925} INFO - DAG(s) 'example_subdag_operator.section-1', 'example_subdag_operator.section-2', 'example_subdag_operator' retrieved from /home/airflow/.local/lib/python3.12/site-packages/airflow/example_dags/example_subdag_operator.py
[2024-12-21T06:30:31.747+0000] {logging_mixin.py:190} INFO - [2024-12-21T06:30:31.747+0000] {dag.py:3239} INFO - Sync 3 DAGs
[2024-12-21T06:30:31.769+0000] {logging_mixin.py:190} INFO - [2024-12-21T06:30:31.769+0000] {dag.py:4180} INFO - Setting next_dagrun for example_subdag_operator to 2022-01-01 00:00:00+00:00, run_after=2022-01-01 00:00:00+00:00
[2024-12-21T06:30:31.773+0000] {logging_mixin.py:190} INFO - [2024-12-21T06:30:31.772+0000] {dag.py:4180} INFO - Setting next_dagrun for example_subdag_operator.section-1 to None, run_after=None
[2024-12-21T06:30:31.774+0000] {logging_mixin.py:190} INFO - [2024-12-21T06:30:31.773+0000] {dag.py:4180} INFO - Setting next_dagrun for example_subdag_operator.section-2 to None, run_after=None
[2024-12-21T06:30:31.780+0000] {logging_mixin.py:190} INFO - [2024-12-21T06:30:31.780+0000] {dag.py:3239} INFO - Sync 2 DAGs
[2024-12-21T06:30:31.786+0000] {logging_mixin.py:190} INFO - [2024-12-21T06:30:31.786+0000] {dag.py:4180} INFO - Setting next_dagrun for example_subdag_operator.section-1 to None, run_after=None
[2024-12-21T06:30:31.786+0000] {logging_mixin.py:190} INFO - [2024-12-21T06:30:31.786+0000] {dag.py:4180} INFO - Setting next_dagrun for example_subdag_operator.section-2 to None, run_after=None
[2024-12-21T06:30:31.802+0000] {processor.py:208} INFO - Processing /home/airflow/.local/lib/python3.12/site-packages/airflow/example_dags/example_subdag_operator.py took 0.101 seconds
[2024-12-21T06:31:04.595+0000] {processor.py:186} INFO - Started process (PID=670) to work on /home/airflow/.local/lib/python3.12/site-packages/airflow/example_dags/example_subdag_operator.py
[2024-12-21T06:31:04.596+0000] {processor.py:914} INFO - Processing file /home/airflow/.local/lib/python3.12/site-packages/airflow/example_dags/example_subdag_operator.py for tasks to queue
[2024-12-21T06:31:04.598+0000] {logging_mixin.py:190} INFO - [2024-12-21T06:31:04.598+0000] {dagbag.py:588} INFO - Filling up the DagBag from /home/airflow/.local/lib/python3.12/site-packages/airflow/example_dags/example_subdag_operator.py
[2024-12-21T06:31:04.630+0000] {processor.py:925} INFO - DAG(s) 'example_subdag_operator.section-1', 'example_subdag_operator.section-2', 'example_subdag_operator' retrieved from /home/airflow/.local/lib/python3.12/site-packages/airflow/example_dags/example_subdag_operator.py
[2024-12-21T06:31:04.656+0000] {logging_mixin.py:190} INFO - [2024-12-21T06:31:04.655+0000] {dag.py:3239} INFO - Sync 3 DAGs
[2024-12-21T06:31:04.693+0000] {logging_mixin.py:190} INFO - [2024-12-21T06:31:04.693+0000] {dag.py:4180} INFO - Setting next_dagrun for example_subdag_operator to 2022-01-01 00:00:00+00:00, run_after=2022-01-01 00:00:00+00:00
[2024-12-21T06:31:04.698+0000] {logging_mixin.py:190} INFO - [2024-12-21T06:31:04.698+0000] {dag.py:4180} INFO - Setting next_dagrun for example_subdag_operator.section-1 to None, run_after=None
[2024-12-21T06:31:04.700+0000] {logging_mixin.py:190} INFO - [2024-12-21T06:31:04.699+0000] {dag.py:4180} INFO - Setting next_dagrun for example_subdag_operator.section-2 to None, run_after=None
[2024-12-21T06:31:04.709+0000] {logging_mixin.py:190} INFO - [2024-12-21T06:31:04.709+0000] {dag.py:3239} INFO - Sync 2 DAGs
[2024-12-21T06:31:04.718+0000] {logging_mixin.py:190} INFO - [2024-12-21T06:31:04.718+0000] {dag.py:4180} INFO - Setting next_dagrun for example_subdag_operator.section-1 to None, run_after=None
[2024-12-21T06:31:04.719+0000] {logging_mixin.py:190} INFO - [2024-12-21T06:31:04.719+0000] {dag.py:4180} INFO - Setting next_dagrun for example_subdag_operator.section-2 to None, run_after=None
[2024-12-21T06:31:04.732+0000] {processor.py:208} INFO - Processing /home/airflow/.local/lib/python3.12/site-packages/airflow/example_dags/example_subdag_operator.py took 0.143 seconds
[2024-12-21T06:31:36.013+0000] {processor.py:186} INFO - Started process (PID=733) to work on /home/airflow/.local/lib/python3.12/site-packages/airflow/example_dags/example_subdag_operator.py
[2024-12-21T06:31:36.014+0000] {processor.py:914} INFO - Processing file /home/airflow/.local/lib/python3.12/site-packages/airflow/example_dags/example_subdag_operator.py for tasks to queue
[2024-12-21T06:31:36.016+0000] {logging_mixin.py:190} INFO - [2024-12-21T06:31:36.016+0000] {dagbag.py:588} INFO - Filling up the DagBag from /home/airflow/.local/lib/python3.12/site-packages/airflow/example_dags/example_subdag_operator.py
[2024-12-21T06:31:36.041+0000] {processor.py:925} INFO - DAG(s) 'example_subdag_operator.section-1', 'example_subdag_operator.section-2', 'example_subdag_operator' retrieved from /home/airflow/.local/lib/python3.12/site-packages/airflow/example_dags/example_subdag_operator.py
[2024-12-21T06:31:36.054+0000] {logging_mixin.py:190} INFO - [2024-12-21T06:31:36.054+0000] {dag.py:3239} INFO - Sync 3 DAGs
[2024-12-21T06:31:36.088+0000] {logging_mixin.py:190} INFO - [2024-12-21T06:31:36.088+0000] {dag.py:4180} INFO - Setting next_dagrun for example_subdag_operator to 2022-01-01 00:00:00+00:00, run_after=2022-01-01 00:00:00+00:00
[2024-12-21T06:31:36.094+0000] {logging_mixin.py:190} INFO - [2024-12-21T06:31:36.094+0000] {dag.py:4180} INFO - Setting next_dagrun for example_subdag_operator.section-1 to None, run_after=None
[2024-12-21T06:31:36.096+0000] {logging_mixin.py:190} INFO - [2024-12-21T06:31:36.096+0000] {dag.py:4180} INFO - Setting next_dagrun for example_subdag_operator.section-2 to None, run_after=None
[2024-12-21T06:31:36.106+0000] {logging_mixin.py:190} INFO - [2024-12-21T06:31:36.106+0000] {dag.py:3239} INFO - Sync 2 DAGs
[2024-12-21T06:31:36.116+0000] {logging_mixin.py:190} INFO - [2024-12-21T06:31:36.116+0000] {dag.py:4180} INFO - Setting next_dagrun for example_subdag_operator.section-1 to None, run_after=None
[2024-12-21T06:31:36.116+0000] {logging_mixin.py:190} INFO - [2024-12-21T06:31:36.116+0000] {dag.py:4180} INFO - Setting next_dagrun for example_subdag_operator.section-2 to None, run_after=None
[2024-12-21T06:31:36.127+0000] {processor.py:208} INFO - Processing /home/airflow/.local/lib/python3.12/site-packages/airflow/example_dags/example_subdag_operator.py took 0.120 seconds
[2024-12-21T06:32:06.883+0000] {processor.py:186} INFO - Started process (PID=796) to work on /home/airflow/.local/lib/python3.12/site-packages/airflow/example_dags/example_subdag_operator.py
[2024-12-21T06:32:06.884+0000] {processor.py:914} INFO - Processing file /home/airflow/.local/lib/python3.12/site-packages/airflow/example_dags/example_subdag_operator.py for tasks to queue
[2024-12-21T06:32:06.885+0000] {logging_mixin.py:190} INFO - [2024-12-21T06:32:06.885+0000] {dagbag.py:588} INFO - Filling up the DagBag from /home/airflow/.local/lib/python3.12/site-packages/airflow/example_dags/example_subdag_operator.py
[2024-12-21T06:32:06.907+0000] {processor.py:925} INFO - DAG(s) 'example_subdag_operator.section-1', 'example_subdag_operator.section-2', 'example_subdag_operator' retrieved from /home/airflow/.local/lib/python3.12/site-packages/airflow/example_dags/example_subdag_operator.py
[2024-12-21T06:32:06.927+0000] {logging_mixin.py:190} INFO - [2024-12-21T06:32:06.927+0000] {dag.py:3239} INFO - Sync 3 DAGs
[2024-12-21T06:32:06.952+0000] {logging_mixin.py:190} INFO - [2024-12-21T06:32:06.951+0000] {dag.py:4180} INFO - Setting next_dagrun for example_subdag_operator to 2022-01-01 00:00:00+00:00, run_after=2022-01-01 00:00:00+00:00
[2024-12-21T06:32:06.955+0000] {logging_mixin.py:190} INFO - [2024-12-21T06:32:06.955+0000] {dag.py:4180} INFO - Setting next_dagrun for example_subdag_operator.section-1 to None, run_after=None
[2024-12-21T06:32:06.957+0000] {logging_mixin.py:190} INFO - [2024-12-21T06:32:06.957+0000] {dag.py:4180} INFO - Setting next_dagrun for example_subdag_operator.section-2 to None, run_after=None
[2024-12-21T06:32:06.963+0000] {logging_mixin.py:190} INFO - [2024-12-21T06:32:06.963+0000] {dag.py:3239} INFO - Sync 2 DAGs
[2024-12-21T06:32:06.969+0000] {logging_mixin.py:190} INFO - [2024-12-21T06:32:06.968+0000] {dag.py:4180} INFO - Setting next_dagrun for example_subdag_operator.section-1 to None, run_after=None
[2024-12-21T06:32:06.969+0000] {logging_mixin.py:190} INFO - [2024-12-21T06:32:06.969+0000] {dag.py:4180} INFO - Setting next_dagrun for example_subdag_operator.section-2 to None, run_after=None
[2024-12-21T06:32:06.978+0000] {processor.py:208} INFO - Processing /home/airflow/.local/lib/python3.12/site-packages/airflow/example_dags/example_subdag_operator.py took 0.100 seconds
[2024-12-21T06:32:37.692+0000] {processor.py:186} INFO - Started process (PID=859) to work on /home/airflow/.local/lib/python3.12/site-packages/airflow/example_dags/example_subdag_operator.py
[2024-12-21T06:32:37.693+0000] {processor.py:914} INFO - Processing file /home/airflow/.local/lib/python3.12/site-packages/airflow/example_dags/example_subdag_operator.py for tasks to queue
[2024-12-21T06:32:37.695+0000] {logging_mixin.py:190} INFO - [2024-12-21T06:32:37.695+0000] {dagbag.py:588} INFO - Filling up the DagBag from /home/airflow/.local/lib/python3.12/site-packages/airflow/example_dags/example_subdag_operator.py
[2024-12-21T06:32:37.718+0000] {processor.py:925} INFO - DAG(s) 'example_subdag_operator.section-1', 'example_subdag_operator.section-2', 'example_subdag_operator' retrieved from /home/airflow/.local/lib/python3.12/site-packages/airflow/example_dags/example_subdag_operator.py
[2024-12-21T06:32:37.732+0000] {logging_mixin.py:190} INFO - [2024-12-21T06:32:37.732+0000] {dag.py:3239} INFO - Sync 3 DAGs
[2024-12-21T06:32:37.753+0000] {logging_mixin.py:190} INFO - [2024-12-21T06:32:37.753+0000] {dag.py:4180} INFO - Setting next_dagrun for example_subdag_operator to 2022-01-01 00:00:00+00:00, run_after=2022-01-01 00:00:00+00:00
[2024-12-21T06:32:37.757+0000] {logging_mixin.py:190} INFO - [2024-12-21T06:32:37.757+0000] {dag.py:4180} INFO - Setting next_dagrun for example_subdag_operator.section-1 to None, run_after=None
[2024-12-21T06:32:37.758+0000] {logging_mixin.py:190} INFO - [2024-12-21T06:32:37.758+0000] {dag.py:4180} INFO - Setting next_dagrun for example_subdag_operator.section-2 to None, run_after=None
[2024-12-21T06:32:37.764+0000] {logging_mixin.py:190} INFO - [2024-12-21T06:32:37.764+0000] {dag.py:3239} INFO - Sync 2 DAGs
[2024-12-21T06:32:37.769+0000] {logging_mixin.py:190} INFO - [2024-12-21T06:32:37.769+0000] {dag.py:4180} INFO - Setting next_dagrun for example_subdag_operator.section-1 to None, run_after=None
[2024-12-21T06:32:37.769+0000] {logging_mixin.py:190} INFO - [2024-12-21T06:32:37.769+0000] {dag.py:4180} INFO - Setting next_dagrun for example_subdag_operator.section-2 to None, run_after=None
[2024-12-21T06:32:37.779+0000] {processor.py:208} INFO - Processing /home/airflow/.local/lib/python3.12/site-packages/airflow/example_dags/example_subdag_operator.py took 0.092 seconds
[2024-12-21T06:33:09.065+0000] {processor.py:186} INFO - Started process (PID=922) to work on /home/airflow/.local/lib/python3.12/site-packages/airflow/example_dags/example_subdag_operator.py
[2024-12-21T06:33:09.066+0000] {processor.py:914} INFO - Processing file /home/airflow/.local/lib/python3.12/site-packages/airflow/example_dags/example_subdag_operator.py for tasks to queue
[2024-12-21T06:33:09.068+0000] {logging_mixin.py:190} INFO - [2024-12-21T06:33:09.068+0000] {dagbag.py:588} INFO - Filling up the DagBag from /home/airflow/.local/lib/python3.12/site-packages/airflow/example_dags/example_subdag_operator.py
[2024-12-21T06:33:09.093+0000] {processor.py:925} INFO - DAG(s) 'example_subdag_operator.section-1', 'example_subdag_operator.section-2', 'example_subdag_operator' retrieved from /home/airflow/.local/lib/python3.12/site-packages/airflow/example_dags/example_subdag_operator.py
[2024-12-21T06:33:09.110+0000] {logging_mixin.py:190} INFO - [2024-12-21T06:33:09.110+0000] {dag.py:3239} INFO - Sync 3 DAGs
[2024-12-21T06:33:09.133+0000] {logging_mixin.py:190} INFO - [2024-12-21T06:33:09.133+0000] {dag.py:4180} INFO - Setting next_dagrun for example_subdag_operator to 2022-01-01 00:00:00+00:00, run_after=2022-01-01 00:00:00+00:00
[2024-12-21T06:33:09.137+0000] {logging_mixin.py:190} INFO - [2024-12-21T06:33:09.137+0000] {dag.py:4180} INFO - Setting next_dagrun for example_subdag_operator.section-1 to None, run_after=None
[2024-12-21T06:33:09.138+0000] {logging_mixin.py:190} INFO - [2024-12-21T06:33:09.138+0000] {dag.py:4180} INFO - Setting next_dagrun for example_subdag_operator.section-2 to None, run_after=None
[2024-12-21T06:33:09.144+0000] {logging_mixin.py:190} INFO - [2024-12-21T06:33:09.144+0000] {dag.py:3239} INFO - Sync 2 DAGs
[2024-12-21T06:33:09.150+0000] {logging_mixin.py:190} INFO - [2024-12-21T06:33:09.149+0000] {dag.py:4180} INFO - Setting next_dagrun for example_subdag_operator.section-1 to None, run_after=None
[2024-12-21T06:33:09.150+0000] {logging_mixin.py:190} INFO - [2024-12-21T06:33:09.150+0000] {dag.py:4180} INFO - Setting next_dagrun for example_subdag_operator.section-2 to None, run_after=None
[2024-12-21T06:33:09.159+0000] {processor.py:208} INFO - Processing /home/airflow/.local/lib/python3.12/site-packages/airflow/example_dags/example_subdag_operator.py took 0.099 seconds
[2024-12-21T06:33:40.291+0000] {processor.py:186} INFO - Started process (PID=985) to work on /home/airflow/.local/lib/python3.12/site-packages/airflow/example_dags/example_subdag_operator.py
[2024-12-21T06:33:40.292+0000] {processor.py:914} INFO - Processing file /home/airflow/.local/lib/python3.12/site-packages/airflow/example_dags/example_subdag_operator.py for tasks to queue
[2024-12-21T06:33:40.294+0000] {logging_mixin.py:190} INFO - [2024-12-21T06:33:40.294+0000] {dagbag.py:588} INFO - Filling up the DagBag from /home/airflow/.local/lib/python3.12/site-packages/airflow/example_dags/example_subdag_operator.py
[2024-12-21T06:33:40.326+0000] {processor.py:925} INFO - DAG(s) 'example_subdag_operator.section-1', 'example_subdag_operator.section-2', 'example_subdag_operator' retrieved from /home/airflow/.local/lib/python3.12/site-packages/airflow/example_dags/example_subdag_operator.py
[2024-12-21T06:33:40.354+0000] {logging_mixin.py:190} INFO - [2024-12-21T06:33:40.354+0000] {dag.py:3239} INFO - Sync 3 DAGs
[2024-12-21T06:33:40.404+0000] {logging_mixin.py:190} INFO - [2024-12-21T06:33:40.403+0000] {dag.py:4180} INFO - Setting next_dagrun for example_subdag_operator to 2022-01-01 00:00:00+00:00, run_after=2022-01-01 00:00:00+00:00
[2024-12-21T06:33:40.409+0000] {logging_mixin.py:190} INFO - [2024-12-21T06:33:40.409+0000] {dag.py:4180} INFO - Setting next_dagrun for example_subdag_operator.section-1 to None, run_after=None
[2024-12-21T06:33:40.411+0000] {logging_mixin.py:190} INFO - [2024-12-21T06:33:40.411+0000] {dag.py:4180} INFO - Setting next_dagrun for example_subdag_operator.section-2 to None, run_after=None
[2024-12-21T06:33:40.424+0000] {logging_mixin.py:190} INFO - [2024-12-21T06:33:40.424+0000] {dag.py:3239} INFO - Sync 2 DAGs
[2024-12-21T06:33:40.432+0000] {logging_mixin.py:190} INFO - [2024-12-21T06:33:40.432+0000] {dag.py:4180} INFO - Setting next_dagrun for example_subdag_operator.section-1 to None, run_after=None
[2024-12-21T06:33:40.433+0000] {logging_mixin.py:190} INFO - [2024-12-21T06:33:40.432+0000] {dag.py:4180} INFO - Setting next_dagrun for example_subdag_operator.section-2 to None, run_after=None
[2024-12-21T06:33:40.448+0000] {processor.py:208} INFO - Processing /home/airflow/.local/lib/python3.12/site-packages/airflow/example_dags/example_subdag_operator.py took 0.164 seconds
[2024-12-21T06:34:51.078+0000] {processor.py:186} INFO - Started process (PID=93) to work on /home/airflow/.local/lib/python3.12/site-packages/airflow/example_dags/example_subdag_operator.py
[2024-12-21T06:34:51.079+0000] {processor.py:914} INFO - Processing file /home/airflow/.local/lib/python3.12/site-packages/airflow/example_dags/example_subdag_operator.py for tasks to queue
[2024-12-21T06:34:51.083+0000] {logging_mixin.py:190} INFO - [2024-12-21T06:34:51.082+0000] {dagbag.py:588} INFO - Filling up the DagBag from /home/airflow/.local/lib/python3.12/site-packages/airflow/example_dags/example_subdag_operator.py
[2024-12-21T06:34:51.115+0000] {processor.py:925} INFO - DAG(s) 'example_subdag_operator.section-1', 'example_subdag_operator.section-2', 'example_subdag_operator' retrieved from /home/airflow/.local/lib/python3.12/site-packages/airflow/example_dags/example_subdag_operator.py
[2024-12-21T06:34:51.137+0000] {logging_mixin.py:190} INFO - [2024-12-21T06:34:51.137+0000] {dag.py:3239} INFO - Sync 3 DAGs
[2024-12-21T06:34:51.175+0000] {logging_mixin.py:190} INFO - [2024-12-21T06:34:51.174+0000] {dag.py:4180} INFO - Setting next_dagrun for example_subdag_operator to 2022-01-01 00:00:00+00:00, run_after=2022-01-01 00:00:00+00:00
[2024-12-21T06:34:51.182+0000] {logging_mixin.py:190} INFO - [2024-12-21T06:34:51.182+0000] {dag.py:4180} INFO - Setting next_dagrun for example_subdag_operator.section-1 to None, run_after=None
[2024-12-21T06:34:51.186+0000] {logging_mixin.py:190} INFO - [2024-12-21T06:34:51.185+0000] {dag.py:4180} INFO - Setting next_dagrun for example_subdag_operator.section-2 to None, run_after=None
[2024-12-21T06:34:51.199+0000] {logging_mixin.py:190} INFO - [2024-12-21T06:34:51.199+0000] {dag.py:3239} INFO - Sync 2 DAGs
[2024-12-21T06:34:51.208+0000] {logging_mixin.py:190} INFO - [2024-12-21T06:34:51.207+0000] {dag.py:4180} INFO - Setting next_dagrun for example_subdag_operator.section-1 to None, run_after=None
[2024-12-21T06:34:51.209+0000] {logging_mixin.py:190} INFO - [2024-12-21T06:34:51.208+0000] {dag.py:4180} INFO - Setting next_dagrun for example_subdag_operator.section-2 to None, run_after=None
[2024-12-21T06:34:51.227+0000] {processor.py:208} INFO - Processing /home/airflow/.local/lib/python3.12/site-packages/airflow/example_dags/example_subdag_operator.py took 0.157 seconds
