[2024-12-21T06:26:26.041+0000] {processor.py:186} INFO - Started process (PID=114) to work on /home/airflow/.local/lib/python3.12/site-packages/airflow/example_dags/tutorial.py
[2024-12-21T06:26:26.042+0000] {processor.py:914} INFO - Processing file /home/airflow/.local/lib/python3.12/site-packages/airflow/example_dags/tutorial.py for tasks to queue
[2024-12-21T06:26:26.044+0000] {logging_mixin.py:190} INFO - [2024-12-21T06:26:26.043+0000] {dagbag.py:588} INFO - Filling up the DagBag from /home/airflow/.local/lib/python3.12/site-packages/airflow/example_dags/tutorial.py
[2024-12-21T06:26:26.052+0000] {processor.py:925} INFO - DAG(s) 'tutorial' retrieved from /home/airflow/.local/lib/python3.12/site-packages/airflow/example_dags/tutorial.py
[2024-12-21T06:26:26.172+0000] {logging_mixin.py:190} INFO - [2024-12-21T06:26:26.171+0000] {override.py:1911} INFO - Created Permission View: can read on DAG:tutorial
[2024-12-21T06:26:26.182+0000] {logging_mixin.py:190} INFO - [2024-12-21T06:26:26.182+0000] {override.py:1911} INFO - Created Permission View: can delete on DAG:tutorial
[2024-12-21T06:26:26.189+0000] {logging_mixin.py:190} INFO - [2024-12-21T06:26:26.189+0000] {override.py:1911} INFO - Created Permission View: can edit on DAG:tutorial
[2024-12-21T06:26:26.197+0000] {logging_mixin.py:190} INFO - [2024-12-21T06:26:26.196+0000] {override.py:1911} INFO - Created Permission View: menu access on DAG Run:tutorial
[2024-12-21T06:26:26.205+0000] {logging_mixin.py:190} INFO - [2024-12-21T06:26:26.205+0000] {override.py:1911} INFO - Created Permission View: can read on DAG Run:tutorial
[2024-12-21T06:26:26.212+0000] {logging_mixin.py:190} INFO - [2024-12-21T06:26:26.212+0000] {override.py:1911} INFO - Created Permission View: can create on DAG Run:tutorial
[2024-12-21T06:26:26.219+0000] {logging_mixin.py:190} INFO - [2024-12-21T06:26:26.219+0000] {override.py:1911} INFO - Created Permission View: can delete on DAG Run:tutorial
[2024-12-21T06:26:26.219+0000] {logging_mixin.py:190} INFO - [2024-12-21T06:26:26.219+0000] {dag.py:3239} INFO - Sync 1 DAGs
[2024-12-21T06:26:26.235+0000] {logging_mixin.py:190} INFO - [2024-12-21T06:26:26.235+0000] {dag.py:3262} INFO - Creating ORM DAG for tutorial
[2024-12-21T06:26:26.246+0000] {logging_mixin.py:190} INFO - [2024-12-21T06:26:26.246+0000] {dag.py:4180} INFO - Setting next_dagrun for tutorial to 2024-12-20 00:00:00+00:00, run_after=2024-12-21 00:00:00+00:00
[2024-12-21T06:26:26.265+0000] {processor.py:208} INFO - Processing /home/airflow/.local/lib/python3.12/site-packages/airflow/example_dags/tutorial.py took 0.230 seconds
[2024-12-21T06:26:56.340+0000] {processor.py:186} INFO - Started process (PID=177) to work on /home/airflow/.local/lib/python3.12/site-packages/airflow/example_dags/tutorial.py
[2024-12-21T06:26:56.341+0000] {processor.py:914} INFO - Processing file /home/airflow/.local/lib/python3.12/site-packages/airflow/example_dags/tutorial.py for tasks to queue
[2024-12-21T06:26:56.344+0000] {logging_mixin.py:190} INFO - [2024-12-21T06:26:56.344+0000] {dagbag.py:588} INFO - Filling up the DagBag from /home/airflow/.local/lib/python3.12/site-packages/airflow/example_dags/tutorial.py
[2024-12-21T06:26:56.354+0000] {processor.py:925} INFO - DAG(s) 'tutorial' retrieved from /home/airflow/.local/lib/python3.12/site-packages/airflow/example_dags/tutorial.py
[2024-12-21T06:26:56.375+0000] {logging_mixin.py:190} INFO - [2024-12-21T06:26:56.375+0000] {dag.py:3239} INFO - Sync 1 DAGs
[2024-12-21T06:26:56.416+0000] {logging_mixin.py:190} INFO - [2024-12-21T06:26:56.416+0000] {dag.py:4180} INFO - Setting next_dagrun for tutorial to 2024-12-20 00:00:00+00:00, run_after=2024-12-21 00:00:00+00:00
[2024-12-21T06:26:56.445+0000] {processor.py:208} INFO - Processing /home/airflow/.local/lib/python3.12/site-packages/airflow/example_dags/tutorial.py took 0.113 seconds
[2024-12-21T06:27:26.479+0000] {processor.py:186} INFO - Started process (PID=239) to work on /home/airflow/.local/lib/python3.12/site-packages/airflow/example_dags/tutorial.py
[2024-12-21T06:27:26.480+0000] {processor.py:914} INFO - Processing file /home/airflow/.local/lib/python3.12/site-packages/airflow/example_dags/tutorial.py for tasks to queue
[2024-12-21T06:27:26.482+0000] {logging_mixin.py:190} INFO - [2024-12-21T06:27:26.481+0000] {dagbag.py:588} INFO - Filling up the DagBag from /home/airflow/.local/lib/python3.12/site-packages/airflow/example_dags/tutorial.py
[2024-12-21T06:27:26.487+0000] {processor.py:925} INFO - DAG(s) 'tutorial' retrieved from /home/airflow/.local/lib/python3.12/site-packages/airflow/example_dags/tutorial.py
[2024-12-21T06:27:26.502+0000] {logging_mixin.py:190} INFO - [2024-12-21T06:27:26.502+0000] {dag.py:3239} INFO - Sync 1 DAGs
[2024-12-21T06:27:26.520+0000] {logging_mixin.py:190} INFO - [2024-12-21T06:27:26.520+0000] {dag.py:4180} INFO - Setting next_dagrun for tutorial to 2024-12-20 00:00:00+00:00, run_after=2024-12-21 00:00:00+00:00
[2024-12-21T06:27:26.533+0000] {processor.py:208} INFO - Processing /home/airflow/.local/lib/python3.12/site-packages/airflow/example_dags/tutorial.py took 0.058 seconds
[2024-12-21T06:27:57.372+0000] {processor.py:186} INFO - Started process (PID=302) to work on /home/airflow/.local/lib/python3.12/site-packages/airflow/example_dags/tutorial.py
[2024-12-21T06:27:57.373+0000] {processor.py:914} INFO - Processing file /home/airflow/.local/lib/python3.12/site-packages/airflow/example_dags/tutorial.py for tasks to queue
[2024-12-21T06:27:57.374+0000] {logging_mixin.py:190} INFO - [2024-12-21T06:27:57.374+0000] {dagbag.py:588} INFO - Filling up the DagBag from /home/airflow/.local/lib/python3.12/site-packages/airflow/example_dags/tutorial.py
[2024-12-21T06:27:57.382+0000] {processor.py:925} INFO - DAG(s) 'tutorial' retrieved from /home/airflow/.local/lib/python3.12/site-packages/airflow/example_dags/tutorial.py
[2024-12-21T06:27:57.402+0000] {logging_mixin.py:190} INFO - [2024-12-21T06:27:57.402+0000] {dag.py:3239} INFO - Sync 1 DAGs
[2024-12-21T06:27:57.424+0000] {logging_mixin.py:190} INFO - [2024-12-21T06:27:57.424+0000] {dag.py:4180} INFO - Setting next_dagrun for tutorial to 2024-12-20 00:00:00+00:00, run_after=2024-12-21 00:00:00+00:00
[2024-12-21T06:27:57.438+0000] {processor.py:208} INFO - Processing /home/airflow/.local/lib/python3.12/site-packages/airflow/example_dags/tutorial.py took 0.071 seconds
[2024-12-21T06:28:28.022+0000] {processor.py:186} INFO - Started process (PID=365) to work on /home/airflow/.local/lib/python3.12/site-packages/airflow/example_dags/tutorial.py
[2024-12-21T06:28:28.023+0000] {processor.py:914} INFO - Processing file /home/airflow/.local/lib/python3.12/site-packages/airflow/example_dags/tutorial.py for tasks to queue
[2024-12-21T06:28:28.024+0000] {logging_mixin.py:190} INFO - [2024-12-21T06:28:28.024+0000] {dagbag.py:588} INFO - Filling up the DagBag from /home/airflow/.local/lib/python3.12/site-packages/airflow/example_dags/tutorial.py
[2024-12-21T06:28:28.031+0000] {processor.py:925} INFO - DAG(s) 'tutorial' retrieved from /home/airflow/.local/lib/python3.12/site-packages/airflow/example_dags/tutorial.py
[2024-12-21T06:28:28.047+0000] {logging_mixin.py:190} INFO - [2024-12-21T06:28:28.047+0000] {dag.py:3239} INFO - Sync 1 DAGs
[2024-12-21T06:28:28.067+0000] {logging_mixin.py:190} INFO - [2024-12-21T06:28:28.067+0000] {dag.py:4180} INFO - Setting next_dagrun for tutorial to 2024-12-20 00:00:00+00:00, run_after=2024-12-21 00:00:00+00:00
[2024-12-21T06:28:28.082+0000] {processor.py:208} INFO - Processing /home/airflow/.local/lib/python3.12/site-packages/airflow/example_dags/tutorial.py took 0.065 seconds
[2024-12-21T06:28:59.140+0000] {processor.py:186} INFO - Started process (PID=428) to work on /home/airflow/.local/lib/python3.12/site-packages/airflow/example_dags/tutorial.py
[2024-12-21T06:28:59.141+0000] {processor.py:914} INFO - Processing file /home/airflow/.local/lib/python3.12/site-packages/airflow/example_dags/tutorial.py for tasks to queue
[2024-12-21T06:28:59.143+0000] {logging_mixin.py:190} INFO - [2024-12-21T06:28:59.142+0000] {dagbag.py:588} INFO - Filling up the DagBag from /home/airflow/.local/lib/python3.12/site-packages/airflow/example_dags/tutorial.py
[2024-12-21T06:28:59.149+0000] {processor.py:925} INFO - DAG(s) 'tutorial' retrieved from /home/airflow/.local/lib/python3.12/site-packages/airflow/example_dags/tutorial.py
[2024-12-21T06:28:59.165+0000] {logging_mixin.py:190} INFO - [2024-12-21T06:28:59.165+0000] {dag.py:3239} INFO - Sync 1 DAGs
[2024-12-21T06:28:59.185+0000] {logging_mixin.py:190} INFO - [2024-12-21T06:28:59.185+0000] {dag.py:4180} INFO - Setting next_dagrun for tutorial to 2024-12-20 00:00:00+00:00, run_after=2024-12-21 00:00:00+00:00
[2024-12-21T06:28:59.200+0000] {processor.py:208} INFO - Processing /home/airflow/.local/lib/python3.12/site-packages/airflow/example_dags/tutorial.py took 0.064 seconds
[2024-12-21T06:29:30.438+0000] {processor.py:186} INFO - Started process (PID=491) to work on /home/airflow/.local/lib/python3.12/site-packages/airflow/example_dags/tutorial.py
[2024-12-21T06:29:30.438+0000] {processor.py:914} INFO - Processing file /home/airflow/.local/lib/python3.12/site-packages/airflow/example_dags/tutorial.py for tasks to queue
[2024-12-21T06:29:30.440+0000] {logging_mixin.py:190} INFO - [2024-12-21T06:29:30.440+0000] {dagbag.py:588} INFO - Filling up the DagBag from /home/airflow/.local/lib/python3.12/site-packages/airflow/example_dags/tutorial.py
[2024-12-21T06:29:30.449+0000] {processor.py:925} INFO - DAG(s) 'tutorial' retrieved from /home/airflow/.local/lib/python3.12/site-packages/airflow/example_dags/tutorial.py
[2024-12-21T06:29:30.475+0000] {logging_mixin.py:190} INFO - [2024-12-21T06:29:30.474+0000] {dag.py:3239} INFO - Sync 1 DAGs
[2024-12-21T06:29:30.512+0000] {logging_mixin.py:190} INFO - [2024-12-21T06:29:30.512+0000] {dag.py:4180} INFO - Setting next_dagrun for tutorial to 2024-12-20 00:00:00+00:00, run_after=2024-12-21 00:00:00+00:00
[2024-12-21T06:29:30.535+0000] {processor.py:208} INFO - Processing /home/airflow/.local/lib/python3.12/site-packages/airflow/example_dags/tutorial.py took 0.102 seconds
[2024-12-21T06:30:01.294+0000] {processor.py:186} INFO - Started process (PID=554) to work on /home/airflow/.local/lib/python3.12/site-packages/airflow/example_dags/tutorial.py
[2024-12-21T06:30:01.295+0000] {processor.py:914} INFO - Processing file /home/airflow/.local/lib/python3.12/site-packages/airflow/example_dags/tutorial.py for tasks to queue
[2024-12-21T06:30:01.297+0000] {logging_mixin.py:190} INFO - [2024-12-21T06:30:01.296+0000] {dagbag.py:588} INFO - Filling up the DagBag from /home/airflow/.local/lib/python3.12/site-packages/airflow/example_dags/tutorial.py
[2024-12-21T06:30:01.305+0000] {processor.py:925} INFO - DAG(s) 'tutorial' retrieved from /home/airflow/.local/lib/python3.12/site-packages/airflow/example_dags/tutorial.py
[2024-12-21T06:30:01.324+0000] {logging_mixin.py:190} INFO - [2024-12-21T06:30:01.324+0000] {dag.py:3239} INFO - Sync 1 DAGs
[2024-12-21T06:30:01.351+0000] {logging_mixin.py:190} INFO - [2024-12-21T06:30:01.351+0000] {dag.py:4180} INFO - Setting next_dagrun for tutorial to 2024-12-20 00:00:00+00:00, run_after=2024-12-21 00:00:00+00:00
[2024-12-21T06:30:01.369+0000] {processor.py:208} INFO - Processing /home/airflow/.local/lib/python3.12/site-packages/airflow/example_dags/tutorial.py took 0.081 seconds
[2024-12-21T06:30:32.458+0000] {processor.py:186} INFO - Started process (PID=616) to work on /home/airflow/.local/lib/python3.12/site-packages/airflow/example_dags/tutorial.py
[2024-12-21T06:30:32.459+0000] {processor.py:914} INFO - Processing file /home/airflow/.local/lib/python3.12/site-packages/airflow/example_dags/tutorial.py for tasks to queue
[2024-12-21T06:30:32.461+0000] {logging_mixin.py:190} INFO - [2024-12-21T06:30:32.461+0000] {dagbag.py:588} INFO - Filling up the DagBag from /home/airflow/.local/lib/python3.12/site-packages/airflow/example_dags/tutorial.py
[2024-12-21T06:30:32.468+0000] {processor.py:925} INFO - DAG(s) 'tutorial' retrieved from /home/airflow/.local/lib/python3.12/site-packages/airflow/example_dags/tutorial.py
[2024-12-21T06:30:32.485+0000] {logging_mixin.py:190} INFO - [2024-12-21T06:30:32.485+0000] {dag.py:3239} INFO - Sync 1 DAGs
[2024-12-21T06:30:32.505+0000] {logging_mixin.py:190} INFO - [2024-12-21T06:30:32.504+0000] {dag.py:4180} INFO - Setting next_dagrun for tutorial to 2024-12-20 00:00:00+00:00, run_after=2024-12-21 00:00:00+00:00
[2024-12-21T06:30:32.519+0000] {processor.py:208} INFO - Processing /home/airflow/.local/lib/python3.12/site-packages/airflow/example_dags/tutorial.py took 0.066 seconds
[2024-12-21T06:31:05.284+0000] {processor.py:186} INFO - Started process (PID=680) to work on /home/airflow/.local/lib/python3.12/site-packages/airflow/example_dags/tutorial.py
[2024-12-21T06:31:05.285+0000] {processor.py:914} INFO - Processing file /home/airflow/.local/lib/python3.12/site-packages/airflow/example_dags/tutorial.py for tasks to queue
[2024-12-21T06:31:05.287+0000] {logging_mixin.py:190} INFO - [2024-12-21T06:31:05.287+0000] {dagbag.py:588} INFO - Filling up the DagBag from /home/airflow/.local/lib/python3.12/site-packages/airflow/example_dags/tutorial.py
[2024-12-21T06:31:05.296+0000] {processor.py:925} INFO - DAG(s) 'tutorial' retrieved from /home/airflow/.local/lib/python3.12/site-packages/airflow/example_dags/tutorial.py
[2024-12-21T06:31:05.317+0000] {logging_mixin.py:190} INFO - [2024-12-21T06:31:05.317+0000] {dag.py:3239} INFO - Sync 1 DAGs
[2024-12-21T06:31:05.346+0000] {logging_mixin.py:190} INFO - [2024-12-21T06:31:05.345+0000] {dag.py:4180} INFO - Setting next_dagrun for tutorial to 2024-12-20 00:00:00+00:00, run_after=2024-12-21 00:00:00+00:00
[2024-12-21T06:31:05.376+0000] {processor.py:208} INFO - Processing /home/airflow/.local/lib/python3.12/site-packages/airflow/example_dags/tutorial.py took 0.098 seconds
[2024-12-21T06:31:36.607+0000] {processor.py:186} INFO - Started process (PID=743) to work on /home/airflow/.local/lib/python3.12/site-packages/airflow/example_dags/tutorial.py
[2024-12-21T06:31:36.608+0000] {processor.py:914} INFO - Processing file /home/airflow/.local/lib/python3.12/site-packages/airflow/example_dags/tutorial.py for tasks to queue
[2024-12-21T06:31:36.610+0000] {logging_mixin.py:190} INFO - [2024-12-21T06:31:36.610+0000] {dagbag.py:588} INFO - Filling up the DagBag from /home/airflow/.local/lib/python3.12/site-packages/airflow/example_dags/tutorial.py
[2024-12-21T06:31:36.620+0000] {processor.py:925} INFO - DAG(s) 'tutorial' retrieved from /home/airflow/.local/lib/python3.12/site-packages/airflow/example_dags/tutorial.py
[2024-12-21T06:31:36.644+0000] {logging_mixin.py:190} INFO - [2024-12-21T06:31:36.644+0000] {dag.py:3239} INFO - Sync 1 DAGs
[2024-12-21T06:31:36.677+0000] {logging_mixin.py:190} INFO - [2024-12-21T06:31:36.676+0000] {dag.py:4180} INFO - Setting next_dagrun for tutorial to 2024-12-20 00:00:00+00:00, run_after=2024-12-21 00:00:00+00:00
[2024-12-21T06:31:36.697+0000] {processor.py:208} INFO - Processing /home/airflow/.local/lib/python3.12/site-packages/airflow/example_dags/tutorial.py took 0.096 seconds
[2024-12-21T06:32:07.375+0000] {processor.py:186} INFO - Started process (PID=806) to work on /home/airflow/.local/lib/python3.12/site-packages/airflow/example_dags/tutorial.py
[2024-12-21T06:32:07.375+0000] {processor.py:914} INFO - Processing file /home/airflow/.local/lib/python3.12/site-packages/airflow/example_dags/tutorial.py for tasks to queue
[2024-12-21T06:32:07.377+0000] {logging_mixin.py:190} INFO - [2024-12-21T06:32:07.377+0000] {dagbag.py:588} INFO - Filling up the DagBag from /home/airflow/.local/lib/python3.12/site-packages/airflow/example_dags/tutorial.py
[2024-12-21T06:32:07.385+0000] {processor.py:925} INFO - DAG(s) 'tutorial' retrieved from /home/airflow/.local/lib/python3.12/site-packages/airflow/example_dags/tutorial.py
[2024-12-21T06:32:07.404+0000] {logging_mixin.py:190} INFO - [2024-12-21T06:32:07.404+0000] {dag.py:3239} INFO - Sync 1 DAGs
[2024-12-21T06:32:07.426+0000] {logging_mixin.py:190} INFO - [2024-12-21T06:32:07.426+0000] {dag.py:4180} INFO - Setting next_dagrun for tutorial to 2024-12-20 00:00:00+00:00, run_after=2024-12-21 00:00:00+00:00
[2024-12-21T06:32:07.443+0000] {processor.py:208} INFO - Processing /home/airflow/.local/lib/python3.12/site-packages/airflow/example_dags/tutorial.py took 0.073 seconds
[2024-12-21T06:32:38.229+0000] {processor.py:186} INFO - Started process (PID=869) to work on /home/airflow/.local/lib/python3.12/site-packages/airflow/example_dags/tutorial.py
[2024-12-21T06:32:38.229+0000] {processor.py:914} INFO - Processing file /home/airflow/.local/lib/python3.12/site-packages/airflow/example_dags/tutorial.py for tasks to queue
[2024-12-21T06:32:38.231+0000] {logging_mixin.py:190} INFO - [2024-12-21T06:32:38.231+0000] {dagbag.py:588} INFO - Filling up the DagBag from /home/airflow/.local/lib/python3.12/site-packages/airflow/example_dags/tutorial.py
[2024-12-21T06:32:38.239+0000] {processor.py:925} INFO - DAG(s) 'tutorial' retrieved from /home/airflow/.local/lib/python3.12/site-packages/airflow/example_dags/tutorial.py
[2024-12-21T06:32:38.261+0000] {logging_mixin.py:190} INFO - [2024-12-21T06:32:38.261+0000] {dag.py:3239} INFO - Sync 1 DAGs
[2024-12-21T06:32:38.288+0000] {logging_mixin.py:190} INFO - [2024-12-21T06:32:38.288+0000] {dag.py:4180} INFO - Setting next_dagrun for tutorial to 2024-12-20 00:00:00+00:00, run_after=2024-12-21 00:00:00+00:00
[2024-12-21T06:32:38.309+0000] {processor.py:208} INFO - Processing /home/airflow/.local/lib/python3.12/site-packages/airflow/example_dags/tutorial.py took 0.087 seconds
[2024-12-21T06:33:09.588+0000] {processor.py:186} INFO - Started process (PID=932) to work on /home/airflow/.local/lib/python3.12/site-packages/airflow/example_dags/tutorial.py
[2024-12-21T06:33:09.588+0000] {processor.py:914} INFO - Processing file /home/airflow/.local/lib/python3.12/site-packages/airflow/example_dags/tutorial.py for tasks to queue
[2024-12-21T06:33:09.590+0000] {logging_mixin.py:190} INFO - [2024-12-21T06:33:09.590+0000] {dagbag.py:588} INFO - Filling up the DagBag from /home/airflow/.local/lib/python3.12/site-packages/airflow/example_dags/tutorial.py
[2024-12-21T06:33:09.597+0000] {processor.py:925} INFO - DAG(s) 'tutorial' retrieved from /home/airflow/.local/lib/python3.12/site-packages/airflow/example_dags/tutorial.py
[2024-12-21T06:33:09.617+0000] {logging_mixin.py:190} INFO - [2024-12-21T06:33:09.617+0000] {dag.py:3239} INFO - Sync 1 DAGs
[2024-12-21T06:33:09.646+0000] {logging_mixin.py:190} INFO - [2024-12-21T06:33:09.646+0000] {dag.py:4180} INFO - Setting next_dagrun for tutorial to 2024-12-20 00:00:00+00:00, run_after=2024-12-21 00:00:00+00:00
[2024-12-21T06:33:09.661+0000] {processor.py:208} INFO - Processing /home/airflow/.local/lib/python3.12/site-packages/airflow/example_dags/tutorial.py took 0.078 seconds
[2024-12-21T06:33:40.906+0000] {processor.py:186} INFO - Started process (PID=995) to work on /home/airflow/.local/lib/python3.12/site-packages/airflow/example_dags/tutorial.py
[2024-12-21T06:33:40.907+0000] {processor.py:914} INFO - Processing file /home/airflow/.local/lib/python3.12/site-packages/airflow/example_dags/tutorial.py for tasks to queue
[2024-12-21T06:33:40.908+0000] {logging_mixin.py:190} INFO - [2024-12-21T06:33:40.908+0000] {dagbag.py:588} INFO - Filling up the DagBag from /home/airflow/.local/lib/python3.12/site-packages/airflow/example_dags/tutorial.py
[2024-12-21T06:33:40.918+0000] {processor.py:925} INFO - DAG(s) 'tutorial' retrieved from /home/airflow/.local/lib/python3.12/site-packages/airflow/example_dags/tutorial.py
[2024-12-21T06:33:40.937+0000] {logging_mixin.py:190} INFO - [2024-12-21T06:33:40.936+0000] {dag.py:3239} INFO - Sync 1 DAGs
[2024-12-21T06:33:40.965+0000] {logging_mixin.py:190} INFO - [2024-12-21T06:33:40.965+0000] {dag.py:4180} INFO - Setting next_dagrun for tutorial to 2024-12-20 00:00:00+00:00, run_after=2024-12-21 00:00:00+00:00
[2024-12-21T06:33:40.984+0000] {processor.py:208} INFO - Processing /home/airflow/.local/lib/python3.12/site-packages/airflow/example_dags/tutorial.py took 0.084 seconds
[2024-12-21T06:34:52.263+0000] {processor.py:186} INFO - Started process (PID=104) to work on /home/airflow/.local/lib/python3.12/site-packages/airflow/example_dags/tutorial.py
[2024-12-21T06:34:52.265+0000] {processor.py:914} INFO - Processing file /home/airflow/.local/lib/python3.12/site-packages/airflow/example_dags/tutorial.py for tasks to queue
[2024-12-21T06:34:52.268+0000] {logging_mixin.py:190} INFO - [2024-12-21T06:34:52.267+0000] {dagbag.py:588} INFO - Filling up the DagBag from /home/airflow/.local/lib/python3.12/site-packages/airflow/example_dags/tutorial.py
[2024-12-21T06:34:52.280+0000] {processor.py:925} INFO - DAG(s) 'tutorial' retrieved from /home/airflow/.local/lib/python3.12/site-packages/airflow/example_dags/tutorial.py
[2024-12-21T06:34:52.317+0000] {logging_mixin.py:190} INFO - [2024-12-21T06:34:52.317+0000] {dag.py:3239} INFO - Sync 1 DAGs
[2024-12-21T06:34:52.361+0000] {logging_mixin.py:190} INFO - [2024-12-21T06:34:52.361+0000] {dag.py:4180} INFO - Setting next_dagrun for tutorial to 2024-12-20 00:00:00+00:00, run_after=2024-12-21 00:00:00+00:00
[2024-12-21T06:34:52.393+0000] {processor.py:208} INFO - Processing /home/airflow/.local/lib/python3.12/site-packages/airflow/example_dags/tutorial.py took 0.139 seconds
