[2024-12-21T06:26:25.770+0000] {processor.py:186} INFO - Started process (PID=113) to work on /home/airflow/.local/lib/python3.12/site-packages/airflow/example_dags/tutorial_taskflow_templates.py
[2024-12-21T06:26:25.771+0000] {processor.py:914} INFO - Processing file /home/airflow/.local/lib/python3.12/site-packages/airflow/example_dags/tutorial_taskflow_templates.py for tasks to queue
[2024-12-21T06:26:25.774+0000] {logging_mixin.py:190} INFO - [2024-12-21T06:26:25.773+0000] {dagbag.py:588} INFO - Filling up the DagBag from /home/airflow/.local/lib/python3.12/site-packages/airflow/example_dags/tutorial_taskflow_templates.py
[2024-12-21T06:26:25.789+0000] {processor.py:925} INFO - DAG(s) 'tutorial_taskflow_templates' retrieved from /home/airflow/.local/lib/python3.12/site-packages/airflow/example_dags/tutorial_taskflow_templates.py
[2024-12-21T06:26:25.933+0000] {logging_mixin.py:190} INFO - [2024-12-21T06:26:25.933+0000] {override.py:1911} INFO - Created Permission View: can read on DAG:tutorial_taskflow_templates
[2024-12-21T06:26:25.944+0000] {logging_mixin.py:190} INFO - [2024-12-21T06:26:25.943+0000] {override.py:1911} INFO - Created Permission View: can delete on DAG:tutorial_taskflow_templates
[2024-12-21T06:26:25.951+0000] {logging_mixin.py:190} INFO - [2024-12-21T06:26:25.951+0000] {override.py:1911} INFO - Created Permission View: can edit on DAG:tutorial_taskflow_templates
[2024-12-21T06:26:25.958+0000] {logging_mixin.py:190} INFO - [2024-12-21T06:26:25.957+0000] {override.py:1911} INFO - Created Permission View: menu access on DAG Run:tutorial_taskflow_templates
[2024-12-21T06:26:25.963+0000] {logging_mixin.py:190} INFO - [2024-12-21T06:26:25.963+0000] {override.py:1911} INFO - Created Permission View: can read on DAG Run:tutorial_taskflow_templates
[2024-12-21T06:26:25.969+0000] {logging_mixin.py:190} INFO - [2024-12-21T06:26:25.969+0000] {override.py:1911} INFO - Created Permission View: can create on DAG Run:tutorial_taskflow_templates
[2024-12-21T06:26:25.975+0000] {logging_mixin.py:190} INFO - [2024-12-21T06:26:25.975+0000] {override.py:1911} INFO - Created Permission View: can delete on DAG Run:tutorial_taskflow_templates
[2024-12-21T06:26:25.975+0000] {logging_mixin.py:190} INFO - [2024-12-21T06:26:25.975+0000] {dag.py:3239} INFO - Sync 1 DAGs
[2024-12-21T06:26:25.988+0000] {logging_mixin.py:190} INFO - [2024-12-21T06:26:25.988+0000] {dag.py:3262} INFO - Creating ORM DAG for tutorial_taskflow_templates
[2024-12-21T06:26:25.998+0000] {logging_mixin.py:190} INFO - [2024-12-21T06:26:25.998+0000] {dag.py:4180} INFO - Setting next_dagrun for tutorial_taskflow_templates to 2024-12-20 00:00:00+00:00, run_after=2024-12-21 00:00:00+00:00
[2024-12-21T06:26:26.012+0000] {processor.py:208} INFO - Processing /home/airflow/.local/lib/python3.12/site-packages/airflow/example_dags/tutorial_taskflow_templates.py took 0.248 seconds
[2024-12-21T06:26:56.184+0000] {processor.py:186} INFO - Started process (PID=175) to work on /home/airflow/.local/lib/python3.12/site-packages/airflow/example_dags/tutorial_taskflow_templates.py
[2024-12-21T06:26:56.186+0000] {processor.py:914} INFO - Processing file /home/airflow/.local/lib/python3.12/site-packages/airflow/example_dags/tutorial_taskflow_templates.py for tasks to queue
[2024-12-21T06:26:56.188+0000] {logging_mixin.py:190} INFO - [2024-12-21T06:26:56.188+0000] {dagbag.py:588} INFO - Filling up the DagBag from /home/airflow/.local/lib/python3.12/site-packages/airflow/example_dags/tutorial_taskflow_templates.py
[2024-12-21T06:26:56.206+0000] {processor.py:925} INFO - DAG(s) 'tutorial_taskflow_templates' retrieved from /home/airflow/.local/lib/python3.12/site-packages/airflow/example_dags/tutorial_taskflow_templates.py
[2024-12-21T06:26:56.233+0000] {logging_mixin.py:190} INFO - [2024-12-21T06:26:56.232+0000] {dag.py:3239} INFO - Sync 1 DAGs
[2024-12-21T06:26:56.267+0000] {logging_mixin.py:190} INFO - [2024-12-21T06:26:56.266+0000] {dag.py:4180} INFO - Setting next_dagrun for tutorial_taskflow_templates to 2024-12-20 00:00:00+00:00, run_after=2024-12-21 00:00:00+00:00
[2024-12-21T06:26:56.299+0000] {processor.py:208} INFO - Processing /home/airflow/.local/lib/python3.12/site-packages/airflow/example_dags/tutorial_taskflow_templates.py took 0.121 seconds
[2024-12-21T06:27:26.395+0000] {processor.py:186} INFO - Started process (PID=238) to work on /home/airflow/.local/lib/python3.12/site-packages/airflow/example_dags/tutorial_taskflow_templates.py
[2024-12-21T06:27:26.396+0000] {processor.py:914} INFO - Processing file /home/airflow/.local/lib/python3.12/site-packages/airflow/example_dags/tutorial_taskflow_templates.py for tasks to queue
[2024-12-21T06:27:26.398+0000] {logging_mixin.py:190} INFO - [2024-12-21T06:27:26.398+0000] {dagbag.py:588} INFO - Filling up the DagBag from /home/airflow/.local/lib/python3.12/site-packages/airflow/example_dags/tutorial_taskflow_templates.py
[2024-12-21T06:27:26.409+0000] {processor.py:925} INFO - DAG(s) 'tutorial_taskflow_templates' retrieved from /home/airflow/.local/lib/python3.12/site-packages/airflow/example_dags/tutorial_taskflow_templates.py
[2024-12-21T06:27:26.426+0000] {logging_mixin.py:190} INFO - [2024-12-21T06:27:26.426+0000] {dag.py:3239} INFO - Sync 1 DAGs
[2024-12-21T06:27:26.444+0000] {logging_mixin.py:190} INFO - [2024-12-21T06:27:26.444+0000] {dag.py:4180} INFO - Setting next_dagrun for tutorial_taskflow_templates to 2024-12-20 00:00:00+00:00, run_after=2024-12-21 00:00:00+00:00
[2024-12-21T06:27:26.457+0000] {processor.py:208} INFO - Processing /home/airflow/.local/lib/python3.12/site-packages/airflow/example_dags/tutorial_taskflow_templates.py took 0.067 seconds
[2024-12-21T06:27:57.337+0000] {processor.py:186} INFO - Started process (PID=301) to work on /home/airflow/.local/lib/python3.12/site-packages/airflow/example_dags/tutorial_taskflow_templates.py
[2024-12-21T06:27:57.338+0000] {processor.py:914} INFO - Processing file /home/airflow/.local/lib/python3.12/site-packages/airflow/example_dags/tutorial_taskflow_templates.py for tasks to queue
[2024-12-21T06:27:57.340+0000] {logging_mixin.py:190} INFO - [2024-12-21T06:27:57.340+0000] {dagbag.py:588} INFO - Filling up the DagBag from /home/airflow/.local/lib/python3.12/site-packages/airflow/example_dags/tutorial_taskflow_templates.py
[2024-12-21T06:27:57.352+0000] {processor.py:925} INFO - DAG(s) 'tutorial_taskflow_templates' retrieved from /home/airflow/.local/lib/python3.12/site-packages/airflow/example_dags/tutorial_taskflow_templates.py
[2024-12-21T06:27:57.370+0000] {logging_mixin.py:190} INFO - [2024-12-21T06:27:57.370+0000] {dag.py:3239} INFO - Sync 1 DAGs
[2024-12-21T06:27:57.392+0000] {logging_mixin.py:190} INFO - [2024-12-21T06:27:57.392+0000] {dag.py:4180} INFO - Setting next_dagrun for tutorial_taskflow_templates to 2024-12-20 00:00:00+00:00, run_after=2024-12-21 00:00:00+00:00
[2024-12-21T06:27:57.407+0000] {processor.py:208} INFO - Processing /home/airflow/.local/lib/python3.12/site-packages/airflow/example_dags/tutorial_taskflow_templates.py took 0.075 seconds
[2024-12-21T06:28:28.015+0000] {processor.py:186} INFO - Started process (PID=364) to work on /home/airflow/.local/lib/python3.12/site-packages/airflow/example_dags/tutorial_taskflow_templates.py
[2024-12-21T06:28:28.016+0000] {processor.py:914} INFO - Processing file /home/airflow/.local/lib/python3.12/site-packages/airflow/example_dags/tutorial_taskflow_templates.py for tasks to queue
[2024-12-21T06:28:28.018+0000] {logging_mixin.py:190} INFO - [2024-12-21T06:28:28.018+0000] {dagbag.py:588} INFO - Filling up the DagBag from /home/airflow/.local/lib/python3.12/site-packages/airflow/example_dags/tutorial_taskflow_templates.py
[2024-12-21T06:28:28.028+0000] {processor.py:925} INFO - DAG(s) 'tutorial_taskflow_templates' retrieved from /home/airflow/.local/lib/python3.12/site-packages/airflow/example_dags/tutorial_taskflow_templates.py
[2024-12-21T06:28:28.045+0000] {logging_mixin.py:190} INFO - [2024-12-21T06:28:28.045+0000] {dag.py:3239} INFO - Sync 1 DAGs
[2024-12-21T06:28:28.067+0000] {logging_mixin.py:190} INFO - [2024-12-21T06:28:28.067+0000] {dag.py:4180} INFO - Setting next_dagrun for tutorial_taskflow_templates to 2024-12-20 00:00:00+00:00, run_after=2024-12-21 00:00:00+00:00
[2024-12-21T06:28:28.084+0000] {processor.py:208} INFO - Processing /home/airflow/.local/lib/python3.12/site-packages/airflow/example_dags/tutorial_taskflow_templates.py took 0.073 seconds
[2024-12-21T06:28:59.029+0000] {processor.py:186} INFO - Started process (PID=427) to work on /home/airflow/.local/lib/python3.12/site-packages/airflow/example_dags/tutorial_taskflow_templates.py
[2024-12-21T06:28:59.030+0000] {processor.py:914} INFO - Processing file /home/airflow/.local/lib/python3.12/site-packages/airflow/example_dags/tutorial_taskflow_templates.py for tasks to queue
[2024-12-21T06:28:59.032+0000] {logging_mixin.py:190} INFO - [2024-12-21T06:28:59.031+0000] {dagbag.py:588} INFO - Filling up the DagBag from /home/airflow/.local/lib/python3.12/site-packages/airflow/example_dags/tutorial_taskflow_templates.py
[2024-12-21T06:28:59.045+0000] {processor.py:925} INFO - DAG(s) 'tutorial_taskflow_templates' retrieved from /home/airflow/.local/lib/python3.12/site-packages/airflow/example_dags/tutorial_taskflow_templates.py
[2024-12-21T06:28:59.066+0000] {logging_mixin.py:190} INFO - [2024-12-21T06:28:59.066+0000] {dag.py:3239} INFO - Sync 1 DAGs
[2024-12-21T06:28:59.091+0000] {logging_mixin.py:190} INFO - [2024-12-21T06:28:59.091+0000] {dag.py:4180} INFO - Setting next_dagrun for tutorial_taskflow_templates to 2024-12-20 00:00:00+00:00, run_after=2024-12-21 00:00:00+00:00
[2024-12-21T06:28:59.115+0000] {processor.py:208} INFO - Processing /home/airflow/.local/lib/python3.12/site-packages/airflow/example_dags/tutorial_taskflow_templates.py took 0.092 seconds
[2024-12-21T06:29:30.355+0000] {processor.py:186} INFO - Started process (PID=490) to work on /home/airflow/.local/lib/python3.12/site-packages/airflow/example_dags/tutorial_taskflow_templates.py
[2024-12-21T06:29:30.356+0000] {processor.py:914} INFO - Processing file /home/airflow/.local/lib/python3.12/site-packages/airflow/example_dags/tutorial_taskflow_templates.py for tasks to queue
[2024-12-21T06:29:30.358+0000] {logging_mixin.py:190} INFO - [2024-12-21T06:29:30.357+0000] {dagbag.py:588} INFO - Filling up the DagBag from /home/airflow/.local/lib/python3.12/site-packages/airflow/example_dags/tutorial_taskflow_templates.py
[2024-12-21T06:29:30.371+0000] {processor.py:925} INFO - DAG(s) 'tutorial_taskflow_templates' retrieved from /home/airflow/.local/lib/python3.12/site-packages/airflow/example_dags/tutorial_taskflow_templates.py
[2024-12-21T06:29:30.390+0000] {logging_mixin.py:190} INFO - [2024-12-21T06:29:30.389+0000] {dag.py:3239} INFO - Sync 1 DAGs
[2024-12-21T06:29:30.411+0000] {logging_mixin.py:190} INFO - [2024-12-21T06:29:30.410+0000] {dag.py:4180} INFO - Setting next_dagrun for tutorial_taskflow_templates to 2024-12-20 00:00:00+00:00, run_after=2024-12-21 00:00:00+00:00
[2024-12-21T06:29:30.430+0000] {processor.py:208} INFO - Processing /home/airflow/.local/lib/python3.12/site-packages/airflow/example_dags/tutorial_taskflow_templates.py took 0.081 seconds
[2024-12-21T06:30:01.148+0000] {processor.py:186} INFO - Started process (PID=553) to work on /home/airflow/.local/lib/python3.12/site-packages/airflow/example_dags/tutorial_taskflow_templates.py
[2024-12-21T06:30:01.149+0000] {processor.py:914} INFO - Processing file /home/airflow/.local/lib/python3.12/site-packages/airflow/example_dags/tutorial_taskflow_templates.py for tasks to queue
[2024-12-21T06:30:01.151+0000] {logging_mixin.py:190} INFO - [2024-12-21T06:30:01.151+0000] {dagbag.py:588} INFO - Filling up the DagBag from /home/airflow/.local/lib/python3.12/site-packages/airflow/example_dags/tutorial_taskflow_templates.py
[2024-12-21T06:30:01.164+0000] {processor.py:925} INFO - DAG(s) 'tutorial_taskflow_templates' retrieved from /home/airflow/.local/lib/python3.12/site-packages/airflow/example_dags/tutorial_taskflow_templates.py
[2024-12-21T06:30:01.189+0000] {logging_mixin.py:190} INFO - [2024-12-21T06:30:01.189+0000] {dag.py:3239} INFO - Sync 1 DAGs
[2024-12-21T06:30:01.225+0000] {logging_mixin.py:190} INFO - [2024-12-21T06:30:01.225+0000] {dag.py:4180} INFO - Setting next_dagrun for tutorial_taskflow_templates to 2024-12-20 00:00:00+00:00, run_after=2024-12-21 00:00:00+00:00
[2024-12-21T06:30:01.258+0000] {processor.py:208} INFO - Processing /home/airflow/.local/lib/python3.12/site-packages/airflow/example_dags/tutorial_taskflow_templates.py took 0.115 seconds
[2024-12-21T06:30:32.422+0000] {processor.py:186} INFO - Started process (PID=615) to work on /home/airflow/.local/lib/python3.12/site-packages/airflow/example_dags/tutorial_taskflow_templates.py
[2024-12-21T06:30:32.423+0000] {processor.py:914} INFO - Processing file /home/airflow/.local/lib/python3.12/site-packages/airflow/example_dags/tutorial_taskflow_templates.py for tasks to queue
[2024-12-21T06:30:32.425+0000] {logging_mixin.py:190} INFO - [2024-12-21T06:30:32.425+0000] {dagbag.py:588} INFO - Filling up the DagBag from /home/airflow/.local/lib/python3.12/site-packages/airflow/example_dags/tutorial_taskflow_templates.py
[2024-12-21T06:30:32.437+0000] {processor.py:925} INFO - DAG(s) 'tutorial_taskflow_templates' retrieved from /home/airflow/.local/lib/python3.12/site-packages/airflow/example_dags/tutorial_taskflow_templates.py
[2024-12-21T06:30:32.454+0000] {logging_mixin.py:190} INFO - [2024-12-21T06:30:32.454+0000] {dag.py:3239} INFO - Sync 1 DAGs
[2024-12-21T06:30:32.475+0000] {logging_mixin.py:190} INFO - [2024-12-21T06:30:32.475+0000] {dag.py:4180} INFO - Setting next_dagrun for tutorial_taskflow_templates to 2024-12-20 00:00:00+00:00, run_after=2024-12-21 00:00:00+00:00
[2024-12-21T06:30:32.491+0000] {processor.py:208} INFO - Processing /home/airflow/.local/lib/python3.12/site-packages/airflow/example_dags/tutorial_taskflow_templates.py took 0.074 seconds
[2024-12-21T06:31:05.254+0000] {processor.py:186} INFO - Started process (PID=679) to work on /home/airflow/.local/lib/python3.12/site-packages/airflow/example_dags/tutorial_taskflow_templates.py
[2024-12-21T06:31:05.255+0000] {processor.py:914} INFO - Processing file /home/airflow/.local/lib/python3.12/site-packages/airflow/example_dags/tutorial_taskflow_templates.py for tasks to queue
[2024-12-21T06:31:05.257+0000] {logging_mixin.py:190} INFO - [2024-12-21T06:31:05.257+0000] {dagbag.py:588} INFO - Filling up the DagBag from /home/airflow/.local/lib/python3.12/site-packages/airflow/example_dags/tutorial_taskflow_templates.py
[2024-12-21T06:31:05.273+0000] {processor.py:925} INFO - DAG(s) 'tutorial_taskflow_templates' retrieved from /home/airflow/.local/lib/python3.12/site-packages/airflow/example_dags/tutorial_taskflow_templates.py
[2024-12-21T06:31:05.294+0000] {logging_mixin.py:190} INFO - [2024-12-21T06:31:05.294+0000] {dag.py:3239} INFO - Sync 1 DAGs
[2024-12-21T06:31:05.325+0000] {logging_mixin.py:190} INFO - [2024-12-21T06:31:05.324+0000] {dag.py:4180} INFO - Setting next_dagrun for tutorial_taskflow_templates to 2024-12-20 00:00:00+00:00, run_after=2024-12-21 00:00:00+00:00
[2024-12-21T06:31:05.346+0000] {processor.py:208} INFO - Processing /home/airflow/.local/lib/python3.12/site-packages/airflow/example_dags/tutorial_taskflow_templates.py took 0.099 seconds
[2024-12-21T06:31:36.552+0000] {processor.py:186} INFO - Started process (PID=742) to work on /home/airflow/.local/lib/python3.12/site-packages/airflow/example_dags/tutorial_taskflow_templates.py
[2024-12-21T06:31:36.553+0000] {processor.py:914} INFO - Processing file /home/airflow/.local/lib/python3.12/site-packages/airflow/example_dags/tutorial_taskflow_templates.py for tasks to queue
[2024-12-21T06:31:36.555+0000] {logging_mixin.py:190} INFO - [2024-12-21T06:31:36.555+0000] {dagbag.py:588} INFO - Filling up the DagBag from /home/airflow/.local/lib/python3.12/site-packages/airflow/example_dags/tutorial_taskflow_templates.py
[2024-12-21T06:31:36.570+0000] {processor.py:925} INFO - DAG(s) 'tutorial_taskflow_templates' retrieved from /home/airflow/.local/lib/python3.12/site-packages/airflow/example_dags/tutorial_taskflow_templates.py
[2024-12-21T06:31:36.592+0000] {logging_mixin.py:190} INFO - [2024-12-21T06:31:36.592+0000] {dag.py:3239} INFO - Sync 1 DAGs
[2024-12-21T06:31:36.618+0000] {logging_mixin.py:190} INFO - [2024-12-21T06:31:36.618+0000] {dag.py:4180} INFO - Setting next_dagrun for tutorial_taskflow_templates to 2024-12-20 00:00:00+00:00, run_after=2024-12-21 00:00:00+00:00
[2024-12-21T06:31:36.642+0000] {processor.py:208} INFO - Processing /home/airflow/.local/lib/python3.12/site-packages/airflow/example_dags/tutorial_taskflow_templates.py took 0.096 seconds
[2024-12-21T06:32:07.335+0000] {processor.py:186} INFO - Started process (PID=805) to work on /home/airflow/.local/lib/python3.12/site-packages/airflow/example_dags/tutorial_taskflow_templates.py
[2024-12-21T06:32:07.336+0000] {processor.py:914} INFO - Processing file /home/airflow/.local/lib/python3.12/site-packages/airflow/example_dags/tutorial_taskflow_templates.py for tasks to queue
[2024-12-21T06:32:07.338+0000] {logging_mixin.py:190} INFO - [2024-12-21T06:32:07.337+0000] {dagbag.py:588} INFO - Filling up the DagBag from /home/airflow/.local/lib/python3.12/site-packages/airflow/example_dags/tutorial_taskflow_templates.py
[2024-12-21T06:32:07.350+0000] {processor.py:925} INFO - DAG(s) 'tutorial_taskflow_templates' retrieved from /home/airflow/.local/lib/python3.12/site-packages/airflow/example_dags/tutorial_taskflow_templates.py
[2024-12-21T06:32:07.369+0000] {logging_mixin.py:190} INFO - [2024-12-21T06:32:07.369+0000] {dag.py:3239} INFO - Sync 1 DAGs
[2024-12-21T06:32:07.391+0000] {logging_mixin.py:190} INFO - [2024-12-21T06:32:07.391+0000] {dag.py:4180} INFO - Setting next_dagrun for tutorial_taskflow_templates to 2024-12-20 00:00:00+00:00, run_after=2024-12-21 00:00:00+00:00
[2024-12-21T06:32:07.408+0000] {processor.py:208} INFO - Processing /home/airflow/.local/lib/python3.12/site-packages/airflow/example_dags/tutorial_taskflow_templates.py took 0.079 seconds
[2024-12-21T06:32:38.179+0000] {processor.py:186} INFO - Started process (PID=868) to work on /home/airflow/.local/lib/python3.12/site-packages/airflow/example_dags/tutorial_taskflow_templates.py
[2024-12-21T06:32:38.180+0000] {processor.py:914} INFO - Processing file /home/airflow/.local/lib/python3.12/site-packages/airflow/example_dags/tutorial_taskflow_templates.py for tasks to queue
[2024-12-21T06:32:38.182+0000] {logging_mixin.py:190} INFO - [2024-12-21T06:32:38.182+0000] {dagbag.py:588} INFO - Filling up the DagBag from /home/airflow/.local/lib/python3.12/site-packages/airflow/example_dags/tutorial_taskflow_templates.py
[2024-12-21T06:32:38.194+0000] {processor.py:925} INFO - DAG(s) 'tutorial_taskflow_templates' retrieved from /home/airflow/.local/lib/python3.12/site-packages/airflow/example_dags/tutorial_taskflow_templates.py
[2024-12-21T06:32:38.212+0000] {logging_mixin.py:190} INFO - [2024-12-21T06:32:38.212+0000] {dag.py:3239} INFO - Sync 1 DAGs
[2024-12-21T06:32:38.235+0000] {logging_mixin.py:190} INFO - [2024-12-21T06:32:38.234+0000] {dag.py:4180} INFO - Setting next_dagrun for tutorial_taskflow_templates to 2024-12-20 00:00:00+00:00, run_after=2024-12-21 00:00:00+00:00
[2024-12-21T06:32:38.252+0000] {processor.py:208} INFO - Processing /home/airflow/.local/lib/python3.12/site-packages/airflow/example_dags/tutorial_taskflow_templates.py took 0.078 seconds
[2024-12-21T06:33:09.550+0000] {processor.py:186} INFO - Started process (PID=931) to work on /home/airflow/.local/lib/python3.12/site-packages/airflow/example_dags/tutorial_taskflow_templates.py
[2024-12-21T06:33:09.551+0000] {processor.py:914} INFO - Processing file /home/airflow/.local/lib/python3.12/site-packages/airflow/example_dags/tutorial_taskflow_templates.py for tasks to queue
[2024-12-21T06:33:09.552+0000] {logging_mixin.py:190} INFO - [2024-12-21T06:33:09.552+0000] {dagbag.py:588} INFO - Filling up the DagBag from /home/airflow/.local/lib/python3.12/site-packages/airflow/example_dags/tutorial_taskflow_templates.py
[2024-12-21T06:33:09.563+0000] {processor.py:925} INFO - DAG(s) 'tutorial_taskflow_templates' retrieved from /home/airflow/.local/lib/python3.12/site-packages/airflow/example_dags/tutorial_taskflow_templates.py
[2024-12-21T06:33:09.585+0000] {logging_mixin.py:190} INFO - [2024-12-21T06:33:09.584+0000] {dag.py:3239} INFO - Sync 1 DAGs
[2024-12-21T06:33:09.605+0000] {logging_mixin.py:190} INFO - [2024-12-21T06:33:09.604+0000] {dag.py:4180} INFO - Setting next_dagrun for tutorial_taskflow_templates to 2024-12-20 00:00:00+00:00, run_after=2024-12-21 00:00:00+00:00
[2024-12-21T06:33:09.626+0000] {processor.py:208} INFO - Processing /home/airflow/.local/lib/python3.12/site-packages/airflow/example_dags/tutorial_taskflow_templates.py took 0.081 seconds
[2024-12-21T06:33:40.875+0000] {processor.py:186} INFO - Started process (PID=994) to work on /home/airflow/.local/lib/python3.12/site-packages/airflow/example_dags/tutorial_taskflow_templates.py
[2024-12-21T06:33:40.875+0000] {processor.py:914} INFO - Processing file /home/airflow/.local/lib/python3.12/site-packages/airflow/example_dags/tutorial_taskflow_templates.py for tasks to queue
[2024-12-21T06:33:40.878+0000] {logging_mixin.py:190} INFO - [2024-12-21T06:33:40.877+0000] {dagbag.py:588} INFO - Filling up the DagBag from /home/airflow/.local/lib/python3.12/site-packages/airflow/example_dags/tutorial_taskflow_templates.py
[2024-12-21T06:33:40.891+0000] {processor.py:925} INFO - DAG(s) 'tutorial_taskflow_templates' retrieved from /home/airflow/.local/lib/python3.12/site-packages/airflow/example_dags/tutorial_taskflow_templates.py
[2024-12-21T06:33:40.909+0000] {logging_mixin.py:190} INFO - [2024-12-21T06:33:40.909+0000] {dag.py:3239} INFO - Sync 1 DAGs
[2024-12-21T06:33:40.932+0000] {logging_mixin.py:190} INFO - [2024-12-21T06:33:40.932+0000] {dag.py:4180} INFO - Setting next_dagrun for tutorial_taskflow_templates to 2024-12-20 00:00:00+00:00, run_after=2024-12-21 00:00:00+00:00
[2024-12-21T06:33:40.952+0000] {processor.py:208} INFO - Processing /home/airflow/.local/lib/python3.12/site-packages/airflow/example_dags/tutorial_taskflow_templates.py took 0.083 seconds
[2024-12-21T06:34:52.062+0000] {processor.py:186} INFO - Started process (PID=103) to work on /home/airflow/.local/lib/python3.12/site-packages/airflow/example_dags/tutorial_taskflow_templates.py
[2024-12-21T06:34:52.063+0000] {processor.py:914} INFO - Processing file /home/airflow/.local/lib/python3.12/site-packages/airflow/example_dags/tutorial_taskflow_templates.py for tasks to queue
[2024-12-21T06:34:52.067+0000] {logging_mixin.py:190} INFO - [2024-12-21T06:34:52.066+0000] {dagbag.py:588} INFO - Filling up the DagBag from /home/airflow/.local/lib/python3.12/site-packages/airflow/example_dags/tutorial_taskflow_templates.py
[2024-12-21T06:34:52.087+0000] {processor.py:925} INFO - DAG(s) 'tutorial_taskflow_templates' retrieved from /home/airflow/.local/lib/python3.12/site-packages/airflow/example_dags/tutorial_taskflow_templates.py
[2024-12-21T06:34:52.128+0000] {logging_mixin.py:190} INFO - [2024-12-21T06:34:52.128+0000] {dag.py:3239} INFO - Sync 1 DAGs
[2024-12-21T06:34:52.182+0000] {logging_mixin.py:190} INFO - [2024-12-21T06:34:52.181+0000] {dag.py:4180} INFO - Setting next_dagrun for tutorial_taskflow_templates to 2024-12-20 00:00:00+00:00, run_after=2024-12-21 00:00:00+00:00
[2024-12-21T06:34:52.213+0000] {processor.py:208} INFO - Processing /home/airflow/.local/lib/python3.12/site-packages/airflow/example_dags/tutorial_taskflow_templates.py took 0.158 seconds
[2024-12-21T06:35:23.171+0000] {processor.py:186} INFO - Started process (PID=167) to work on /home/airflow/.local/lib/python3.12/site-packages/airflow/example_dags/tutorial_taskflow_templates.py
[2024-12-21T06:35:23.172+0000] {processor.py:914} INFO - Processing file /home/airflow/.local/lib/python3.12/site-packages/airflow/example_dags/tutorial_taskflow_templates.py for tasks to queue
[2024-12-21T06:35:23.174+0000] {logging_mixin.py:190} INFO - [2024-12-21T06:35:23.174+0000] {dagbag.py:588} INFO - Filling up the DagBag from /home/airflow/.local/lib/python3.12/site-packages/airflow/example_dags/tutorial_taskflow_templates.py
[2024-12-21T06:35:23.188+0000] {processor.py:925} INFO - DAG(s) 'tutorial_taskflow_templates' retrieved from /home/airflow/.local/lib/python3.12/site-packages/airflow/example_dags/tutorial_taskflow_templates.py
[2024-12-21T06:35:23.209+0000] {logging_mixin.py:190} INFO - [2024-12-21T06:35:23.209+0000] {dag.py:3239} INFO - Sync 1 DAGs
[2024-12-21T06:35:23.232+0000] {logging_mixin.py:190} INFO - [2024-12-21T06:35:23.231+0000] {dag.py:4180} INFO - Setting next_dagrun for tutorial_taskflow_templates to 2024-12-20 00:00:00+00:00, run_after=2024-12-21 00:00:00+00:00
[2024-12-21T06:35:23.248+0000] {processor.py:208} INFO - Processing /home/airflow/.local/lib/python3.12/site-packages/airflow/example_dags/tutorial_taskflow_templates.py took 0.082 seconds
[2024-12-21T06:35:53.701+0000] {processor.py:186} INFO - Started process (PID=232) to work on /home/airflow/.local/lib/python3.12/site-packages/airflow/example_dags/tutorial_taskflow_templates.py
[2024-12-21T06:35:53.701+0000] {processor.py:914} INFO - Processing file /home/airflow/.local/lib/python3.12/site-packages/airflow/example_dags/tutorial_taskflow_templates.py for tasks to queue
[2024-12-21T06:35:53.704+0000] {logging_mixin.py:190} INFO - [2024-12-21T06:35:53.703+0000] {dagbag.py:588} INFO - Filling up the DagBag from /home/airflow/.local/lib/python3.12/site-packages/airflow/example_dags/tutorial_taskflow_templates.py
[2024-12-21T06:35:53.722+0000] {processor.py:925} INFO - DAG(s) 'tutorial_taskflow_templates' retrieved from /home/airflow/.local/lib/python3.12/site-packages/airflow/example_dags/tutorial_taskflow_templates.py
[2024-12-21T06:35:53.748+0000] {logging_mixin.py:190} INFO - [2024-12-21T06:35:53.748+0000] {dag.py:3239} INFO - Sync 1 DAGs
[2024-12-21T06:35:53.781+0000] {logging_mixin.py:190} INFO - [2024-12-21T06:35:53.781+0000] {dag.py:4180} INFO - Setting next_dagrun for tutorial_taskflow_templates to 2024-12-20 00:00:00+00:00, run_after=2024-12-21 00:00:00+00:00
[2024-12-21T06:35:53.806+0000] {processor.py:208} INFO - Processing /home/airflow/.local/lib/python3.12/site-packages/airflow/example_dags/tutorial_taskflow_templates.py took 0.113 seconds
[2024-12-21T06:36:24.302+0000] {processor.py:186} INFO - Started process (PID=300) to work on /home/airflow/.local/lib/python3.12/site-packages/airflow/example_dags/tutorial_taskflow_templates.py
[2024-12-21T06:36:24.303+0000] {processor.py:914} INFO - Processing file /home/airflow/.local/lib/python3.12/site-packages/airflow/example_dags/tutorial_taskflow_templates.py for tasks to queue
[2024-12-21T06:36:24.305+0000] {logging_mixin.py:190} INFO - [2024-12-21T06:36:24.305+0000] {dagbag.py:588} INFO - Filling up the DagBag from /home/airflow/.local/lib/python3.12/site-packages/airflow/example_dags/tutorial_taskflow_templates.py
[2024-12-21T06:36:24.321+0000] {processor.py:925} INFO - DAG(s) 'tutorial_taskflow_templates' retrieved from /home/airflow/.local/lib/python3.12/site-packages/airflow/example_dags/tutorial_taskflow_templates.py
[2024-12-21T06:36:24.343+0000] {logging_mixin.py:190} INFO - [2024-12-21T06:36:24.343+0000] {dag.py:3239} INFO - Sync 1 DAGs
[2024-12-21T06:36:24.374+0000] {logging_mixin.py:190} INFO - [2024-12-21T06:36:24.373+0000] {dag.py:4180} INFO - Setting next_dagrun for tutorial_taskflow_templates to 2024-12-20 00:00:00+00:00, run_after=2024-12-21 00:00:00+00:00
[2024-12-21T06:36:24.392+0000] {processor.py:208} INFO - Processing /home/airflow/.local/lib/python3.12/site-packages/airflow/example_dags/tutorial_taskflow_templates.py took 0.099 seconds
[2024-12-21T06:36:55.768+0000] {processor.py:186} INFO - Started process (PID=365) to work on /home/airflow/.local/lib/python3.12/site-packages/airflow/example_dags/tutorial_taskflow_templates.py
[2024-12-21T06:36:55.769+0000] {processor.py:914} INFO - Processing file /home/airflow/.local/lib/python3.12/site-packages/airflow/example_dags/tutorial_taskflow_templates.py for tasks to queue
[2024-12-21T06:36:55.773+0000] {logging_mixin.py:190} INFO - [2024-12-21T06:36:55.772+0000] {dagbag.py:588} INFO - Filling up the DagBag from /home/airflow/.local/lib/python3.12/site-packages/airflow/example_dags/tutorial_taskflow_templates.py
[2024-12-21T06:36:55.798+0000] {processor.py:925} INFO - DAG(s) 'tutorial_taskflow_templates' retrieved from /home/airflow/.local/lib/python3.12/site-packages/airflow/example_dags/tutorial_taskflow_templates.py
[2024-12-21T06:36:55.832+0000] {logging_mixin.py:190} INFO - [2024-12-21T06:36:55.831+0000] {dag.py:3239} INFO - Sync 1 DAGs
[2024-12-21T06:36:55.879+0000] {logging_mixin.py:190} INFO - [2024-12-21T06:36:55.879+0000] {dag.py:4180} INFO - Setting next_dagrun for tutorial_taskflow_templates to 2024-12-20 00:00:00+00:00, run_after=2024-12-21 00:00:00+00:00
[2024-12-21T06:36:55.917+0000] {processor.py:208} INFO - Processing /home/airflow/.local/lib/python3.12/site-packages/airflow/example_dags/tutorial_taskflow_templates.py took 0.159 seconds
[2024-12-21T06:37:26.652+0000] {processor.py:186} INFO - Started process (PID=430) to work on /home/airflow/.local/lib/python3.12/site-packages/airflow/example_dags/tutorial_taskflow_templates.py
[2024-12-21T06:37:26.653+0000] {processor.py:914} INFO - Processing file /home/airflow/.local/lib/python3.12/site-packages/airflow/example_dags/tutorial_taskflow_templates.py for tasks to queue
[2024-12-21T06:37:26.655+0000] {logging_mixin.py:190} INFO - [2024-12-21T06:37:26.654+0000] {dagbag.py:588} INFO - Filling up the DagBag from /home/airflow/.local/lib/python3.12/site-packages/airflow/example_dags/tutorial_taskflow_templates.py
[2024-12-21T06:37:26.665+0000] {processor.py:925} INFO - DAG(s) 'tutorial_taskflow_templates' retrieved from /home/airflow/.local/lib/python3.12/site-packages/airflow/example_dags/tutorial_taskflow_templates.py
[2024-12-21T06:37:26.684+0000] {logging_mixin.py:190} INFO - [2024-12-21T06:37:26.683+0000] {dag.py:3239} INFO - Sync 1 DAGs
[2024-12-21T06:37:26.708+0000] {logging_mixin.py:190} INFO - [2024-12-21T06:37:26.707+0000] {dag.py:4180} INFO - Setting next_dagrun for tutorial_taskflow_templates to 2024-12-20 00:00:00+00:00, run_after=2024-12-21 00:00:00+00:00
[2024-12-21T06:37:26.724+0000] {processor.py:208} INFO - Processing /home/airflow/.local/lib/python3.12/site-packages/airflow/example_dags/tutorial_taskflow_templates.py took 0.076 seconds
[2024-12-21T06:37:57.955+0000] {processor.py:186} INFO - Started process (PID=495) to work on /home/airflow/.local/lib/python3.12/site-packages/airflow/example_dags/tutorial_taskflow_templates.py
[2024-12-21T06:37:57.956+0000] {processor.py:914} INFO - Processing file /home/airflow/.local/lib/python3.12/site-packages/airflow/example_dags/tutorial_taskflow_templates.py for tasks to queue
[2024-12-21T06:37:57.958+0000] {logging_mixin.py:190} INFO - [2024-12-21T06:37:57.958+0000] {dagbag.py:588} INFO - Filling up the DagBag from /home/airflow/.local/lib/python3.12/site-packages/airflow/example_dags/tutorial_taskflow_templates.py
[2024-12-21T06:37:57.970+0000] {processor.py:925} INFO - DAG(s) 'tutorial_taskflow_templates' retrieved from /home/airflow/.local/lib/python3.12/site-packages/airflow/example_dags/tutorial_taskflow_templates.py
[2024-12-21T06:37:57.988+0000] {logging_mixin.py:190} INFO - [2024-12-21T06:37:57.987+0000] {dag.py:3239} INFO - Sync 1 DAGs
[2024-12-21T06:37:58.012+0000] {logging_mixin.py:190} INFO - [2024-12-21T06:37:58.012+0000] {dag.py:4180} INFO - Setting next_dagrun for tutorial_taskflow_templates to 2024-12-20 00:00:00+00:00, run_after=2024-12-21 00:00:00+00:00
[2024-12-21T06:37:58.032+0000] {processor.py:208} INFO - Processing /home/airflow/.local/lib/python3.12/site-packages/airflow/example_dags/tutorial_taskflow_templates.py took 0.082 seconds
